patching file gcc/config/i386/adxintrin.h
patching file gcc/config/i386/ammintrin.h
patching file gcc/config/i386/avx2intrin.h
patching file gcc/config/i386/avxintrin.h
patching file gcc/config/i386/bmi2intrin.h
patching file gcc/config/i386/bmiintrin.h
patching file gcc/config/i386/cpuid.h
patching file gcc/config/i386/emmintrin.h
patching file gcc/config/i386/f16cintrin.h
patching file gcc/config/i386/fma4intrin.h
patching file gcc/config/i386/fmaintrin.h
patching file gcc/config/i386/fxsrintrin.h
patching file gcc/config/i386/gmm_malloc.h
patching file gcc/config/i386/ia32intrin.h
patching file gcc/config/i386/immintrin.h
patching file gcc/config/i386/lwpintrin.h
patching file gcc/config/i386/lzcntintrin.h
patching file gcc/config/i386/mm3dnow.h
patching file gcc/config/i386/mmintrin.h
patching file gcc/config/i386/pmm_malloc.h
patching file gcc/config/i386/pmmintrin.h
patching file gcc/config/i386/popcntintrin.h
patching file gcc/config/i386/prfchwintrin.h
patching file gcc/config/i386/rdseedintrin.h
patching file gcc/config/i386/rtmintrin.h
patching file gcc/config/i386/smmintrin.h
patching file gcc/config/i386/tbmintrin.h
patching file gcc/config/i386/tmmintrin.h
patching file gcc/config/i386/wmmintrin.h
patching file gcc/config/i386/xmmintrin.h
patching file gcc/config/i386/xopintrin.h
patching file gcc/config/i386/xsaveintrin.h
patching file gcc/config/i386/xsaveoptintrin.h
patching file gcc/config/i386/xtestintrin.h
