--2013-07-09 21:55:28--  http://www.bzip.org/1.0.6/bzip2-1.0.6.tar.gz
Resolving www.bzip.org... 178.250.76.52
Connecting to www.bzip.org|178.250.76.52|:80... connected.
HTTP request sent, awaiting response... 200 OK
Length: 782025 (764K) [application/x-gzip]
Saving to: `/tmp/src//bzip2-1.0.6.tar.gz'

     0K .......... .......... .......... .......... ..........  6%  209K 3s
    50K .......... .......... .......... .......... .......... 13%  339K 3s
   100K .......... .......... .......... .......... .......... 19% 2.51M 2s
   150K .......... .......... .......... .......... .......... 26%  649K 1s
   200K .......... .......... .......... .......... .......... 32% 2.49M 1s
   250K .......... .......... .......... .......... .......... 39%  699K 1s
   300K .......... .......... .......... .......... .......... 45% 2.07M 1s
   350K .......... .......... .......... .......... .......... 52%  766K 1s
   400K .......... .......... .......... .......... .......... 58% 2.37M 0s
   450K .......... .......... .......... .......... .......... 65% 1.31M 0s
   500K .......... .......... .......... .......... .......... 72% 2.32M 0s
   550K .......... .......... .......... .......... .......... 78% 1.19M 0s
   600K .......... .......... .......... .......... .......... 85% 2.38M 0s
   650K .......... .......... .......... .......... .......... 91% 1.64M 0s
   700K .......... .......... .......... .......... .......... 98% 1.98M 0s
   750K .......... ...                                        100% 3.38M=0.9s

2013-07-09 21:55:31 (886 KB/s) - `/tmp/src//bzip2-1.0.6.tar.gz' saved [782025/782025]

