--2013-07-10 15:58:14--  http://llvm.org/releases/3.3/cfe-3.3.src.tar.gz
Resolving llvm.org... 128.174.246.134
Connecting to llvm.org|128.174.246.134|:80... connected.
HTTP request sent, awaiting response... 200 OK
Length: 9425539 (9.0M) [application/x-gzip]
Saving to: `/tmp/src/cfe-3.3.src.tar.gz'

     0K .......... .......... .......... .......... ..........  0% 71.0K 2m9s
    50K .......... .......... .......... .......... ..........  1%  197K 87s
   100K .......... .......... .......... .......... ..........  1%  132K 81s
   150K .......... .......... .......... .......... ..........  2%  191K 72s
   200K .......... .......... .......... .......... ..........  2%  103K 75s
   250K .......... .......... .......... .......... ..........  3%  196K 70s
   300K .......... .......... .......... .......... ..........  3%  100K 72s
   350K .......... .......... .......... .......... ..........  4%  104K 73s
   400K .......... .......... .......... .......... ..........  4%  113K 73s
   450K .......... .......... .......... .......... ..........  5% 53.1K 82s
   500K .......... .......... .......... .......... ..........  5% 48.8K 90s
   550K .......... .......... .......... .......... ..........  6% 62.8K 94s
   600K .......... .......... .......... .......... ..........  7% 78.4K 94s
   650K .......... .......... .......... .......... ..........  7% 81.5K 95s
   700K .......... .......... .......... .......... ..........  8% 89.8K 94s
   750K .......... .......... .......... .......... ..........  8% 75.8K 95s
   800K .......... .......... .......... .......... ..........  9% 75.5K 95s
   850K .......... .......... .......... .......... ..........  9% 88.0K 94s
   900K .......... .......... .......... .......... .......... 10% 79.9K 94s
   950K .......... .......... .......... .......... .......... 10%  162K 92s
  1000K .......... .......... .......... .......... .......... 11%  161K 89s
  1050K .......... .......... .......... .......... .......... 11% 82.2K 89s
  1100K .......... .......... .......... .......... .......... 12%  161K 87s
  1150K .......... .......... .......... .......... .......... 13%  164K 85s
  1200K .......... .......... .......... .......... .......... 13%  474K 81s
  1250K .......... .......... .......... .......... .......... 14%  262K 79s
  1300K .......... .......... .......... .......... .......... 14%  341K 76s
  1350K .......... .......... .......... .......... .......... 15%  247K 74s
  1400K .......... .......... .......... .......... .......... 15%  292K 72s
  1450K .......... .......... .......... .......... .......... 16%  279K 70s
  1500K .......... .......... .......... .......... .......... 16%  793K 68s
  1550K .......... .......... .......... .......... .......... 17%  212K 66s
  1600K .......... .......... .......... .......... .......... 17% 7.55M 64s
  1650K .......... .......... .......... .......... .......... 18%  239K 63s
  1700K .......... .......... .......... .......... .......... 19%  125K 62s
  1750K .......... .......... .......... .......... .......... 19% 60.1M 60s
  1800K .......... .......... .......... .......... .......... 20% 60.4M 58s
  1850K .......... .......... .......... .......... .......... 20% 2.34M 56s
  1900K .......... .......... .......... .......... .......... 21%  911K 55s
  1950K .......... .......... .......... .......... .......... 21%  363K 53s
  2000K .......... .......... .......... .......... .......... 22%  623K 52s
  2050K .......... .......... .......... .......... .......... 22% 1.02M 51s
  2100K .......... .......... .......... .......... .......... 23%  395K 49s
  2150K .......... .......... .......... .......... .......... 23%  664K 48s
  2200K .......... .......... .......... .......... .......... 24%  734K 47s
  2250K .......... .......... .......... .......... .......... 24%  642K 46s
  2300K .......... .......... .......... .......... .......... 25%  621K 45s
  2350K .......... .......... .......... .......... .......... 26%  601K 44s
  2400K .......... .......... .......... .......... .......... 26%  922K 43s
  2450K .......... .......... .......... .......... .......... 27%  685K 42s
  2500K .......... .......... .......... .......... .......... 27%  538K 41s
  2550K .......... .......... .......... .......... .......... 28% 1.16M 40s
  2600K .......... .......... .......... .......... .......... 28%  738K 39s
  2650K .......... .......... .......... .......... .......... 29%  509K 38s
  2700K .......... .......... .......... .......... .......... 29% 1.56M 37s
  2750K .......... .......... .......... .......... .......... 30%  886K 37s
  2800K .......... .......... .......... .......... .......... 30% 1.99M 36s
  2850K .......... .......... .......... .......... .......... 31%  451K 35s
  2900K .......... .......... .......... .......... .......... 32%  957K 34s
  2950K .......... .......... .......... .......... .......... 32% 1.00M 34s
  3000K .......... .......... .......... .......... .......... 33% 2.07M 33s
  3050K .......... .......... .......... .......... .......... 33%  480K 32s
  3100K .......... .......... .......... .......... .......... 34%  855K 32s
  3150K .......... .......... .......... .......... .......... 34% 1.15M 31s
  3200K .......... .......... .......... .......... .......... 35%  806K 30s
  3250K .......... .......... .......... .......... .......... 35% 1.29M 30s
  3300K .......... .......... .......... .......... .......... 36%  788K 29s
  3350K .......... .......... .......... .......... .......... 36% 1.92M 28s
  3400K .......... .......... .......... .......... .......... 37%  881K 28s
  3450K .......... .......... .......... .......... .......... 38%  971K 27s
  3500K .......... .......... .......... .......... .......... 38% 1.03M 27s
  3550K .......... .......... .......... .......... .......... 39%  978K 26s
  3600K .......... .......... .......... .......... .......... 39%  698K 26s
  3650K .......... .......... .......... .......... .......... 40%  211K 26s
  3700K .......... .......... .......... .......... .......... 40% 78.0M 25s
  3750K .......... .......... .......... .......... .......... 41%  373K 25s
  3800K .......... .......... .......... .......... .......... 41% 50.4M 24s
  3850K .......... .......... .......... .......... .......... 42%  128K 24s
  3900K .......... .......... .......... .......... .......... 42% 9.64M 24s
  3950K .......... .......... .......... .......... .......... 43% 58.7M 23s
  4000K .......... .......... .......... .......... .......... 43% 2.00M 23s
  4050K .......... .......... .......... .......... .......... 44% 53.4M 22s
  4100K .......... .......... .......... .......... .......... 45% 32.4M 22s
  4150K .......... .......... .......... .......... .......... 45%  230K 21s
  4200K .......... .......... .......... .......... .......... 46%  279K 21s
  4250K .......... .......... .......... .......... .......... 46%  643K 21s
  4300K .......... .......... .......... .......... .......... 47%  301K 20s
  4350K .......... .......... .......... .......... .......... 47%  712K 20s
  4400K .......... .......... .......... .......... .......... 48%  767K 20s
  4450K .......... .......... .......... .......... .......... 48%  169K 20s
  4500K .......... .......... .......... .......... .......... 49% 66.2M 19s
  4550K .......... .......... .......... .......... .......... 49%  209K 19s
  4600K .......... .......... .......... .......... .......... 50% 50.1M 19s
  4650K .......... .......... .......... .......... .......... 51%  189K 18s
  4700K .......... .......... .......... .......... .......... 51% 56.9M 18s
  4750K .......... .......... .......... .......... .......... 52%  297K 18s
  4800K .......... .......... .......... .......... .......... 52%  276K 18s
  4850K .......... .......... .......... .......... .......... 53%  401K 17s
  4900K .......... .......... .......... .......... .......... 53%  270K 17s
  4950K .......... .......... .......... .......... .......... 54%  249K 17s
  5000K .......... .......... .......... .......... .......... 54%  647K 17s
  5050K .......... .......... .......... .......... .......... 55%  238K 16s
  5100K .......... .......... .......... .......... .......... 55%  285K 16s
  5150K .......... .......... .......... .......... .......... 56%  320K 16s
  5200K .......... .......... .......... .......... .......... 57%  326K 16s
  5250K .......... .......... .......... .......... .......... 57%  463K 15s
  5300K .......... .......... .......... .......... .......... 58%  307K 15s
  5350K .......... .......... .......... .......... .......... 58%  287K 15s
  5400K .......... .......... .......... .......... .......... 59%  352K 15s
  5450K .......... .......... .......... .......... .......... 59%  389K 15s
  5500K .......... .......... .......... .......... .......... 60%  252K 14s
  5550K .......... .......... .......... .......... .......... 60%  376K 14s
  5600K .......... .......... .......... .......... .......... 61%  254K 14s
  5650K .......... .......... .......... .......... .......... 61%  133K 14s
  5700K .......... .......... .......... .......... .......... 62% 72.0M 14s
  5750K .......... .......... .......... .......... .......... 63%  256K 13s
  5800K .......... .......... .......... .......... .......... 63%  240K 13s
  5850K .......... .......... .......... .......... .......... 64%  247K 13s
  5900K .......... .......... .......... .......... .......... 64%  374K 13s
  5950K .......... .......... .......... .......... .......... 65%  213K 13s
  6000K .......... .......... .......... .......... .......... 65%  155K 12s
  6050K .......... .......... .......... .......... .......... 66% 11.1M 12s
  6100K .......... .......... .......... .......... .......... 66%  149K 12s
  6150K .......... .......... .......... .......... .......... 67%  328K 12s
  6200K .......... .......... .......... .......... .......... 67%  300K 12s
  6250K .......... .......... .......... .......... .......... 68%  153K 11s
  6300K .......... .......... .......... .......... .......... 68%  314K 11s
  6350K .......... .......... .......... .......... .......... 69%  297K 11s
  6400K .......... .......... .......... .......... .......... 70%  163K 11s
  6450K .......... .......... .......... .......... .......... 70% 9.92M 11s
  6500K .......... .......... .......... .......... .......... 71%  208K 10s
  6550K .......... .......... .......... .......... .......... 71%  360K 10s
  6600K .......... .......... .......... .......... .......... 72%  499K 10s
  6650K .......... .......... .......... .......... .......... 72%  315K 10s
  6700K .......... .......... .......... .......... .......... 73%  948K 10s
  6750K .......... .......... .......... .......... .......... 73%  270K 9s
  6800K .......... .......... .......... .......... .......... 74%  856K 9s
  6850K .......... .......... .......... .......... .......... 74%  314K 9s
  6900K .......... .......... .......... .......... .......... 75%  717K 9s
  6950K .......... .......... .......... .......... .......... 76%  432K 8s
  7000K .......... .......... .......... .......... .......... 76%  488K 8s
  7050K .......... .......... .......... .......... .......... 77%  566K 8s
  7100K .......... .......... .......... .......... .......... 77%  476K 8s
  7150K .......... .......... .......... .......... .......... 78%  469K 8s
  7200K .......... .......... .......... .......... .......... 78%  284K 7s
  7250K .......... .......... .......... .......... .......... 79% 7.70M 7s
  7300K .......... .......... .......... .......... .......... 79%  659K 7s
  7350K .......... .......... .......... .......... .......... 80%  307K 7s
  7400K .......... .......... .......... .......... .......... 80% 2.33M 6s
  7450K .......... .......... .......... .......... .......... 81%  762K 6s
  7500K .......... .......... .......... .......... .......... 82%  324K 6s
  7550K .......... .......... .......... .......... .......... 82% 1.72M 6s
  7600K .......... .......... .......... .......... .......... 83% 1.03M 6s
  7650K .......... .......... .......... .......... .......... 83%  332K 5s
  7700K .......... .......... .......... .......... .......... 84%  989K 5s
  7750K .......... .......... .......... .......... .......... 84% 1.55M 5s
  7800K .......... .......... .......... .......... .......... 85%  486K 5s
  7850K .......... .......... .......... .......... .......... 85%  529K 5s
  7900K .......... .......... .......... .......... .......... 86% 1.82M 4s
  7950K .......... .......... .......... .......... .......... 86%  703K 4s
  8000K .......... .......... .......... .......... .......... 87%  629K 4s
  8050K .......... .......... .......... .......... .......... 87%  641K 4s
  8100K .......... .......... .......... .......... .......... 88% 6.46M 4s
  8150K .......... .......... .......... .......... .......... 89%  807K 4s
  8200K .......... .......... .......... .......... .......... 89%  600K 3s
  8250K .......... .......... .......... .......... .......... 90%  634K 3s
  8300K .......... .......... .......... .......... .......... 90% 2.74M 3s
  8350K .......... .......... .......... .......... .......... 91% 1.02M 3s
  8400K .......... .......... .......... .......... .......... 91%  740K 3s
  8450K .......... .......... .......... .......... .......... 92%  648K 2s
  8500K .......... .......... .......... .......... .......... 92% 1.28M 2s
  8550K .......... .......... .......... .......... .......... 93% 1.77M 2s
  8600K .......... .......... .......... .......... .......... 93%  679K 2s
  8650K .......... .......... .......... .......... .......... 94%  634K 2s
  8700K .......... .......... .......... .......... .......... 95% 1.06M 2s
  8750K .......... .......... .......... .......... .......... 95% 2.71M 1s
  8800K .......... .......... .......... .......... .......... 96%  695K 1s
  8850K .......... .......... .......... .......... .......... 96% 1.91M 1s
  8900K .......... .......... .......... .......... .......... 97%  622K 1s
  8950K .......... .......... .......... .......... .......... 97% 1.10M 1s
  9000K .......... .......... .......... .......... .......... 98% 1.53M 1s
  9050K .......... .......... .......... .......... .......... 98% 1.41M 0s
  9100K .......... .......... .......... .......... .......... 99%  974K 0s
  9150K .......... .......... .......... .......... .......... 99%  687K 0s
  9200K ....                                                  100% 88.3G=30s

2013-07-10 15:58:44 (310 KB/s) - `/tmp/src/cfe-3.3.src.tar.gz' saved [9425539/9425539]

