--2013-07-09 21:15:42--  http://www.bastoul.net/cloog/pages/download/count.php3?url=./cloog-0.18.0.tar.gz
Resolving www.bastoul.net... 88.190.253.247
Connecting to www.bastoul.net|88.190.253.247|:80... connected.
HTTP request sent, awaiting response... 302 Found
Location: ./cloog-0.18.0.tar.gz [following]
--2013-07-09 21:15:45--  http://www.bastoul.net/cloog/pages/download/cloog-0.18.0.tar.gz
Reusing existing connection to www.bastoul.net:80.
HTTP request sent, awaiting response... 200 OK
Length: 3776262 (3.6M) [application/x-gzip]
Saving to: `/tmp/src//cloog-0.18.0.tar.gz'

     0K .......... .......... .......... .......... ..........  1%  344K 11s
    50K .......... .......... .......... .......... ..........  2%  361K 10s
   100K .......... .......... .......... .......... ..........  4%  357K 10s
   150K .......... .......... .......... .......... ..........  5%  369K 10s
   200K .......... .......... .......... .......... ..........  6%  635K 9s
   250K .......... .......... .......... .......... ..........  8%  385K 9s
   300K .......... .......... .......... .......... ..........  9%  672K 8s
   350K .......... .......... .......... .......... .......... 10%  403K 8s
   400K .......... .......... .......... .......... .......... 12%  656K 7s
   450K .......... .......... .......... .......... .......... 13%  681K 7s
   500K .......... .......... .......... .......... .......... 14%  710K 7s
   550K .......... .......... .......... .......... .......... 16%  713K 6s
   600K .......... .......... .......... .......... .......... 17%  736K 6s
   650K .......... .......... .......... .......... .......... 18%  736K 6s
   700K .......... .......... .......... .......... .......... 20%  751K 6s
   750K .......... .......... .......... .......... .......... 21%  776K 5s
   800K .......... .......... .......... .......... .......... 23%  730K 5s
   850K .......... .......... .......... .......... .......... 24%  754K 5s
   900K .......... .......... .......... .......... .......... 25%  732K 5s
   950K .......... .......... .......... .......... .......... 27% 1.80M 5s
  1000K .......... .......... .......... .......... .......... 28%  753K 5s
  1050K .......... .......... .......... .......... .......... 29%  842K 4s
  1100K .......... .......... .......... .......... .......... 31%  726K 4s
  1150K .......... .......... .......... .......... .......... 32%  766K 4s
  1200K .......... .......... .......... .......... .......... 33%  741K 4s
  1250K .......... .......... .......... .......... .......... 35%  812K 4s
  1300K .......... .......... .......... .......... .......... 36% 1.54M 4s
  1350K .......... .......... .......... .......... .......... 37%  736K 4s
  1400K .......... .......... .......... .......... .......... 39%  301K 4s
  1450K .......... .......... .......... .......... .......... 40%  310K 4s
  1500K .......... .......... .......... .......... .......... 42%  300K 4s
  1550K .......... .......... .......... .......... .......... 43%  310K 4s
  1600K .......... .......... .......... .......... .......... 44%  697K 4s
  1650K .......... .......... .......... .......... .......... 46% 3.04M 3s
  1700K .......... .......... .......... .......... .......... 47%  314K 3s
  1750K .......... .......... .......... .......... .......... 48%  311K 3s
  1800K .......... .......... .......... .......... .......... 50%  314K 3s
  1850K .......... .......... .......... .......... .......... 51%  306K 3s
  1900K .......... .......... .......... .......... .......... 52%  315K 3s
  1950K .......... .......... .......... .......... .......... 54% 3.14M 3s
  2000K .......... .......... .......... .......... .......... 55%  308K 3s
  2050K .......... .......... .......... .......... .......... 56%  310K 3s
  2100K .......... .......... .......... .......... .......... 58%  320K 3s
  2150K .......... .......... .......... .......... .......... 59%  299K 3s
  2200K .......... .......... .......... .......... .......... 61%  319K 3s
  2250K .......... .......... .......... .......... .......... 62%  314K 3s
  2300K .......... .......... .......... .......... .......... 63% 3.18M 3s
  2350K .......... .......... .......... .......... .......... 65%  311K 3s
  2400K .......... .......... .......... .......... .......... 66%  308K 3s
  2450K .......... .......... .......... .......... .......... 67%  311K 3s
  2500K .......... .......... .......... .......... .......... 69%  314K 2s
  2550K .......... .......... .......... .......... .......... 70%  313K 2s
  2600K .......... .......... .......... .......... .......... 71%  756K 2s
  2650K .......... .......... .......... .......... .......... 73% 2.98M 2s
  2700K .......... .......... .......... .......... .......... 74%  739K 2s
  2750K .......... .......... .......... .......... .......... 75%  724K 2s
  2800K .......... .......... .......... .......... .......... 77%  739K 2s
  2850K .......... .......... .......... .......... .......... 78%  726K 2s
  2900K .......... .......... .......... .......... .......... 79%  805K 2s
  2950K .......... .......... .......... .......... .......... 81%  740K 1s
  3000K .......... .......... .......... .......... .......... 82% 2.18M 1s
  3050K .......... .......... .......... .......... .......... 84%  742K 1s
  3100K .......... .......... .......... .......... .......... 85%  743K 1s
  3150K .......... .......... .......... .......... .......... 86%  734K 1s
  3200K .......... .......... .......... .......... .......... 88%  846K 1s
  3250K .......... .......... .......... .......... .......... 89%  540K 1s
  3300K .......... .......... .......... .......... .......... 90%  365K 1s
  3350K .......... .......... .......... .......... .......... 92%  698K 1s
  3400K .......... .......... .......... .......... .......... 93%  692K 0s
  3450K .......... .......... .......... .......... .......... 94%  711K 0s
  3500K .......... .......... .......... .......... .......... 96%  704K 0s
  3550K .......... .......... .......... .......... .......... 97%  732K 0s
  3600K .......... .......... .......... .......... .......... 98%  755K 0s
  3650K .......... .......... .......... .......              100%  599K=7.1s

2013-07-09 21:15:52 (522 KB/s) - `/tmp/src//cloog-0.18.0.tar.gz' saved [3776262/3776262]

