--2013-07-10 15:58:44--  http://llvm.org/releases/3.3/compiler-rt-3.3.src.tar.gz
Resolving llvm.org... 128.174.246.134
Connecting to llvm.org|128.174.246.134|:80... connected.
HTTP request sent, awaiting response... 200 OK
Length: 1568034 (1.5M) [application/x-gzip]
Saving to: `/tmp/src/compiler-rt-3.3.src.tar.gz'

     0K .......... .......... .......... .......... ..........  3% 58.4K 25s
    50K .......... .......... .......... .......... ..........  6%  107K 19s
   100K .......... .......... .......... .......... ..........  9%  210K 14s
   150K .......... .......... .......... .......... .......... 13%  255K 12s
   200K .......... .......... .......... .......... .......... 16%  238K 10s
   250K .......... .......... .......... .......... .......... 19%  237K 9s
   300K .......... .......... .......... .......... .......... 22%  556K 8s
   350K .......... .......... .......... .......... .......... 26%  266K 7s
   400K .......... .......... .......... .......... .......... 29%  267K 6s
   450K .......... .......... .......... .......... .......... 32%  316K 6s
   500K .......... .......... .......... .......... .......... 35%  493K 5s
   550K .......... .......... .......... .......... .......... 39%  258K 5s
   600K .......... .......... .......... .......... .......... 42%  365K 4s
   650K .......... .......... .......... .......... .......... 45%  458K 4s
   700K .......... .......... .......... .......... .......... 48%  331K 4s
   750K .......... .......... .......... .......... .......... 52%  619K 3s
   800K .......... .......... .......... .......... .......... 55%  297K 3s
   850K .......... .......... .......... .......... .......... 58%  528K 3s
   900K .......... .......... .......... .......... .......... 62%  351K 2s
   950K .......... .......... .......... .......... .......... 65%  368K 2s
  1000K .......... .......... .......... .......... .......... 68%  444K 2s
  1050K .......... .......... .......... .......... .......... 71%  376K 2s
  1100K .......... .......... .......... .......... .......... 75%  350K 1s
  1150K .......... .......... .......... .......... .......... 78%  579K 1s
  1200K .......... .......... .......... .......... .......... 81%  364K 1s
  1250K .......... .......... .......... .......... .......... 84%  606K 1s
  1300K .......... .......... .......... .......... .......... 88%  417K 1s
  1350K .......... .......... .......... .......... .......... 91%  646K 0s
  1400K .......... .......... .......... .......... .......... 94%  413K 0s
  1450K .......... .......... .......... .......... .......... 97%  673K 0s
  1500K .......... .......... .......... .                    100%  647K=5.3s

2013-07-10 15:58:50 (292 KB/s) - `/tmp/src/compiler-rt-3.3.src.tar.gz' saved [1568034/1568034]

