expat-2.1.0/
expat-2.1.0/COPYING
expat-2.1.0/CMakeLists.txt
expat-2.1.0/expat.dsw
expat-2.1.0/conftools/
expat-2.1.0/conftools/PrintPath
expat-2.1.0/conftools/mkinstalldirs
expat-2.1.0/conftools/expat.m4
expat-2.1.0/conftools/config.sub
expat-2.1.0/conftools/install-sh
expat-2.1.0/conftools/ltmain.sh
expat-2.1.0/conftools/ac_c_bigendian_cross.m4
expat-2.1.0/conftools/config.guess
expat-2.1.0/conftools/get-version.sh
expat-2.1.0/README
expat-2.1.0/examples/
expat-2.1.0/examples/outline.c
expat-2.1.0/examples/elements.c
expat-2.1.0/examples/elements.dsp
expat-2.1.0/examples/outline.dsp
expat-2.1.0/bcb5/
expat-2.1.0/bcb5/expat_static.mak
expat-2.1.0/bcb5/outline.mak
expat-2.1.0/bcb5/xmlwf.bpf
expat-2.1.0/bcb5/all_projects.bpg
expat-2.1.0/bcb5/expatw.mak
expat-2.1.0/bcb5/expat.mak
expat-2.1.0/bcb5/xmlwf.bpr
expat-2.1.0/bcb5/libexpatw_mtd.def
expat-2.1.0/bcb5/expatw.bpf
expat-2.1.0/bcb5/makefile.mak
expat-2.1.0/bcb5/outline.bpr
expat-2.1.0/bcb5/expatw.bpr
expat-2.1.0/bcb5/expat.bpf
expat-2.1.0/bcb5/setup.bat
expat-2.1.0/bcb5/outline.bpf
expat-2.1.0/bcb5/elements.bpr
expat-2.1.0/bcb5/elements.mak
expat-2.1.0/bcb5/elements.bpf
expat-2.1.0/bcb5/README.txt
expat-2.1.0/bcb5/expat_static.bpf
expat-2.1.0/bcb5/expatw_static.mak
expat-2.1.0/bcb5/expatw_static.bpf
expat-2.1.0/bcb5/libexpat_mtd.def
expat-2.1.0/bcb5/expat_static.bpr
expat-2.1.0/bcb5/expatw_static.bpr
expat-2.1.0/bcb5/expat.bpr
expat-2.1.0/bcb5/xmlwf.mak
expat-2.1.0/m4/
expat-2.1.0/m4/ltoptions.m4
expat-2.1.0/m4/lt~obsolete.m4
expat-2.1.0/m4/libtool.m4
expat-2.1.0/m4/ltsugar.m4
expat-2.1.0/m4/ltversion.m4
expat-2.1.0/ConfigureChecks.cmake
expat-2.1.0/Changes
expat-2.1.0/amiga/
expat-2.1.0/amiga/expat_68k_handler_stubs.c
expat-2.1.0/amiga/expat_base.h
expat-2.1.0/amiga/include/
expat-2.1.0/amiga/include/libraries/
expat-2.1.0/amiga/include/libraries/expat.h
expat-2.1.0/amiga/include/interfaces/
expat-2.1.0/amiga/include/interfaces/expat.h
expat-2.1.0/amiga/include/proto/
expat-2.1.0/amiga/include/proto/expat.h
expat-2.1.0/amiga/include/inline4/
expat-2.1.0/amiga/include/inline4/expat.h
expat-2.1.0/amiga/expat_68k.c
expat-2.1.0/amiga/expat_vectors.c
expat-2.1.0/amiga/expat_68k.h
expat-2.1.0/amiga/Makefile
expat-2.1.0/amiga/README.txt
expat-2.1.0/amiga/launch.c
expat-2.1.0/amiga/expat.xml
expat-2.1.0/amiga/expat_lib.c
expat-2.1.0/configure
expat-2.1.0/doc/
expat-2.1.0/doc/reference.html
expat-2.1.0/doc/valid-xhtml10.png
expat-2.1.0/doc/expat.png
expat-2.1.0/doc/style.css
expat-2.1.0/doc/xmlwf.1
expat-2.1.0/doc/xmlwf.sgml
expat-2.1.0/expat.pc.in
expat-2.1.0/win32/
expat-2.1.0/win32/MANIFEST.txt
expat-2.1.0/win32/README.txt
expat-2.1.0/win32/expat.iss
expat-2.1.0/tests/
expat-2.1.0/tests/runtests.c
expat-2.1.0/tests/chardata.c
expat-2.1.0/tests/xmltest.sh
expat-2.1.0/tests/minicheck.h
expat-2.1.0/tests/runtestspp.cpp
expat-2.1.0/tests/README.txt
expat-2.1.0/tests/benchmark/
expat-2.1.0/tests/benchmark/benchmark.dsw
expat-2.1.0/tests/benchmark/benchmark.dsp
expat-2.1.0/tests/benchmark/README.txt
expat-2.1.0/tests/benchmark/benchmark.c
expat-2.1.0/tests/chardata.h
expat-2.1.0/tests/minicheck.c
expat-2.1.0/expat_config.h.cmake
expat-2.1.0/CMake.README
expat-2.1.0/MANIFEST
expat-2.1.0/expat_config.h.in
expat-2.1.0/vms/
expat-2.1.0/vms/descrip.mms
expat-2.1.0/vms/expat_config.h
expat-2.1.0/vms/README.vms
expat-2.1.0/Makefile.in
expat-2.1.0/xmlwf/
expat-2.1.0/xmlwf/xmlfile.h
expat-2.1.0/xmlwf/xmlurl.h
expat-2.1.0/xmlwf/readfilemap.c
expat-2.1.0/xmlwf/win32filemap.c
expat-2.1.0/xmlwf/unixfilemap.c
expat-2.1.0/xmlwf/xmlmime.h
expat-2.1.0/xmlwf/ct.c
expat-2.1.0/xmlwf/xmlwf.dsp
expat-2.1.0/xmlwf/filemap.h
expat-2.1.0/xmlwf/codepage.c
expat-2.1.0/xmlwf/xmlfile.c
expat-2.1.0/xmlwf/xmlmime.c
expat-2.1.0/xmlwf/xmlwf.c
expat-2.1.0/xmlwf/xmlwin32url.cxx
expat-2.1.0/xmlwf/xmltchar.h
expat-2.1.0/xmlwf/codepage.h
expat-2.1.0/configure.in
expat-2.1.0/lib/
expat-2.1.0/lib/xmltok_ns.c
expat-2.1.0/lib/amigaconfig.h
expat-2.1.0/lib/xmltok.h
expat-2.1.0/lib/expat_external.h
expat-2.1.0/lib/iasciitab.h
expat-2.1.0/lib/Makefile.MPW
expat-2.1.0/lib/libexpat.def
expat-2.1.0/lib/winconfig.h
expat-2.1.0/lib/nametab.h
expat-2.1.0/lib/internal.h
expat-2.1.0/lib/xmlrole.c
expat-2.1.0/lib/expatw.dsp
expat-2.1.0/lib/asciitab.h
expat-2.1.0/lib/utf8tab.h
expat-2.1.0/lib/libexpatw.def
expat-2.1.0/lib/xmlparse.c
expat-2.1.0/lib/xmltok.c
expat-2.1.0/lib/ascii.h
expat-2.1.0/lib/xmltok_impl.h
expat-2.1.0/lib/latin1tab.h
expat-2.1.0/lib/expatw_static.dsp
expat-2.1.0/lib/macconfig.h
expat-2.1.0/lib/expat.dsp
expat-2.1.0/lib/xmlrole.h
expat-2.1.0/lib/xmltok_impl.c
expat-2.1.0/lib/expat_static.dsp
expat-2.1.0/lib/expat.h
expat-2.1.0/aclocal.m4
