A    /tmp/src/genidl/config.h.in
A    /tmp/src/genidl/configure
A    /tmp/src/genidl/Makefile.in
A    /tmp/src/genidl/configure.ac
A    /tmp/src/genidl/ChangeLog
A    /tmp/src/genidl/src
A    /tmp/src/genidl/src/fsredir.c
A    /tmp/src/genidl/src/genidl_typeinfo.c
A    /tmp/src/genidl/src/genidl_typinfo.h
A    /tmp/src/genidl/src/genidl_dumpidl.c
A    /tmp/src/genidl/src/genidl.c
A    /tmp/src/genidl/src/genidl_readpe.c
A    /tmp/src/genidl/src/fsredir.h
A    /tmp/src/genidl/src/genidl_typeinfo.h
A    /tmp/src/genidl/src/genidl_cfg.h
A    /tmp/src/genidl/src/genidl_config.c
A    /tmp/src/genidl/src/genidl_readpe.h
A    /tmp/src/genidl/src/genidl_typinfo.c
A    /tmp/src/genidl/COPYING
A    /tmp/src/genidl/ChangeLog.2010
A    /tmp/src/genidl/ChangeLog.2011
A    /tmp/src/genidl/Makefile.am
A    /tmp/src/genidl/ChangeLog.2012
A    /tmp/src/genidl/build-aux
A    /tmp/src/genidl/build-aux/depcomp
A    /tmp/src/genidl/build-aux/missing
A    /tmp/src/genidl/build-aux/config.guess
A    /tmp/src/genidl/build-aux/config.sub
A    /tmp/src/genidl/build-aux/install-sh
A    /tmp/src/genidl/aclocal.m4
Checked out revision 5982.
