--2013-07-09 21:15:38--  ftp://ftp.linux.student.kuleuven.be/pub/people/skimo/isl//isl-0.12.tar.bz2
           => `/tmp/src//isl-0.12.tar.bz2'
Resolving ftp.linux.student.kuleuven.be... 193.190.253.70
Connecting to ftp.linux.student.kuleuven.be|193.190.253.70|:21... connected.
Logging in as anonymous ... Logged in!
==> SYST ... done.    ==> PWD ... done.
==> TYPE I ... done.  ==> CWD (1) /pub/people/skimo/isl/ ... done.
==> SIZE isl-0.12.tar.bz2 ... 1294448
==> PASV ... done.    ==> RETR isl-0.12.tar.bz2 ... done.
Length: 1294448 (1.2M) (unauthoritative)

     0K .......... .......... .......... .......... ..........  3%  154K 8s
    50K .......... .......... .......... .......... ..........  7%  703K 5s
   100K .......... .......... .......... .......... .......... 11%  799K 3s
   150K .......... .......... .......... .......... .......... 15% 2.43M 3s
   200K .......... .......... .......... .......... .......... 19% 1.09M 2s
   250K .......... .......... .......... .......... .......... 23% 2.45M 2s
   300K .......... .......... .......... .......... .......... 27% 2.73M 1s
   350K .......... .......... .......... .......... .......... 31% 1.29M 1s
   400K .......... .......... .......... .......... .......... 35% 2.37M 1s
   450K .......... .......... .......... .......... .......... 39% 1.08M 1s
   500K .......... .......... .......... .......... .......... 43% 2.29M 1s
   550K .......... .......... .......... .......... .......... 47% 1.89M 1s
   600K .......... .......... .......... .......... .......... 51% 2.65M 1s
   650K .......... .......... .......... .......... .......... 55% 2.26M 1s
   700K .......... .......... .......... .......... .......... 59% 2.45M 1s
   750K .......... .......... .......... .......... .......... 63% 2.18M 0s
   800K .......... .......... .......... .......... .......... 67% 2.54M 0s
   850K .......... .......... .......... .......... .......... 71% 2.54M 0s
   900K .......... .......... .......... .......... .......... 75% 2.51M 0s
   950K .......... .......... .......... .......... .......... 79% 2.60M 0s
  1000K .......... .......... .......... .......... .......... 83% 2.20M 0s
  1050K .......... .......... .......... .......... .......... 87% 2.21M 0s
  1100K .......... .......... .......... .......... .......... 90% 2.55M 0s
  1150K .......... .......... .......... .......... .......... 94% 2.61M 0s
  1200K .......... .......... .......... .......... .......... 98% 2.40M 0s
  1250K .......... ....                                       100% 2.96M=1.0s

2013-07-09 21:15:41 (1.26 MB/s) - `/tmp/src//isl-0.12.tar.bz2' saved [1294448]

