isl-0.12/
isl-0.12/isl_morph.c
isl-0.12/isl_scan.h
isl-0.12/mp_get_memory_functions.c
isl-0.12/isl_polynomial.c
isl-0.12/isl_sample_piplib.h
isl-0.12/isl_ast_codegen.c
isl-0.12/isl_sample.h
isl-0.12/isl_convex_hull.c
isl-0.12/codegen.c
isl-0.12/isl_set_list.c
isl-0.12/isl_mat.c
isl-0.12/isl_sort.h
isl-0.12/isl_vec.c
isl-0.12/polyhedron_sample.c
isl-0.12/isl_equalities.h
isl-0.12/polytope_scan.c
isl-0.12/isl_vertices_private.h
isl-0.12/config.sub
isl-0.12/isl_power_templ.c
isl-0.12/isl_farkas.c
isl-0.12/isl_aff_private.h
isl-0.12/isl_map_subtract.c
isl-0.12/isl_basis_reduction.h
isl-0.12/interface/
isl-0.12/interface/python.cc
isl-0.12/interface/extract_interface.h
isl-0.12/interface/extract_interface.cc
isl-0.12/interface/Makefile.am
isl-0.12/interface/isl.py
isl-0.12/interface/isl.py.top
isl-0.12/interface/all.h
isl-0.12/interface/Makefile.in
isl-0.12/interface/python.h
isl-0.12/isl_hmap_map_basic_set.c
isl-0.12/GIT_HEAD_ID
isl-0.12/isl_tarjan.h
isl-0.12/depcomp
isl-0.12/isl_ast_build.c
isl-0.12/isl_fold.c
isl-0.12/pip_test.sh.in
isl-0.12/Makefile.am
isl-0.12/isl_stream_private.h
isl-0.12/isl_ilp.c
isl-0.12/isl_options.c
isl-0.12/closure.c
isl-0.12/isl_sample.c
isl-0.12/isl.py
isl-0.12/isl_dim_map.h
isl-0.12/isl_tarjan.c
isl-0.12/pip.c
isl-0.12/cat.c
isl-0.12/isl_ctx_private.h
isl-0.12/isl_stream.c
isl-0.12/isl_union_map.c
isl-0.12/isl_union_templ.c
isl-0.12/isl_config_post.h
isl-0.12/isl_constraint_private.h
isl-0.12/README
isl-0.12/config.guess
isl-0.12/isl_factorization.c
isl-0.12/isl_sample_piplib.c
isl-0.12/isl_map.c
isl-0.12/isl_factorization.h
isl-0.12/isl_gmp.c
isl-0.12/polyhedron_minimize.c
isl-0.12/configure
isl-0.12/isl_list_templ.h
isl-0.12/isl_deprecated.c
isl-0.12/isl_mat_private.h
isl-0.12/test_inputs/
isl-0.12/test_inputs/equality5.pwqp
isl-0.12/test_inputs/fimmel.pip
isl-0.12/test_inputs/basicLinear.pwqp
isl-0.12/test_inputs/basicLinear2.pwqp
isl-0.12/test_inputs/philippeNeg.pwqp
isl-0.12/test_inputs/convex11.polylib
isl-0.12/test_inputs/max.pip
isl-0.12/test_inputs/philippePolynomialCoeff.pwqp
isl-0.12/test_inputs/small.pip
isl-0.12/test_inputs/ex.pip
isl-0.12/test_inputs/negative.pip
isl-0.12/test_inputs/convex2.polylib
isl-0.12/test_inputs/product.pwqp
isl-0.12/test_inputs/convex0.polylib
isl-0.12/test_inputs/affine.polylib
isl-0.12/test_inputs/philippe3vars3pars.pwqp
isl-0.12/test_inputs/set.omega
isl-0.12/test_inputs/affine2.polylib
isl-0.12/test_inputs/convex13.polylib
isl-0.12/test_inputs/test3Deg3Var.pwqp
isl-0.12/test_inputs/convex4.polylib
isl-0.12/test_inputs/seghir-vd.pip
isl-0.12/test_inputs/cg1.pip
isl-0.12/test_inputs/faddeev.pwqp
isl-0.12/test_inputs/equality2.pwqp
isl-0.12/test_inputs/equality3.pwqp
isl-0.12/test_inputs/boulet.pip
isl-0.12/test_inputs/unexpanded.pwqp
isl-0.12/test_inputs/square.pip
isl-0.12/test_inputs/basicTestParameterPosNeg.pwqp
isl-0.12/test_inputs/basicTest.pwqp
isl-0.12/test_inputs/toplas.pwqp
isl-0.12/test_inputs/neg.pwqp
isl-0.12/test_inputs/convex1.polylib
isl-0.12/test_inputs/split.pwqp
isl-0.12/test_inputs/convex10.polylib
isl-0.12/test_inputs/convex12.polylib
isl-0.12/test_inputs/convex15.polylib
isl-0.12/test_inputs/esced.pip
isl-0.12/test_inputs/gist1.polylib
isl-0.12/test_inputs/equality1.pwqp
isl-0.12/test_inputs/convex6.polylib
isl-0.12/test_inputs/affine3.polylib
isl-0.12/test_inputs/philippe.pwqp
isl-0.12/test_inputs/convex9.polylib
isl-0.12/test_inputs/convex8.polylib
isl-0.12/test_inputs/linearExample.pwqp
isl-0.12/test_inputs/brisebarre.pip
isl-0.12/test_inputs/codegen/
isl-0.12/test_inputs/codegen/stride5.c
isl-0.12/test_inputs/codegen/stride5.in
isl-0.12/test_inputs/codegen/shift_unroll.in
isl-0.12/test_inputs/codegen/stride6.c
isl-0.12/test_inputs/codegen/unroll6.c
isl-0.12/test_inputs/codegen/shift.c
isl-0.12/test_inputs/codegen/unroll.in
isl-0.12/test_inputs/codegen/dwt.in
isl-0.12/test_inputs/codegen/unroll3.c
isl-0.12/test_inputs/codegen/unroll4.c
isl-0.12/test_inputs/codegen/hoist2.in
isl-0.12/test_inputs/codegen/shift_unroll.c
isl-0.12/test_inputs/codegen/separate.c
isl-0.12/test_inputs/codegen/omega/
isl-0.12/test_inputs/codegen/omega/stride6-2.c
isl-0.12/test_inputs/codegen/omega/gist-2.in
isl-0.12/test_inputs/codegen/omega/wak1-0.c
isl-0.12/test_inputs/codegen/omega/floor_bound-1.c
isl-0.12/test_inputs/codegen/omega/lift2-0.c
isl-0.12/test_inputs/codegen/omega/lift2-4.c
isl-0.12/test_inputs/codegen/omega/if_then-3.c
isl-0.12/test_inputs/codegen/omega/lift1-2.in
isl-0.12/test_inputs/codegen/omega/ts1d-mp-i_ts-m_b-0.in
isl-0.12/test_inputs/codegen/omega/lu_spmd-1.in
isl-0.12/test_inputs/codegen/omega/olda-1.in
isl-0.12/test_inputs/codegen/omega/m7-0.in
isl-0.12/test_inputs/codegen/omega/gist-3.c
isl-0.12/test_inputs/codegen/omega/lu-1.in
isl-0.12/test_inputs/codegen/omega/wak4-1.in
isl-0.12/test_inputs/codegen/omega/m9-0.c
isl-0.12/test_inputs/codegen/omega/m8-1.in
isl-0.12/test_inputs/codegen/omega/m4-1.in
isl-0.12/test_inputs/codegen/omega/stride7-0.in
isl-0.12/test_inputs/codegen/omega/stride6-1.in
isl-0.12/test_inputs/codegen/omega/m3-0.in
isl-0.12/test_inputs/codegen/omega/floor_bound-3.c
isl-0.12/test_inputs/codegen/omega/iter1-0.c
isl-0.12/test_inputs/codegen/omega/floor_bound-0.c
isl-0.12/test_inputs/codegen/omega/lefur04-0.in
isl-0.12/test_inputs/codegen/omega/x-0.c
isl-0.12/test_inputs/codegen/omega/lu-0.c
isl-0.12/test_inputs/codegen/omega/stride4-0.c
isl-0.12/test_inputs/codegen/omega/floor_bound-2.in
isl-0.12/test_inputs/codegen/omega/iter7-0.in
isl-0.12/test_inputs/codegen/omega/floor_bound-5.c
isl-0.12/test_inputs/codegen/omega/ts1d-mp-i_ts-m_b-0.c
isl-0.12/test_inputs/codegen/omega/gist-0.c
isl-0.12/test_inputs/codegen/omega/m11-0.in
isl-0.12/test_inputs/codegen/omega/gist-5.c
isl-0.12/test_inputs/codegen/omega/lift2-3.c
isl-0.12/test_inputs/codegen/omega/lift2-1.c
isl-0.12/test_inputs/codegen/omega/stride6-2.in
isl-0.12/test_inputs/codegen/omega/m2-0.c
isl-0.12/test_inputs/codegen/omega/code_gen-2.c
isl-0.12/test_inputs/codegen/omega/iter7-0.c
isl-0.12/test_inputs/codegen/omega/stride4-0.in
isl-0.12/test_inputs/codegen/omega/lefur00-0.c
isl-0.12/test_inputs/codegen/omega/substitution-1.in
isl-0.12/test_inputs/codegen/omega/m2-1.c
isl-0.12/test_inputs/codegen/omega/stride3-0.c
isl-0.12/test_inputs/codegen/omega/lift2-5.c
isl-0.12/test_inputs/codegen/omega/lu_ijk-1.c
isl-0.12/test_inputs/codegen/omega/lu_ijk-0.c
isl-0.12/test_inputs/codegen/omega/m1-0.c
isl-0.12/test_inputs/codegen/omega/if_then-1.c
isl-0.12/test_inputs/codegen/omega/lift1-2.c
isl-0.12/test_inputs/codegen/omega/x-1.in
isl-0.12/test_inputs/codegen/omega/fc1-1.c
isl-0.12/test_inputs/codegen/omega/lu_ijk-0.in
isl-0.12/test_inputs/codegen/omega/m2-0.in
isl-0.12/test_inputs/codegen/omega/lu-3.c
isl-0.12/test_inputs/codegen/omega/floor_bound-0.in
isl-0.12/test_inputs/codegen/omega/lift2-5.in
isl-0.12/test_inputs/codegen/omega/gist-4.in
isl-0.12/test_inputs/codegen/omega/m10-1.c
isl-0.12/test_inputs/codegen/omega/ge-0.c
isl-0.12/test_inputs/codegen/omega/chosol-1.in
isl-0.12/test_inputs/codegen/omega/substitution-4.in
isl-0.12/test_inputs/codegen/omega/lefur01-1.c
isl-0.12/test_inputs/codegen/omega/m12-0.in
isl-0.12/test_inputs/codegen/omega/ts1d-check0-0.c
isl-0.12/test_inputs/codegen/omega/x-0.in
isl-0.12/test_inputs/codegen/omega/p.delft-0.c
isl-0.12/test_inputs/codegen/omega/gc-0.c
isl-0.12/test_inputs/codegen/omega/iter3-0.c
isl-0.12/test_inputs/codegen/omega/iter3-0.in
isl-0.12/test_inputs/codegen/omega/stride7-0.c
isl-0.12/test_inputs/codegen/omega/wak1-1.c
isl-0.12/test_inputs/codegen/omega/m2-1.in
isl-0.12/test_inputs/codegen/omega/substitution-3.in
isl-0.12/test_inputs/codegen/omega/stride5-0.c
isl-0.12/test_inputs/codegen/omega/iter1-0.in
isl-0.12/test_inputs/codegen/omega/lefur00-0.in
isl-0.12/test_inputs/codegen/omega/guard1-1.in
isl-0.12/test_inputs/codegen/omega/collard-0.in
isl-0.12/test_inputs/codegen/omega/lift2-1.in
isl-0.12/test_inputs/codegen/omega/wak2-0.in
isl-0.12/test_inputs/codegen/omega/README
isl-0.12/test_inputs/codegen/omega/p6-0.c
isl-0.12/test_inputs/codegen/omega/floor_bound-1.in
isl-0.12/test_inputs/codegen/omega/m7-0.c
isl-0.12/test_inputs/codegen/omega/floor_bound-6.c
isl-0.12/test_inputs/codegen/omega/if_then-4.in
isl-0.12/test_inputs/codegen/omega/lift1-5.c
isl-0.12/test_inputs/codegen/omega/iter9-0.c
isl-0.12/test_inputs/codegen/omega/syr2k-0.c
isl-0.12/test_inputs/codegen/omega/wak3-1.c
isl-0.12/test_inputs/codegen/omega/code_gen-1.c
isl-0.12/test_inputs/codegen/omega/lift1-1.in
isl-0.12/test_inputs/codegen/omega/iter8-0.c
isl-0.12/test_inputs/codegen/omega/fc2-0.c
isl-0.12/test_inputs/codegen/omega/lift1-1.c
isl-0.12/test_inputs/codegen/omega/lu_spmd-0.c
isl-0.12/test_inputs/codegen/omega/stride7-1.in
isl-0.12/test_inputs/codegen/omega/stride6-0.in
isl-0.12/test_inputs/codegen/omega/lefur04-0.c
isl-0.12/test_inputs/codegen/omega/lu-2.in
isl-0.12/test_inputs/codegen/omega/chosol-0.in
isl-0.12/test_inputs/codegen/omega/lift2-3.in
isl-0.12/test_inputs/codegen/omega/m1-0.in
isl-0.12/test_inputs/codegen/omega/gist-1.in
isl-0.12/test_inputs/codegen/omega/fc2-0.in
isl-0.12/test_inputs/codegen/omega/substitution-0.c
isl-0.12/test_inputs/codegen/omega/substitution-3.c
isl-0.12/test_inputs/codegen/omega/m8-1.c
isl-0.12/test_inputs/codegen/omega/if_then-0.in
isl-0.12/test_inputs/codegen/omega/lu_spmd-0.in
isl-0.12/test_inputs/codegen/omega/gist-1.c
isl-0.12/test_inputs/codegen/omega/iter4-0.in
isl-0.12/test_inputs/codegen/omega/wak3-1.in
isl-0.12/test_inputs/codegen/omega/syr2k-1.c
isl-0.12/test_inputs/codegen/omega/lift2-0.in
isl-0.12/test_inputs/codegen/omega/ts1d-check-sblock-0.c
isl-0.12/test_inputs/codegen/omega/dagstuhl1-0.c
isl-0.12/test_inputs/codegen/omega/if_then-5.in
isl-0.12/test_inputs/codegen/omega/m11-0.c
isl-0.12/test_inputs/codegen/omega/substitution-4.c
isl-0.12/test_inputs/codegen/omega/m8-0.c
isl-0.12/test_inputs/codegen/omega/p6-0.in
isl-0.12/test_inputs/codegen/omega/lift1-0.in
isl-0.12/test_inputs/codegen/omega/p6-1.in
isl-0.12/test_inputs/codegen/omega/substitution-0.in
isl-0.12/test_inputs/codegen/omega/stride3-0.in
isl-0.12/test_inputs/codegen/omega/ts1d-orig0-0.in
isl-0.12/test_inputs/codegen/omega/lefur01-0.c
isl-0.12/test_inputs/codegen/omega/lu_ijk-2.in
isl-0.12/test_inputs/codegen/omega/substitution-1.c
isl-0.12/test_inputs/codegen/omega/fc1-1.in
isl-0.12/test_inputs/codegen/omega/wak2-1.c
isl-0.12/test_inputs/codegen/omega/m10-0.c
isl-0.12/test_inputs/codegen/omega/gist-3.in
isl-0.12/test_inputs/codegen/omega/syr2k-0.in
isl-0.12/test_inputs/codegen/omega/lift2-2.in
isl-0.12/test_inputs/codegen/omega/floor_bound-3.in
isl-0.12/test_inputs/codegen/omega/iter6-1.c
isl-0.12/test_inputs/codegen/omega/m4-0.c
isl-0.12/test_inputs/codegen/omega/gist-4.c
isl-0.12/test_inputs/codegen/omega/m10-1.in
isl-0.12/test_inputs/codegen/omega/p.delft2-0.in
isl-0.12/test_inputs/codegen/omega/gc-0.in
isl-0.12/test_inputs/codegen/omega/m7-1.in
isl-0.12/test_inputs/codegen/omega/chosol-0.c
isl-0.12/test_inputs/codegen/omega/stride7-1.c
isl-0.12/test_inputs/codegen/omega/if_then-1.in
isl-0.12/test_inputs/codegen/omega/stride1-0.in
isl-0.12/test_inputs/codegen/omega/lu-3.in
isl-0.12/test_inputs/codegen/omega/wak4-1.c
isl-0.12/test_inputs/codegen/omega/p6-1.c
isl-0.12/test_inputs/codegen/omega/fc1-2.in
isl-0.12/test_inputs/codegen/omega/basics-1.in
isl-0.12/test_inputs/codegen/omega/if_then-3.in
isl-0.12/test_inputs/codegen/omega/stride6-1.c
isl-0.12/test_inputs/codegen/omega/gist-0.in
isl-0.12/test_inputs/codegen/omega/dagstuhl1-1.in
isl-0.12/test_inputs/codegen/omega/m4-1.c
isl-0.12/test_inputs/codegen/omega/iter5-0.c
isl-0.12/test_inputs/codegen/omega/ts1d-orig0-0.c
isl-0.12/test_inputs/codegen/omega/guard1-0.in
isl-0.12/test_inputs/codegen/omega/wak2-1.in
isl-0.12/test_inputs/codegen/omega/basics-1.c
isl-0.12/test_inputs/codegen/omega/guard1-0.c
isl-0.12/test_inputs/codegen/omega/olda-1.c
isl-0.12/test_inputs/codegen/omega/lu-1.c
isl-0.12/test_inputs/codegen/omega/wak3-0.c
isl-0.12/test_inputs/codegen/omega/ts1d-check0-0.in
isl-0.12/test_inputs/codegen/omega/lift1-4.in
isl-0.12/test_inputs/codegen/omega/m9-1.c
isl-0.12/test_inputs/codegen/omega/dagstuhl1-0.in
isl-0.12/test_inputs/codegen/omega/iter5-0.in
isl-0.12/test_inputs/codegen/omega/olda-0.in
isl-0.12/test_inputs/codegen/omega/lift1-3.in
isl-0.12/test_inputs/codegen/omega/if_then-0.c
isl-0.12/test_inputs/codegen/omega/fc2-1.c
isl-0.12/test_inputs/codegen/omega/gist-5.in
isl-0.12/test_inputs/codegen/omega/code_gen-2.in
isl-0.12/test_inputs/codegen/omega/substitution-2.c
isl-0.12/test_inputs/codegen/omega/p.delft2-0.c
isl-0.12/test_inputs/codegen/omega/if_then-2.c
isl-0.12/test_inputs/codegen/omega/fc2-1.in
isl-0.12/test_inputs/codegen/omega/chosol-1.c
isl-0.12/test_inputs/codegen/omega/m7-1.c
isl-0.12/test_inputs/codegen/omega/wak3-0.in
isl-0.12/test_inputs/codegen/omega/lift2-2.c
isl-0.12/test_inputs/codegen/omega/olda-0.c
isl-0.12/test_inputs/codegen/omega/hpf-0.in
isl-0.12/test_inputs/codegen/omega/iter6-1.in
isl-0.12/test_inputs/codegen/omega/guard1-1.c
isl-0.12/test_inputs/codegen/omega/iter2-0.c
isl-0.12/test_inputs/codegen/omega/code_gen-0.c
isl-0.12/test_inputs/codegen/omega/iter9-0.in
isl-0.12/test_inputs/codegen/omega/if_then-4.c
isl-0.12/test_inputs/codegen/omega/wak2-0.c
isl-0.12/test_inputs/codegen/omega/lift1-4.c
isl-0.12/test_inputs/codegen/omega/m8-0.in
isl-0.12/test_inputs/codegen/omega/floor_bound-6.in
isl-0.12/test_inputs/codegen/omega/hpf-0.c
isl-0.12/test_inputs/codegen/omega/lu_ijk-1.in
isl-0.12/test_inputs/codegen/omega/m9-0.in
isl-0.12/test_inputs/codegen/omega/basics-0.in
isl-0.12/test_inputs/codegen/omega/syr2k-2.c
isl-0.12/test_inputs/codegen/omega/code_gen-1.in
isl-0.12/test_inputs/codegen/omega/floor_bound-5.in
isl-0.12/test_inputs/codegen/omega/ge-0.in
isl-0.12/test_inputs/codegen/omega/m9-1.in
isl-0.12/test_inputs/codegen/omega/m1-1.c
isl-0.12/test_inputs/codegen/omega/wak4-0.c
isl-0.12/test_inputs/codegen/omega/m12-1.c
isl-0.12/test_inputs/codegen/omega/lefur03-0.c
isl-0.12/test_inputs/codegen/omega/syr2k-1.in
isl-0.12/test_inputs/codegen/omega/wak1-0.in
isl-0.12/test_inputs/codegen/omega/lift1-5.in
isl-0.12/test_inputs/codegen/omega/stride1-0.c
isl-0.12/test_inputs/codegen/omega/wak1-1.in
isl-0.12/test_inputs/codegen/omega/m4-0.in
isl-0.12/test_inputs/codegen/omega/iter8-0.in
isl-0.12/test_inputs/codegen/omega/dagstuhl1-1.c
isl-0.12/test_inputs/codegen/omega/ge-1.in
isl-0.12/test_inputs/codegen/omega/stride2-0.c
isl-0.12/test_inputs/codegen/omega/substitution-2.in
isl-0.12/test_inputs/codegen/omega/wak4-0.in
isl-0.12/test_inputs/codegen/omega/syr2k-3.in
isl-0.12/test_inputs/codegen/omega/m12-0.c
isl-0.12/test_inputs/codegen/omega/p.delft-0.in
isl-0.12/test_inputs/codegen/omega/floor_bound-2.c
isl-0.12/test_inputs/codegen/omega/iter2-0.in
isl-0.12/test_inputs/codegen/omega/iter6-0.in
isl-0.12/test_inputs/codegen/omega/x-1.c
isl-0.12/test_inputs/codegen/omega/code_gen-0.in
isl-0.12/test_inputs/codegen/omega/stride5-0.in
isl-0.12/test_inputs/codegen/omega/m10-0.in
isl-0.12/test_inputs/codegen/omega/ts1d-check-sblock-0.in
isl-0.12/test_inputs/codegen/omega/m3-0.c
isl-0.12/test_inputs/codegen/omega/lefur01-1.in
isl-0.12/test_inputs/codegen/omega/stride6-0.c
isl-0.12/test_inputs/codegen/omega/m12-1.in
isl-0.12/test_inputs/codegen/omega/fc1-0.c
isl-0.12/test_inputs/codegen/omega/stride2-0.in
isl-0.12/test_inputs/codegen/omega/lift2-4.in
isl-0.12/test_inputs/codegen/omega/gist-2.c
isl-0.12/test_inputs/codegen/omega/lu_ijk-2.c
isl-0.12/test_inputs/codegen/omega/floor_bound-4.in
isl-0.12/test_inputs/codegen/omega/m1-1.in
isl-0.12/test_inputs/codegen/omega/fc1-0.in
isl-0.12/test_inputs/codegen/omega/lu-2.c
isl-0.12/test_inputs/codegen/omega/lefur03-0.in
isl-0.12/test_inputs/codegen/omega/iter4-0.c
isl-0.12/test_inputs/codegen/omega/ge-1.c
isl-0.12/test_inputs/codegen/omega/collard-0.c
isl-0.12/test_inputs/codegen/omega/lift1-3.c
isl-0.12/test_inputs/codegen/omega/syr2k-2.in
isl-0.12/test_inputs/codegen/omega/iter6-0.c
isl-0.12/test_inputs/codegen/omega/basics-0.c
isl-0.12/test_inputs/codegen/omega/fc1-2.c
isl-0.12/test_inputs/codegen/omega/if_then-5.c
isl-0.12/test_inputs/codegen/omega/lefur01-0.in
isl-0.12/test_inputs/codegen/omega/lu_spmd-1.c
isl-0.12/test_inputs/codegen/omega/lift1-0.c
isl-0.12/test_inputs/codegen/omega/if_then-2.in
isl-0.12/test_inputs/codegen/omega/lu-0.in
isl-0.12/test_inputs/codegen/omega/floor_bound-4.c
isl-0.12/test_inputs/codegen/omega/syr2k-3.c
isl-0.12/test_inputs/codegen/shift.in
isl-0.12/test_inputs/codegen/separation_class.in
isl-0.12/test_inputs/codegen/hoist.in
isl-0.12/test_inputs/codegen/mod.in
isl-0.12/test_inputs/codegen/separation_class3.c
isl-0.12/test_inputs/codegen/hoist2.c
isl-0.12/test_inputs/codegen/single_valued.c
isl-0.12/test_inputs/codegen/pldi2012/
isl-0.12/test_inputs/codegen/pldi2012/figure8_a.in
isl-0.12/test_inputs/codegen/pldi2012/figure8_a.c
isl-0.12/test_inputs/codegen/pldi2012/figure7_c.in
isl-0.12/test_inputs/codegen/pldi2012/README
isl-0.12/test_inputs/codegen/pldi2012/figure8_b.c
isl-0.12/test_inputs/codegen/pldi2012/figure7_c.c
isl-0.12/test_inputs/codegen/pldi2012/figure7_b.in
isl-0.12/test_inputs/codegen/pldi2012/figure8_b.in
isl-0.12/test_inputs/codegen/pldi2012/figure7_d.in
isl-0.12/test_inputs/codegen/pldi2012/figure7_d.c
isl-0.12/test_inputs/codegen/pldi2012/figure7_b.c
isl-0.12/test_inputs/codegen/separation_class.c
isl-0.12/test_inputs/codegen/atomic2.in
isl-0.12/test_inputs/codegen/atomic.in
isl-0.12/test_inputs/codegen/unroll3.in
isl-0.12/test_inputs/codegen/separation_class2.c
isl-0.12/test_inputs/codegen/dwt.c
isl-0.12/test_inputs/codegen/unroll2.c
isl-0.12/test_inputs/codegen/unroll2.in
isl-0.12/test_inputs/codegen/single_valued.in
isl-0.12/test_inputs/codegen/unroll6.in
isl-0.12/test_inputs/codegen/separation_class2.in
isl-0.12/test_inputs/codegen/unroll4.in
isl-0.12/test_inputs/codegen/stride.c
isl-0.12/test_inputs/codegen/unroll.c
isl-0.12/test_inputs/codegen/hoist.c
isl-0.12/test_inputs/codegen/cloog/
isl-0.12/test_inputs/codegen/cloog/constant.in
isl-0.12/test_inputs/codegen/cloog/mxm-shared.c
isl-0.12/test_inputs/codegen/cloog/merge.c
isl-0.12/test_inputs/codegen/cloog/wavefront.c
isl-0.12/test_inputs/codegen/cloog/esced.c
isl-0.12/test_inputs/codegen/cloog/basic-bounds-2.in
isl-0.12/test_inputs/codegen/cloog/reservoir-fusion1.c
isl-0.12/test_inputs/codegen/cloog/block3.c
isl-0.12/test_inputs/codegen/cloog/yosr2.in
isl-0.12/test_inputs/codegen/cloog/reservoir-QR.c
isl-0.12/test_inputs/codegen/cloog/forwardsub-1-1-2.c
isl-0.12/test_inputs/codegen/cloog/lineality-1-2.in
isl-0.12/test_inputs/codegen/cloog/reservoir-pingali1.c
isl-0.12/test_inputs/codegen/cloog/reservoir-jacobi2.c
isl-0.12/test_inputs/codegen/cloog/yosr.c
isl-0.12/test_inputs/codegen/cloog/min-4-1.c
isl-0.12/test_inputs/codegen/cloog/reservoir-stride.c
isl-0.12/test_inputs/codegen/cloog/basic-bounds-1.c
isl-0.12/test_inputs/codegen/cloog/square+triangle-1-1-2-3.in
isl-0.12/test_inputs/codegen/cloog/mod4.c
isl-0.12/test_inputs/codegen/cloog/union.c
isl-0.12/test_inputs/codegen/cloog/darte.c
isl-0.12/test_inputs/codegen/cloog/rectangle.in
isl-0.12/test_inputs/codegen/cloog/walters2.c
isl-0.12/test_inputs/codegen/cloog/lex.c
isl-0.12/test_inputs/codegen/cloog/classen.in
isl-0.12/test_inputs/codegen/cloog/yosr2.c
isl-0.12/test_inputs/codegen/cloog/iftest.in
isl-0.12/test_inputs/codegen/cloog/lineality-1-2.c
isl-0.12/test_inputs/codegen/cloog/reservoir-pingali4.in
isl-0.12/test_inputs/codegen/cloog/reservoir-mg-psinv.c
isl-0.12/test_inputs/codegen/cloog/lineality-2-1-2.in
isl-0.12/test_inputs/codegen/cloog/orc.in
isl-0.12/test_inputs/codegen/cloog/equality.in
isl-0.12/test_inputs/codegen/cloog/lux.c
isl-0.12/test_inputs/codegen/cloog/levenshtein-1-2-3.c
isl-0.12/test_inputs/codegen/cloog/stride2.c
isl-0.12/test_inputs/codegen/cloog/basic-bounds-1.in
isl-0.12/test_inputs/codegen/cloog/min-3-1.c
isl-0.12/test_inputs/codegen/cloog/basic-bounds-3.in
isl-0.12/test_inputs/codegen/cloog/classen2.c
isl-0.12/test_inputs/codegen/cloog/nul_basic1.c
isl-0.12/test_inputs/codegen/cloog/reservoir-pingali4.c
isl-0.12/test_inputs/codegen/cloog/reservoir-mg-interp.c
isl-0.12/test_inputs/codegen/cloog/nul_complex1.c
isl-0.12/test_inputs/codegen/cloog/nul_basic1.in
isl-0.12/test_inputs/codegen/cloog/backtrack.c
isl-0.12/test_inputs/codegen/cloog/uday_scalars.in
isl-0.12/test_inputs/codegen/cloog/reservoir-mg-interp2.in
isl-0.12/test_inputs/codegen/cloog/logopar.c
isl-0.12/test_inputs/codegen/cloog/logo.c
isl-0.12/test_inputs/codegen/cloog/reservoir-lim-lam1.in
isl-0.12/test_inputs/codegen/cloog/param-split.c
isl-0.12/test_inputs/codegen/cloog/emploi.c
isl-0.12/test_inputs/codegen/cloog/reservoir-bastoul3.in
isl-0.12/test_inputs/codegen/cloog/union.in
isl-0.12/test_inputs/codegen/cloog/1point-1.c
isl-0.12/test_inputs/codegen/cloog/logopar.in
isl-0.12/test_inputs/codegen/cloog/block2.in
isl-0.12/test_inputs/codegen/cloog/reservoir-loechner4.in
isl-0.12/test_inputs/codegen/cloog/no_lindep.c
isl-0.12/test_inputs/codegen/cloog/unroll.in
isl-0.12/test_inputs/codegen/cloog/forwardsub-2-1-2-3.c
isl-0.12/test_inputs/codegen/cloog/lux.in
isl-0.12/test_inputs/codegen/cloog/reservoir-lim-lam4.c
isl-0.12/test_inputs/codegen/cloog/reservoir-pingali3.c
isl-0.12/test_inputs/codegen/cloog/reservoir-pingali1.in
isl-0.12/test_inputs/codegen/cloog/reservoir-mg-interp2.c
isl-0.12/test_inputs/codegen/cloog/mod3.c
isl-0.12/test_inputs/codegen/cloog/basic-bounds-4.c
isl-0.12/test_inputs/codegen/cloog/reservoir-loechner3.c
isl-0.12/test_inputs/codegen/cloog/reservoir-fusion1.in
isl-0.12/test_inputs/codegen/cloog/block.c
isl-0.12/test_inputs/codegen/cloog/param-split.in
isl-0.12/test_inputs/codegen/cloog/ex1.in
isl-0.12/test_inputs/codegen/cloog/mod2.in
isl-0.12/test_inputs/codegen/cloog/stride4.c
isl-0.12/test_inputs/codegen/cloog/test.in
isl-0.12/test_inputs/codegen/cloog/1point-2.c
isl-0.12/test_inputs/codegen/cloog/reservoir-lim-lam1.c
isl-0.12/test_inputs/codegen/cloog/reservoir-pingali2.in
isl-0.12/test_inputs/codegen/cloog/cholesky.in
isl-0.12/test_inputs/codegen/cloog/guide.c
isl-0.12/test_inputs/codegen/cloog/stride3.c
isl-0.12/test_inputs/codegen/cloog/walters2.in
isl-0.12/test_inputs/codegen/cloog/durbin_e_s.c
isl-0.12/test_inputs/codegen/cloog/cholesky.c
isl-0.12/test_inputs/codegen/cloog/README
isl-0.12/test_inputs/codegen/cloog/4-param.in
isl-0.12/test_inputs/codegen/cloog/reservoir-mg-resid.c
isl-0.12/test_inputs/codegen/cloog/walters3.c
isl-0.12/test_inputs/codegen/cloog/walters.in
isl-0.12/test_inputs/codegen/cloog/classen.c
isl-0.12/test_inputs/codegen/cloog/equality.c
isl-0.12/test_inputs/codegen/cloog/reservoir-lim-lam5.c
isl-0.12/test_inputs/codegen/cloog/block.in
isl-0.12/test_inputs/codegen/cloog/dealII.in
isl-0.12/test_inputs/codegen/cloog/jacobi-shared.c
isl-0.12/test_inputs/codegen/cloog/1point-2.in
isl-0.12/test_inputs/codegen/cloog/singleton.in
isl-0.12/test_inputs/codegen/cloog/basic-bounds-5.in
isl-0.12/test_inputs/codegen/cloog/reservoir-tang-xue1.in
isl-0.12/test_inputs/codegen/cloog/stride2.in
isl-0.12/test_inputs/codegen/cloog/gesced3.c
isl-0.12/test_inputs/codegen/cloog/reservoir-pingali6.c
isl-0.12/test_inputs/codegen/cloog/0D-3.c
isl-0.12/test_inputs/codegen/cloog/mxm-shared.in
isl-0.12/test_inputs/codegen/cloog/reservoir-lim-lam3.c
isl-0.12/test_inputs/codegen/cloog/mode.in
isl-0.12/test_inputs/codegen/cloog/mod.in
isl-0.12/test_inputs/codegen/cloog/reservoir-pingali2.c
isl-0.12/test_inputs/codegen/cloog/uday_scalars.c
isl-0.12/test_inputs/codegen/cloog/reservoir-mg-interp.in
isl-0.12/test_inputs/codegen/cloog/reservoir-mg-rprj3.in
isl-0.12/test_inputs/codegen/cloog/lu2.in
isl-0.12/test_inputs/codegen/cloog/reservoir-lim-lam6.in
isl-0.12/test_inputs/codegen/cloog/reservoir-liu-zhuge1.c
isl-0.12/test_inputs/codegen/cloog/cholesky2.c
isl-0.12/test_inputs/codegen/cloog/iftest.c
isl-0.12/test_inputs/codegen/cloog/orc.c
isl-0.12/test_inputs/codegen/cloog/lu.c
isl-0.12/test_inputs/codegen/cloog/mod2.c
isl-0.12/test_inputs/codegen/cloog/youcef.in
isl-0.12/test_inputs/codegen/cloog/otl.in
isl-0.12/test_inputs/codegen/cloog/reservoir-pingali6.in
isl-0.12/test_inputs/codegen/cloog/otl.c
isl-0.12/test_inputs/codegen/cloog/reservoir-two.in
isl-0.12/test_inputs/codegen/cloog/thomasset.c
isl-0.12/test_inputs/codegen/cloog/vivien2.in
isl-0.12/test_inputs/codegen/cloog/largeur.in
isl-0.12/test_inputs/codegen/cloog/reservoir-liu-zhuge1.in
isl-0.12/test_inputs/codegen/cloog/byu98-1-2-3.c
isl-0.12/test_inputs/codegen/cloog/reservoir-fusion2.c
isl-0.12/test_inputs/codegen/cloog/square+triangle-1-1-2-3.c
isl-0.12/test_inputs/codegen/cloog/forwardsub-3-1-2.in
isl-0.12/test_inputs/codegen/cloog/gauss.in
isl-0.12/test_inputs/codegen/cloog/durbin_e_s.in
isl-0.12/test_inputs/codegen/cloog/reservoir-pingali5.in
isl-0.12/test_inputs/codegen/cloog/reservoir-cholesky2.in
isl-0.12/test_inputs/codegen/cloog/reservoir-loechner5.c
isl-0.12/test_inputs/codegen/cloog/gesced.in
isl-0.12/test_inputs/codegen/cloog/reservoir-loechner4.c
isl-0.12/test_inputs/codegen/cloog/multi-stride.c
isl-0.12/test_inputs/codegen/cloog/usvd_e_t.c
isl-0.12/test_inputs/codegen/cloog/reservoir-jacobi3.in
isl-0.12/test_inputs/codegen/cloog/reservoir-fusion2.in
isl-0.12/test_inputs/codegen/cloog/test.c
isl-0.12/test_inputs/codegen/cloog/gesced2.in
isl-0.12/test_inputs/codegen/cloog/constbound.in
isl-0.12/test_inputs/codegen/cloog/constbound.c
isl-0.12/test_inputs/codegen/cloog/reservoir-mg-psinv.in
isl-0.12/test_inputs/codegen/cloog/forwardsub-1-1-2.in
isl-0.12/test_inputs/codegen/cloog/reservoir-mg-resid.in
isl-0.12/test_inputs/codegen/cloog/min-1-1.in
isl-0.12/test_inputs/codegen/cloog/tiling.c
isl-0.12/test_inputs/codegen/cloog/stride4.in
isl-0.12/test_inputs/codegen/cloog/mod3.in
isl-0.12/test_inputs/codegen/cloog/basic-bounds-5.c
isl-0.12/test_inputs/codegen/cloog/dot.in
isl-0.12/test_inputs/codegen/cloog/constant.c
isl-0.12/test_inputs/codegen/cloog/gesced.c
isl-0.12/test_inputs/codegen/cloog/vasilache.in
isl-0.12/test_inputs/codegen/cloog/reservoir-two.c
isl-0.12/test_inputs/codegen/cloog/lineality-2-1-2.c
isl-0.12/test_inputs/codegen/cloog/4-param.c
isl-0.12/test_inputs/codegen/cloog/swim.in
isl-0.12/test_inputs/codegen/cloog/min-3-1.in
isl-0.12/test_inputs/codegen/cloog/nul_complex1.in
isl-0.12/test_inputs/codegen/cloog/darte.in
isl-0.12/test_inputs/codegen/cloog/yosr.in
isl-0.12/test_inputs/codegen/cloog/gesced3.in
isl-0.12/test_inputs/codegen/cloog/dot.c
isl-0.12/test_inputs/codegen/cloog/usvd_e_t.in
isl-0.12/test_inputs/codegen/cloog/donotsimp.c
isl-0.12/test_inputs/codegen/cloog/lex.in
isl-0.12/test_inputs/codegen/cloog/jacobi-shared.in
isl-0.12/test_inputs/codegen/cloog/iftest2.c
isl-0.12/test_inputs/codegen/cloog/nul_lcpc.in
isl-0.12/test_inputs/codegen/cloog/0D-3.in
isl-0.12/test_inputs/codegen/cloog/0D-2.c
isl-0.12/test_inputs/codegen/cloog/reservoir-tang-xue1.c
isl-0.12/test_inputs/codegen/cloog/0D-1.c
isl-0.12/test_inputs/codegen/cloog/rectangle.c
isl-0.12/test_inputs/codegen/cloog/reservoir-cholesky2.c
isl-0.12/test_inputs/codegen/cloog/0D-2.in
isl-0.12/test_inputs/codegen/cloog/dot2.c
isl-0.12/test_inputs/codegen/cloog/reservoir-pingali5.c
isl-0.12/test_inputs/codegen/cloog/reservoir-jacobi3.c
isl-0.12/test_inputs/codegen/cloog/reservoir-lim-lam4.in
isl-0.12/test_inputs/codegen/cloog/unroll2.c
isl-0.12/test_inputs/codegen/cloog/block2.c
isl-0.12/test_inputs/codegen/cloog/cholesky2.in
isl-0.12/test_inputs/codegen/cloog/vivien.c
isl-0.12/test_inputs/codegen/cloog/reservoir-bastoul3.c
isl-0.12/test_inputs/codegen/cloog/byu98-1-2-3.in
isl-0.12/test_inputs/codegen/cloog/gauss.c
isl-0.12/test_inputs/codegen/cloog/reservoir-lim-lam6.c
isl-0.12/test_inputs/codegen/cloog/wavefront.in
isl-0.12/test_inputs/codegen/cloog/unroll2.in
isl-0.12/test_inputs/codegen/cloog/merge.in
isl-0.12/test_inputs/codegen/cloog/reservoir-pingali3.in
isl-0.12/test_inputs/codegen/cloog/reservoir-lim-lam2.c
isl-0.12/test_inputs/codegen/cloog/donotsimp.in
isl-0.12/test_inputs/codegen/cloog/reservoir-mg-rprj3.c
isl-0.12/test_inputs/codegen/cloog/reservoir-jacobi2.in
isl-0.12/test_inputs/codegen/cloog/reservoir-lim-lam5.in
isl-0.12/test_inputs/codegen/cloog/multi-stride2.c
isl-0.12/test_inputs/codegen/cloog/mod4.in
isl-0.12/test_inputs/codegen/cloog/forwardsub-3-1-2.c
isl-0.12/test_inputs/codegen/cloog/min-2-1.in
isl-0.12/test_inputs/codegen/cloog/reservoir-stride2.in
isl-0.12/test_inputs/codegen/cloog/classen2.in
isl-0.12/test_inputs/codegen/cloog/min-2-1.c
isl-0.12/test_inputs/codegen/cloog/backtrack.in
isl-0.12/test_inputs/codegen/cloog/lu2.c
isl-0.12/test_inputs/codegen/cloog/equality2.c
isl-0.12/test_inputs/codegen/cloog/pouchet.in
isl-0.12/test_inputs/codegen/cloog/stride.c
isl-0.12/test_inputs/codegen/cloog/multi-stride.in
isl-0.12/test_inputs/codegen/cloog/esced.in
isl-0.12/test_inputs/codegen/cloog/reservoir-loechner5.in
isl-0.12/test_inputs/codegen/cloog/dot2.in
isl-0.12/test_inputs/codegen/cloog/iftest2.in
isl-0.12/test_inputs/codegen/cloog/unroll.c
isl-0.12/test_inputs/codegen/cloog/reservoir-QR.in
isl-0.12/test_inputs/codegen/cloog/nul_lcpc.c
isl-0.12/test_inputs/codegen/cloog/infinite2.c
isl-0.12/test_inputs/codegen/cloog/stride3.in
isl-0.12/test_inputs/codegen/cloog/reservoir-lim-lam3.in
isl-0.12/test_inputs/codegen/cloog/reservoir-loechner3.in
isl-0.12/test_inputs/codegen/cloog/vivien.in
isl-0.12/test_inputs/codegen/cloog/vasilache.c
isl-0.12/test_inputs/codegen/cloog/youcefn.c
isl-0.12/test_inputs/codegen/cloog/lu.in
isl-0.12/test_inputs/codegen/cloog/min-4-1.in
isl-0.12/test_inputs/codegen/cloog/thomasset.in
isl-0.12/test_inputs/codegen/cloog/multi-mm-1.in
isl-0.12/test_inputs/codegen/cloog/largeur.c
isl-0.12/test_inputs/codegen/cloog/reservoir-stride.in
isl-0.12/test_inputs/codegen/cloog/reservoir-lim-lam2.in
isl-0.12/test_inputs/codegen/cloog/forwardsub-2-1-2-3.in
isl-0.12/test_inputs/codegen/cloog/singleton.c
isl-0.12/test_inputs/codegen/cloog/nul_basic2.in
isl-0.12/test_inputs/codegen/cloog/multi-mm-1.c
isl-0.12/test_inputs/codegen/cloog/levenshtein-1-2-3.in
isl-0.12/test_inputs/codegen/cloog/infinite2.in
isl-0.12/test_inputs/codegen/cloog/youcefn.in
isl-0.12/test_inputs/codegen/cloog/basic-bounds-3.c
isl-0.12/test_inputs/codegen/cloog/equality2.in
isl-0.12/test_inputs/codegen/cloog/nul_basic2.c
isl-0.12/test_inputs/codegen/cloog/block3.in
isl-0.12/test_inputs/codegen/cloog/min-1-1.c
isl-0.12/test_inputs/codegen/cloog/basic-bounds-2.c
isl-0.12/test_inputs/codegen/cloog/walters.c
isl-0.12/test_inputs/codegen/cloog/christian.in
isl-0.12/test_inputs/codegen/cloog/vivien2.c
isl-0.12/test_inputs/codegen/cloog/dealII.c
isl-0.12/test_inputs/codegen/cloog/swim.c
isl-0.12/test_inputs/codegen/cloog/0D-1.in
isl-0.12/test_inputs/codegen/cloog/ex1.c
isl-0.12/test_inputs/codegen/cloog/gesced2.c
isl-0.12/test_inputs/codegen/cloog/logo.in
isl-0.12/test_inputs/codegen/cloog/multi-stride2.in
isl-0.12/test_inputs/codegen/cloog/stride.in
isl-0.12/test_inputs/codegen/cloog/no_lindep.in
isl-0.12/test_inputs/codegen/cloog/youcef.c
isl-0.12/test_inputs/codegen/cloog/pouchet.c
isl-0.12/test_inputs/codegen/cloog/reservoir-stride2.c
isl-0.12/test_inputs/codegen/cloog/tiling.in
isl-0.12/test_inputs/codegen/cloog/walters3.in
isl-0.12/test_inputs/codegen/cloog/1point-1.in
isl-0.12/test_inputs/codegen/cloog/emploi.in
isl-0.12/test_inputs/codegen/cloog/basic-bounds-4.in
isl-0.12/test_inputs/codegen/cloog/guide.in
isl-0.12/test_inputs/codegen/cloog/christian.c
isl-0.12/test_inputs/codegen/cloog/mod.c
isl-0.12/test_inputs/codegen/cloog/mode.c
isl-0.12/test_inputs/codegen/separate.in
isl-0.12/test_inputs/codegen/atomic.c
isl-0.12/test_inputs/codegen/atomic2.c
isl-0.12/test_inputs/codegen/disjuncts.c
isl-0.12/test_inputs/codegen/separation_class3.in
isl-0.12/test_inputs/codegen/stride.in
isl-0.12/test_inputs/codegen/disjuncts.in
isl-0.12/test_inputs/codegen/stride6.in
isl-0.12/test_inputs/codegen/mod.c
isl-0.12/test_inputs/application.omega
isl-0.12/test_inputs/devos.pwqp
isl-0.12/test_inputs/philippePolynomialCoeff1P.pwqp
isl-0.12/test_inputs/convex14.polylib
isl-0.12/test_inputs/convex3.polylib
isl-0.12/test_inputs/application2.omega
isl-0.12/test_inputs/sor1d.pip
isl-0.12/test_inputs/convex7.polylib
isl-0.12/test_inputs/equality4.pwqp
isl-0.12/test_inputs/convex5.polylib
isl-0.12/test_inputs/sven.pip
isl-0.12/test_inputs/ex2.pip
isl-0.12/test_inputs/philippe3vars.pwqp
isl-0.12/test_inputs/tobi.pip
isl-0.12/include/
isl-0.12/include/isl/
isl-0.12/include/isl/union_map.h
isl-0.12/include/isl/space.h
isl-0.12/include/isl/version.h
isl-0.12/include/isl/printer.h
isl-0.12/include/isl/options.h
isl-0.12/include/isl/constraint.h
isl-0.12/include/isl/int.h
isl-0.12/include/isl/mat.h
isl-0.12/include/isl/band.h
isl-0.12/include/isl/schedule.h
isl-0.12/include/isl/dim.h
isl-0.12/include/isl/point.h
isl-0.12/include/isl/polynomial.h
isl-0.12/include/isl/arg.h
isl-0.12/include/isl/ilp.h
isl-0.12/include/isl/val_int.h
isl-0.12/include/isl/ast_build.h
isl-0.12/include/isl/val_gmp.h
isl-0.12/include/isl/val.h
isl-0.12/include/isl/id.h
isl-0.12/include/isl/ctx.h
isl-0.12/include/isl/list.h
isl-0.12/include/isl/vertices.h
isl-0.12/include/isl/union_set_type.h
isl-0.12/include/isl/stream.h
isl-0.12/include/isl/polynomial_type.h
isl-0.12/include/isl/multi.h
isl-0.12/include/isl/union_set.h
isl-0.12/include/isl/blk.h
isl-0.12/include/isl/set_type.h
isl-0.12/include/isl/ast.h
isl-0.12/include/isl/lp.h
isl-0.12/include/isl/flow.h
isl-0.12/include/isl/local_space.h
isl-0.12/include/isl/obj.h
isl-0.12/include/isl/seq.h
isl-0.12/include/isl/hash.h
isl-0.12/include/isl/union_map_type.h
isl-0.12/include/isl/aff_type.h
isl-0.12/include/isl/map.h
isl-0.12/include/isl/config.h.in
isl-0.12/include/isl/vec.h
isl-0.12/include/isl/aff.h
isl-0.12/include/isl/map_type.h
isl-0.12/include/isl/set.h
isl-0.12/isl_val_gmp.c
isl-0.12/isl_options_private.h
isl-0.12/doc/
isl-0.12/doc/chicago.bst
isl-0.12/doc/manual.tex
isl-0.12/doc/Makefile.am
isl-0.12/doc/manual.pdf
isl-0.12/doc/mypod2latex
isl-0.12/doc/implementation.tex
isl-0.12/doc/user.pod
isl-0.12/doc/Makefile.in
isl-0.12/doc/chicago.sty
isl-0.12/doc/SubmittingPatches
isl-0.12/doc/isl.bib
isl-0.12/isl_range.h
isl-0.12/isl_bound.c
isl-0.12/isl_piplib.h
isl-0.12/configure.ac
isl-0.12/isl_reordering.c
isl-0.12/isl_multi_templ.h
isl-0.12/isl_multi_templ.c
isl-0.12/isl_val_private.h
isl-0.12/isl_ast_build_expr.c
isl-0.12/isl_vertices.c
isl-0.12/isl_tab.c
isl-0.12/isl_tab.h
isl-0.12/isl_bound.h
isl-0.12/print_templ.c
isl-0.12/isl_map_piplib.c
isl-0.12/isl_obj.c
isl-0.12/isl_map_simplify.c
isl-0.12/isl_map_no_piplib.c
isl-0.12/isl_lp_piplib.c
isl-0.12/isl_version.c
isl-0.12/isl_test.c
isl-0.12/isl_coalesce.c
isl-0.12/isl_band.c
isl-0.12/isl_list_templ.c
isl-0.12/bound_test.sh.in
isl-0.12/isl_id_private.h
isl-0.12/isl_ast_graft.c
isl-0.12/isl_val.c
isl-0.12/isl_map_lexopt_templ.c
isl-0.12/isl_reordering.h
isl-0.12/basis_reduction_templ.c
isl-0.12/isl_equalities.c
isl-0.12/isl_int.h
isl-0.12/isl_local_space.c
isl-0.12/isl_map_private.h
isl-0.12/isl_printer_private.h
isl-0.12/isl_ast_build_expr.h
isl-0.12/isl_printer.c
isl-0.12/isl_union_map_private.h
isl-0.12/isl_constraint.c
isl-0.12/isl_id.c
isl-0.12/Makefile.in
isl-0.12/isl_band_private.h
isl-0.12/isl_space_private.h
isl-0.12/isl_lp.c
isl-0.12/polyhedron_detect_equalities.c
isl-0.12/basis_reduction_tab.c
isl-0.12/ltmain.sh
isl-0.12/isl_lp_piplib.h
isl-0.12/isl_space.c
isl-0.12/missing
isl-0.12/isl_map_piplib.h
isl-0.12/isl_schedule_private.h
isl-0.12/isl_sample_no_piplib.c
isl-0.12/isl_transitive_closure.c
isl-0.12/isl_scan.c
isl-0.12/isl_dim_map.c
isl-0.12/isl_aff.c
isl-0.12/LICENSE
isl-0.12/isl_ctx.c
isl-0.12/isl_local_space_private.h
isl-0.12/isl_point.c
isl-0.12/isl_tab_pip.c
isl-0.12/isl_ast_graft_private.h
isl-0.12/isl_seq.c
isl-0.12/isl_arg.c
isl-0.12/isl_input.c
isl-0.12/isl_ast_build_private.h
isl-0.12/bound.c
isl-0.12/AUTHORS
isl-0.12/isl_affine_hull.c
isl-0.12/isl_range.c
isl-0.12/print.c
isl-0.12/isl_hmap_map_basic_set.h
isl-0.12/isl_pw_templ.c
isl-0.12/isl_ast_private.h
isl-0.12/isl_dim.c
isl-0.12/isl_output.c
isl-0.12/isl_morph.h
isl-0.12/codegen_test.sh.in
isl-0.12/isl_ast.c
isl-0.12/isl_piplib.c
isl-0.12/isl_bernstein.h
isl-0.12/m4/
isl-0.12/m4/ax_c___attribute__.m4
isl-0.12/m4/ax_compiler_vendor.m4
isl-0.12/m4/ax_check_compiler_flags.m4
isl-0.12/m4/ltsugar.m4
isl-0.12/m4/ax_detect_git_head.m4
isl-0.12/m4/ax_create_stdint_h.m4
isl-0.12/m4/libtool.m4
isl-0.12/m4/ltversion.m4
isl-0.12/m4/ax_create_pkgconfig_info.m4
isl-0.12/m4/lt~obsolete.m4
isl-0.12/m4/ax_cc_maxopt.m4
isl-0.12/m4/ax_gcc_archflag.m4
isl-0.12/m4/ax_set_warning_flags.m4
isl-0.12/m4/ax_gcc_warn_unused_result.m4
isl-0.12/m4/ltoptions.m4
isl-0.12/m4/ax_submodule.m4
isl-0.12/m4/ax_gcc_x86_cpuid.m4
isl-0.12/isl_schedule.c
isl-0.12/isl_sort.c
isl-0.12/isl_polynomial_private.h
isl-0.12/isl_hash.c
isl-0.12/isl_point_private.h
isl-0.12/ChangeLog
isl-0.12/isl_flow.c
isl-0.12/isl_bernstein.c
isl-0.12/isl_blk.c
isl-0.12/aclocal.m4
isl-0.12/isl_config.h.in
isl-0.12/isl_lp_no_piplib.c
isl-0.12/install-sh
