--2013-07-09 21:55:32--  ftp://sourceware.org/pub/libffi/libffi-3.0.13.tar.gz
           => `/tmp/src//libffi-3.0.13.tar.gz'
Resolving sourceware.org... 209.132.180.131
Connecting to sourceware.org|209.132.180.131|:21... connected.
Logging in as anonymous ... Logged in!
==> SYST ... done.    ==> PWD ... done.
==> TYPE I ... done.  ==> CWD (1) /pub/libffi ... done.
==> SIZE libffi-3.0.13.tar.gz ... 845747
==> PASV ... done.    ==> RETR libffi-3.0.13.tar.gz ... done.
Length: 845747 (826K) (unauthoritative)

     0K .......... .......... .......... .......... ..........  6%  112K 7s
    50K .......... .......... .......... .......... .......... 12%  221K 5s
   100K .......... .......... .......... .......... .......... 18%  230K 4s
   150K .......... .......... .......... .......... .......... 24%  321K 3s
   200K .......... .......... .......... .......... .......... 30%  719K 3s
   250K .......... .......... .......... .......... .......... 36%  364K 2s
   300K .......... .......... .......... .......... .......... 42%  712K 2s
   350K .......... .......... .......... .......... .......... 48%  352K 2s
   400K .......... .......... .......... .......... .......... 54% 2.45M 1s
   450K .......... .......... .......... .......... .......... 60%  787K 1s
   500K .......... .......... .......... .......... .......... 66%  362K 1s
   550K .......... .......... .......... .......... .......... 72% 1.93M 1s
   600K .......... .......... .......... .......... .......... 78%  910K 0s
   650K .......... .......... .......... .......... .......... 84%  368K 0s
   700K .......... .......... .......... .......... .......... 90%  786K 0s
   750K .......... .......... .......... .......... .......... 96% 3.03M 0s
   800K .......... .......... .....                           100% 2.88M=2.0s

2013-07-09 21:55:38 (415 KB/s) - `/tmp/src//libffi-3.0.13.tar.gz' saved [845747]

