libffi-3.0.13/
libffi-3.0.13/src/
libffi-3.0.13/src/m68k/
libffi-3.0.13/src/m68k/sysv.S
libffi-3.0.13/src/m68k/ffi.c
libffi-3.0.13/src/m68k/ffitarget.h
libffi-3.0.13/src/pa/
libffi-3.0.13/src/pa/linux.S
libffi-3.0.13/src/pa/ffi.c
libffi-3.0.13/src/pa/hpux32.S
libffi-3.0.13/src/pa/ffitarget.h
libffi-3.0.13/src/raw_api.c
libffi-3.0.13/src/java_raw_api.c
libffi-3.0.13/src/metag/
libffi-3.0.13/src/metag/sysv.S
libffi-3.0.13/src/metag/ffi.c
libffi-3.0.13/src/metag/ffitarget.h
libffi-3.0.13/src/sh/
libffi-3.0.13/src/sh/sysv.S
libffi-3.0.13/src/sh/ffi.c
libffi-3.0.13/src/sh/ffitarget.h
libffi-3.0.13/src/m32r/
libffi-3.0.13/src/m32r/sysv.S
libffi-3.0.13/src/m32r/ffi.c
libffi-3.0.13/src/m32r/ffitarget.h
libffi-3.0.13/src/s390/
libffi-3.0.13/src/s390/sysv.S
libffi-3.0.13/src/s390/ffi.c
libffi-3.0.13/src/s390/ffitarget.h
libffi-3.0.13/src/moxie/
libffi-3.0.13/src/moxie/eabi.S
libffi-3.0.13/src/moxie/ffi.c
libffi-3.0.13/src/moxie/ffitarget.h
libffi-3.0.13/src/ia64/
libffi-3.0.13/src/ia64/unix.S
libffi-3.0.13/src/ia64/ffi.c
libffi-3.0.13/src/ia64/ffitarget.h
libffi-3.0.13/src/ia64/ia64_flags.h
libffi-3.0.13/src/sh64/
libffi-3.0.13/src/sh64/sysv.S
libffi-3.0.13/src/sh64/ffi.c
libffi-3.0.13/src/sh64/ffitarget.h
libffi-3.0.13/src/closures.c
libffi-3.0.13/src/frv/
libffi-3.0.13/src/frv/eabi.S
libffi-3.0.13/src/frv/ffi.c
libffi-3.0.13/src/frv/ffitarget.h
libffi-3.0.13/src/avr32/
libffi-3.0.13/src/avr32/sysv.S
libffi-3.0.13/src/avr32/ffi.c
libffi-3.0.13/src/avr32/ffitarget.h
libffi-3.0.13/src/dlmalloc.c
libffi-3.0.13/src/types.c
libffi-3.0.13/src/prep_cif.c
libffi-3.0.13/src/powerpc/
libffi-3.0.13/src/powerpc/sysv.S
libffi-3.0.13/src/powerpc/asm.h
libffi-3.0.13/src/powerpc/ppc_closure.S
libffi-3.0.13/src/powerpc/ffi.c
libffi-3.0.13/src/powerpc/linux64_closure.S
libffi-3.0.13/src/powerpc/aix_closure.S
libffi-3.0.13/src/powerpc/darwin.S
libffi-3.0.13/src/powerpc/linux64.S
libffi-3.0.13/src/powerpc/aix.S
libffi-3.0.13/src/powerpc/darwin_closure.S
libffi-3.0.13/src/powerpc/ffi_darwin.c
libffi-3.0.13/src/powerpc/ffitarget.h
libffi-3.0.13/src/cris/
libffi-3.0.13/src/cris/sysv.S
libffi-3.0.13/src/cris/ffi.c
libffi-3.0.13/src/cris/ffitarget.h
libffi-3.0.13/src/x86/
libffi-3.0.13/src/x86/sysv.S
libffi-3.0.13/src/x86/darwin64.S
libffi-3.0.13/src/x86/win32.S
libffi-3.0.13/src/x86/ffi.c
libffi-3.0.13/src/x86/unix64.S
libffi-3.0.13/src/x86/darwin.S
libffi-3.0.13/src/x86/ffi64.c
libffi-3.0.13/src/x86/ffitarget.h
libffi-3.0.13/src/x86/freebsd.S
libffi-3.0.13/src/x86/win64.S
libffi-3.0.13/src/mips/
libffi-3.0.13/src/mips/ffi.c
libffi-3.0.13/src/mips/n32.S
libffi-3.0.13/src/mips/o32.S
libffi-3.0.13/src/mips/ffitarget.h
libffi-3.0.13/src/microblaze/
libffi-3.0.13/src/microblaze/sysv.S
libffi-3.0.13/src/microblaze/ffi.c
libffi-3.0.13/src/microblaze/ffitarget.h
libffi-3.0.13/src/xtensa/
libffi-3.0.13/src/xtensa/sysv.S
libffi-3.0.13/src/xtensa/ffi.c
libffi-3.0.13/src/xtensa/ffitarget.h
libffi-3.0.13/src/bfin/
libffi-3.0.13/src/bfin/sysv.S
libffi-3.0.13/src/bfin/ffi.c
libffi-3.0.13/src/bfin/ffitarget.h
libffi-3.0.13/src/debug.c
libffi-3.0.13/src/aarch64/
libffi-3.0.13/src/aarch64/sysv.S
libffi-3.0.13/src/aarch64/ffi.c
libffi-3.0.13/src/aarch64/ffitarget.h
libffi-3.0.13/src/arm/
libffi-3.0.13/src/arm/sysv.S
libffi-3.0.13/src/arm/gentramp.sh
libffi-3.0.13/src/arm/ffi.c
libffi-3.0.13/src/arm/trampoline.S
libffi-3.0.13/src/arm/ffitarget.h
libffi-3.0.13/src/sparc/
libffi-3.0.13/src/sparc/v9.S
libffi-3.0.13/src/sparc/ffi.c
libffi-3.0.13/src/sparc/v8.S
libffi-3.0.13/src/sparc/ffitarget.h
libffi-3.0.13/src/tile/
libffi-3.0.13/src/tile/tile.S
libffi-3.0.13/src/tile/ffi.c
libffi-3.0.13/src/tile/ffitarget.h
libffi-3.0.13/src/alpha/
libffi-3.0.13/src/alpha/ffi.c
libffi-3.0.13/src/alpha/osf.S
libffi-3.0.13/src/alpha/ffitarget.h
libffi-3.0.13/acinclude.m4
libffi-3.0.13/ltmain.sh
libffi-3.0.13/compile
libffi-3.0.13/texinfo.tex
libffi-3.0.13/configure
libffi-3.0.13/libtool-ldflags
libffi-3.0.13/man/
libffi-3.0.13/man/ffi_prep_cif.3
libffi-3.0.13/man/ffi_prep_cif_var.3
libffi-3.0.13/man/ffi_call.3
libffi-3.0.13/man/Makefile.in
libffi-3.0.13/man/Makefile.am
libffi-3.0.13/man/ffi.3
libffi-3.0.13/missing
libffi-3.0.13/aclocal.m4
libffi-3.0.13/testsuite/
libffi-3.0.13/testsuite/libffi.special/
libffi-3.0.13/testsuite/libffi.special/ffitestcxx.h
libffi-3.0.13/testsuite/libffi.special/unwindtest_ffi_call.cc
libffi-3.0.13/testsuite/libffi.special/special.exp
libffi-3.0.13/testsuite/libffi.special/unwindtest.cc
libffi-3.0.13/testsuite/libffi.call/
libffi-3.0.13/testsuite/libffi.call/cls_align_longdouble_split.c
libffi-3.0.13/testsuite/libffi.call/cls_uint_va.c
libffi-3.0.13/testsuite/libffi.call/cls_pointer.c
libffi-3.0.13/testsuite/libffi.call/va_1.c
libffi-3.0.13/testsuite/libffi.call/cls_9byte1.c
libffi-3.0.13/testsuite/libffi.call/return_dbl2.c
libffi-3.0.13/testsuite/libffi.call/cls_align_pointer.c
libffi-3.0.13/testsuite/libffi.call/closure_fn3.c
libffi-3.0.13/testsuite/libffi.call/strlen_win32.c
libffi-3.0.13/testsuite/libffi.call/struct1.c
libffi-3.0.13/testsuite/libffi.call/strlen.c
libffi-3.0.13/testsuite/libffi.call/cls_4byte.c
libffi-3.0.13/testsuite/libffi.call/closure_fn1.c
libffi-3.0.13/testsuite/libffi.call/cls_64byte.c
libffi-3.0.13/testsuite/libffi.call/return_fl.c
libffi-3.0.13/testsuite/libffi.call/return_dbl1.c
libffi-3.0.13/testsuite/libffi.call/stret_medium2.c
libffi-3.0.13/testsuite/libffi.call/cls_align_sint64.c
libffi-3.0.13/testsuite/libffi.call/stret_medium.c
libffi-3.0.13/testsuite/libffi.call/cls_align_double.c
libffi-3.0.13/testsuite/libffi.call/nested_struct7.c
libffi-3.0.13/testsuite/libffi.call/err_bad_abi.c
libffi-3.0.13/testsuite/libffi.call/float3.c
libffi-3.0.13/testsuite/libffi.call/uninitialized.c
libffi-3.0.13/testsuite/libffi.call/cls_6byte.c
libffi-3.0.13/testsuite/libffi.call/return_sc.c
libffi-3.0.13/testsuite/libffi.call/many2.c
libffi-3.0.13/testsuite/libffi.call/cls_ushort_va.c
libffi-3.0.13/testsuite/libffi.call/cls_struct_va1.c
libffi-3.0.13/testsuite/libffi.call/struct1_win32.c
libffi-3.0.13/testsuite/libffi.call/cls_uint.c
libffi-3.0.13/testsuite/libffi.call/stret_large2.c
libffi-3.0.13/testsuite/libffi.call/nested_struct11.c
libffi-3.0.13/testsuite/libffi.call/cls_5byte.c
libffi-3.0.13/testsuite/libffi.call/nested_struct8.c
libffi-3.0.13/testsuite/libffi.call/nested_struct6.c
libffi-3.0.13/testsuite/libffi.call/struct8.c
libffi-3.0.13/testsuite/libffi.call/cls_18byte.c
libffi-3.0.13/testsuite/libffi.call/return_ll.c
libffi-3.0.13/testsuite/libffi.call/cls_24byte.c
libffi-3.0.13/testsuite/libffi.call/return_sl.c
libffi-3.0.13/testsuite/libffi.call/cls_6_1_byte.c
libffi-3.0.13/testsuite/libffi.call/stret_large.c
libffi-3.0.13/testsuite/libffi.call/closure_fn2.c
libffi-3.0.13/testsuite/libffi.call/nested_struct.c
libffi-3.0.13/testsuite/libffi.call/struct2.c
libffi-3.0.13/testsuite/libffi.call/return_fl3.c
libffi-3.0.13/testsuite/libffi.call/struct6.c
libffi-3.0.13/testsuite/libffi.call/closure_stdcall.c
libffi-3.0.13/testsuite/libffi.call/closure_loc_fn0.c
libffi-3.0.13/testsuite/libffi.call/return_dbl.c
libffi-3.0.13/testsuite/libffi.call/cls_align_uint32.c
libffi-3.0.13/testsuite/libffi.call/cls_1_1byte.c
libffi-3.0.13/testsuite/libffi.call/cls_float.c
libffi-3.0.13/testsuite/libffi.call/struct9.c
libffi-3.0.13/testsuite/libffi.call/cls_ushort.c
libffi-3.0.13/testsuite/libffi.call/struct4.c
libffi-3.0.13/testsuite/libffi.call/cls_2byte.c
libffi-3.0.13/testsuite/libffi.call/cls_align_longdouble.c
libffi-3.0.13/testsuite/libffi.call/cls_multi_sshortchar.c
libffi-3.0.13/testsuite/libffi.call/cls_pointer_stack.c
libffi-3.0.13/testsuite/libffi.call/cls_uchar_va.c
libffi-3.0.13/testsuite/libffi.call/struct2_win32.c
libffi-3.0.13/testsuite/libffi.call/nested_struct5.c
libffi-3.0.13/testsuite/libffi.call/va_struct2.c
libffi-3.0.13/testsuite/libffi.call/nested_struct9.c
libffi-3.0.13/testsuite/libffi.call/cls_sshort.c
libffi-3.0.13/testsuite/libffi.call/cls_19byte.c
libffi-3.0.13/testsuite/libffi.call/cls_schar.c
libffi-3.0.13/testsuite/libffi.call/cls_4_1byte.c
libffi-3.0.13/testsuite/libffi.call/va_struct3.c
libffi-3.0.13/testsuite/libffi.call/closure_fn5.c
libffi-3.0.13/testsuite/libffi.call/cls_ulonglong.c
libffi-3.0.13/testsuite/libffi.call/cls_20byte1.c
libffi-3.0.13/testsuite/libffi.call/cls_align_uint16.c
libffi-3.0.13/testsuite/libffi.call/float_va.c
libffi-3.0.13/testsuite/libffi.call/closure_fn6.c
libffi-3.0.13/testsuite/libffi.call/testclosure.c
libffi-3.0.13/testsuite/libffi.call/cls_16byte.c
libffi-3.0.13/testsuite/libffi.call/return_uc.c
libffi-3.0.13/testsuite/libffi.call/nested_struct1.c
libffi-3.0.13/testsuite/libffi.call/struct3.c
libffi-3.0.13/testsuite/libffi.call/cls_5_1_byte.c
libffi-3.0.13/testsuite/libffi.call/return_fl1.c
libffi-3.0.13/testsuite/libffi.call/cls_3byte2.c
libffi-3.0.13/testsuite/libffi.call/closure_fn4.c
libffi-3.0.13/testsuite/libffi.call/struct5.c
libffi-3.0.13/testsuite/libffi.call/pyobjc-tc.c
libffi-3.0.13/testsuite/libffi.call/negint.c
libffi-3.0.13/testsuite/libffi.call/cls_7byte.c
libffi-3.0.13/testsuite/libffi.call/cls_3byte1.c
libffi-3.0.13/testsuite/libffi.call/cls_multi_ushort.c
libffi-3.0.13/testsuite/libffi.call/closure_fn0.c
libffi-3.0.13/testsuite/libffi.call/fastthis2_win32.c
libffi-3.0.13/testsuite/libffi.call/cls_align_float.c
libffi-3.0.13/testsuite/libffi.call/many_win32.c
libffi-3.0.13/testsuite/libffi.call/cls_uchar.c
libffi-3.0.13/testsuite/libffi.call/cls_multi_sshort.c
libffi-3.0.13/testsuite/libffi.call/promotion.c
libffi-3.0.13/testsuite/libffi.call/nested_struct4.c
libffi-3.0.13/testsuite/libffi.call/return_fl2.c
libffi-3.0.13/testsuite/libffi.call/cls_20byte.c
libffi-3.0.13/testsuite/libffi.call/cls_12byte.c
libffi-3.0.13/testsuite/libffi.call/cls_multi_schar.c
libffi-3.0.13/testsuite/libffi.call/va_struct1.c
libffi-3.0.13/testsuite/libffi.call/cls_longdouble.c
libffi-3.0.13/testsuite/libffi.call/cls_align_uint64.c
libffi-3.0.13/testsuite/libffi.call/cls_9byte2.c
libffi-3.0.13/testsuite/libffi.call/nested_struct10.c
libffi-3.0.13/testsuite/libffi.call/cls_sint.c
libffi-3.0.13/testsuite/libffi.call/cls_double_va.c
libffi-3.0.13/testsuite/libffi.call/many.c
libffi-3.0.13/testsuite/libffi.call/huge_struct.c
libffi-3.0.13/testsuite/libffi.call/return_ldl.c
libffi-3.0.13/testsuite/libffi.call/cls_3_1byte.c
libffi-3.0.13/testsuite/libffi.call/cls_align_longdouble_split2.c
libffi-3.0.13/testsuite/libffi.call/float4.c
libffi-3.0.13/testsuite/libffi.call/float.c
libffi-3.0.13/testsuite/libffi.call/cls_align_sint16.c
libffi-3.0.13/testsuite/libffi.call/problem1.c
libffi-3.0.13/testsuite/libffi.call/cls_7_1_byte.c
libffi-3.0.13/testsuite/libffi.call/float1.c
libffi-3.0.13/testsuite/libffi.call/float2.c
libffi-3.0.13/testsuite/libffi.call/cls_multi_uchar.c
libffi-3.0.13/testsuite/libffi.call/call.exp
libffi-3.0.13/testsuite/libffi.call/cls_multi_ushortchar.c
libffi-3.0.13/testsuite/libffi.call/fastthis1_win32.c
libffi-3.0.13/testsuite/libffi.call/cls_align_sint32.c
libffi-3.0.13/testsuite/libffi.call/cls_dbls_struct.c
libffi-3.0.13/testsuite/libffi.call/return_ll1.c
libffi-3.0.13/testsuite/libffi.call/cls_8byte.c
libffi-3.0.13/testsuite/libffi.call/cls_ulong_va.c
libffi-3.0.13/testsuite/libffi.call/cls_longdouble_va.c
libffi-3.0.13/testsuite/libffi.call/closure_thiscall.c
libffi-3.0.13/testsuite/libffi.call/strlen2_win32.c
libffi-3.0.13/testsuite/libffi.call/err_bad_typedef.c
libffi-3.0.13/testsuite/libffi.call/nested_struct2.c
libffi-3.0.13/testsuite/libffi.call/struct7.c
libffi-3.0.13/testsuite/libffi.call/nested_struct3.c
libffi-3.0.13/testsuite/libffi.call/cls_double.c
libffi-3.0.13/testsuite/libffi.call/return_ul.c
libffi-3.0.13/testsuite/libffi.call/fastthis3_win32.c
libffi-3.0.13/testsuite/libffi.call/ffitest.h
libffi-3.0.13/testsuite/libffi.call/many2_win32.c
libffi-3.0.13/testsuite/lib/
libffi-3.0.13/testsuite/lib/target-libpath.exp
libffi-3.0.13/testsuite/lib/wrapper.exp
libffi-3.0.13/testsuite/lib/libffi.exp
libffi-3.0.13/testsuite/Makefile.in
libffi-3.0.13/testsuite/Makefile.am
libffi-3.0.13/testsuite/config/
libffi-3.0.13/testsuite/config/default.exp
libffi-3.0.13/generate-ios-source-and-headers.py
libffi-3.0.13/ChangeLog.libgcj
libffi-3.0.13/ChangeLog
libffi-3.0.13/include/
libffi-3.0.13/include/ffi.h.in
libffi-3.0.13/include/ffi_common.h
libffi-3.0.13/include/Makefile.in
libffi-3.0.13/include/Makefile.am
libffi-3.0.13/configure.host
libffi-3.0.13/depcomp
libffi-3.0.13/ChangeLog.libffi
libffi-3.0.13/configure.ac
libffi-3.0.13/README
libffi-3.0.13/ChangeLog.v1
libffi-3.0.13/msvcc.sh
libffi-3.0.13/m4/
libffi-3.0.13/m4/ltoptions.m4
libffi-3.0.13/m4/ax_cc_maxopt.m4
libffi-3.0.13/m4/asmcfi.m4
libffi-3.0.13/m4/ax_cflags_warn_all.m4
libffi-3.0.13/m4/ax_enable_builddir.m4
libffi-3.0.13/m4/ax_gcc_archflag.m4
libffi-3.0.13/m4/ax_check_compile_flag.m4
libffi-3.0.13/m4/ax_gcc_x86_cpuid.m4
libffi-3.0.13/m4/ltversion.m4
libffi-3.0.13/m4/lt~obsolete.m4
libffi-3.0.13/m4/ax_append_flag.m4
libffi-3.0.13/m4/ltsugar.m4
libffi-3.0.13/m4/ax_compiler_vendor.m4
libffi-3.0.13/m4/libtool.m4
libffi-3.0.13/m4/ax_configure_args.m4
libffi-3.0.13/doc/
libffi-3.0.13/doc/libffi.texi
libffi-3.0.13/doc/libffi.info
libffi-3.0.13/doc/stamp-vti
libffi-3.0.13/doc/version.texi
libffi-3.0.13/fficonfig.h.in
libffi-3.0.13/Makefile.in
libffi-3.0.13/build-ios.sh
libffi-3.0.13/libffi.xcodeproj/
libffi-3.0.13/libffi.xcodeproj/project.pbxproj
libffi-3.0.13/Makefile.am
libffi-3.0.13/generate-osx-source-and-headers.py
libffi-3.0.13/install-sh
libffi-3.0.13/config.sub
libffi-3.0.13/LICENSE
libffi-3.0.13/config.guess
libffi-3.0.13/libffi.pc.in
libffi-3.0.13/mdate-sh
libffi-3.0.13/libtool-version
