--2013-07-10 09:14:55--  http://ftp.gnu.org/pub/gnu/libiconv/libiconv-1.14.tar.gz
Resolving ftp.gnu.org... 208.118.235.20, 2001:4830:134:3::b
Connecting to ftp.gnu.org|208.118.235.20|:80... connected.
HTTP request sent, awaiting response... 200 OK
Length: 4984397 (4.8M) [application/x-gzip]
Saving to: `/tmp/src/libiconv-1.14.tar.gz'

     0K .......... .......... .......... .......... ..........  1% 68.0K 71s
    50K .......... .......... .......... .......... ..........  2%  136K 53s
   100K .......... .......... .......... .......... ..........  3%  260K 41s
   150K .......... .......... .......... .......... ..........  4%  741K 32s
   200K .......... .......... .......... .......... ..........  5%  328K 28s
   250K .......... .......... .......... .......... ..........  6%  769K 24s
   300K .......... .......... .......... .......... ..........  7%  131K 25s
   350K .......... .......... .......... .......... ..........  8% 55.4M 22s
   400K .......... .......... .......... .......... ..........  9% 54.3M 19s
   450K .......... .......... .......... .......... .......... 10% 55.7M 17s
   500K .......... .......... .......... .......... .......... 11% 2.75M 16s
   550K .......... .......... .......... .......... .......... 12%  586K 15s
   600K .......... .......... .......... .......... .......... 13%  375K 14s
   650K .......... .......... .......... .......... .......... 14%  695K 14s
   700K .......... .......... .......... .......... .......... 15%  912K 13s
   750K .......... .......... .......... .......... .......... 16%  828K 12s
   800K .......... .......... .......... .......... .......... 17%  272K 12s
   850K .......... .......... .......... .......... .......... 18%  389K 12s
   900K .......... .......... .......... .......... .......... 19%  357K 12s
   950K .......... .......... .......... .......... .......... 20%  400K 11s
  1000K .......... .......... .......... .......... .......... 21%  414K 11s
  1050K .......... .......... .......... .......... .......... 22%  526K 11s
  1100K .......... .......... .......... .......... .......... 23%  516K 11s
  1150K .......... .......... .......... .......... .......... 24%  486K 10s
  1200K .......... .......... .......... .......... .......... 25%  480K 10s
  1250K .......... .......... .......... .......... .......... 26%  502K 10s
  1300K .......... .......... .......... .......... .......... 27%  370K 10s
  1350K .......... .......... .......... .......... .......... 28%  426K 10s
  1400K .......... .......... .......... .......... .......... 29%  401K 9s
  1450K .......... .......... .......... .......... .......... 30%  291K 9s
  1500K .......... .......... .......... .......... .......... 31%  220K 9s
  1550K .......... .......... .......... .......... .......... 32%  242K 9s
  1600K .......... .......... .......... .......... .......... 33%  259K 9s
  1650K .......... .......... .......... .......... .......... 34%  232K 9s
  1700K .......... .......... .......... .......... .......... 35%  369K 9s
  1750K .......... .......... .......... .......... .......... 36%  246K 9s
  1800K .......... .......... .......... .......... .......... 38%  231K 9s
  1850K .......... .......... .......... .......... .......... 39%  175K 9s
  1900K .......... .......... .......... .......... .......... 40%  219K 9s
  1950K .......... .......... .......... .......... .......... 41% 6.05M 9s
  2000K .......... .......... .......... .......... .......... 42%  135K 9s
  2050K .......... .......... .......... .......... .......... 43% 63.6M 8s
  2100K .......... .......... .......... .......... .......... 44% 49.9M 8s
  2150K .......... .......... .......... .......... .......... 45% 66.8M 8s
  2200K .......... .......... .......... .......... .......... 46%  264K 8s
  2250K .......... .......... .......... .......... .......... 47%  163K 8s
  2300K .......... .......... .......... .......... .......... 48%  258K 8s
  2350K .......... .......... .......... .......... .......... 49%  375K 7s
  2400K .......... .......... .......... .......... .......... 50%  552K 7s
  2450K .......... .......... .......... .......... .......... 51%  465K 7s
  2500K .......... .......... .......... .......... .......... 52%  545K 7s
  2550K .......... .......... .......... .......... .......... 53%  444K 7s
  2600K .......... .......... .......... .......... .......... 54%  633K 6s
  2650K .......... .......... .......... .......... .......... 55% 1.07M 6s
  2700K .......... .......... .......... .......... .......... 56%  417K 6s
  2750K .......... .......... .......... .......... .......... 57%  661K 6s
  2800K .......... .......... .......... .......... .......... 58%  631K 6s
  2850K .......... .......... .......... .......... .......... 59%  616K 6s
  2900K .......... .......... .......... .......... .......... 60%  593K 5s
  2950K .......... .......... .......... .......... .......... 61%  538K 5s
  3000K .......... .......... .......... .......... .......... 62%  548K 5s
  3050K .......... .......... .......... .......... .......... 63%  506K 5s
  3100K .......... .......... .......... .......... .......... 64%  526K 5s
  3150K .......... .......... .......... .......... .......... 65%  500K 5s
  3200K .......... .......... .......... .......... .......... 66%  454K 4s
  3250K .......... .......... .......... .......... .......... 67% 1.28M 4s
  3300K .......... .......... .......... .......... .......... 68% 1.40M 4s
  3350K .......... .......... .......... .......... .......... 69%  458K 4s
  3400K .......... .......... .......... .......... .......... 70%  891K 4s
  3450K .......... .......... .......... .......... .......... 71% 1.11M 4s
  3500K .......... .......... .......... .......... .......... 72% 1.21M 3s
  3550K .......... .......... .......... .......... .......... 73%  552K 3s
  3600K .......... .......... .......... .......... .......... 74% 1.12M 3s
  3650K .......... .......... .......... .......... .......... 76%  733K 3s
  3700K .......... .......... .......... .......... .......... 77%  624K 3s
  3750K .......... .......... .......... .......... .......... 78%  944K 3s
  3800K .......... .......... .......... .......... .......... 79%  491K 3s
  3850K .......... .......... .......... .......... .......... 80%  611K 2s
  3900K .......... .......... .......... .......... .......... 81%  678K 2s
  3950K .......... .......... .......... .......... .......... 82%  807K 2s
  4000K .......... .......... .......... .......... .......... 83% 1.12M 2s
  4050K .......... .......... .......... .......... .......... 84% 1021K 2s
  4100K .......... .......... .......... .......... .......... 85%  429K 2s
  4150K .......... .......... .......... .......... .......... 86%  860K 2s
  4200K .......... .......... .......... .......... .......... 87%  951K 1s
  4250K .......... .......... .......... .......... .......... 88%  961K 1s
  4300K .......... .......... .......... .......... .......... 89%  969K 1s
  4350K .......... .......... .......... .......... .......... 90%  357K 1s
  4400K .......... .......... .......... .......... .......... 91%  531K 1s
  4450K .......... .......... .......... .......... .......... 92%  992K 1s
  4500K .......... .......... .......... .......... .......... 93%  837K 1s
  4550K .......... .......... .......... .......... .......... 94%  690K 1s
  4600K .......... .......... .......... .......... .......... 95%  415K 1s
  4650K .......... .......... .......... .......... .......... 96%  502K 0s
  4700K .......... .......... .......... .......... .......... 97%  489K 0s
  4750K .......... .......... .......... .......... .......... 98%  346K 0s
  4800K .......... .......... .......... .......... .......... 99%  695K 0s
  4850K .......... .......                                    100%  661K=11s

2013-07-10 09:15:07 (435 KB/s) - `/tmp/src/libiconv-1.14.tar.gz' saved [4984397/4984397]

