A    /tmp/src/libmangle/ChangeLog.2009
A    /tmp/src/libmangle/configure
A    /tmp/src/libmangle/Makefile.in
A    /tmp/src/libmangle/Doxyfile
A    /tmp/src/libmangle/include
A    /tmp/src/libmangle/include/libmangle.h
A    /tmp/src/libmangle/src
A    /tmp/src/libmangle/src/m_ms.h
A    /tmp/src/libmangle/src/m_token.h
A    /tmp/src/libmangle/src/mainpage.h
A    /tmp/src/libmangle/src/m_ms.c
A    /tmp/src/libmangle/src/m_token.c
A    /tmp/src/libmangle/ChangeLog
A    /tmp/src/libmangle/build-aux
A    /tmp/src/libmangle/build-aux/depcomp
A    /tmp/src/libmangle/build-aux/missing
A    /tmp/src/libmangle/build-aux/config.guess
A    /tmp/src/libmangle/build-aux/config.sub
A    /tmp/src/libmangle/build-aux/install-sh
A    /tmp/src/libmangle/config.h.in
A    /tmp/src/libmangle/configure.ac
A    /tmp/src/libmangle/html
A    /tmp/src/libmangle/html/structs_m_token__base.html
A    /tmp/src/libmangle/html/tabs.css
A    /tmp/src/libmangle/html/mainpage_8h.html
A    /tmp/src/libmangle/html/structs_gc_elem.html
A    /tmp/src/libmangle/html/structs_m_token__name.html
A    /tmp/src/libmangle/html/tab_l.gif
A    /tmp/src/libmangle/html/m__ms_8c.html
A    /tmp/src/libmangle/html/globals_defs.html
A    /tmp/src/libmangle/html/m__token_8c.html
A    /tmp/src/libmangle/html/structs_m_token__binary.html
A    /tmp/src/libmangle/html/tab_r.gif
A    /tmp/src/libmangle/html/libmangle_8h.html
A    /tmp/src/libmangle/html/globals_eval.html
A    /tmp/src/libmangle/html/doxygen.png
A    /tmp/src/libmangle/html/globals_func.html
A    /tmp/src/libmangle/html/structs_m_token___unary.html
A    /tmp/src/libmangle/html/functions.html
A    /tmp/src/libmangle/html/libmangle_8h_source.html
A    /tmp/src/libmangle/html/m__token_8h_source.html
A    /tmp/src/libmangle/html/annotated.html
A    /tmp/src/libmangle/html/structs_m_token__value.html
A    /tmp/src/libmangle/html/globals.html
A    /tmp/src/libmangle/html/structs_m_s_ctx.html
A    /tmp/src/libmangle/html/globals_type.html
A    /tmp/src/libmangle/html/unionu_m_token.html
A    /tmp/src/libmangle/html/m__ms_8h.html
A    /tmp/src/libmangle/html/m__token_8h.html
A    /tmp/src/libmangle/html/classes.html
A    /tmp/src/libmangle/html/footer.html
A    /tmp/src/libmangle/html/structs_cached.html
A    /tmp/src/libmangle/html/structs_gc_ctx.html
A    /tmp/src/libmangle/html/mainpage_8h_source.html
A    /tmp/src/libmangle/html/doxygen.css
A    /tmp/src/libmangle/html/files.html
A    /tmp/src/libmangle/html/functions_vars.html
A    /tmp/src/libmangle/html/globals_enum.html
A    /tmp/src/libmangle/html/index.html
A    /tmp/src/libmangle/html/tab_b.gif
A    /tmp/src/libmangle/html/m__ms_8h_source.html
A    /tmp/src/libmangle/html/structs_m_token__dim.html
A    /tmp/src/libmangle/COPYING
A    /tmp/src/libmangle/ChangeLog.2010
A    /tmp/src/libmangle/ChangeLog.2011
A    /tmp/src/libmangle/Makefile.am
A    /tmp/src/libmangle/ChangeLog.2012
A    /tmp/src/libmangle/aclocal.m4
Checked out revision 5982.
