--2013-07-10 15:57:16--  http://llvm.org/releases/3.3/llvm-3.3.src.tar.gz
Resolving llvm.org... 128.174.246.134
Connecting to llvm.org|128.174.246.134|:80... connected.
HTTP request sent, awaiting response... 200 OK
Length: 13602421 (13M) [application/x-gzip]
Saving to: `/tmp/src/llvm-3.3.src.tar.gz'

     0K .......... .......... .......... .......... ..........  0% 97.5K 2m16s
    50K .......... .......... .......... .......... ..........  0% 81.5K 2m29s
   100K .......... .......... .......... .......... ..........  1%  162K 2m6s
   150K .......... .......... .......... .......... ..........  1%  198K 1m50s
   200K .......... .......... .......... .......... ..........  1%  202K 1m41s
   250K .......... .......... .......... .......... ..........  2%  233K 93s
   300K .......... .......... .......... .......... ..........  2%  622K 82s
   350K .......... .......... .......... .......... ..........  3%  308K 77s
   400K .......... .......... .......... .......... ..........  3%  297K 73s
   450K .......... .......... .......... .......... ..........  3%  376K 69s
   500K .......... .......... .......... .......... ..........  4%  319K 66s
   550K .......... .......... .......... .......... ..........  4%  167K 67s
   600K .......... .......... .......... .......... ..........  4%  674K 63s
   650K .......... .......... .......... .......... ..........  5%  288K 61s
   700K .......... .......... .......... .......... ..........  5%  326K 59s
   750K .......... .......... .......... .......... ..........  6%  304K 58s
   800K .......... .......... .......... .......... ..........  6%  153K 59s
   850K .......... .......... .......... .......... ..........  6% 12.0M 56s
   900K .......... .......... .......... .......... ..........  7%  153K 57s
   950K .......... .......... .......... .......... ..........  7% 9.87M 54s
  1000K .......... .......... .......... .......... ..........  7%  155K 55s
  1050K .......... .......... .......... .......... ..........  8%  317K 54s
  1100K .......... .......... .......... .......... ..........  8%  300K 53s
  1150K .......... .......... .......... .......... ..........  9% 5.18M 51s
  1200K .......... .......... .......... .......... ..........  9%  191K 51s
  1250K .......... .......... .......... .......... ..........  9%  232K 51s
  1300K .......... .......... .......... .......... .......... 10% 1.35M 49s
  1350K .......... .......... .......... .......... .......... 10%  298K 49s
  1400K .......... .......... .......... .......... .......... 10%  712K 47s
  1450K .......... .......... .......... .......... .......... 11%  294K 47s
  1500K .......... .......... .......... .......... .......... 11% 1.14M 45s
  1550K .......... .......... .......... .......... .......... 12%  907K 44s
  1600K .......... .......... .......... .......... .......... 12%  303K 44s
  1650K .......... .......... .......... .......... .......... 12%  586K 43s
  1700K .......... .......... .......... .......... .......... 13%  463K 42s
  1750K .......... .......... .......... .......... .......... 13%  888K 41s
  1800K .......... .......... .......... .......... .......... 13%  554K 41s
  1850K .......... .......... .......... .......... .......... 14%  372K 40s
  1900K .......... .......... .......... .......... .......... 14%  549K 39s
  1950K .......... .......... .......... .......... .......... 15%  914K 39s
  2000K .......... .......... .......... .......... .......... 15%  564K 38s
  2050K .......... .......... .......... .......... .......... 15%  469K 37s
  2100K .......... .......... .......... .......... .......... 16% 1.01M 37s
  2150K .......... .......... .......... .......... .......... 16%  576K 36s
  2200K .......... .......... .......... .......... .......... 16%  521K 36s
  2250K .......... .......... .......... .......... .......... 17%  607K 35s
  2300K .......... .......... .......... .......... .......... 17%  717K 35s
  2350K .......... .......... .......... .......... .......... 18%  411K 34s
  2400K .......... .......... .......... .......... .......... 18%  910K 34s
  2450K .......... .......... .......... .......... .......... 18% 1.51M 33s
  2500K .......... .......... .......... .......... .......... 19%  765K 32s
  2550K .......... .......... .......... .......... .......... 19%  303K 32s
  2600K .......... .......... .......... .......... .......... 19%  866K 32s
  2650K .......... .......... .......... .......... .......... 20%  819K 31s
  2700K .......... .......... .......... .......... .......... 20%  150K 32s
  2750K .......... .......... .......... .......... .......... 21% 7.53M 31s
  2800K .......... .......... .......... .......... .......... 21% 55.1M 30s
  2850K .......... .......... .......... .......... .......... 21%  179K 31s
  2900K .......... .......... .......... .......... .......... 22% 4.25M 30s
  2950K .......... .......... .......... .......... .......... 22%  194K 30s
  3000K .......... .......... .......... .......... .......... 22% 73.7M 30s
  3050K .......... .......... .......... .......... .......... 23% 50.3M 29s
  3100K .......... .......... .......... .......... .......... 23% 1.96M 29s
  3150K .......... .......... .......... .......... .......... 24%  279K 29s
  3200K .......... .......... .......... .......... .......... 24%  589K 28s
  3250K .......... .......... .......... .......... .......... 24%  347K 28s
  3300K .......... .......... .......... .......... .......... 25%  486K 28s
  3350K .......... .......... .......... .......... .......... 25%  368K 28s
  3400K .......... .......... .......... .......... .......... 25%  474K 27s
  3450K .......... .......... .......... .......... .......... 26%  502K 27s
  3500K .......... .......... .......... .......... .......... 26%  347K 27s
  3550K .......... .......... .......... .......... .......... 27%  375K 27s
  3600K .......... .......... .......... .......... .......... 27%  436K 27s
  3650K .......... .......... .......... .......... .......... 27%  402K 27s
  3700K .......... .......... .......... .......... .......... 28%  475K 26s
  3750K .......... .......... .......... .......... .......... 28%  507K 26s
  3800K .......... .......... .......... .......... .......... 28%  612K 26s
  3850K .......... .......... .......... .......... .......... 29%  383K 26s
  3900K .......... .......... .......... .......... .......... 29%  572K 25s
  3950K .......... .......... .......... .......... .......... 30%  331K 25s
  4000K .......... .......... .......... .......... .......... 30%  530K 25s
  4050K .......... .......... .......... .......... .......... 30%  515K 25s
  4100K .......... .......... .......... .......... .......... 31%  203K 25s
  4150K .......... .......... .......... .......... .......... 31%  115M 25s
  4200K .......... .......... .......... .......... .......... 31%  394K 24s
  4250K .......... .......... .......... .......... .......... 32%  538K 24s
  4300K .......... .......... .......... .......... .......... 32%  322K 24s
  4350K .......... .......... .......... .......... .......... 33%  605K 24s
  4400K .......... .......... .......... .......... .......... 33%  374K 24s
  4450K .......... .......... .......... .......... .......... 33%  418K 24s
  4500K .......... .......... .......... .......... .......... 34%  687K 23s
  4550K .......... .......... .......... .......... .......... 34%  276K 23s
  4600K .......... .......... .......... .......... .......... 35%  479K 23s
  4650K .......... .......... .......... .......... .......... 35%  272K 23s
  4700K .......... .......... .......... .......... .......... 35%  474K 23s
  4750K .......... .......... .......... .......... .......... 36%  445K 23s
  4800K .......... .......... .......... .......... .......... 36%  697K 22s
  4850K .......... .......... .......... .......... .......... 36%  410K 22s
  4900K .......... .......... .......... .......... .......... 37%  564K 22s
  4950K .......... .......... .......... .......... .......... 37% 56.1K 23s
  5000K .......... .......... .......... .......... .......... 38% 59.8M 23s
  5050K .......... .......... .......... .......... .......... 38% 50.6M 22s
  5100K .......... .......... .......... .......... .......... 38% 42.0M 22s
  5150K .......... .......... .......... .......... .......... 39% 78.9M 22s
  5200K .......... .......... .......... .......... .......... 39% 80.6M 21s
  5250K .......... .......... .......... .......... .......... 39% 75.7M 21s
  5300K .......... .......... .......... .......... .......... 40% 4.32M 21s
  5350K .......... .......... .......... .......... .......... 40%  409K 21s
  5400K .......... .......... .......... .......... .......... 41%  613K 20s
  5450K .......... .......... .......... .......... .......... 41%  347K 20s
  5500K .......... .......... .......... .......... .......... 41%  793K 20s
  5550K .......... .......... .......... .......... .......... 42%  361K 20s
  5600K .......... .......... .......... .......... .......... 42%  781K 20s
  5650K .......... .......... .......... .......... .......... 42%  698K 20s
  5700K .......... .......... .......... .......... .......... 43%  318K 19s
  5750K .......... .......... .......... .......... .......... 43%  693K 19s
  5800K .......... .......... .......... .......... .......... 44%  405K 19s
  5850K .......... .......... .......... .......... .......... 44%  410K 19s
  5900K .......... .......... .......... .......... .......... 44%  446K 19s
  5950K .......... .......... .......... .......... .......... 45%  466K 19s
  6000K .......... .......... .......... .......... .......... 45%  465K 19s
  6050K .......... .......... .......... .......... .......... 45%  830K 18s
  6100K .......... .......... .......... .......... .......... 46%  677K 18s
  6150K .......... .......... .......... .......... .......... 46%  388K 18s
  6200K .......... .......... .......... .......... .......... 47%  511K 18s
  6250K .......... .......... .......... .......... .......... 47%  640K 18s
  6300K .......... .......... .......... .......... .......... 47%  596K 17s
  6350K .......... .......... .......... .......... .......... 48%  599K 17s
  6400K .......... .......... .......... .......... .......... 48%  568K 17s
  6450K .......... .......... .......... .......... .......... 48%  448K 17s
  6500K .......... .......... .......... .......... .......... 49%  395K 17s
  6550K .......... .......... .......... .......... .......... 49%  956K 17s
  6600K .......... .......... .......... .......... .......... 50%  562K 17s
  6650K .......... .......... .......... .......... .......... 50%  431K 16s
  6700K .......... .......... .......... .......... .......... 50%  542K 16s
  6750K .......... .......... .......... .......... .......... 51%  446K 16s
  6800K .......... .......... .......... .......... .......... 51%  665K 16s
  6850K .......... .......... .......... .......... .......... 51%  458K 16s
  6900K .......... .......... .......... .......... .......... 52%  636K 16s
  6950K .......... .......... .......... .......... .......... 52%  768K 15s
  7000K .......... .......... .......... .......... .......... 53%  830K 15s
  7050K .......... .......... .......... .......... .......... 53%  768K 15s
  7100K .......... .......... .......... .......... .......... 53%  670K 15s
  7150K .......... .......... .......... .......... .......... 54%  568K 15s
  7200K .......... .......... .......... .......... .......... 54%  582K 15s
  7250K .......... .......... .......... .......... .......... 54%  634K 14s
  7300K .......... .......... .......... .......... .......... 55%  311K 14s
  7350K .......... .......... .......... .......... .......... 55% 10.3M 14s
  7400K .......... .......... .......... .......... .......... 56% 9.91M 14s
  7450K .......... .......... .......... .......... .......... 56%  150K 14s
  7500K .......... .......... .......... .......... .......... 56% 9.44M 14s
  7550K .......... .......... .......... .......... .......... 57% 10.3M 14s
  7600K .......... .......... .......... .......... .......... 57% 70.5K 14s
  7650K .......... .......... .......... .......... .......... 57% 17.1M 14s
  7700K .......... .......... .......... .......... .......... 58%  154K 14s
  7750K .......... .......... .......... .......... .......... 58% 13.0M 14s
  7800K .......... .......... .......... .......... .......... 59% 36.0M 13s
  7850K .......... .......... .......... .......... .......... 59%  153K 13s
  7900K .......... .......... .......... .......... .......... 59% 45.5M 13s
  7950K .......... .......... .......... .......... .......... 60%  155K 13s
  8000K .......... .......... .......... .......... .......... 60% 27.7M 13s
  8050K .......... .......... .......... .......... .......... 60%  174K 13s
  8100K .......... .......... .......... .......... .......... 61%  155K 13s
  8150K .......... .......... .......... .......... .......... 61% 14.2M 13s
  8200K .......... .......... .......... .......... .......... 62%  229K 13s
  8250K .......... .......... .......... .......... .......... 62%  243K 13s
  8300K .......... .......... .......... .......... .......... 62% 1.04M 12s
  8350K .......... .......... .......... .......... .......... 63% 91.9K 13s
  8400K .......... .......... .......... .......... .......... 63% 48.5M 12s
  8450K .......... .......... .......... .......... .......... 63% 65.9M 12s
  8500K .......... .......... .......... .......... .......... 64%  464K 12s
  8550K .......... .......... .......... .......... .......... 64%  294K 12s
  8600K .......... .......... .......... .......... .......... 65%  298K 12s
  8650K .......... .......... .......... .......... .......... 65%  325K 12s
  8700K .......... .......... .......... .......... .......... 65%  199K 12s
  8750K .......... .......... .......... .......... .......... 66%  155K 12s
  8800K .......... .......... .......... .......... .......... 66% 24.6M 11s
  8850K .......... .......... .......... .......... .......... 66%  248K 11s
  8900K .......... .......... .......... .......... .......... 67%  257K 11s
  8950K .......... .......... .......... .......... .......... 67%  242K 11s
  9000K .......... .......... .......... .......... .......... 68%  312K 11s
  9050K .......... .......... .......... .......... .......... 68%  278K 11s
  9100K .......... .......... .......... .......... .......... 68%  233K 11s
  9150K .......... .......... .......... .......... .......... 69%  285K 11s
  9200K .......... .......... .......... .......... .......... 69%  309K 11s
  9250K .......... .......... .......... .......... .......... 70%  240K 10s
  9300K .......... .......... .......... .......... .......... 70%  333K 10s
  9350K .......... .......... .......... .......... .......... 70%  211K 10s
  9400K .......... .......... .......... .......... .......... 71%  385K 10s
  9450K .......... .......... .......... .......... .......... 71%  232K 10s
  9500K .......... .......... .......... .......... .......... 71%  309K 10s
  9550K .......... .......... .......... .......... .......... 72%  385K 10s
  9600K .......... .......... .......... .......... .......... 72%  218K 10s
  9650K .......... .......... .......... .......... .......... 73%  635K 10s
  9700K .......... .......... .......... .......... .......... 73%  238K 9s
  9750K .......... .......... .......... .......... .......... 73%  231K 9s
  9800K .......... .......... .......... .......... .......... 74%  511K 9s
  9850K .......... .......... .......... .......... .......... 74%  106K 9s
  9900K .......... .......... .......... .......... .......... 74% 49.7M 9s
  9950K .......... .......... .......... .......... .......... 75%  189K 9s
 10000K .......... .......... .......... .......... .......... 75%  255K 9s
 10050K .......... .......... .......... .......... .......... 76%  227K 9s
 10100K .......... .......... .......... .......... .......... 76%  314K 9s
 10150K .......... .......... .......... .......... .......... 76%  303K 8s
 10200K .......... .......... .......... .......... .......... 77%  213K 8s
 10250K .......... .......... .......... .......... .......... 77%  171K 8s
 10300K .......... .......... .......... .......... .......... 77%  116K 8s
 10350K .......... .......... .......... .......... .......... 78% 28.4M 8s
 10400K .......... .......... .......... .......... .......... 78%  409K 8s
 10450K .......... .......... .......... .......... .......... 79%  167K 8s
 10500K .......... .......... .......... .......... .......... 79%  156K 8s
 10550K .......... .......... .......... .......... .......... 79%  173K 8s
 10600K .......... .......... .......... .......... .......... 80%  135K 7s
 10650K .......... .......... .......... .......... .......... 80%  204K 7s
 10700K .......... .......... .......... .......... .......... 80%  159K 7s
 10750K .......... .......... .......... .......... .......... 81%  192K 7s
 10800K .......... .......... .......... .......... .......... 81%  190K 7s
 10850K .......... .......... .......... .......... .......... 82%  150K 7s
 10900K .......... .......... .......... .......... .......... 82%  158K 7s
 10950K .......... .......... .......... .......... .......... 82% 96.4K 7s
 11000K .......... .......... .......... .......... .......... 83% 61.0K 7s
 11050K .......... .......... .......... .......... .......... 83% 55.9K 7s
 11100K .......... .......... .......... .......... .......... 83% 25.0K 7s
 11150K .......... .......... .......... .......... .......... 84% 18.8K 7s
 11200K .......... .......... .......... .......... .......... 84% 41.5K 7s
 11250K .......... .......... .......... .......... .......... 85% 56.2K 7s
 11300K .......... .......... .......... .......... .......... 85% 67.0K 7s
 11350K .......... .......... .......... .......... .......... 85% 52.9K 7s
 11400K .......... .......... .......... .......... .......... 86%  136K 7s
 11450K .......... .......... .......... .......... .......... 86% 95.3K 7s
 11500K .......... .......... .......... .......... .......... 86%  103K 7s
 11550K .......... .......... .......... .......... .......... 87% 59.5K 6s
 11600K .......... .......... .......... .......... .......... 87%  113K 6s
 11650K .......... .......... .......... .......... .......... 88% 58.9K 6s
 11700K .......... .......... .......... .......... .......... 88% 84.2K 6s
 11750K .......... .......... .......... .......... .......... 88% 74.4K 6s
 11800K .......... .......... .......... .......... .......... 89% 85.2K 6s
 11850K .......... .......... .......... .......... .......... 89% 57.9K 6s
 11900K .......... .......... .......... .......... .......... 89% 71.7K 6s
 11950K .......... .......... .......... .......... .......... 90% 80.3K 5s
 12000K .......... .......... .......... .......... .......... 90% 95.4K 5s
 12050K .......... .......... .......... .......... .......... 91%  127K 5s
 12100K .......... .......... .......... .......... .......... 91%  195K 5s
 12150K .......... .......... .......... .......... .......... 91%  152K 5s
 12200K .......... .......... .......... .......... .......... 92%  224K 4s
 12250K .......... .......... .......... .......... .......... 92%  245K 4s
 12300K .......... .......... .......... .......... .......... 92%  265K 4s
 12350K .......... .......... .......... .......... .......... 93%  306K 4s
 12400K .......... .......... .......... .......... .......... 93%  399K 4s
 12450K .......... .......... .......... .......... .......... 94%  306K 3s
 12500K .......... .......... .......... .......... .......... 94%  330K 3s
 12550K .......... .......... .......... .......... .......... 94%  330K 3s
 12600K .......... .......... .......... .......... .......... 95%  404K 3s
 12650K .......... .......... .......... .......... .......... 95%  335K 2s
 12700K .......... .......... .......... .......... .......... 95%  652K 2s
 12750K .......... .......... .......... .......... .......... 96%  392K 2s
 12800K .......... .......... .......... .......... .......... 96%  573K 2s
 12850K .......... .......... .......... .......... .......... 97%  378K 2s
 12900K .......... .......... .......... .......... .......... 97%  848K 1s
 12950K .......... .......... .......... .......... .......... 97%  733K 1s
 13000K .......... .......... .......... .......... .......... 98%  358K 1s
 13050K .......... .......... .......... .......... .......... 98%  771K 1s
 13100K .......... .......... .......... .......... .......... 98%  402K 1s
 13150K .......... .......... .......... .......... .......... 99%  703K 0s
 13200K .......... .......... .......... .......... .......... 99%  451K 0s
 13250K .......... .......... .......... ...                  100%  694K=54s

2013-07-10 15:58:14 (245 KB/s) - `/tmp/src/llvm-3.3.src.tar.gz' saved [13602421/13602421]

