A    /tmp/src/mingw-w64-headers/direct-x
A    /tmp/src/mingw-w64-headers/direct-x/include
A    /tmp/src/mingw-w64-headers/direct-x/include/qnetwork.idl
A    /tmp/src/mingw-w64-headers/direct-x/include/d3d10.idl
A    /tmp/src/mingw-w64-headers/direct-x/include/d3d11.idl
A    /tmp/src/mingw-w64-headers/direct-x/include/d3dx9anim.h
A    /tmp/src/mingw-w64-headers/direct-x/include/dplay8.h
A    /tmp/src/mingw-w64-headers/direct-x/include/ddraw.h
A    /tmp/src/mingw-w64-headers/direct-x/include/d3d8.h
A    /tmp/src/mingw-w64-headers/direct-x/include/d3d10shader.h
A    /tmp/src/mingw-w64-headers/direct-x/include/d3d11shader.h
A    /tmp/src/mingw-w64-headers/direct-x/include/d3dvec.inl
A    /tmp/src/mingw-w64-headers/direct-x/include/dxgiformat.h
A    /tmp/src/mingw-w64-headers/direct-x/include/d3dcompiler.h
A    /tmp/src/mingw-w64-headers/direct-x/include/d3dx9mesh.h
A    /tmp/src/mingw-w64-headers/direct-x/include/d3dx9xof.h
A    /tmp/src/mingw-w64-headers/direct-x/include/dplay.h
A    /tmp/src/mingw-w64-headers/direct-x/include/d3drm.h
A    /tmp/src/mingw-w64-headers/direct-x/include/d3d9caps.h
A    /tmp/src/mingw-w64-headers/direct-x/include/dxerr8.h
A    /tmp/src/mingw-w64-headers/direct-x/include/errors.h
A    /tmp/src/mingw-w64-headers/direct-x/include/dmoreg.h
A    /tmp/src/mingw-w64-headers/direct-x/include/dvdmedia.h
A    /tmp/src/mingw-w64-headers/direct-x/include/amaudio.h
A    /tmp/src/mingw-w64-headers/direct-x/include/dmodshow.h
A    /tmp/src/mingw-w64-headers/direct-x/include/edevdefs.h
A    /tmp/src/mingw-w64-headers/direct-x/include/d3d10misc.h
A    /tmp/src/mingw-w64-headers/direct-x/include/dmusicc.h
A    /tmp/src/mingw-w64-headers/direct-x/include/d3d10effect.h
A    /tmp/src/mingw-w64-headers/direct-x/include/d3dx9.h
A    /tmp/src/mingw-w64-headers/direct-x/include/dplobby.h
A    /tmp/src/mingw-w64-headers/direct-x/include/mediaobj.idl
A    /tmp/src/mingw-w64-headers/direct-x/include/dmusici.h
A    /tmp/src/mingw-w64-headers/direct-x/include/vmr9.h
A    /tmp/src/mingw-w64-headers/direct-x/include/d3dhal.h
A    /tmp/src/mingw-w64-headers/direct-x/include/ddstream.h
A    /tmp/src/mingw-w64-headers/direct-x/include/dls1.h
A    /tmp/src/mingw-w64-headers/direct-x/include/d3dx9core.h
A    /tmp/src/mingw-w64-headers/direct-x/include/amvideo.idl
A    /tmp/src/mingw-w64-headers/direct-x/include/qedit.h
A    /tmp/src/mingw-w64-headers/direct-x/include/dmusics.h
A    /tmp/src/mingw-w64-headers/direct-x/include/qnetwork.h
A    /tmp/src/mingw-w64-headers/direct-x/include/dpnathlp.h
A    /tmp/src/mingw-w64-headers/direct-x/include/dsconf.h
A    /tmp/src/mingw-w64-headers/direct-x/include/d3d11.h
A    /tmp/src/mingw-w64-headers/direct-x/include/d3dx9shape.h
A    /tmp/src/mingw-w64-headers/direct-x/include/vmr9.idl
A    /tmp/src/mingw-w64-headers/direct-x/include/sdks
A    /tmp/src/mingw-w64-headers/direct-x/include/dmo.h
A    /tmp/src/mingw-w64-headers/direct-x/include/dmplugin.h
A    /tmp/src/mingw-w64-headers/direct-x/include/d3dcaps.h
A    /tmp/src/mingw-w64-headers/direct-x/include/dsdriver.h
A    /tmp/src/mingw-w64-headers/direct-x/include/d3dx9shader.h
A    /tmp/src/mingw-w64-headers/direct-x/include/dshow.h
A    /tmp/src/mingw-w64-headers/direct-x/include/ddstream.idl
A    /tmp/src/mingw-w64-headers/direct-x/include/d3d9types.h
A    /tmp/src/mingw-w64-headers/direct-x/include/dsound.h
A    /tmp/src/mingw-w64-headers/direct-x/include/dvdevcod.h
A    /tmp/src/mingw-w64-headers/direct-x/include/d3dtypes.h
A    /tmp/src/mingw-w64-headers/direct-x/include/d3dx9math.inl
A    /tmp/src/mingw-w64-headers/direct-x/include/d3d9.h
A    /tmp/src/mingw-w64-headers/direct-x/include/dinput.h
A    /tmp/src/mingw-w64-headers/direct-x/include/dmdls.h
A    /tmp/src/mingw-w64-headers/direct-x/include/d3drmobj.h
A    /tmp/src/mingw-w64-headers/direct-x/include/evcode.h
A    /tmp/src/mingw-w64-headers/direct-x/include/medparam.idl
A    /tmp/src/mingw-w64-headers/direct-x/include/d3dx9effect.h
A    /tmp/src/mingw-w64-headers/direct-x/include/amstream.h
A    /tmp/src/mingw-w64-headers/direct-x/include/d3d8caps.h
A    /tmp/src/mingw-w64-headers/direct-x/include/dmerror.h
A    /tmp/src/mingw-w64-headers/direct-x/include/mediaobj.h
A    /tmp/src/mingw-w64-headers/direct-x/include/dmusbuff.h
A    /tmp/src/mingw-w64-headers/direct-x/include/dxfile.h
A    /tmp/src/mingw-w64-headers/direct-x/include/d3dx9tex.h
A    /tmp/src/mingw-w64-headers/direct-x/include/dxerr9.h
A    /tmp/src/mingw-w64-headers/direct-x/include/austream.h
A    /tmp/src/mingw-w64-headers/direct-x/include/d3dcommon.h
A    /tmp/src/mingw-w64-headers/direct-x/include/dplobby8.h
A    /tmp/src/mingw-w64-headers/direct-x/include/amvideo.h
A    /tmp/src/mingw-w64-headers/direct-x/include/dmort.h
A    /tmp/src/mingw-w64-headers/direct-x/include/mmstream.h
A    /tmp/src/mingw-w64-headers/direct-x/include/d3d8types.h
A    /tmp/src/mingw-w64-headers/direct-x/include/xinput.h
A    /tmp/src/mingw-w64-headers/direct-x/include/d3drmdef.h
A    /tmp/src/mingw-w64-headers/direct-x/include/mediaerr.h
A    /tmp/src/mingw-w64-headers/direct-x/include/audevcod.h
A    /tmp/src/mingw-w64-headers/direct-x/include/amstream.idl
A    /tmp/src/mingw-w64-headers/direct-x/include/dmusicf.h
A    /tmp/src/mingw-w64-headers/direct-x/include/d3d10_1.h
A    /tmp/src/mingw-w64-headers/direct-x/include/dxgi.h
A    /tmp/src/mingw-w64-headers/direct-x/include/vfwmsgs.h
A    /tmp/src/mingw-w64-headers/direct-x/include/dxgitype.h
A    /tmp/src/mingw-w64-headers/direct-x/include/dpaddr.h
A    /tmp/src/mingw-w64-headers/direct-x/include/dxdiag.h
A    /tmp/src/mingw-w64-headers/direct-x/include/austream.idl
A    /tmp/src/mingw-w64-headers/direct-x/include/dls2.h
A    /tmp/src/mingw-w64-headers/direct-x/include/d3dcommon.idl
A    /tmp/src/mingw-w64-headers/direct-x/include/dmodshow.idl
A    /tmp/src/mingw-w64-headers/direct-x/include/d3dx9math.h
A    /tmp/src/mingw-w64-headers/direct-x/include/mmstream.idl
A    /tmp/src/mingw-w64-headers/direct-x/include/ddrawi.h
A    /tmp/src/mingw-w64-headers/direct-x/include/d3d.h
A    /tmp/src/mingw-w64-headers/direct-x/include/d3d10.h
A    /tmp/src/mingw-w64-headers/direct-x/include/_mingw_dxhelper.h
A    /tmp/src/mingw-w64-headers/direct-x/include/d3d10_1.idl
A    /tmp/src/mingw-w64-headers/direct-x/include/dxgi.idl
A    /tmp/src/mingw-w64-headers/direct-x/include/d3d10_1shader.h
A    /tmp/src/mingw-w64-headers/direct-x/include/medparam.h
A    /tmp/src/mingw-w64-headers/direct-x/include/qedit.idl
A    /tmp/src/mingw-w64-headers/direct-x/ChangeLog
A    /tmp/src/mingw-w64-headers/direct-x/ChangeLog.2010
A    /tmp/src/mingw-w64-headers/direct-x/ChangeLog.2011
A    /tmp/src/mingw-w64-headers/direct-x/ChangeLog.2012
A    /tmp/src/mingw-w64-headers/direct-x/readme.txt
A    /tmp/src/mingw-w64-headers/direct-x/COPYING.LIB
A    /tmp/src/mingw-w64-headers/ChangeLog.2009
A    /tmp/src/mingw-w64-headers/configure
A    /tmp/src/mingw-w64-headers/Makefile.in
A    /tmp/src/mingw-w64-headers/include
A    /tmp/src/mingw-w64-headers/include/dskquota.h
A    /tmp/src/mingw-w64-headers/include/evntcons.h
A    /tmp/src/mingw-w64-headers/include/olectlid.h
A    /tmp/src/mingw-w64-headers/include/ntddstor.h
A    /tmp/src/mingw-w64-headers/include/mpeg2psiparser.h
A    /tmp/src/mingw-w64-headers/include/htiface.h
A    /tmp/src/mingw-w64-headers/include/mdmsg.h
A    /tmp/src/mingw-w64-headers/include/isguids.h
A    /tmp/src/mingw-w64-headers/include/security.h
A    /tmp/src/mingw-w64-headers/include/knownfolders.h
A    /tmp/src/mingw-w64-headers/include/objsel.h
A    /tmp/src/mingw-w64-headers/include/optary.h
A    /tmp/src/mingw-w64-headers/include/transact.h
A    /tmp/src/mingw-w64-headers/include/audiopolicy.h
A    /tmp/src/mingw-w64-headers/include/sdkddkver.h
A    /tmp/src/mingw-w64-headers/include/lmsvc.h
A    /tmp/src/mingw-w64-headers/include/ws2spi.h
A    /tmp/src/mingw-w64-headers/include/uuids.h
A    /tmp/src/mingw-w64-headers/include/setupapi.h
A    /tmp/src/mingw-w64-headers/include/d2d1helper.h
A    /tmp/src/mingw-w64-headers/include/ipxtfflt.h
A    /tmp/src/mingw-w64-headers/include/multimon.h
A    /tmp/src/mingw-w64-headers/include/mddefw.h
A    /tmp/src/mingw-w64-headers/include/pshpack2.h
A    /tmp/src/mingw-w64-headers/include/ipxrip.h
A    /tmp/src/mingw-w64-headers/include/wsnwlink.h
A    /tmp/src/mingw-w64-headers/include/slpublic.h
A    /tmp/src/mingw-w64-headers/include/ifdef.h
A    /tmp/src/mingw-w64-headers/include/sspguid.h
A    /tmp/src/mingw-w64-headers/include/imm.h
A    /tmp/src/mingw-w64-headers/include/lpmapi.h
A    /tmp/src/mingw-w64-headers/include/functiondiscoverycategories.h
A    /tmp/src/mingw-w64-headers/include/mspenum.h
A    /tmp/src/mingw-w64-headers/include/ddrawgdi.h
A    /tmp/src/mingw-w64-headers/include/lmstats.h
A    /tmp/src/mingw-w64-headers/include/mprapi.h
A    /tmp/src/mingw-w64-headers/include/vcr.h
A    /tmp/src/mingw-w64-headers/include/fwpmtypes.h
A    /tmp/src/mingw-w64-headers/include/prnasnot.h
A    /tmp/src/mingw-w64-headers/include/callobj.h
A    /tmp/src/mingw-w64-headers/include/ocidl.idl
A    /tmp/src/mingw-w64-headers/include/winevt.h
A    /tmp/src/mingw-w64-headers/include/iads.h
A    /tmp/src/mingw-w64-headers/include/audioapotypes.h
A    /tmp/src/mingw-w64-headers/include/msimcntl.h
A    /tmp/src/mingw-w64-headers/include/prnsetup.dlg
A    /tmp/src/mingw-w64-headers/include/httpext.h
A    /tmp/src/mingw-w64-headers/include/iadmw.h
A    /tmp/src/mingw-w64-headers/include/nb30.h
A    /tmp/src/mingw-w64-headers/include/ntdsapi.h
A    /tmp/src/mingw-w64-headers/include/ntsecapi.h
A    /tmp/src/mingw-w64-headers/include/xa.h
A    /tmp/src/mingw-w64-headers/include/dbdaoint.h
A    /tmp/src/mingw-w64-headers/include/ntstatus.h
A    /tmp/src/mingw-w64-headers/include/certsrv.h
A    /tmp/src/mingw-w64-headers/include/batclass.h
A    /tmp/src/mingw-w64-headers/include/dhcpv6csdk.h
A    /tmp/src/mingw-w64-headers/include/inetsdk.h
A    /tmp/src/mingw-w64-headers/include/vsadmin.h
A    /tmp/src/mingw-w64-headers/include/scardmgr.h
A    /tmp/src/mingw-w64-headers/include/windns.h
A    /tmp/src/mingw-w64-headers/include/poclass.h
A    /tmp/src/mingw-w64-headers/include/msimcsdk.h
A    /tmp/src/mingw-w64-headers/include/usb100.h
A    /tmp/src/mingw-w64-headers/include/commoncontrols.h
A    /tmp/src/mingw-w64-headers/include/verinfo.ver
A    /tmp/src/mingw-w64-headers/include/traffic.h
A    /tmp/src/mingw-w64-headers/include/azroles.h
A    /tmp/src/mingw-w64-headers/include/wbemads.h
A    /tmp/src/mingw-w64-headers/include/mapioid.h
A    /tmp/src/mingw-w64-headers/include/minmax.h
A    /tmp/src/mingw-w64-headers/include/wabnot.h
A    /tmp/src/mingw-w64-headers/include/wsdhost.h
A    /tmp/src/mingw-w64-headers/include/winusbio.h
A    /tmp/src/mingw-w64-headers/include/ntdsbcli.h
A    /tmp/src/mingw-w64-headers/include/axcore.idl
A    /tmp/src/mingw-w64-headers/include/storage.h
A    /tmp/src/mingw-w64-headers/include/accctrl.h
A    /tmp/src/mingw-w64-headers/include/comutil.h
A    /tmp/src/mingw-w64-headers/include/pshpack4.h
A    /tmp/src/mingw-w64-headers/include/cluscfgserver.h
A    /tmp/src/mingw-w64-headers/include/msiquery.h
A    /tmp/src/mingw-w64-headers/include/audioclient.idl
A    /tmp/src/mingw-w64-headers/include/dmksctrl.h
A    /tmp/src/mingw-w64-headers/include/filter.h
A    /tmp/src/mingw-w64-headers/include/avifmt.h
A    /tmp/src/mingw-w64-headers/include/ctfutb.h
A    /tmp/src/mingw-w64-headers/include/davclnt.h
A    /tmp/src/mingw-w64-headers/include/poppack.h
A    /tmp/src/mingw-w64-headers/include/uiautomationclient.idl
A    /tmp/src/mingw-w64-headers/include/mftransform.h
A    /tmp/src/mingw-w64-headers/include/dxva2api.idl
A    /tmp/src/mingw-w64-headers/include/ntdef.h
A    /tmp/src/mingw-w64-headers/include/usbdi.h
A    /tmp/src/mingw-w64-headers/include/netioapi.h
A    /tmp/src/mingw-w64-headers/include/msado15.h
A    /tmp/src/mingw-w64-headers/include/msterr.h
A    /tmp/src/mingw-w64-headers/include/esent.h
A    /tmp/src/mingw-w64-headers/include/restartmanager.h
A    /tmp/src/mingw-w64-headers/include/rkeysvcc.h
A    /tmp/src/mingw-w64-headers/include/d2d1effects.h
A    /tmp/src/mingw-w64-headers/include/vds.h
A    /tmp/src/mingw-w64-headers/include/smtpguid.h
A    /tmp/src/mingw-w64-headers/include/shobjidl.h
A    /tmp/src/mingw-w64-headers/include/oledberr.h
A    /tmp/src/mingw-w64-headers/include/htiframe.h
A    /tmp/src/mingw-w64-headers/include/lmaudit.h
A    /tmp/src/mingw-w64-headers/include/lmremutl.h
A    /tmp/src/mingw-w64-headers/include/oleauto.h
A    /tmp/src/mingw-w64-headers/include/termmgr.h
A    /tmp/src/mingw-w64-headers/include/lmmsg.h
A    /tmp/src/mingw-w64-headers/include/dtchelp.h
A    /tmp/src/mingw-w64-headers/include/adomd.h
A    /tmp/src/mingw-w64-headers/include/sensorsapi.h
A    /tmp/src/mingw-w64-headers/include/winioctl.h
A    /tmp/src/mingw-w64-headers/include/cryptuiapi.h
A    /tmp/src/mingw-w64-headers/include/ntddcdvd.h
A    /tmp/src/mingw-w64-headers/include/wlanapi.h
A    /tmp/src/mingw-w64-headers/include/hliface.h
A    /tmp/src/mingw-w64-headers/include/msdaipp.h
A    /tmp/src/mingw-w64-headers/include/lmapibuf.h
A    /tmp/src/mingw-w64-headers/include/netmon.h
A    /tmp/src/mingw-w64-headers/include/napprotocol.h
A    /tmp/src/mingw-w64-headers/include/cluadmex.h
A    /tmp/src/mingw-w64-headers/include/qosname.h
A    /tmp/src/mingw-w64-headers/include/svcguid.h
A    /tmp/src/mingw-w64-headers/include/sensevts.h
A    /tmp/src/mingw-w64-headers/include/usb200.h
A    /tmp/src/mingw-w64-headers/include/devicetopology.idl
A    /tmp/src/mingw-w64-headers/include/winsafer.h
A    /tmp/src/mingw-w64-headers/include/wsddisco.h
A    /tmp/src/mingw-w64-headers/include/tdh.h
A    /tmp/src/mingw-w64-headers/include/wbemtran.h
A    /tmp/src/mingw-w64-headers/include/structuredquerycondition.idl
A    /tmp/src/mingw-w64-headers/include/rrascfg.h
A    /tmp/src/mingw-w64-headers/include/basetyps.h
A    /tmp/src/mingw-w64-headers/include/scrptids.h
A    /tmp/src/mingw-w64-headers/include/mlang.h
A    /tmp/src/mingw-w64-headers/include/ehstorapi.h
A    /tmp/src/mingw-w64-headers/include/custcntl.h
A    /tmp/src/mingw-w64-headers/include/ChangeLog
A    /tmp/src/mingw-w64-headers/include/mapidbg.h
A    /tmp/src/mingw-w64-headers/include/msdaosp.h
A    /tmp/src/mingw-w64-headers/include/guiddef.h
A    /tmp/src/mingw-w64-headers/include/mshtmlc.h
A    /tmp/src/mingw-w64-headers/include/oleacc.idl
A    /tmp/src/mingw-w64-headers/include/rpcnsip.h
A    /tmp/src/mingw-w64-headers/include/schemadef.h
A    /tmp/src/mingw-w64-headers/include/adsnms.h
A    /tmp/src/mingw-w64-headers/include/ipsectypes.h
A    /tmp/src/mingw-w64-headers/include/oaidl.h
A    /tmp/src/mingw-w64-headers/include/kcom.h
A    /tmp/src/mingw-w64-headers/include/tapi.h
A    /tmp/src/mingw-w64-headers/include/wct.h
A    /tmp/src/mingw-w64-headers/include/wdstci.h
A    /tmp/src/mingw-w64-headers/include/xmllite.idl
A    /tmp/src/mingw-w64-headers/include/mapiguid.h
A    /tmp/src/mingw-w64-headers/include/lmserver.h
A    /tmp/src/mingw-w64-headers/include/msp.h
A    /tmp/src/mingw-w64-headers/include/prsht.h
A    /tmp/src/mingw-w64-headers/include/isysmon.h
A    /tmp/src/mingw-w64-headers/include/activation.h
A    /tmp/src/mingw-w64-headers/include/wpftpmsg.h
A    /tmp/src/mingw-w64-headers/include/ntddvdeo.h
A    /tmp/src/mingw-w64-headers/include/msrdc.h
A    /tmp/src/mingw-w64-headers/include/objsafe.h
A    /tmp/src/mingw-w64-headers/include/msdasc.h
A    /tmp/src/mingw-w64-headers/include/winspool.h
A    /tmp/src/mingw-w64-headers/include/certif.h
A    /tmp/src/mingw-w64-headers/include/iiisext.h
A    /tmp/src/mingw-w64-headers/include/rpcdcep.h
A    /tmp/src/mingw-w64-headers/include/msxml.idl
A    /tmp/src/mingw-w64-headers/include/icmpapi.h
A    /tmp/src/mingw-w64-headers/include/pbt.h
A    /tmp/src/mingw-w64-headers/include/icftypes.h
A    /tmp/src/mingw-w64-headers/include/datapath.h
A    /tmp/src/mingw-w64-headers/include/scesvc.h
A    /tmp/src/mingw-w64-headers/include/devguid.h
A    /tmp/src/mingw-w64-headers/include/dhcpsapi.h
A    /tmp/src/mingw-w64-headers/include/devpropdef.h
A    /tmp/src/mingw-w64-headers/include/rpcnterr.h
A    /tmp/src/mingw-w64-headers/include/audioclient.h
A    /tmp/src/mingw-w64-headers/include/msdasql.h
A    /tmp/src/mingw-w64-headers/include/mshtml.h
A    /tmp/src/mingw-w64-headers/include/adoctint.h
A    /tmp/src/mingw-w64-headers/include/windot11.h
A    /tmp/src/mingw-w64-headers/include/inputscope.idl
A    /tmp/src/mingw-w64-headers/include/ntddkbd.h
A    /tmp/src/mingw-w64-headers/include/srv.h
A    /tmp/src/mingw-w64-headers/include/GL
A    /tmp/src/mingw-w64-headers/include/GL/wglext.h
A    /tmp/src/mingw-w64-headers/include/GL/glxext.h
A    /tmp/src/mingw-w64-headers/include/GL/glaux.h
A    /tmp/src/mingw-w64-headers/include/GL/glcorearb.h
A    /tmp/src/mingw-w64-headers/include/GL/gl.h
A    /tmp/src/mingw-w64-headers/include/GL/glext.h
A    /tmp/src/mingw-w64-headers/include/GL/glu.h
A    /tmp/src/mingw-w64-headers/include/rasdlg.h
A    /tmp/src/mingw-w64-headers/include/wsdxmldom.h
A    /tmp/src/mingw-w64-headers/include/cryptxml.h
A    /tmp/src/mingw-w64-headers/include/winstring.h
A    /tmp/src/mingw-w64-headers/include/ntddbeep.h
A    /tmp/src/mingw-w64-headers/include/wpapimsg.h
A    /tmp/src/mingw-w64-headers/include/usbuser.h
A    /tmp/src/mingw-w64-headers/include/pgobootrun.h
A    /tmp/src/mingw-w64-headers/include/winsatcominterfacei.h
A    /tmp/src/mingw-w64-headers/include/dispatch.h
A    /tmp/src/mingw-w64-headers/include/ole2.h
A    /tmp/src/mingw-w64-headers/include/msxml2did.h
A    /tmp/src/mingw-w64-headers/include/adptif.h
A    /tmp/src/mingw-w64-headers/include/shdispid.h
A    /tmp/src/mingw-w64-headers/include/iaccess.h
A    /tmp/src/mingw-w64-headers/include/dbgautoattach.h
A    /tmp/src/mingw-w64-headers/include/ntdd1394.h
A    /tmp/src/mingw-w64-headers/include/mtsadmin.h
A    /tmp/src/mingw-w64-headers/include/ws2atm.h
A    /tmp/src/mingw-w64-headers/include/ntsecpkg.h
A    /tmp/src/mingw-w64-headers/include/fsrmquota.h
A    /tmp/src/mingw-w64-headers/include/qos2.h
A    /tmp/src/mingw-w64-headers/include/msidefs.h
A    /tmp/src/mingw-w64-headers/include/iptypes.h
A    /tmp/src/mingw-w64-headers/include/tlhelp32.h
A    /tmp/src/mingw-w64-headers/include/initoid.h
A    /tmp/src/mingw-w64-headers/include/wiadef.h
A    /tmp/src/mingw-w64-headers/include/mdcommsg.h
A    /tmp/src/mingw-w64-headers/include/newapis.h
A    /tmp/src/mingw-w64-headers/include/npapi.h
A    /tmp/src/mingw-w64-headers/include/msstkppg.h
A    /tmp/src/mingw-w64-headers/include/ioevent.h
A    /tmp/src/mingw-w64-headers/include/mferror.h
A    /tmp/src/mingw-w64-headers/include/wsdxml.h
A    /tmp/src/mingw-w64-headers/include/sspi.h
A    /tmp/src/mingw-w64-headers/include/pshpack8.h
A    /tmp/src/mingw-w64-headers/include/shlobj.h
A    /tmp/src/mingw-w64-headers/include/ras.h
A    /tmp/src/mingw-w64-headers/include/usb.h
A    /tmp/src/mingw-w64-headers/include/dhtmliid.h
A    /tmp/src/mingw-w64-headers/include/penwin.h
A    /tmp/src/mingw-w64-headers/include/rdpencomapi.h
A    /tmp/src/mingw-w64-headers/include/msdshape.h
A    /tmp/src/mingw-w64-headers/include/eaphostpeertypes.h
A    /tmp/src/mingw-w64-headers/include/appmgmt.h
A    /tmp/src/mingw-w64-headers/include/devpkey.h
A    /tmp/src/mingw-w64-headers/include/ctfutb.idl
A    /tmp/src/mingw-w64-headers/include/exdispid.h
A    /tmp/src/mingw-w64-headers/include/wbemdisp.h
A    /tmp/src/mingw-w64-headers/include/windef.h
A    /tmp/src/mingw-w64-headers/include/atsmedia.h
A    /tmp/src/mingw-w64-headers/include/tapi3if.h
A    /tmp/src/mingw-w64-headers/include/fci.h
A    /tmp/src/mingw-w64-headers/include/indexsrv.h
A    /tmp/src/mingw-w64-headers/include/comip.h
A    /tmp/src/mingw-w64-headers/include/certreqd.h
A    /tmp/src/mingw-w64-headers/include/ntddvol.h
A    /tmp/src/mingw-w64-headers/include/wcmconfig.h
A    /tmp/src/mingw-w64-headers/include/winsock.h
A    /tmp/src/mingw-w64-headers/include/adhoc.h
A    /tmp/src/mingw-w64-headers/include/i_cryptasn1tls.h
A    /tmp/src/mingw-w64-headers/include/wincrypt.h
A    /tmp/src/mingw-w64-headers/include/mtxadmin.h
A    /tmp/src/mingw-w64-headers/include/ntldap.h
A    /tmp/src/mingw-w64-headers/include/profinfo.h
A    /tmp/src/mingw-w64-headers/include/windowsx.h
A    /tmp/src/mingw-w64-headers/include/mapidefs.h
A    /tmp/src/mingw-w64-headers/include/shdeprecated.h
A    /tmp/src/mingw-w64-headers/include/wfext.h
A    /tmp/src/mingw-w64-headers/include/admex.h
A    /tmp/src/mingw-w64-headers/include/msxml.h
A    /tmp/src/mingw-w64-headers/include/domdid.h
A    /tmp/src/mingw-w64-headers/include/svrapi.h
A    /tmp/src/mingw-w64-headers/include/findtext.dlg
A    /tmp/src/mingw-w64-headers/include/dpfilter.h
A    /tmp/src/mingw-w64-headers/include/bdatypes.h
A    /tmp/src/mingw-w64-headers/include/clfsmgmt.h
A    /tmp/src/mingw-w64-headers/include/tcerror.h
A    /tmp/src/mingw-w64-headers/include/mapicode.h
A    /tmp/src/mingw-w64-headers/include/wbemcli.h
A    /tmp/src/mingw-w64-headers/include/lmwksta.h
A    /tmp/src/mingw-w64-headers/include/msdrm.h
A    /tmp/src/mingw-w64-headers/include/font.dlg
A    /tmp/src/mingw-w64-headers/include/wsnetbs.h
A    /tmp/src/mingw-w64-headers/include/triedcid.h
A    /tmp/src/mingw-w64-headers/include/windows.h
A    /tmp/src/mingw-w64-headers/include/nspapi.h
A    /tmp/src/mingw-w64-headers/include/dwrite.h
A    /tmp/src/mingw-w64-headers/include/simpdata.h
A    /tmp/src/mingw-w64-headers/include/rpcssl.h
A    /tmp/src/mingw-w64-headers/include/_dbdao.h
A    /tmp/src/mingw-w64-headers/include/functiondiscoverykeys.h
A    /tmp/src/mingw-w64-headers/include/wdspxe.h
A    /tmp/src/mingw-w64-headers/include/wsipx.h
A    /tmp/src/mingw-w64-headers/include/mfobjects.h
A    /tmp/src/mingw-w64-headers/include/wininet.h
A    /tmp/src/mingw-w64-headers/include/uiautomationclient.h
A    /tmp/src/mingw-w64-headers/include/xmltrnsf.h
A    /tmp/src/mingw-w64-headers/include/winddi.h
A    /tmp/src/mingw-w64-headers/include/ncrypt.h
A    /tmp/src/mingw-w64-headers/include/rtcapi.h
A    /tmp/src/mingw-w64-headers/include/pdhmsg.h
A    /tmp/src/mingw-w64-headers/include/scarddat.h
A    /tmp/src/mingw-w64-headers/include/icmui.dlg
A    /tmp/src/mingw-w64-headers/include/sipbase.h
A    /tmp/src/mingw-w64-headers/include/adc.h
A    /tmp/src/mingw-w64-headers/include/tpcshrd.idl
A    /tmp/src/mingw-w64-headers/include/netevent.h
A    /tmp/src/mingw-w64-headers/include/lmsname.h
A    /tmp/src/mingw-w64-headers/include/cdosysstr.h
A    /tmp/src/mingw-w64-headers/include/hidpi.h
A    /tmp/src/mingw-w64-headers/include/iiis.h
A    /tmp/src/mingw-w64-headers/include/rtinfo.h
A    /tmp/src/mingw-w64-headers/include/cscobj.h
A    /tmp/src/mingw-w64-headers/include/hidsdi.h
A    /tmp/src/mingw-w64-headers/include/mspst.h
A    /tmp/src/mingw-w64-headers/include/propkeydef.h
A    /tmp/src/mingw-w64-headers/include/mprerror.h
A    /tmp/src/mingw-w64-headers/include/tspi.h
A    /tmp/src/mingw-w64-headers/include/sqlext.h
A    /tmp/src/mingw-w64-headers/include/ftsiface.h
A    /tmp/src/mingw-w64-headers/include/sddl.h
A    /tmp/src/mingw-w64-headers/include/mxdc.h
A    /tmp/src/mingw-w64-headers/include/wtypes.h
A    /tmp/src/mingw-w64-headers/include/winsock2.h
A    /tmp/src/mingw-w64-headers/include/adssts.h
A    /tmp/src/mingw-w64-headers/include/fwptypes.idl
A    /tmp/src/mingw-w64-headers/include/filterr.h
A    /tmp/src/mingw-w64-headers/include/ws2tcpip.h
A    /tmp/src/mingw-w64-headers/include/activscp.h
A    /tmp/src/mingw-w64-headers/include/dsgetdc.h
A    /tmp/src/mingw-w64-headers/include/cdosyserr.h
A    /tmp/src/mingw-w64-headers/include/dwmapi.h
A    /tmp/src/mingw-w64-headers/include/xenroll.h
A    /tmp/src/mingw-w64-headers/include/propvarutil.h
A    /tmp/src/mingw-w64-headers/include/storprop.h
A    /tmp/src/mingw-w64-headers/include/ocidl.h
A    /tmp/src/mingw-w64-headers/include/winsnmp.h
A    /tmp/src/mingw-w64-headers/include/dciman.h
A    /tmp/src/mingw-w64-headers/include/sql.h
A    /tmp/src/mingw-w64-headers/include/mergemod.h
A    /tmp/src/mingw-w64-headers/include/timeprov.h
A    /tmp/src/mingw-w64-headers/include/rasshost.h
A    /tmp/src/mingw-w64-headers/include/iphlpapi.h
A    /tmp/src/mingw-w64-headers/include/ndrtypes.h
A    /tmp/src/mingw-w64-headers/include/wabdefs.h
A    /tmp/src/mingw-w64-headers/include/vss.h
A    /tmp/src/mingw-w64-headers/include/urlhist.idl
A    /tmp/src/mingw-w64-headers/include/simpdc.h
A    /tmp/src/mingw-w64-headers/include/cdoexm.h
A    /tmp/src/mingw-w64-headers/include/http.h
A    /tmp/src/mingw-w64-headers/include/correg.h
A    /tmp/src/mingw-w64-headers/include/ws2dnet.h
A    /tmp/src/mingw-w64-headers/include/nsemail.h
A    /tmp/src/mingw-w64-headers/include/naperror.h
A    /tmp/src/mingw-w64-headers/include/error.h
A    /tmp/src/mingw-w64-headers/include/mfreadwrite.idl
A    /tmp/src/mingw-w64-headers/include/mscoree.h
A    /tmp/src/mingw-w64-headers/include/downloadmgr.idl
A    /tmp/src/mingw-w64-headers/include/sspserr.h
A    /tmp/src/mingw-w64-headers/include/vfw.h
A    /tmp/src/mingw-w64-headers/include/wabcode.h
A    /tmp/src/mingw-w64-headers/include/ntgdi.h
A    /tmp/src/mingw-w64-headers/include/mapiwz.h
A    /tmp/src/mingw-w64-headers/include/ntddscsi.h
A    /tmp/src/mingw-w64-headers/include/mailmsgprops.h
A    /tmp/src/mingw-w64-headers/include/wia.h
A    /tmp/src/mingw-w64-headers/include/wsvns.h
A    /tmp/src/mingw-w64-headers/include/lmerrlog.h
A    /tmp/src/mingw-w64-headers/include/objidl.idl
A    /tmp/src/mingw-w64-headers/include/msacmdlg.h
A    /tmp/src/mingw-w64-headers/include/certview.h
A    /tmp/src/mingw-w64-headers/include/windowsx.h16
A    /tmp/src/mingw-w64-headers/include/devicetopology.h
A    /tmp/src/mingw-w64-headers/include/loadperf.h
A    /tmp/src/mingw-w64-headers/include/mpeg2bits.h
A    /tmp/src/mingw-w64-headers/include/stireg.h
A    /tmp/src/mingw-w64-headers/include/scode.h
A    /tmp/src/mingw-w64-headers/include/color.dlg
A    /tmp/src/mingw-w64-headers/include/msdaguid.h
A    /tmp/src/mingw-w64-headers/include/schnlsp.h
A    /tmp/src/mingw-w64-headers/include/fltwinerror.h
A    /tmp/src/mingw-w64-headers/include/fwptypes.h
A    /tmp/src/mingw-w64-headers/include/gdiplus
A    /tmp/src/mingw-w64-headers/include/gdiplus/gdiplusimpl.h
A    /tmp/src/mingw-w64-headers/include/gdiplus/gdipluscolormatrix.h
A    /tmp/src/mingw-w64-headers/include/gdiplus/gdiplusinit.h
A    /tmp/src/mingw-w64-headers/include/gdiplus/gdiplustypes.h
A    /tmp/src/mingw-w64-headers/include/gdiplus/gdiplusmatrix.h
A    /tmp/src/mingw-w64-headers/include/gdiplus/gdiplusbase.h
A    /tmp/src/mingw-w64-headers/include/gdiplus/gdiplusheaders.h
A    /tmp/src/mingw-w64-headers/include/gdiplus/gdiplusimaging.h
A    /tmp/src/mingw-w64-headers/include/gdiplus/gdipluspixelformats.h
A    /tmp/src/mingw-w64-headers/include/gdiplus/gdiplusmem.h
A    /tmp/src/mingw-w64-headers/include/gdiplus/gdipluscolor.h
A    /tmp/src/mingw-w64-headers/include/gdiplus/gdiplusstringformat.h
A    /tmp/src/mingw-w64-headers/include/gdiplus/gdiplus.h
A    /tmp/src/mingw-w64-headers/include/gdiplus/gdipluseffects.h
A    /tmp/src/mingw-w64-headers/include/gdiplus/gdiplusimagecodec.h
A    /tmp/src/mingw-w64-headers/include/gdiplus/gdipluspen.h
A    /tmp/src/mingw-w64-headers/include/gdiplus/gdiplusbrush.h
A    /tmp/src/mingw-w64-headers/include/gdiplus/gdiplusflat.h
A    /tmp/src/mingw-w64-headers/include/gdiplus/gdiplusmetafile.h
A    /tmp/src/mingw-w64-headers/include/gdiplus/gdiplusgpstubs.h
A    /tmp/src/mingw-w64-headers/include/gdiplus/gdiplusenums.h
A    /tmp/src/mingw-w64-headers/include/gdiplus/gdiplusimageattributes.h
A    /tmp/src/mingw-w64-headers/include/gdiplus/gdipluspath.h
A    /tmp/src/mingw-w64-headers/include/gdiplus/gdipluslinecaps.h
A    /tmp/src/mingw-w64-headers/include/gdiplus/gdiplusmetaheader.h
A    /tmp/src/mingw-w64-headers/include/gdiplus/gdiplusgraphics.h
A    /tmp/src/mingw-w64-headers/include/evntprov.h
A    /tmp/src/mingw-w64-headers/include/mmdeviceapi.h
A    /tmp/src/mingw-w64-headers/include/oledlg.dlg
A    /tmp/src/mingw-w64-headers/include/tapi3cc.h
A    /tmp/src/mingw-w64-headers/include/clfs.h
A    /tmp/src/mingw-w64-headers/include/netlistmgr.h
A    /tmp/src/mingw-w64-headers/include/certbase.h
A    /tmp/src/mingw-w64-headers/include/ipmsp.h
A    /tmp/src/mingw-w64-headers/include/patchwiz.h
A    /tmp/src/mingw-w64-headers/include/mfidl.h
A    /tmp/src/mingw-w64-headers/include/tnef.h
A    /tmp/src/mingw-w64-headers/include/dispex.h
A    /tmp/src/mingw-w64-headers/include/dcommon.h
A    /tmp/src/mingw-w64-headers/include/evr.h
A    /tmp/src/mingw-w64-headers/include/rpcnsi.h
A    /tmp/src/mingw-w64-headers/include/lmconfig.h
A    /tmp/src/mingw-w64-headers/include/sti.h
A    /tmp/src/mingw-w64-headers/include/optary.idl
A    /tmp/src/mingw-w64-headers/include/credssp.h
A    /tmp/src/mingw-w64-headers/include/mmdeviceapi.idl
A    /tmp/src/mingw-w64-headers/include/rtutils.h
A    /tmp/src/mingw-w64-headers/include/bits1_5.h
A    /tmp/src/mingw-w64-headers/include/mqoai.h
A    /tmp/src/mingw-w64-headers/include/mmreg.h
A    /tmp/src/mingw-w64-headers/include/endpointvolume.h
A    /tmp/src/mingw-w64-headers/include/ntiologc.h
A    /tmp/src/mingw-w64-headers/include/af_irda.h
A    /tmp/src/mingw-w64-headers/include/wlantypes.h
A    /tmp/src/mingw-w64-headers/include/objectarray.idl
A    /tmp/src/mingw-w64-headers/include/pchannel.h
A    /tmp/src/mingw-w64-headers/include/ocmm.h
A    /tmp/src/mingw-w64-headers/include/eappapis.h
A    /tmp/src/mingw-w64-headers/include/dxva.h
A    /tmp/src/mingw-w64-headers/include/idf.h
A    /tmp/src/mingw-w64-headers/include/digitalv.h
A    /tmp/src/mingw-w64-headers/include/msptrmar.h
A    /tmp/src/mingw-w64-headers/include/wpcrsmsg.h
A    /tmp/src/mingw-w64-headers/include/oletx2xa.h
A    /tmp/src/mingw-w64-headers/include/msclus.h
A    /tmp/src/mingw-w64-headers/include/winerror.h
A    /tmp/src/mingw-w64-headers/include/oleidl.h
A    /tmp/src/mingw-w64-headers/include/sbe.h
A    /tmp/src/mingw-w64-headers/include/issper16.h
A    /tmp/src/mingw-w64-headers/include/adsdb.h
A    /tmp/src/mingw-w64-headers/include/winnt.rh
A    /tmp/src/mingw-w64-headers/include/wiadevd.h
A    /tmp/src/mingw-w64-headers/include/bdamedia.h
A    /tmp/src/mingw-w64-headers/include/usbcamdi.h
A    /tmp/src/mingw-w64-headers/include/hidusage.h
A    /tmp/src/mingw-w64-headers/include/mapival.h
A    /tmp/src/mingw-w64-headers/include/ntddpar.h
A    /tmp/src/mingw-w64-headers/include/virtdisk.h
A    /tmp/src/mingw-w64-headers/include/neterr.h
A    /tmp/src/mingw-w64-headers/include/lmalert.h
A    /tmp/src/mingw-w64-headers/include/strmif.h
A    /tmp/src/mingw-w64-headers/include/dsclient.h
A    /tmp/src/mingw-w64-headers/include/lmon.h
A    /tmp/src/mingw-w64-headers/include/strsafe.h
A    /tmp/src/mingw-w64-headers/include/ntmsapi.h
A    /tmp/src/mingw-w64-headers/include/vsbackup.h
A    /tmp/src/mingw-w64-headers/include/ntverp.h
A    /tmp/src/mingw-w64-headers/include/dispdib.h
A    /tmp/src/mingw-w64-headers/include/msctfmonitorapi.h
A    /tmp/src/mingw-w64-headers/include/mstcpip.h
A    /tmp/src/mingw-w64-headers/include/mspthrd.h
A    /tmp/src/mingw-w64-headers/include/cmdtree.h
A    /tmp/src/mingw-w64-headers/include/wmcontainer.h
A    /tmp/src/mingw-w64-headers/include/msptrmac.h
A    /tmp/src/mingw-w64-headers/include/mtsevents.h
A    /tmp/src/mingw-w64-headers/include/fltuserstructures.h
A    /tmp/src/mingw-w64-headers/include/bugcodes.h
A    /tmp/src/mingw-w64-headers/include/common.ver
A    /tmp/src/mingw-w64-headers/include/unknown.h
A    /tmp/src/mingw-w64-headers/include/rtcerr.h
A    /tmp/src/mingw-w64-headers/include/fileextd.h
A    /tmp/src/mingw-w64-headers/include/iimgctx.h
A    /tmp/src/mingw-w64-headers/include/qossp.h
A    /tmp/src/mingw-w64-headers/include/odbcinst.h
A    /tmp/src/mingw-w64-headers/include/tapi3ds.h
A    /tmp/src/mingw-w64-headers/include/fsrm.h
A    /tmp/src/mingw-w64-headers/include/mshtmcid.h
A    /tmp/src/mingw-w64-headers/include/dbt.h
A    /tmp/src/mingw-w64-headers/include/d2d1_1helper.h
A    /tmp/src/mingw-w64-headers/include/mapiform.h
A    /tmp/src/mingw-w64-headers/include/ksmedia.h
A    /tmp/src/mingw-w64-headers/include/rpcsal.h
A    /tmp/src/mingw-w64-headers/include/in6addr.h
A    /tmp/src/mingw-w64-headers/include/tapi3err.h
A    /tmp/src/mingw-w64-headers/include/inspectable.h
A    /tmp/src/mingw-w64-headers/include/inetreg.h
A    /tmp/src/mingw-w64-headers/include/mgmtapi.h
A    /tmp/src/mingw-w64-headers/include/dssec.h
A    /tmp/src/mingw-w64-headers/include/rtm.h
A    /tmp/src/mingw-w64-headers/include/commctrl.rh
A    /tmp/src/mingw-w64-headers/include/fusion.h
A    /tmp/src/mingw-w64-headers/include/taskschd.h
A    /tmp/src/mingw-w64-headers/include/delayimp.h
A    /tmp/src/mingw-w64-headers/include/moniker.h
A    /tmp/src/mingw-w64-headers/include/mpeg2data.h
A    /tmp/src/mingw-w64-headers/include/shlwapi.h
A    /tmp/src/mingw-w64-headers/include/agtctl.h
A    /tmp/src/mingw-w64-headers/include/msputils.h
A    /tmp/src/mingw-w64-headers/include/docobj.idl
A    /tmp/src/mingw-w64-headers/include/commdlg.h
A    /tmp/src/mingw-w64-headers/include/devenum.idl
A    /tmp/src/mingw-w64-headers/include/strmif.idl
A    /tmp/src/mingw-w64-headers/include/msoav.h
A    /tmp/src/mingw-w64-headers/include/eapauthenticatortypes.h
A    /tmp/src/mingw-w64-headers/include/mswsock.h
A    /tmp/src/mingw-w64-headers/include/msi.h
A    /tmp/src/mingw-w64-headers/include/mspaddr.h
A    /tmp/src/mingw-w64-headers/include/ieverp.h
A    /tmp/src/mingw-w64-headers/include/usbiodef.h
A    /tmp/src/mingw-w64-headers/include/ipmib.h
A    /tmp/src/mingw-w64-headers/include/polarity.h
A    /tmp/src/mingw-w64-headers/include/ipexport.h
A    /tmp/src/mingw-w64-headers/include/ipifcons.h
A    /tmp/src/mingw-w64-headers/include/winnls32.h
A    /tmp/src/mingw-w64-headers/include/shappmgr.h
A    /tmp/src/mingw-w64-headers/include/mapiutil.h
A    /tmp/src/mingw-w64-headers/include/oledb.h
A    /tmp/src/mingw-w64-headers/include/dbgeng.h
A    /tmp/src/mingw-w64-headers/include/reason.h
A    /tmp/src/mingw-w64-headers/include/eaptypes.h
A    /tmp/src/mingw-w64-headers/include/ws2def.h
A    /tmp/src/mingw-w64-headers/include/secext.h
A    /tmp/src/mingw-w64-headers/include/imessage.h
A    /tmp/src/mingw-w64-headers/include/comdefsp.h
A    /tmp/src/mingw-w64-headers/include/vdmdbg.h
A    /tmp/src/mingw-w64-headers/include/tssbx.h
A    /tmp/src/mingw-w64-headers/include/madcapcl.h
A    /tmp/src/mingw-w64-headers/include/ntddmou.h
A    /tmp/src/mingw-w64-headers/include/textstor.idl
A    /tmp/src/mingw-w64-headers/include/hstring.h
A    /tmp/src/mingw-w64-headers/include/wingdi.h
A    /tmp/src/mingw-w64-headers/include/rpcasync.h
A    /tmp/src/mingw-w64-headers/include/gb18030.h
A    /tmp/src/mingw-w64-headers/include/msdaipper.h
A    /tmp/src/mingw-w64-headers/include/emptyvc.h
A    /tmp/src/mingw-w64-headers/include/nldef.h
A    /tmp/src/mingw-w64-headers/include/persist.h
A    /tmp/src/mingw-w64-headers/include/winuser.h
A    /tmp/src/mingw-w64-headers/include/certmod.h
A    /tmp/src/mingw-w64-headers/include/inaddr.h
A    /tmp/src/mingw-w64-headers/include/sensapi.h
A    /tmp/src/mingw-w64-headers/include/mshtmdid.h
A    /tmp/src/mingw-w64-headers/include/mspcoll.h
A    /tmp/src/mingw-w64-headers/include/wcsplugin.h
A    /tmp/src/mingw-w64-headers/include/mmsystem.h
A    /tmp/src/mingw-w64-headers/include/certadm.h
A    /tmp/src/mingw-w64-headers/include/tcguid.h
A    /tmp/src/mingw-w64-headers/include/unknwn.h
A    /tmp/src/mingw-w64-headers/include/ntdsbmsg.h
A    /tmp/src/mingw-w64-headers/include/ntddft.h
A    /tmp/src/mingw-w64-headers/include/srrestoreptapi.h
A    /tmp/src/mingw-w64-headers/include/winber.h
A    /tmp/src/mingw-w64-headers/include/compobj.h
A    /tmp/src/mingw-w64-headers/include/lmrepl.h
A    /tmp/src/mingw-w64-headers/include/winsxs.h
A    /tmp/src/mingw-w64-headers/include/bthdef.h
A    /tmp/src/mingw-w64-headers/include/stm.h
A    /tmp/src/mingw-w64-headers/include/dvobj.h
A    /tmp/src/mingw-w64-headers/include/winnetwk.h
A    /tmp/src/mingw-w64-headers/include/stierr.h
A    /tmp/src/mingw-w64-headers/include/wab.h
A    /tmp/src/mingw-w64-headers/include/d2d1_1.h
A    /tmp/src/mingw-w64-headers/include/pshpack1.h
A    /tmp/src/mingw-w64-headers/include/initguid.h
A    /tmp/src/mingw-w64-headers/include/urlmon.h
A    /tmp/src/mingw-w64-headers/include/comsvcs.h
A    /tmp/src/mingw-w64-headers/include/vsmgmt.h
A    /tmp/src/mingw-w64-headers/include/apisetcconv.h
A    /tmp/src/mingw-w64-headers/include/uxtheme.h
A    /tmp/src/mingw-w64-headers/include/napmicrosoftvendorids.h
A    /tmp/src/mingw-w64-headers/include/tsuserex.h
A    /tmp/src/mingw-w64-headers/include/textserv.h
A    /tmp/src/mingw-w64-headers/include/ksguid.h
A    /tmp/src/mingw-w64-headers/include/netcon.h
A    /tmp/src/mingw-w64-headers/include/comadmin.h
A    /tmp/src/mingw-w64-headers/include/rend.h
A    /tmp/src/mingw-w64-headers/include/hostinfo.h
A    /tmp/src/mingw-w64-headers/include/propkey.h
A    /tmp/src/mingw-w64-headers/include/ntddtdi.h
A    /tmp/src/mingw-w64-headers/include/smx.h
A    /tmp/src/mingw-w64-headers/include/roapi.h
A    /tmp/src/mingw-w64-headers/include/xcmcext.h
A    /tmp/src/mingw-w64-headers/include/sfc.h
A    /tmp/src/mingw-w64-headers/include/ks.h
A    /tmp/src/mingw-w64-headers/include/downloadmgr.h
A    /tmp/src/mingw-w64-headers/include/aclapi.h
A    /tmp/src/mingw-w64-headers/include/comdef.h
A    /tmp/src/mingw-w64-headers/include/routprot.h
A    /tmp/src/mingw-w64-headers/include/docobj.h
A    /tmp/src/mingw-w64-headers/include/ntddtape.h
A    /tmp/src/mingw-w64-headers/include/dbghelp.h
A    /tmp/src/mingw-w64-headers/include/identitystore.h
A    /tmp/src/mingw-w64-headers/include/wabutil.h
A    /tmp/src/mingw-w64-headers/include/mapix.h
A    /tmp/src/mingw-w64-headers/include/atalkwsh.h
A    /tmp/src/mingw-w64-headers/include/dhtmled.h
A    /tmp/src/mingw-w64-headers/include/ws2ipdef.h
A    /tmp/src/mingw-w64-headers/include/manipulations.h
A    /tmp/src/mingw-w64-headers/include/ipxrtdef.h
A    /tmp/src/mingw-w64-headers/include/ddeml.h
A    /tmp/src/mingw-w64-headers/include/wabiab.h
A    /tmp/src/mingw-w64-headers/include/xmldsodid.h
A    /tmp/src/mingw-w64-headers/include/iprtrmib.h
A    /tmp/src/mingw-w64-headers/include/audioengineendpoint.h
A    /tmp/src/mingw-w64-headers/include/endpointvolume.idl
A    /tmp/src/mingw-w64-headers/include/dde.h
A    /tmp/src/mingw-w64-headers/include/sdperr.h
A    /tmp/src/mingw-w64-headers/include/ia64reg.h
A    /tmp/src/mingw-w64-headers/include/cscapi.h
A    /tmp/src/mingw-w64-headers/include/winternl.h
A    /tmp/src/mingw-w64-headers/include/xcmcmsx2.h
A    /tmp/src/mingw-w64-headers/include/wsdattachment.h
A    /tmp/src/mingw-w64-headers/include/ntddmodm.h
A    /tmp/src/mingw-w64-headers/include/qmgr.h
A    /tmp/src/mingw-w64-headers/include/wmcodecdsp.idl
A    /tmp/src/mingw-w64-headers/include/cchannel.h
A    /tmp/src/mingw-w64-headers/include/pla.h
A    /tmp/src/mingw-w64-headers/include/mq.h
A    /tmp/src/mingw-w64-headers/include/dhcpcsdk.h
A    /tmp/src/mingw-w64-headers/include/lzexpand.h
A    /tmp/src/mingw-w64-headers/include/fsrmreports.h
A    /tmp/src/mingw-w64-headers/include/oleacc.h
A    /tmp/src/mingw-w64-headers/include/ktmw32.h
A    /tmp/src/mingw-w64-headers/include/certexit.h
A    /tmp/src/mingw-w64-headers/include/oleidl.idl
A    /tmp/src/mingw-w64-headers/include/lmshare.h
A    /tmp/src/mingw-w64-headers/include/wincred.h
A    /tmp/src/mingw-w64-headers/include/elscore.h
A    /tmp/src/mingw-w64-headers/include/rtccore.h
A    /tmp/src/mingw-w64-headers/include/tabflicks.h
A    /tmp/src/mingw-w64-headers/include/casetup.h
A    /tmp/src/mingw-w64-headers/include/sdpblb.h
A    /tmp/src/mingw-w64-headers/include/icm.h
A    /tmp/src/mingw-w64-headers/include/sens.h
A    /tmp/src/mingw-w64-headers/include/vdslun.h
A    /tmp/src/mingw-w64-headers/include/wtypes.idl
A    /tmp/src/mingw-w64-headers/include/gpedit.h
A    /tmp/src/mingw-w64-headers/include/sal.h
A    /tmp/src/mingw-w64-headers/include/wpapi.h
A    /tmp/src/mingw-w64-headers/include/eventsys.h
A    /tmp/src/mingw-w64-headers/include/lmuse.h
A    /tmp/src/mingw-w64-headers/include/winsmcrd.h
A    /tmp/src/mingw-w64-headers/include/d2d1effectauthor.h
A    /tmp/src/mingw-w64-headers/include/wpcevent.h
A    /tmp/src/mingw-w64-headers/include/lmcons.h
A    /tmp/src/mingw-w64-headers/include/gpmgmt.h
A    /tmp/src/mingw-w64-headers/include/mfobjects.idl
A    /tmp/src/mingw-w64-headers/include/iketypes.h
A    /tmp/src/mingw-w64-headers/include/winldap.h
A    /tmp/src/mingw-w64-headers/include/smpms.h
A    /tmp/src/mingw-w64-headers/include/avrfsdk.h
A    /tmp/src/mingw-w64-headers/include/ndfapi.h
A    /tmp/src/mingw-w64-headers/include/cdoex.h
A    /tmp/src/mingw-w64-headers/include/activeds.h
A    /tmp/src/mingw-w64-headers/include/mtxattr.h
A    /tmp/src/mingw-w64-headers/include/msctf.h
A    /tmp/src/mingw-w64-headers/include/ntsdexts.h
A    /tmp/src/mingw-w64-headers/include/eaphosterror.h
A    /tmp/src/mingw-w64-headers/include/dxvahd.h
A    /tmp/src/mingw-w64-headers/include/winineti.h
A    /tmp/src/mingw-w64-headers/include/ksuuids.h
A    /tmp/src/mingw-w64-headers/include/newdev.h
A    /tmp/src/mingw-w64-headers/include/mschapp.h
A    /tmp/src/mingw-w64-headers/include/shtypes.h
A    /tmp/src/mingw-w64-headers/include/vsprov.h
A    /tmp/src/mingw-w64-headers/include/winnt.h
A    /tmp/src/mingw-w64-headers/include/shellapi.h
A    /tmp/src/mingw-w64-headers/include/tmschema.h
A    /tmp/src/mingw-w64-headers/include/scarderr.h
A    /tmp/src/mingw-w64-headers/include/adsprop.h
A    /tmp/src/mingw-w64-headers/include/msfs.h
A    /tmp/src/mingw-w64-headers/include/wownt32.h
A    /tmp/src/mingw-w64-headers/include/perflib.h
A    /tmp/src/mingw-w64-headers/include/confpriv.h
A    /tmp/src/mingw-w64-headers/include/txdtc.h
A    /tmp/src/mingw-w64-headers/include/fltdefs.h
A    /tmp/src/mingw-w64-headers/include/scardsrv.h
A    /tmp/src/mingw-w64-headers/include/werapi.h
A    /tmp/src/mingw-w64-headers/include/winbase.h
A    /tmp/src/mingw-w64-headers/include/d2d1.h
A    /tmp/src/mingw-w64-headers/include/raseapif.h
A    /tmp/src/mingw-w64-headers/include/urlhist.h
A    /tmp/src/mingw-w64-headers/include/mspcall.h
A    /tmp/src/mingw-w64-headers/include/ntdddisk.h
A    /tmp/src/mingw-w64-headers/include/ws2bth.h
A    /tmp/src/mingw-w64-headers/include/winnls.h
A    /tmp/src/mingw-w64-headers/include/subauth.h
A    /tmp/src/mingw-w64-headers/include/adoint.h
A    /tmp/src/mingw-w64-headers/include/perhist.h
A    /tmp/src/mingw-w64-headers/include/ole.h
A    /tmp/src/mingw-w64-headers/include/activation.idl
A    /tmp/src/mingw-w64-headers/include/msxml2.h
A    /tmp/src/mingw-w64-headers/include/mapi.h
A    /tmp/src/mingw-w64-headers/include/afxres.h
A    /tmp/src/mingw-w64-headers/include/propidl.idl
A    /tmp/src/mingw-w64-headers/include/dbgprop.h
A    /tmp/src/mingw-w64-headers/include/netprov.h
A    /tmp/src/mingw-w64-headers/include/ntddchgr.h
A    /tmp/src/mingw-w64-headers/include/hlguids.h
A    /tmp/src/mingw-w64-headers/include/atacct.h
A    /tmp/src/mingw-w64-headers/include/combaseapi.h
A    /tmp/src/mingw-w64-headers/include/mscat.h
A    /tmp/src/mingw-w64-headers/include/clfsmgmtw32.h
A    /tmp/src/mingw-w64-headers/include/inspectable.idl
A    /tmp/src/mingw-w64-headers/include/mfidl.idl
A    /tmp/src/mingw-w64-headers/include/winddiui.h
A    /tmp/src/mingw-w64-headers/include/iisrsta.h
A    /tmp/src/mingw-w64-headers/include/tcpmib.h
A    /tmp/src/mingw-w64-headers/include/eaphostpeerconfigapis.h
A    /tmp/src/mingw-w64-headers/include/resapi.h
A    /tmp/src/mingw-w64-headers/include/wownt16.h
A    /tmp/src/mingw-w64-headers/include/asptlb.h
A    /tmp/src/mingw-w64-headers/include/msdaora.h
A    /tmp/src/mingw-w64-headers/include/issperr.h
A    /tmp/src/mingw-w64-headers/include/uiautomationcore.h
A    /tmp/src/mingw-w64-headers/include/usbrpmif.h
A    /tmp/src/mingw-w64-headers/include/slerror.h
A    /tmp/src/mingw-w64-headers/include/mspbase.h
A    /tmp/src/mingw-w64-headers/include/richedit.h
A    /tmp/src/mingw-w64-headers/include/wincodec.h
A    /tmp/src/mingw-w64-headers/include/cfg.h
A    /tmp/src/mingw-w64-headers/include/adoguids.h
A    /tmp/src/mingw-w64-headers/include/intshcut.h
A    /tmp/src/mingw-w64-headers/include/mapinls.h
A    /tmp/src/mingw-w64-headers/include/xcmcmsxt.h
A    /tmp/src/mingw-w64-headers/include/mfreadwrite.h
A    /tmp/src/mingw-w64-headers/include/umx.h
A    /tmp/src/mingw-w64-headers/include/vsstyle.h
A    /tmp/src/mingw-w64-headers/include/icrsint.h
A    /tmp/src/mingw-w64-headers/include/adshlp.h
A    /tmp/src/mingw-w64-headers/include/psapi.h
A    /tmp/src/mingw-w64-headers/include/fsrmenums.h
A    /tmp/src/mingw-w64-headers/include/msdatsrc.h
A    /tmp/src/mingw-w64-headers/include/sisbkup.h
A    /tmp/src/mingw-w64-headers/include/winsync.h
A    /tmp/src/mingw-w64-headers/include/winreg.h
A    /tmp/src/mingw-w64-headers/include/triediid.h
A    /tmp/src/mingw-w64-headers/include/propsys.idl
A    /tmp/src/mingw-w64-headers/include/mpeg2structs.h
A    /tmp/src/mingw-w64-headers/include/identitycommon.h
A    /tmp/src/mingw-w64-headers/include/specstrings.h
A    /tmp/src/mingw-w64-headers/include/tpcshrd.h
A    /tmp/src/mingw-w64-headers/include/winscard.h
A    /tmp/src/mingw-w64-headers/include/exchform.h
A    /tmp/src/mingw-w64-headers/include/pstore.h
A    /tmp/src/mingw-w64-headers/include/mscoree.idl
A    /tmp/src/mingw-w64-headers/include/lmuseflg.h
A    /tmp/src/mingw-w64-headers/include/sporder.h
A    /tmp/src/mingw-w64-headers/include/iiscnfg.h
A    /tmp/src/mingw-w64-headers/include/txcoord.h
A    /tmp/src/mingw-w64-headers/include/msdrmdefs.h
A    /tmp/src/mingw-w64-headers/include/functiondiscoverynotification.h
A    /tmp/src/mingw-w64-headers/include/agterr.h
A    /tmp/src/mingw-w64-headers/include/vswriter.h
A    /tmp/src/mingw-w64-headers/include/mcx.h
A    /tmp/src/mingw-w64-headers/include/winhttp.h
A    /tmp/src/mingw-w64-headers/include/triedit.h
A    /tmp/src/mingw-w64-headers/include/functiondiscoveryconstraints.h
A    /tmp/src/mingw-w64-headers/include/colordlg.h
A    /tmp/src/mingw-w64-headers/include/nettypes.h
A    /tmp/src/mingw-w64-headers/include/tdi.h
A    /tmp/src/mingw-w64-headers/include/exdisp.h
A    /tmp/src/mingw-w64-headers/include/textstor.h
A    /tmp/src/mingw-w64-headers/include/adsiid.h
A    /tmp/src/mingw-w64-headers/include/reconcil.h
A    /tmp/src/mingw-w64-headers/include/mstask.h
A    /tmp/src/mingw-w64-headers/include/msber.h
A    /tmp/src/mingw-w64-headers/include/bitsmsg.h
A    /tmp/src/mingw-w64-headers/include/mtsgrp.h
A    /tmp/src/mingw-w64-headers/include/wsdutil.h
A    /tmp/src/mingw-w64-headers/include/eapmethodtypes.h
A    /tmp/src/mingw-w64-headers/include/multinfo.h
A    /tmp/src/mingw-w64-headers/include/fwpmu.h
A    /tmp/src/mingw-w64-headers/include/portabledevicetypes.idl
A    /tmp/src/mingw-w64-headers/include/structuredquerycondition.h
A    /tmp/src/mingw-w64-headers/include/eapauthenticatoractiondefine.h
A    /tmp/src/mingw-w64-headers/include/rtmv2.h
A    /tmp/src/mingw-w64-headers/include/txctx.h
A    /tmp/src/mingw-w64-headers/include/pcrt32.h
A    /tmp/src/mingw-w64-headers/include/ksdebug.h
A    /tmp/src/mingw-w64-headers/include/typeinfo.h
A    /tmp/src/mingw-w64-headers/include/ipxsap.h
A    /tmp/src/mingw-w64-headers/include/comcat.h
A    /tmp/src/mingw-w64-headers/include/mshtmhst.h
A    /tmp/src/mingw-w64-headers/include/stllock.h
A    /tmp/src/mingw-w64-headers/include/directx
A    /tmp/src/mingw-w64-headers/include/naputil.h
A    /tmp/src/mingw-w64-headers/include/fileopen.dlg
A    /tmp/src/mingw-w64-headers/include/tvout.h
A    /tmp/src/mingw-w64-headers/include/zmouse.h
A    /tmp/src/mingw-w64-headers/include/subsmgr.h
A    /tmp/src/mingw-w64-headers/include/stralign.h
A    /tmp/src/mingw-w64-headers/include/lmjoin.h
A    /tmp/src/mingw-w64-headers/include/mdhcp.h
A    /tmp/src/mingw-w64-headers/include/naputil.w
A    /tmp/src/mingw-w64-headers/include/portabledeviceconnectapi.h
A    /tmp/src/mingw-w64-headers/include/ntddcdrm.h
A    /tmp/src/mingw-w64-headers/include/raserror.h
A    /tmp/src/mingw-w64-headers/include/ipinfoid.h
A    /tmp/src/mingw-w64-headers/include/axextend.idl
A    /tmp/src/mingw-w64-headers/include/naptypes.h
A    /tmp/src/mingw-w64-headers/include/sqloledb.h
A    /tmp/src/mingw-w64-headers/include/agtsvr.h
A    /tmp/src/mingw-w64-headers/include/fsrmscreen.h
A    /tmp/src/mingw-w64-headers/include/codecapi.h
A    /tmp/src/mingw-w64-headers/include/sensorsapi.idl
A    /tmp/src/mingw-w64-headers/include/winuser.rh
A    /tmp/src/mingw-w64-headers/include/dciddi.h
A    /tmp/src/mingw-w64-headers/include/sspsidl.h
A    /tmp/src/mingw-w64-headers/include/d2derr.h
A    /tmp/src/mingw-w64-headers/include/clfsw32.h
A    /tmp/src/mingw-w64-headers/include/fltuser.h
A    /tmp/src/mingw-w64-headers/include/apdevpkey.h
A    /tmp/src/mingw-w64-headers/include/bh.h
A    /tmp/src/mingw-w64-headers/include/cguid.h
A    /tmp/src/mingw-w64-headers/include/authz.h
A    /tmp/src/mingw-w64-headers/include/fsrmpipeline.h
A    /tmp/src/mingw-w64-headers/include/wintrust.h
A    /tmp/src/mingw-w64-headers/include/msplog.h
A    /tmp/src/mingw-w64-headers/include/wbemprov.h
A    /tmp/src/mingw-w64-headers/include/msasn1.h
A    /tmp/src/mingw-w64-headers/include/adojet.h
A    /tmp/src/mingw-w64-headers/include/winver.h
A    /tmp/src/mingw-w64-headers/include/bdaiface.h
A    /tmp/src/mingw-w64-headers/include/dxva2api.h
A    /tmp/src/mingw-w64-headers/include/uiautomationcoreapi.h
A    /tmp/src/mingw-w64-headers/include/winable.h
A    /tmp/src/mingw-w64-headers/include/dvbsiparser.h
A    /tmp/src/mingw-w64-headers/include/wmistr.h
A    /tmp/src/mingw-w64-headers/include/wsrm.h
A    /tmp/src/mingw-w64-headers/include/wsdbase.h
A    /tmp/src/mingw-w64-headers/include/d2d1effecthelpers.h
A    /tmp/src/mingw-w64-headers/include/winefs.h
A    /tmp/src/mingw-w64-headers/include/corerror.h
A    /tmp/src/mingw-w64-headers/include/tuner.h
A    /tmp/src/mingw-w64-headers/include/httpfilt.h
A    /tmp/src/mingw-w64-headers/include/bits.h
A    /tmp/src/mingw-w64-headers/include/ndhelper.h
A    /tmp/src/mingw-w64-headers/include/adtgen.h
A    /tmp/src/mingw-w64-headers/include/bthsdpdef.h
A    /tmp/src/mingw-w64-headers/include/t2embapi.h
A    /tmp/src/mingw-w64-headers/include/ilogobj.hxx
A    /tmp/src/mingw-w64-headers/include/ntdd8042.h
A    /tmp/src/mingw-w64-headers/include/uiautomationcore.idl
A    /tmp/src/mingw-w64-headers/include/usp10.h
A    /tmp/src/mingw-w64-headers/include/midles.h
A    /tmp/src/mingw-w64-headers/include/cpl.h
A    /tmp/src/mingw-w64-headers/include/propsys.h
A    /tmp/src/mingw-w64-headers/include/control.h
A    /tmp/src/mingw-w64-headers/include/olectl.h
A    /tmp/src/mingw-w64-headers/include/patchapi.h
A    /tmp/src/mingw-w64-headers/include/xcmc.h
A    /tmp/src/mingw-w64-headers/include/sensors.h
A    /tmp/src/mingw-w64-headers/include/tdiinfo.h
A    /tmp/src/mingw-w64-headers/include/p2p.h
A    /tmp/src/mingw-w64-headers/include/bits2_0.h
A    /tmp/src/mingw-w64-headers/include/ntddser.h
A    /tmp/src/mingw-w64-headers/include/cardmod.h
A    /tmp/src/mingw-w64-headers/include/ime.h
A    /tmp/src/mingw-w64-headers/include/tlogstg.h
A    /tmp/src/mingw-w64-headers/include/scrnsave.h
A    /tmp/src/mingw-w64-headers/include/usbioctl.h
A    /tmp/src/mingw-w64-headers/include/uastrfnc.h
A    /tmp/src/mingw-w64-headers/include/bidispl.h
A    /tmp/src/mingw-w64-headers/include/wpwizmsg.h
A    /tmp/src/mingw-w64-headers/include/certbcli.h
A    /tmp/src/mingw-w64-headers/include/wsdclient.h
A    /tmp/src/mingw-w64-headers/include/urlmon.idl
A    /tmp/src/mingw-w64-headers/include/profile.h
A    /tmp/src/mingw-w64-headers/include/fdi.h
A    /tmp/src/mingw-w64-headers/include/wmiatlprov.h
A    /tmp/src/mingw-w64-headers/include/cierror.h
A    /tmp/src/mingw-w64-headers/include/oledlg.h
A    /tmp/src/mingw-w64-headers/include/regstr.h
A    /tmp/src/mingw-w64-headers/include/ntquery.h
A    /tmp/src/mingw-w64-headers/include/certenroll.h
A    /tmp/src/mingw-w64-headers/include/htmlguid.h
A    /tmp/src/mingw-w64-headers/include/dde.rh
A    /tmp/src/mingw-w64-headers/include/wdstpdi.h
A    /tmp/src/mingw-w64-headers/include/chanmgr.h
A    /tmp/src/mingw-w64-headers/include/adserr.h
A    /tmp/src/mingw-w64-headers/include/bluetoothapis.h
A    /tmp/src/mingw-w64-headers/include/dbdaoid.h
A    /tmp/src/mingw-w64-headers/include/ntddmmc.h
A    /tmp/src/mingw-w64-headers/include/ChangeLog-2009
A    /tmp/src/mingw-w64-headers/include/d2dbasetypes.h
A    /tmp/src/mingw-w64-headers/include/schannel.h
A    /tmp/src/mingw-w64-headers/include/dhcpssdk.h
A    /tmp/src/mingw-w64-headers/include/mdbrole.hxx
A    /tmp/src/mingw-w64-headers/include/mapitags.h
A    /tmp/src/mingw-w64-headers/include/hlink.h
A    /tmp/src/mingw-w64-headers/include/objectarray.h
A    /tmp/src/mingw-w64-headers/include/wpspihlp.h
A    /tmp/src/mingw-w64-headers/include/shldisp.h
A    /tmp/src/mingw-w64-headers/include/dxtmpl.h
A    /tmp/src/mingw-w64-headers/include/tcpestats.h
A    /tmp/src/mingw-w64-headers/include/xmllite.h
A    /tmp/src/mingw-w64-headers/include/uiautomation.h
A    /tmp/src/mingw-w64-headers/include/dsadmin.h
A    /tmp/src/mingw-w64-headers/include/sqlucode.h
A    /tmp/src/mingw-w64-headers/include/wdsbp.h
A    /tmp/src/mingw-w64-headers/include/imagehlp.h
A    /tmp/src/mingw-w64-headers/include/wsdapi.h
A    /tmp/src/mingw-w64-headers/include/comcat.idl
A    /tmp/src/mingw-w64-headers/include/filehc.h
A    /tmp/src/mingw-w64-headers/include/audiosessiontypes.h
A    /tmp/src/mingw-w64-headers/include/cdoexstr.h
A    /tmp/src/mingw-w64-headers/include/winresrc.h
A    /tmp/src/mingw-w64-headers/include/hstring.idl
A    /tmp/src/mingw-w64-headers/include/tom.h
A    /tmp/src/mingw-w64-headers/include/errorrep.h
A    /tmp/src/mingw-w64-headers/include/mapispi.h
A    /tmp/src/mingw-w64-headers/include/qos.h
A    /tmp/src/mingw-w64-headers/include/lmdfs.h
A    /tmp/src/mingw-w64-headers/include/mmcobj.h
A    /tmp/src/mingw-w64-headers/include/mimedisp.h
A    /tmp/src/mingw-w64-headers/include/ntddpsch.h
A    /tmp/src/mingw-w64-headers/include/blberr.h
A    /tmp/src/mingw-w64-headers/include/wabmem.h
A    /tmp/src/mingw-w64-headers/include/devioctl.h
A    /tmp/src/mingw-w64-headers/include/oaidl.idl
A    /tmp/src/mingw-w64-headers/include/prntfont.h
A    /tmp/src/mingw-w64-headers/include/wmiutils.h
A    /tmp/src/mingw-w64-headers/include/powrprof.h
A    /tmp/src/mingw-w64-headers/include/udpmib.h
A    /tmp/src/mingw-w64-headers/include/evcoll.h
A    /tmp/src/mingw-w64-headers/include/servprov.h
A    /tmp/src/mingw-w64-headers/include/winwlx.h
A    /tmp/src/mingw-w64-headers/include/mfapi.h
A    /tmp/src/mingw-w64-headers/include/objidl.h
A    /tmp/src/mingw-w64-headers/include/recguids.h
A    /tmp/src/mingw-w64-headers/include/evntrace.h
A    /tmp/src/mingw-w64-headers/include/ndattrib.h
A    /tmp/src/mingw-w64-headers/include/winusb.h
A    /tmp/src/mingw-w64-headers/include/idispids.h
A    /tmp/src/mingw-w64-headers/include/cdoexerr.h
A    /tmp/src/mingw-w64-headers/include/wtsapi32.h
A    /tmp/src/mingw-w64-headers/include/rpcproxy.h
A    /tmp/src/mingw-w64-headers/include/iedial.h
A    /tmp/src/mingw-w64-headers/include/iadmext.h
A    /tmp/src/mingw-w64-headers/include/parser.h
A    /tmp/src/mingw-w64-headers/include/rpcdce.h
A    /tmp/src/mingw-w64-headers/include/napenforcementclient.h
A    /tmp/src/mingw-w64-headers/include/w32api.h
A    /tmp/src/mingw-w64-headers/include/ntddndis.h
A    /tmp/src/mingw-w64-headers/include/ktmtypes.h
A    /tmp/src/mingw-w64-headers/include/authif.h
A    /tmp/src/mingw-w64-headers/include/commctrl.h
A    /tmp/src/mingw-w64-headers/include/advpub.h
A    /tmp/src/mingw-w64-headers/include/softpub.h
A    /tmp/src/mingw-w64-headers/include/wbemidl.h
A    /tmp/src/mingw-w64-headers/include/certcli.h
A    /tmp/src/mingw-w64-headers/include/opmapi.h
A    /tmp/src/mingw-w64-headers/include/msctf.idl
A    /tmp/src/mingw-w64-headers/include/txfw32.h
A    /tmp/src/mingw-w64-headers/include/cderr.h
A    /tmp/src/mingw-w64-headers/include/msacm.h
A    /tmp/src/mingw-w64-headers/include/mspab.h
A    /tmp/src/mingw-w64-headers/include/mspstrm.h
A    /tmp/src/mingw-w64-headers/include/mapihook.h
A    /tmp/src/mingw-w64-headers/include/lm.h
A    /tmp/src/mingw-w64-headers/include/portabledevicetypes.h
A    /tmp/src/mingw-w64-headers/include/ctxtcall.h
A    /tmp/src/mingw-w64-headers/include/ole2ver.h
A    /tmp/src/mingw-w64-headers/include/oledbdep.h
A    /tmp/src/mingw-w64-headers/include/sql_1.h
A    /tmp/src/mingw-w64-headers/include/h323priv.h
A    /tmp/src/mingw-w64-headers/include/ChangeLog.2010
A    /tmp/src/mingw-w64-headers/include/ChangeLog.2011
A    /tmp/src/mingw-w64-headers/include/ChangeLog.2012
A    /tmp/src/mingw-w64-headers/include/evr9.h
A    /tmp/src/mingw-w64-headers/include/wabtags.h
A    /tmp/src/mingw-w64-headers/include/wmcodecdsp.h
A    /tmp/src/mingw-w64-headers/include/mssip.h
A    /tmp/src/mingw-w64-headers/include/locationapi.h
A    /tmp/src/mingw-w64-headers/include/rassapi.h
A    /tmp/src/mingw-w64-headers/include/mimeinfo.h
A    /tmp/src/mingw-w64-headers/include/cluscfgwizard.h
A    /tmp/src/mingw-w64-headers/include/mciavi.h
A    /tmp/src/mingw-w64-headers/include/winsvc.h
A    /tmp/src/mingw-w64-headers/include/xolehlp.h
A    /tmp/src/mingw-w64-headers/include/pdh.h
A    /tmp/src/mingw-w64-headers/include/wincodec.idl
A    /tmp/src/mingw-w64-headers/include/htmlhelp.h
A    /tmp/src/mingw-w64-headers/include/iketypes.idl
A    /tmp/src/mingw-w64-headers/include/ksproxy.h
A    /tmp/src/mingw-w64-headers/include/certenc.h
A    /tmp/src/mingw-w64-headers/include/dimm.h
A    /tmp/src/mingw-w64-headers/include/dsrole.h
A    /tmp/src/mingw-w64-headers/include/tbs.h
A    /tmp/src/mingw-w64-headers/include/driverspecs.h
A    /tmp/src/mingw-w64-headers/include/winapifamily.h
A    /tmp/src/mingw-w64-headers/include/cdonts.h
A    /tmp/src/mingw-w64-headers/include/winsplp.h
A    /tmp/src/mingw-w64-headers/include/aclui.h
A    /tmp/src/mingw-w64-headers/include/storduid.h
A    /tmp/src/mingw-w64-headers/include/wincon.h
A    /tmp/src/mingw-w64-headers/include/clusapi.h
A    /tmp/src/mingw-w64-headers/include/unknwn.idl
A    /tmp/src/mingw-w64-headers/include/mapiwin.h
A    /tmp/src/mingw-w64-headers/include/iscsidsc.h
A    /tmp/src/mingw-w64-headers/include/psdk_inc
A    /tmp/src/mingw-w64-headers/include/psdk_inc/_push_BOOL.h
A    /tmp/src/mingw-w64-headers/include/psdk_inc/_ws1_undef.h
A    /tmp/src/mingw-w64-headers/include/psdk_inc/_ip_types.h
A    /tmp/src/mingw-w64-headers/include/psdk_inc/_socket_types.h
A    /tmp/src/mingw-w64-headers/include/psdk_inc/_dbg_LOAD_IMAGE.h
A    /tmp/src/mingw-w64-headers/include/psdk_inc/_fd_types.h
A    /tmp/src/mingw-w64-headers/include/psdk_inc/_ip_mreq1.h
A    /tmp/src/mingw-w64-headers/include/psdk_inc/_varenum.h
A    /tmp/src/mingw-w64-headers/include/psdk_inc/_xmitfile.h
A    /tmp/src/mingw-w64-headers/include/psdk_inc/_wsa_errnos.h
A    /tmp/src/mingw-w64-headers/include/psdk_inc/intrin-impl.h
A    /tmp/src/mingw-w64-headers/include/psdk_inc/_dbg_common.h
A    /tmp/src/mingw-w64-headers/include/psdk_inc/_wsadata.h
A    /tmp/src/mingw-w64-headers/include/psdk_inc/_pop_BOOL.h
A    /tmp/src/mingw-w64-headers/include/gdiplus.h
A    /tmp/src/mingw-w64-headers/include/functiondiscoveryapi.h
A    /tmp/src/mingw-w64-headers/include/ratings.h
A    /tmp/src/mingw-w64-headers/include/wiavideo.h
A    /tmp/src/mingw-w64-headers/include/wdstptmgmt.h
A    /tmp/src/mingw-w64-headers/include/msptrmvc.h
A    /tmp/src/mingw-w64-headers/include/daogetrw.h
A    /tmp/src/mingw-w64-headers/include/aqadmtyp.h
A    /tmp/src/mingw-w64-headers/include/wdsclientapi.h
A    /tmp/src/mingw-w64-headers/include/userenv.h
A    /tmp/src/mingw-w64-headers/include/dhtmldid.h
A    /tmp/src/mingw-w64-headers/include/msremote.h
A    /tmp/src/mingw-w64-headers/include/diskguid.h
A    /tmp/src/mingw-w64-headers/include/adogpool.h
A    /tmp/src/mingw-w64-headers/include/certpol.h
A    /tmp/src/mingw-w64-headers/include/propidl.h
A    /tmp/src/mingw-w64-headers/include/mobsync.h
A    /tmp/src/mingw-w64-headers/include/wspiapi.h
A    /tmp/src/mingw-w64-headers/include/wshisotp.h
A    /tmp/src/mingw-w64-headers/include/mfmp2dlna.h
A    /tmp/src/mingw-w64-headers/include/lmerr.h
A    /tmp/src/mingw-w64-headers/include/adodef.h
A    /tmp/src/mingw-w64-headers/include/nmsupp.h
A    /tmp/src/mingw-w64-headers/include/rpc.h
A    /tmp/src/mingw-w64-headers/include/mfplay.h
A    /tmp/src/mingw-w64-headers/include/dsquery.h
A    /tmp/src/mingw-w64-headers/include/rnderr.h
A    /tmp/src/mingw-w64-headers/include/lmat.h
A    /tmp/src/mingw-w64-headers/include/wnnc.h
A    /tmp/src/mingw-w64-headers/include/kxia64.h
A    /tmp/src/mingw-w64-headers/include/shfolder.h
A    /tmp/src/mingw-w64-headers/include/cfgmgr32.h
A    /tmp/src/mingw-w64-headers/include/winperf.h
A    /tmp/src/mingw-w64-headers/include/avrt.h
A    /tmp/src/mingw-w64-headers/include/adoid.h
A    /tmp/src/mingw-w64-headers/include/bitscfg.h
A    /tmp/src/mingw-w64-headers/include/wsdtypes.h
A    /tmp/src/mingw-w64-headers/include/cluscfgguids.h
A    /tmp/src/mingw-w64-headers/include/dbdaoerr.h
A    /tmp/src/mingw-w64-headers/include/ndr64types.h
A    /tmp/src/mingw-w64-headers/include/sdoias.h
A    /tmp/src/mingw-w64-headers/include/fusion.idl
A    /tmp/src/mingw-w64-headers/include/objerror.h
A    /tmp/src/mingw-w64-headers/include/rpcndr.h
A    /tmp/src/mingw-w64-headers/include/wsipv6ok.h
A    /tmp/src/mingw-w64-headers/include/mtxdm.h
A    /tmp/src/mingw-w64-headers/include/lmaccess.h
A    /tmp/src/mingw-w64-headers/include/schedule.h
A    /tmp/src/mingw-w64-headers/include/oledbguid.h
A    /tmp/src/mingw-w64-headers/include/shlguid.h
A    /tmp/src/mingw-w64-headers/include/cplext.h
A    /tmp/src/mingw-w64-headers/include/compstui.h
A    /tmp/src/mingw-w64-headers/include/cdosys.h
A    /tmp/src/mingw-w64-headers/include/objbase.h
A    /tmp/src/mingw-w64-headers/include/msacmdlg.dlg
A    /tmp/src/mingw-w64-headers/include/qospol.h
A    /tmp/src/mingw-w64-headers/include/odbcss.h
A    /tmp/src/mingw-w64-headers/include/celib.h
A    /tmp/src/mingw-w64-headers/include/mftransform.idl
A    /tmp/src/mingw-w64-headers/include/scardssp.h
A    /tmp/src/mingw-w64-headers/include/wpcapi.h
A    /tmp/src/mingw-w64-headers/include/richole.h
A    /tmp/src/mingw-w64-headers/include/basetsd.h
A    /tmp/src/mingw-w64-headers/include/vssym32.h
A    /tmp/src/mingw-w64-headers/include/msdadc.h
A    /tmp/src/mingw-w64-headers/include/eapmethodpeerapis.h
A    /tmp/src/mingw-w64-headers/include/smpab.h
A    /tmp/src/mingw-w64-headers/include/audiopolicy.idl
A    /tmp/src/mingw-w64-headers/include/wabapi.h
A    /tmp/src/mingw-w64-headers/include/bcrypt.h
A    /tmp/src/mingw-w64-headers/include/wpcapi.idl
A    /tmp/src/mingw-w64-headers/include/ipxconst.h
A    /tmp/src/mingw-w64-headers/include/mtx.h
A    /tmp/src/mingw-w64-headers/include/wptypes.h
A    /tmp/src/mingw-w64-headers/include/mmc.h
A    /tmp/src/mingw-w64-headers/include/eapmethodauthenticatorapis.h
A    /tmp/src/mingw-w64-headers/include/shobjidl.idl
A    /tmp/src/mingw-w64-headers/include/shtypes.idl
A    /tmp/src/mingw-w64-headers/include/ntmsmli.h
A    /tmp/src/mingw-w64-headers/include/apiset.h
A    /tmp/src/mingw-w64-headers/include/muiload.h
A    /tmp/src/mingw-w64-headers/include/invkprxy.h
A    /tmp/src/mingw-w64-headers/include/emostore.h
A    /tmp/src/mingw-w64-headers/include/cmnquery.h
A    /tmp/src/mingw-w64-headers/include/snmp.h
A    /tmp/src/mingw-w64-headers/include/wppstmsg.h
A    /tmp/src/mingw-w64-headers/include/dlgs.h
A    /tmp/src/mingw-w64-headers/include/inputscope.h
A    /tmp/src/mingw-w64-headers/include/iwamreg.h
A    /tmp/src/mingw-w64-headers/include/dlcapi.h
A    /tmp/src/mingw-w64-headers/include/httprequestid.h
A    /tmp/src/mingw-w64-headers/include/smpxp.h
A    /tmp/src/mingw-w64-headers/include/tapi3.h
A    /tmp/src/mingw-w64-headers/include/mgm.h
A    /tmp/src/mingw-w64-headers/include/mqmail.h
A    /tmp/src/mingw-w64-headers/include/msxmldid.h
A    /tmp/src/mingw-w64-headers/include/xmldomdid.h
A    /tmp/src/mingw-w64-headers/include/sqltypes.h
A    /tmp/src/mingw-w64-headers/include/mspterm.h
A    /tmp/src/mingw-w64-headers/ChangeLog
A    /tmp/src/mingw-w64-headers/crt
A    /tmp/src/mingw-w64-headers/crt/crtdefs.h
A    /tmp/src/mingw-w64-headers/crt/eh.h
A    /tmp/src/mingw-w64-headers/crt/fenv.h
A    /tmp/src/mingw-w64-headers/crt/limits.h
A    /tmp/src/mingw-w64-headers/crt/mbctype.h
A    /tmp/src/mingw-w64-headers/crt/complex.h
A    /tmp/src/mingw-w64-headers/crt/wctype.h
A    /tmp/src/mingw-w64-headers/crt/sec_api
A    /tmp/src/mingw-w64-headers/crt/sec_api/conio_s.h
A    /tmp/src/mingw-w64-headers/crt/sec_api/io_s.h
A    /tmp/src/mingw-w64-headers/crt/sec_api/memory_s.h
A    /tmp/src/mingw-w64-headers/crt/sec_api/time_s.h
A    /tmp/src/mingw-w64-headers/crt/sec_api/stdlib_s.h
A    /tmp/src/mingw-w64-headers/crt/sec_api/tchar_s.h
A    /tmp/src/mingw-w64-headers/crt/sec_api/stdio_s.h
A    /tmp/src/mingw-w64-headers/crt/sec_api/stralign_s.h
A    /tmp/src/mingw-w64-headers/crt/sec_api/wchar_s.h
A    /tmp/src/mingw-w64-headers/crt/sec_api/crtdbg_s.h
A    /tmp/src/mingw-w64-headers/crt/sec_api/mbstring_s.h
A    /tmp/src/mingw-w64-headers/crt/sec_api/search_s.h
A    /tmp/src/mingw-w64-headers/crt/sec_api/string_s.h
A    /tmp/src/mingw-w64-headers/crt/sec_api/sys
A    /tmp/src/mingw-w64-headers/crt/sec_api/sys/timeb_s.h
A    /tmp/src/mingw-w64-headers/crt/sehmap.h
A    /tmp/src/mingw-w64-headers/crt/process.h
A    /tmp/src/mingw-w64-headers/crt/xmath.h
A    /tmp/src/mingw-w64-headers/crt/dvec.h
A    /tmp/src/mingw-w64-headers/crt/_mingw_stdarg.h
A    /tmp/src/mingw-w64-headers/crt/dirent.h
A    /tmp/src/mingw-w64-headers/crt/_mingw_stat64.h
A    /tmp/src/mingw-w64-headers/crt/math.h
A    /tmp/src/mingw-w64-headers/crt/_mingw_off_t.h
A    /tmp/src/mingw-w64-headers/crt/time.h
A    /tmp/src/mingw-w64-headers/crt/setjmpex.h
A    /tmp/src/mingw-w64-headers/crt/locale.h
A    /tmp/src/mingw-w64-headers/crt/libgen.h
A    /tmp/src/mingw-w64-headers/crt/_timeval.h
A    /tmp/src/mingw-w64-headers/crt/ChangeLog
A    /tmp/src/mingw-w64-headers/crt/assert.h
A    /tmp/src/mingw-w64-headers/crt/tchar.h
A    /tmp/src/mingw-w64-headers/crt/share.h
A    /tmp/src/mingw-w64-headers/crt/setjmp.h
A    /tmp/src/mingw-w64-headers/crt/intrin.h
A    /tmp/src/mingw-w64-headers/crt/varargs.h
A    /tmp/src/mingw-w64-headers/crt/conio.h
A    /tmp/src/mingw-w64-headers/crt/memory.h
A    /tmp/src/mingw-w64-headers/crt/mem.h
A    /tmp/src/mingw-w64-headers/crt/sdks
A    /tmp/src/mingw-w64-headers/crt/sdks/_mingw_ddk.h.in
A    /tmp/src/mingw-w64-headers/crt/sdks/_mingw_directx.h.in
A    /tmp/src/mingw-w64-headers/crt/inttypes.h
A    /tmp/src/mingw-w64-headers/crt/xlocinfo.h
A    /tmp/src/mingw-w64-headers/crt/excpt.h
A    /tmp/src/mingw-w64-headers/crt/mbstring.h
A    /tmp/src/mingw-w64-headers/crt/ivec.h
A    /tmp/src/mingw-w64-headers/crt/sys
A    /tmp/src/mingw-w64-headers/crt/sys/stat.h
A    /tmp/src/mingw-w64-headers/crt/sys/time.h
A    /tmp/src/mingw-w64-headers/crt/sys/file.h
A    /tmp/src/mingw-w64-headers/crt/sys/param.h
A    /tmp/src/mingw-w64-headers/crt/sys/timeb.h
A    /tmp/src/mingw-w64-headers/crt/sys/utime.h
A    /tmp/src/mingw-w64-headers/crt/sys/cdefs.h
A    /tmp/src/mingw-w64-headers/crt/sys/types.h
A    /tmp/src/mingw-w64-headers/crt/sys/fcntl.h
A    /tmp/src/mingw-w64-headers/crt/sys/locking.h
A    /tmp/src/mingw-w64-headers/crt/sys/unistd.h
A    /tmp/src/mingw-w64-headers/crt/new.h
A    /tmp/src/mingw-w64-headers/crt/_mingw_print_push.h
A    /tmp/src/mingw-w64-headers/crt/fpieee.h
A    /tmp/src/mingw-w64-headers/crt/ieeefp.h
A    /tmp/src/mingw-w64-headers/crt/yvals.h
A    /tmp/src/mingw-w64-headers/crt/syslimits.h
A    /tmp/src/mingw-w64-headers/crt/_mingw_mac.h
A    /tmp/src/mingw-w64-headers/crt/getopt.h
A    /tmp/src/mingw-w64-headers/crt/stdint.h
A    /tmp/src/mingw-w64-headers/crt/float.h
A    /tmp/src/mingw-w64-headers/crt/pthread_time.h
A    /tmp/src/mingw-w64-headers/crt/string.h
A    /tmp/src/mingw-w64-headers/crt/fcntl.h
A    /tmp/src/mingw-w64-headers/crt/io.h
A    /tmp/src/mingw-w64-headers/crt/malloc.h
A    /tmp/src/mingw-w64-headers/crt/vadefs.h
A    /tmp/src/mingw-w64-headers/crt/stddef.h
A    /tmp/src/mingw-w64-headers/crt/_mingw_print_pop.h
A    /tmp/src/mingw-w64-headers/crt/pthread_unistd.h
A    /tmp/src/mingw-w64-headers/crt/stdlib.h
A    /tmp/src/mingw-w64-headers/crt/ymath.h
A    /tmp/src/mingw-w64-headers/crt/stdio.h
A    /tmp/src/mingw-w64-headers/crt/utime.h
A    /tmp/src/mingw-w64-headers/crt/fvec.h
A    /tmp/src/mingw-w64-headers/crt/ChangeLog-2009
A    /tmp/src/mingw-w64-headers/crt/strings.h
A    /tmp/src/mingw-w64-headers/crt/_bsd_types.h
A    /tmp/src/mingw-w64-headers/crt/stdexcpt.h
A    /tmp/src/mingw-w64-headers/crt/_cygwin.h
A    /tmp/src/mingw-w64-headers/crt/uchar.h
A    /tmp/src/mingw-w64-headers/crt/_mingw_secapi.h
A    /tmp/src/mingw-w64-headers/crt/wchar.h
A    /tmp/src/mingw-w64-headers/crt/search.h
A    /tmp/src/mingw-w64-headers/crt/crtdbg.h
A    /tmp/src/mingw-w64-headers/crt/unistd.h
A    /tmp/src/mingw-w64-headers/crt/swprintf.inl
A    /tmp/src/mingw-w64-headers/crt/direct.h
A    /tmp/src/mingw-w64-headers/crt/signal.h
A    /tmp/src/mingw-w64-headers/crt/dir.h
A    /tmp/src/mingw-w64-headers/crt/ChangeLog.2010
A    /tmp/src/mingw-w64-headers/crt/ChangeLog.2011
A    /tmp/src/mingw-w64-headers/crt/stdarg.h
A    /tmp/src/mingw-w64-headers/crt/ChangeLog.2012
A    /tmp/src/mingw-w64-headers/crt/ctype.h
A    /tmp/src/mingw-w64-headers/crt/_mingw.h.in
A    /tmp/src/mingw-w64-headers/crt/dos.h
A    /tmp/src/mingw-w64-headers/crt/errno.h
A    /tmp/src/mingw-w64-headers/crt/_mingw_unicode.h
A    /tmp/src/mingw-w64-headers/build-aux
A    /tmp/src/mingw-w64-headers/build-aux/missing
A    /tmp/src/mingw-w64-headers/build-aux/config.guess
A    /tmp/src/mingw-w64-headers/build-aux/config.sub
A    /tmp/src/mingw-w64-headers/build-aux/install-sh
A    /tmp/src/mingw-w64-headers/testcases
A    /tmp/src/mingw-w64-headers/testcases/2009
A    /tmp/src/mingw-w64-headers/testcases/2009/stdint_stddef1.c
A    /tmp/src/mingw-w64-headers/config.h.in
A    /tmp/src/mingw-w64-headers/ddk
A    /tmp/src/mingw-w64-headers/ddk/include
A    /tmp/src/mingw-w64-headers/ddk/include/ddkmapi.h
A    /tmp/src/mingw-w64-headers/ddk/include/dvp.h
A    /tmp/src/mingw-w64-headers/ddk/include/ddrawi.h
A    /tmp/src/mingw-w64-headers/ddk/include/ddk
A    /tmp/src/mingw-w64-headers/ddk/include/ddk/smbus.h
A    /tmp/src/mingw-w64-headers/ddk/include/ddk/usbstorioctl.h
A    /tmp/src/mingw-w64-headers/ddk/include/ddk/parallel.h
A    /tmp/src/mingw-w64-headers/ddk/include/ddk/ntddsnd.h
A    /tmp/src/mingw-w64-headers/ddk/include/ddk/poclass.h
A    /tmp/src/mingw-w64-headers/ddk/include/ddk/minitape.h
A    /tmp/src/mingw-w64-headers/ddk/include/ddk/stdunk.h
A    /tmp/src/mingw-w64-headers/ddk/include/ddk/usbkern.h
A    /tmp/src/mingw-w64-headers/ddk/include/ddk/ntagp.h
A    /tmp/src/mingw-w64-headers/ddk/include/ddk/ntstrsafe.h
A    /tmp/src/mingw-w64-headers/ddk/include/ddk/bdasup.h
A    /tmp/src/mingw-w64-headers/ddk/include/ddk/swenum.h
A    /tmp/src/mingw-w64-headers/ddk/include/ddk/oprghdlr.h
A    /tmp/src/mingw-w64-headers/ddk/include/ddk/usbbusif.h
A    /tmp/src/mingw-w64-headers/ddk/include/ddk/fltsafe.h
A    /tmp/src/mingw-w64-headers/ddk/include/ddk/afilter.h
A    /tmp/src/mingw-w64-headers/ddk/include/ddk/wmidata.h
A    /tmp/src/mingw-w64-headers/ddk/include/ddk/drivinit.h
A    /tmp/src/mingw-w64-headers/ddk/include/ddk/ntddpcm.h
A    /tmp/src/mingw-w64-headers/ddk/include/ddk/ioaccess.h
A    /tmp/src/mingw-w64-headers/ddk/include/ddk/storport.h
A    /tmp/src/mingw-w64-headers/ddk/include/ddk/drmk.h
A    /tmp/src/mingw-w64-headers/ddk/include/ddk/usbscan.h
A    /tmp/src/mingw-w64-headers/ddk/include/ddk/videoagp.h
A    /tmp/src/mingw-w64-headers/ddk/include/ddk/d3dhal.h
A    /tmp/src/mingw-w64-headers/ddk/include/ddk/usbdrivr.h
A    /tmp/src/mingw-w64-headers/ddk/include/ddk/miniport.h
A    /tmp/src/mingw-w64-headers/ddk/include/ddk/mountdev.h
A    /tmp/src/mingw-w64-headers/ddk/include/ddk/d4drvif.h
A    /tmp/src/mingw-w64-headers/ddk/include/ddk/mcd.h
A    /tmp/src/mingw-w64-headers/ddk/include/ddk/ntddk.h
A    /tmp/src/mingw-w64-headers/ddk/include/ddk/netpnp.h
A    /tmp/src/mingw-w64-headers/ddk/include/ddk/dxapi.h
A    /tmp/src/mingw-w64-headers/ddk/include/ddk/video.h
A    /tmp/src/mingw-w64-headers/ddk/include/ddk/usbprint.h
A    /tmp/src/mingw-w64-headers/ddk/include/ddk/scsiscan.h
A    /tmp/src/mingw-w64-headers/ddk/include/ddk/msports.h
A    /tmp/src/mingw-w64-headers/ddk/include/ddk/tdikrnl.h
A    /tmp/src/mingw-w64-headers/ddk/include/ddk/xfilter.h
A    /tmp/src/mingw-w64-headers/ddk/include/ddk/ws2san.h
A    /tmp/src/mingw-w64-headers/ddk/include/ddk/punknown.h
A    /tmp/src/mingw-w64-headers/ddk/include/ddk/wmilib.h
A    /tmp/src/mingw-w64-headers/ddk/include/ddk/upssvc.h
A    /tmp/src/mingw-w64-headers/ddk/include/ddk/usbdlib.h
A    /tmp/src/mingw-w64-headers/ddk/include/ddk/pfhook.h
A    /tmp/src/mingw-w64-headers/ddk/include/ddk/portcls.h
A    /tmp/src/mingw-w64-headers/ddk/include/ddk/hidclass.h
A    /tmp/src/mingw-w64-headers/ddk/include/ddk/acpiioct.h
A    /tmp/src/mingw-w64-headers/ddk/include/ddk/amtvuids.h
A    /tmp/src/mingw-w64-headers/ddk/include/ddk/ntnls.h
A    /tmp/src/mingw-w64-headers/ddk/include/ddk/d4iface.h
A    /tmp/src/mingw-w64-headers/ddk/include/ddk/wdmguid.h
A    /tmp/src/mingw-w64-headers/ddk/include/ddk/ide.h
A    /tmp/src/mingw-w64-headers/ddk/include/ddk/scsi.h
A    /tmp/src/mingw-w64-headers/ddk/include/ddk/ndiswan.h
A    /tmp/src/mingw-w64-headers/ddk/include/ddk/ndisguid.h
A    /tmp/src/mingw-w64-headers/ddk/include/ddk/ndistapi.h
A    /tmp/src/mingw-w64-headers/ddk/include/ddk/tdistat.h
A    /tmp/src/mingw-w64-headers/ddk/include/ddk/kbdmou.h
A    /tmp/src/mingw-w64-headers/ddk/include/ddk/atm.h
A    /tmp/src/mingw-w64-headers/ddk/include/ddk/dmusicks.h
A    /tmp/src/mingw-w64-headers/ddk/include/ddk/classpnp.h
A    /tmp/src/mingw-w64-headers/ddk/include/ddk/srb.h
A    /tmp/src/mingw-w64-headers/ddk/include/ddk/wdm.h
A    /tmp/src/mingw-w64-headers/ddk/include/ddk/d3dhalex.h
A    /tmp/src/mingw-w64-headers/ddk/include/ddk/ndis.h
A    /tmp/src/mingw-w64-headers/ddk/include/ddk/dderror.h
A    /tmp/src/mingw-w64-headers/ddk/include/ddk/mce.h
A    /tmp/src/mingw-w64-headers/ddk/include/ddk/hubbusif.h
A    /tmp/src/mingw-w64-headers/ddk/include/ddk/mountmgr.h
A    /tmp/src/mingw-w64-headers/ddk/include/ddk/ntpoapi.h
A    /tmp/src/mingw-w64-headers/ddk/include/ddk/usbprotocoldefs.h
A    /tmp/src/mingw-w64-headers/ddk/include/ddk/scsiwmi.h
A    /tmp/src/mingw-w64-headers/ddk/include/ddk/ntifs.h
A    /tmp/src/mingw-w64-headers/ddk/include/ddk/ntimage.h
A    /tmp/src/mingw-w64-headers/ddk/include/ddk/strmini.h
A    /tmp/src/mingw-w64-headers/ddk/include/ddk/csq.h
A    /tmp/src/mingw-w64-headers/ddk/include/ddrawint.h
A    /tmp/src/mingw-w64-headers/ddk/include/d3dnthal.h
A    /tmp/src/mingw-w64-headers/ddk/include/ddkernel.h
A    /tmp/src/mingw-w64-headers/ddk/include/dmemmgr.h
A    /tmp/src/mingw-w64-headers/ddk/ChangeLog
A    /tmp/src/mingw-w64-headers/ddk/readme.txt
A    /tmp/src/mingw-w64-headers/configure.ac
A    /tmp/src/mingw-w64-headers/defaults
A    /tmp/src/mingw-w64-headers/defaults/generate.sh
A    /tmp/src/mingw-w64-headers/defaults/include
A    /tmp/src/mingw-w64-headers/defaults/include/sdks
A    /tmp/src/mingw-w64-headers/defaults/include/sdks/_mingw_ddk.h
A    /tmp/src/mingw-w64-headers/defaults/include/sdks/_mingw_directx.h
A    /tmp/src/mingw-w64-headers/ChangeLog.2010
A    /tmp/src/mingw-w64-headers/ChangeLog.2011
A    /tmp/src/mingw-w64-headers/Makefile.am
A    /tmp/src/mingw-w64-headers/ChangeLog.2012
A    /tmp/src/mingw-w64-headers/aclocal.m4
Checked out revision 5982.
