--2013-07-09 21:15:16--  http://www.multiprecision.org/mpc/download/mpc-1.0.1.tar.gz
Resolving www.multiprecision.org... 213.165.76.208
Connecting to www.multiprecision.org|213.165.76.208|:80... connected.
HTTP request sent, awaiting response... 200 OK
Length: 624125 (609K) [application/x-tar]
Saving to: `/tmp/src//mpc-1.0.1.tar.gz'

     0K .......... .......... .......... .......... ..........  8%  144K 4s
    50K .......... .......... .......... .......... .......... 16%  359K 2s
   100K .......... .......... .......... .......... .......... 24%  692K 2s
   150K .......... .......... .......... .......... .......... 32%  322K 1s
   200K .......... .......... .......... .......... .......... 41% 2.49M 1s
   250K .......... .......... .......... .......... .......... 49%  357K 1s
   300K .......... .......... .......... .......... .......... 57% 2.43M 1s
   350K .......... .......... .......... .......... .......... 65% 2.13M 0s
   400K .......... .......... .......... .......... .......... 73% 42.3K 1s
   450K .......... .......... .......... .......... .......... 82% 61.8M 0s
   500K .......... .......... .......... .......... .......... 90%  154K 0s
   550K .......... .......... .......... .......... .......... 98% 76.8K 0s
   600K .........                                             100% 2.93M=3.1s

2013-07-09 21:15:20 (198 KB/s) - `/tmp/src//mpc-1.0.1.tar.gz' saved [624125/624125]

