mpc-1.0.1/
mpc-1.0.1/config.guess
mpc-1.0.1/AUTHORS
mpc-1.0.1/Makefile.am
mpc-1.0.1/config.h.in
mpc-1.0.1/depcomp
mpc-1.0.1/Makefile.vc
mpc-1.0.1/tests/
mpc-1.0.1/tests/div.dat
mpc-1.0.1/tests/fr_sub.dat
mpc-1.0.1/tests/tproj.c
mpc-1.0.1/tests/fr_div.dat
mpc-1.0.1/tests/tmul_2ui.c
mpc-1.0.1/tests/tget_version.c
mpc-1.0.1/tests/exp.dat
mpc-1.0.1/tests/add.dat
mpc-1.0.1/tests/tacos.c
mpc-1.0.1/tests/neg.dat
mpc-1.0.1/tests/pow_ui.dat
mpc-1.0.1/tests/mul_fr.dat
mpc-1.0.1/tests/acosh.dat
mpc-1.0.1/tests/tatanh.c
mpc-1.0.1/tests/tmul_ui.c
mpc-1.0.1/tests/tpow_ld.c
mpc-1.0.1/tests/tdiv.c
mpc-1.0.1/tests/tpow_si.c
mpc-1.0.1/tests/texp.c
mpc-1.0.1/tests/tacosh.c
mpc-1.0.1/tests/tsin_cos.c
mpc-1.0.1/tests/read_data.c
mpc-1.0.1/tests/Makefile.am
mpc-1.0.1/tests/tdiv_ui.c
mpc-1.0.1/tests/tcosh.c
mpc-1.0.1/tests/comparisons.c
mpc-1.0.1/tests/ttan.c
mpc-1.0.1/tests/sinh.dat
mpc-1.0.1/tests/treal.c
mpc-1.0.1/tests/tmul.c
mpc-1.0.1/tests/sqrt.dat
mpc-1.0.1/tests/tadd_fr.c
mpc-1.0.1/tests/tfma.c
mpc-1.0.1/tests/pow.dat
mpc-1.0.1/tests/tui_ui_sub.c
mpc-1.0.1/tests/conj.dat
mpc-1.0.1/tests/tabs.c
mpc-1.0.1/tests/tneg.c
mpc-1.0.1/tests/tconj.c
mpc-1.0.1/tests/proj.dat
mpc-1.0.1/tests/tlog.c
mpc-1.0.1/tests/tpow_fr.c
mpc-1.0.1/tests/tstrtoc.c
mpc-1.0.1/tests/log.dat
mpc-1.0.1/tests/log10.dat
mpc-1.0.1/tests/tdiv_2ui.c
mpc-1.0.1/tests/tfr_sub.c
mpc-1.0.1/tests/tsin.c
mpc-1.0.1/tests/strtoc.dat
mpc-1.0.1/tests/pow_si.dat
mpc-1.0.1/tests/random.c
mpc-1.0.1/tests/tmul_fr.c
mpc-1.0.1/tests/mul.dat
mpc-1.0.1/tests/tdiv_2si.c
mpc-1.0.1/tests/pow_fr.dat
mpc-1.0.1/tests/treimref.c
mpc-1.0.1/tests/Makefile.in
mpc-1.0.1/tests/tadd.c
mpc-1.0.1/tests/tpow_d.c
mpc-1.0.1/tests/acos.dat
mpc-1.0.1/tests/tsub_fr.c
mpc-1.0.1/tests/ttanh.c
mpc-1.0.1/tests/sin.dat
mpc-1.0.1/tests/tswap.c
mpc-1.0.1/tests/tpow_z.c
mpc-1.0.1/tests/fma.dat
mpc-1.0.1/tests/tgeneric.c
mpc-1.0.1/tests/tdiv_fr.c
mpc-1.0.1/tests/add_fr.dat
mpc-1.0.1/tests/targ.c
mpc-1.0.1/tests/tprec.c
mpc-1.0.1/tests/arg.dat
mpc-1.0.1/tests/tasinh.c
mpc-1.0.1/tests/abs.dat
mpc-1.0.1/tests/tpow_ui.c
mpc-1.0.1/tests/tsqr.c
mpc-1.0.1/tests/atanh.dat
mpc-1.0.1/tests/tatan.c
mpc-1.0.1/tests/atan.dat
mpc-1.0.1/tests/tio_str.c
mpc-1.0.1/tests/tmul_2si.c
mpc-1.0.1/tests/tmul_i.c
mpc-1.0.1/tests/tadd_ui.c
mpc-1.0.1/tests/sub.dat
mpc-1.0.1/tests/tcos.c
mpc-1.0.1/tests/tan.dat
mpc-1.0.1/tests/tanh.dat
mpc-1.0.1/tests/tui_div.c
mpc-1.0.1/tests/tadd_si.c
mpc-1.0.1/tests/mpc-tests.h
mpc-1.0.1/tests/tlog10.c
mpc-1.0.1/tests/tsub.c
mpc-1.0.1/tests/sub_fr.dat
mpc-1.0.1/tests/tnorm.c
mpc-1.0.1/tests/tsqrt.c
mpc-1.0.1/tests/cosh.dat
mpc-1.0.1/tests/asinh.dat
mpc-1.0.1/tests/tfr_div.c
mpc-1.0.1/tests/div_fr.dat
mpc-1.0.1/tests/cos.dat
mpc-1.0.1/tests/norm.dat
mpc-1.0.1/tests/tasin.c
mpc-1.0.1/tests/asin.dat
mpc-1.0.1/tests/inp_str.dat
mpc-1.0.1/tests/tsinh.c
mpc-1.0.1/tests/sqr.dat
mpc-1.0.1/tests/tsub_ui.c
mpc-1.0.1/tests/timag.c
mpc-1.0.1/tests/tpow.c
mpc-1.0.1/tests/tset.c
mpc-1.0.1/tests/tmul_si.c
mpc-1.0.1/COPYING.LESSER
mpc-1.0.1/config.sub
mpc-1.0.1/configure.ac
mpc-1.0.1/src/
mpc-1.0.1/src/get_x.c
mpc-1.0.1/src/set_x_x.c
mpc-1.0.1/src/div_ui.c
mpc-1.0.1/src/out_str.c
mpc-1.0.1/src/ui_ui_sub.c
mpc-1.0.1/src/asinh.c
mpc-1.0.1/src/log.c
mpc-1.0.1/src/tanh.c
mpc-1.0.1/src/mul_i.c
mpc-1.0.1/src/add_fr.c
mpc-1.0.1/src/fr_sub.c
mpc-1.0.1/src/real.c
mpc-1.0.1/src/neg.c
mpc-1.0.1/src/ui_div.c
mpc-1.0.1/src/pow_ui.c
mpc-1.0.1/src/Makefile.am
mpc-1.0.1/src/proj.c
mpc-1.0.1/src/conj.c
mpc-1.0.1/src/mul_2si.c
mpc-1.0.1/src/cosh.c
mpc-1.0.1/src/sin_cos.c
mpc-1.0.1/src/urandom.c
mpc-1.0.1/src/mem.c
mpc-1.0.1/src/sinh.c
mpc-1.0.1/src/fr_div.c
mpc-1.0.1/src/mpc-log.h
mpc-1.0.1/src/set_x.c
mpc-1.0.1/src/asin.c
mpc-1.0.1/src/mul_si.c
mpc-1.0.1/src/pow_ld.c
mpc-1.0.1/src/mul_fr.c
mpc-1.0.1/src/set_str.c
mpc-1.0.1/src/get_version.c
mpc-1.0.1/src/pow_fr.c
mpc-1.0.1/src/abs.c
mpc-1.0.1/src/div_2si.c
mpc-1.0.1/src/init2.c
mpc-1.0.1/src/atanh.c
mpc-1.0.1/src/sin.c
mpc-1.0.1/src/Makefile.in
mpc-1.0.1/src/acosh.c
mpc-1.0.1/src/div.c
mpc-1.0.1/src/set.c
mpc-1.0.1/src/add_ui.c
mpc-1.0.1/src/init3.c
mpc-1.0.1/src/add_si.c
mpc-1.0.1/src/cmp_si_si.c
mpc-1.0.1/src/pow_z.c
mpc-1.0.1/src/sub_fr.c
mpc-1.0.1/src/tan.c
mpc-1.0.1/src/cos.c
mpc-1.0.1/src/norm.c
mpc-1.0.1/src/get_prec.c
mpc-1.0.1/src/imag.c
mpc-1.0.1/src/div_2ui.c
mpc-1.0.1/src/get_prec2.c
mpc-1.0.1/src/strtoc.c
mpc-1.0.1/src/arg.c
mpc-1.0.1/src/mul_2ui.c
mpc-1.0.1/src/pow.c
mpc-1.0.1/src/cmp.c
mpc-1.0.1/src/pow_si.c
mpc-1.0.1/src/sqrt.c
mpc-1.0.1/src/set_prec.c
mpc-1.0.1/src/log10.c
mpc-1.0.1/src/acos.c
mpc-1.0.1/src/logging.c
mpc-1.0.1/src/mpc-impl.h
mpc-1.0.1/src/clear.c
mpc-1.0.1/src/sub.c
mpc-1.0.1/src/atan.c
mpc-1.0.1/src/mul_ui.c
mpc-1.0.1/src/uceil_log2.c
mpc-1.0.1/src/pow_d.c
mpc-1.0.1/src/div_fr.c
mpc-1.0.1/src/swap.c
mpc-1.0.1/src/exp.c
mpc-1.0.1/src/inp_str.c
mpc-1.0.1/src/fma.c
mpc-1.0.1/src/add.c
mpc-1.0.1/src/sqr.c
mpc-1.0.1/src/mpc.h
mpc-1.0.1/src/mul.c
mpc-1.0.1/src/sub_ui.c
mpc-1.0.1/NEWS
mpc-1.0.1/ltmain.sh
mpc-1.0.1/Makefile.in
mpc-1.0.1/ar-lib
mpc-1.0.1/doc/
mpc-1.0.1/doc/Makefile.am
mpc-1.0.1/doc/texinfo.tex
mpc-1.0.1/doc/mdate-sh
mpc-1.0.1/doc/fdl-1.3.texi
mpc-1.0.1/doc/stamp-vti
mpc-1.0.1/doc/Makefile.in
mpc-1.0.1/doc/version.texi
mpc-1.0.1/doc/mpc.info
mpc-1.0.1/doc/mpc.texi
mpc-1.0.1/aclocal.m4
mpc-1.0.1/ChangeLog
mpc-1.0.1/README
mpc-1.0.1/TODO
mpc-1.0.1/m4/
mpc-1.0.1/m4/ax_gcc_option.m4
mpc-1.0.1/m4/ax_gcc_version.m4
mpc-1.0.1/m4/valgrind-tests.m4
mpc-1.0.1/m4/ltversion.m4
mpc-1.0.1/m4/ax_c_check_flag.m4
mpc-1.0.1/m4/ltsugar.m4
mpc-1.0.1/m4/ltoptions.m4
mpc-1.0.1/m4/libtool.m4
mpc-1.0.1/m4/lt~obsolete.m4
mpc-1.0.1/m4/mpc.m4
mpc-1.0.1/install-sh
mpc-1.0.1/INSTALL
mpc-1.0.1/configure
mpc-1.0.1/missing
