--2013-07-09 21:15:09--  ftp://ftp.gnu.org/gnu/mpfr/mpfr-3.1.2.tar.bz2
           => `/tmp/src//mpfr-3.1.2.tar.bz2'
Resolving ftp.gnu.org... 208.118.235.20, 2001:4830:134:3::b
Connecting to ftp.gnu.org|208.118.235.20|:21... connected.
Logging in as anonymous ... Logged in!
==> SYST ... done.    ==> PWD ... done.
==> TYPE I ... done.  ==> CWD (1) /gnu/mpfr ... done.
==> SIZE mpfr-3.1.2.tar.bz2 ... 1225496
==> PASV ... done.    ==> RETR mpfr-3.1.2.tar.bz2 ... done.
Length: 1225496 (1.2M) (unauthoritative)

     0K .......... .......... .......... .......... ..........  4% 81.4K 14s
    50K .......... .......... .......... .......... ..........  8%  318K 8s
   100K .......... .......... .......... .......... .......... 12%  169K 7s
   150K .......... .......... .......... .......... .......... 16%  329K 6s
   200K .......... .......... .......... .......... .......... 20%  307K 5s
   250K .......... .......... .......... .......... .......... 25%  317K 5s
   300K .......... .......... .......... .......... .......... 29%  322K 4s
   350K .......... .......... .......... .......... .......... 33%  323K 4s
   400K .......... .......... .......... .......... .......... 37%  309K 3s
   450K .......... .......... .......... .......... .......... 41%  323K 3s
   500K .......... .......... .......... .......... .......... 45%  323K 3s
   550K .......... .......... .......... .......... .......... 50%  322K 2s
   600K .......... .......... .......... .......... .......... 54%  205K 2s
   650K .......... .......... .......... .......... .......... 58%  328K 2s
   700K .......... .......... .......... .......... .......... 62%  325K 2s
   750K .......... .......... .......... .......... .......... 66%  254K 2s
   800K .......... .......... .......... .......... .......... 71%  329K 1s
   850K .......... .......... .......... .......... .......... 75%  301K 1s
   900K .......... .......... .......... .......... .......... 79%  331K 1s
   950K .......... .......... .......... .......... .......... 83%  480K 1s
  1000K .......... .......... .......... .......... .......... 87%  329K 1s
  1050K .......... .......... .......... .......... .......... 91%  331K 0s
  1100K .......... .......... .......... .......... .......... 96%  733K 0s
  1150K .......... .......... .......... .......... ......    100%  498K=4.3s

2013-07-09 21:15:16 (281 KB/s) - `/tmp/src//mpfr-3.1.2.tar.bz2' saved [1225496]

