ppl-1.0/
ppl-1.0/compile
ppl-1.0/Makefile.in
ppl-1.0/ppl.lsm.in
ppl-1.0/config.rpath
ppl-1.0/README.configure
ppl-1.0/README.arm
ppl-1.0/README
ppl-1.0/doc/
ppl-1.0/doc/Makefile.in
ppl-1.0/doc/user.tex
ppl-1.0/doc/devref.doxyconf-html.in
ppl-1.0/doc/fdl.tex
ppl-1.0/doc/definitions.dox
ppl-1.0/doc/user-language-interface.doxyconf.in
ppl-1.0/doc/gpl.pdf
ppl-1.0/doc/ppl-user-java-interface-1.0-html.tar.gz
ppl-1.0/doc/ppl-user-1.0-html.tar.gz
ppl-1.0/doc/gpl.txt
ppl-1.0/doc/ppl-user-c-interface-1.0.ps.gz
ppl-1.0/doc/ppl_citations.bib
ppl-1.0/doc/README.doc
ppl-1.0/doc/user-language-interface.tex
ppl-1.0/doc/ppl-user-prolog-interface-1.0.pdf
ppl-1.0/doc/interfaces-html.sed
ppl-1.0/doc/user.doxyconf-html.in
ppl-1.0/doc/interfaces-latex.sed
ppl-1.0/doc/devref-language-interface.tex
ppl-1.0/doc/ppl-config.1
ppl-1.0/doc/ppl.sty
ppl-1.0/doc/bugseng_logo.pdf
ppl-1.0/doc/libppl.3
ppl-1.0/doc/user.doxyconf-latex.in
ppl-1.0/doc/ppl-user-ocaml-interface-1.0-html.tar.gz
ppl-1.0/doc/ppl-user-java-interface-1.0.ps.gz
ppl-1.0/doc/ppl.bib
ppl-1.0/doc/fdl.pdf
ppl-1.0/doc/ppl-user-1.0.pdf
ppl-1.0/doc/fdl.ps.gz
ppl-1.0/doc/gpl.dox
ppl-1.0/doc/fdl.dox
ppl-1.0/doc/devref.tex
ppl-1.0/doc/ppl-user-java-interface-1.0.pdf
ppl-1.0/doc/ppl-user-ocaml-interface-1.0.pdf
ppl-1.0/doc/libppl_c.3
ppl-1.0/doc/devref.doxyconf-latex.in
ppl-1.0/doc/ppl-user-c-interface-1.0-html.tar.gz
ppl-1.0/doc/ppl-user-1.0.ps.gz
ppl-1.0/doc/ppl_logo_no_ppl.pdf
ppl-1.0/doc/ppl-user-c-interface-1.0.pdf
ppl-1.0/doc/ppl-user-prolog-interface-1.0.ps.gz
ppl-1.0/doc/ppl-user-ocaml-interface-1.0.ps.gz
ppl-1.0/doc/fdl.txt
ppl-1.0/doc/devref-language-interface.doxyconf.in
ppl-1.0/doc/gpl.ps.gz
ppl-1.0/doc/ppl_logo.pdf
ppl-1.0/doc/gpl.tex
ppl-1.0/doc/ppl-user-prolog-interface-1.0-html.tar.gz
ppl-1.0/doc/Makefile.am
ppl-1.0/NEWS
ppl-1.0/config.guess
ppl-1.0/README.solaris
ppl-1.0/BUGS
ppl-1.0/aclocal.m4
ppl-1.0/STANDARDS
ppl-1.0/instchk.hh
ppl-1.0/m4/
ppl-1.0/m4/ac_prog_javah.m4
ppl-1.0/m4/Makefile.in
ppl-1.0/m4/ac_check_yap.m4
ppl-1.0/m4/ppl_c.m4
ppl-1.0/m4/ac_cxx_ieee_inexact_flag.m4
ppl-1.0/m4/ac_check_fpu_control.m4
ppl-1.0/m4/ac_prog_jar.m4
ppl-1.0/m4/ac_check_gmp.m4
ppl-1.0/m4/ac_cxx_proper_long_double.m4
ppl-1.0/m4/ocaml.m4
ppl-1.0/m4/ac_cxx_zero_length_arrays.m4
ppl-1.0/m4/ac_cxx_limit_memory.m4
ppl-1.0/m4/ppl.m4
ppl-1.0/m4/lt~obsolete.m4
ppl-1.0/m4/ac_cxx_double_binary_format.m4
ppl-1.0/m4/ac_prog_javac.m4
ppl-1.0/m4/ac_cxx_long_double_binary_format.m4
ppl-1.0/m4/m4.m4
ppl-1.0/m4/ltsugar.m4
ppl-1.0/m4/ltversion.m4
ppl-1.0/m4/ac_check_swi_prolog.m4
ppl-1.0/m4/ac_text_md5sum.m4
ppl-1.0/m4/ac_cxx_float_binary_format.m4
ppl-1.0/m4/libtool.m4
ppl-1.0/m4/ac_check_classpath.m4
ppl-1.0/m4/ac_check_ciao.m4
ppl-1.0/m4/ac_check_xsb_prolog.m4
ppl-1.0/m4/ltoptions.m4
ppl-1.0/m4/ac_check_sicstus_prolog.m4
ppl-1.0/m4/ac_prog_java.m4
ppl-1.0/m4/Makefile.am
ppl-1.0/m4/ac_cxx_plain_char_is_signed.m4
ppl-1.0/m4/ac_cxx_attribute_weak.m4
ppl-1.0/install-sh
ppl-1.0/CREDITS
ppl-1.0/COPYING
ppl-1.0/ppl-config.sed
ppl-1.0/ppl-config.h.in
ppl-1.0/mkinstalldirs
ppl-1.0/depcomp
ppl-1.0/demos/
ppl-1.0/demos/Makefile.in
ppl-1.0/demos/ppl_lcdd/
ppl-1.0/demos/ppl_lcdd/expected_mpz
ppl-1.0/demos/ppl_lcdd/Makefile.in
ppl-1.0/demos/ppl_lcdd/expected_int8
ppl-1.0/demos/ppl_lcdd/ppl_lcdd.cc
ppl-1.0/demos/ppl_lcdd/expected_int64_a
ppl-1.0/demos/ppl_lcdd/expected_int16_a
ppl-1.0/demos/ppl_lcdd/expected_int32_a
ppl-1.0/demos/ppl_lcdd/ppl_lcdd.1
ppl-1.0/demos/ppl_lcdd/expected_int8_a
ppl-1.0/demos/ppl_lcdd/expected_int32
ppl-1.0/demos/ppl_lcdd/expected_int64
ppl-1.0/demos/ppl_lcdd/expected_mpz_a
ppl-1.0/demos/ppl_lcdd/expected_int16
ppl-1.0/demos/ppl_lcdd/examples/
ppl-1.0/demos/ppl_lcdd/examples/cp6.ext
ppl-1.0/demos/ppl_lcdd/examples/1d.ine
ppl-1.0/demos/ppl_lcdd/examples/cube.ine
ppl-1.0/demos/ppl_lcdd/examples/ccp4.ext
ppl-1.0/demos/ppl_lcdd/examples/samplev1.ext
ppl-1.0/demos/ppl_lcdd/examples/cut32_16.ext
ppl-1.0/demos/ppl_lcdd/examples/mit41-16.ine
ppl-1.0/demos/ppl_lcdd/examples/dcube8.ext
ppl-1.0/demos/ppl_lcdd/examples/trunc7.ine
ppl-1.0/demos/ppl_lcdd/examples/cross12.ine
ppl-1.0/demos/ppl_lcdd/examples/kkd38_6.ine
ppl-1.0/demos/ppl_lcdd/examples/Makefile.in
ppl-1.0/demos/ppl_lcdd/examples/reg24-5.ext
ppl-1.0/demos/ppl_lcdd/examples/ccc4.ext
ppl-1.0/demos/ppl_lcdd/examples/mit288-281.ine
ppl-1.0/demos/ppl_lcdd/examples/ex1.ine
ppl-1.0/demos/ppl_lcdd/examples/metric40_11.ine
ppl-1.0/demos/ppl_lcdd/examples/cross4.ine
ppl-1.0/demos/ppl_lcdd/examples/cubetop.ine
ppl-1.0/demos/ppl_lcdd/examples/README
ppl-1.0/demos/ppl_lcdd/examples/dcube3.ext
ppl-1.0/demos/ppl_lcdd/examples/project2res.ine
ppl-1.0/demos/ppl_lcdd/examples/diamond.ine
ppl-1.0/demos/ppl_lcdd/examples/sampleh3.ine
ppl-1.0/demos/ppl_lcdd/examples/reg24-5.ine
ppl-1.0/demos/ppl_lcdd/examples/in4.ine
ppl-1.0/demos/ppl_lcdd/examples/samplev3.ext
ppl-1.0/demos/ppl_lcdd/examples/cross8.ine
ppl-1.0/demos/ppl_lcdd/examples/tsp5.ine
ppl-1.0/demos/ppl_lcdd/examples/cube3.ine
ppl-1.0/demos/ppl_lcdd/examples/integralpoints.ine
ppl-1.0/demos/ppl_lcdd/examples/in3.ine
ppl-1.0/demos/ppl_lcdd/examples/dcube6.ext
ppl-1.0/demos/ppl_lcdd/examples/infeas.ine
ppl-1.0/demos/ppl_lcdd/examples/hexocta.ine
ppl-1.0/demos/ppl_lcdd/examples/sampleh8.ine
ppl-1.0/demos/ppl_lcdd/examples/mp5.ine
ppl-1.0/demos/ppl_lcdd/examples/1da.ine
ppl-1.0/demos/ppl_lcdd/examples/mit90-86.ine
ppl-1.0/demos/ppl_lcdd/examples/in7.ine
ppl-1.0/demos/ppl_lcdd/examples/cubocta.ine
ppl-1.0/demos/ppl_lcdd/examples/ccp6.ext
ppl-1.0/demos/ppl_lcdd/examples/cube10.ine
ppl-1.0/demos/ppl_lcdd/examples/dcube12.ext
ppl-1.0/demos/ppl_lcdd/examples/in1.ine
ppl-1.0/demos/ppl_lcdd/examples/project1_m.ine
ppl-1.0/demos/ppl_lcdd/examples/tsp5.ext
ppl-1.0/demos/ppl_lcdd/examples/cp7.ext
ppl-1.0/demos/ppl_lcdd/examples/kkd27_5.ine
ppl-1.0/demos/ppl_lcdd/examples/origin.ine
ppl-1.0/demos/ppl_lcdd/examples/in5.ine
ppl-1.0/demos/ppl_lcdd/examples/nonfull.ine
ppl-1.0/demos/ppl_lcdd/examples/metric80_16.ine
ppl-1.0/demos/ppl_lcdd/examples/cube8.ine
ppl-1.0/demos/ppl_lcdd/examples/redcheck.ext
ppl-1.0/demos/ppl_lcdd/examples/grcubocta.ine
ppl-1.0/demos/ppl_lcdd/examples/sampleh4.ine
ppl-1.0/demos/ppl_lcdd/examples/kkd18_4.ine
ppl-1.0/demos/ppl_lcdd/examples/cyclic14-8.ext
ppl-1.0/demos/ppl_lcdd/examples/cp5.ext
ppl-1.0/demos/ppl_lcdd/examples/ccp5.ext
ppl-1.0/demos/ppl_lcdd/examples/mit71-61.ine
ppl-1.0/demos/ppl_lcdd/examples/mp5.ext
ppl-1.0/demos/ppl_lcdd/examples/kq20_11_m.ine
ppl-1.0/demos/ppl_lcdd/examples/sampleh2.ine
ppl-1.0/demos/ppl_lcdd/examples/mit708-9.ine
ppl-1.0/demos/ppl_lcdd/examples/rcubocta.ine
ppl-1.0/demos/ppl_lcdd/examples/cube.ext
ppl-1.0/demos/ppl_lcdd/examples/ccc5.ext
ppl-1.0/demos/ppl_lcdd/examples/allzero.ine
ppl-1.0/demos/ppl_lcdd/examples/dcube10.ext
ppl-1.0/demos/ppl_lcdd/examples/cross10.ine
ppl-1.0/demos/ppl_lcdd/examples/sampleh6.ine
ppl-1.0/demos/ppl_lcdd/examples/reg600-5_m.ext
ppl-1.0/demos/ppl_lcdd/examples/cp6.ine
ppl-1.0/demos/ppl_lcdd/examples/cube12.ine
ppl-1.0/demos/ppl_lcdd/examples/in2.ine
ppl-1.0/demos/ppl_lcdd/examples/cyclic17_8.ine
ppl-1.0/demos/ppl_lcdd/examples/irbox200-4.ext
ppl-1.0/demos/ppl_lcdd/examples/icododeca_m.ine
ppl-1.0/demos/ppl_lcdd/examples/cyc.ine
ppl-1.0/demos/ppl_lcdd/examples/cut16_11.ext
ppl-1.0/demos/ppl_lcdd/examples/mp6.ine
ppl-1.0/demos/ppl_lcdd/examples/cross6.ine
ppl-1.0/demos/ppl_lcdd/examples/in0.ine
ppl-1.0/demos/ppl_lcdd/examples/in6.ine
ppl-1.0/demos/ppl_lcdd/examples/rhomtria_m.ine
ppl-1.0/demos/ppl_lcdd/examples/prodst62.ext
ppl-1.0/demos/ppl_lcdd/examples/cyclic16-10.ext
ppl-1.0/demos/ppl_lcdd/examples/cyclic10-4.ext
ppl-1.0/demos/ppl_lcdd/examples/cyclic12-6.ext
ppl-1.0/demos/ppl_lcdd/examples/ccc6.ext
ppl-1.0/demos/ppl_lcdd/examples/cp4.ext
ppl-1.0/demos/ppl_lcdd/examples/sampleh7.ine
ppl-1.0/demos/ppl_lcdd/examples/sampleh5.ine
ppl-1.0/demos/ppl_lcdd/examples/irbox20-4.ext
ppl-1.0/demos/ppl_lcdd/examples/sample.ine
ppl-1.0/demos/ppl_lcdd/examples/cube6.ine
ppl-1.0/demos/ppl_lcdd/examples/cp4.ine
ppl-1.0/demos/ppl_lcdd/examples/mp5a.ine
ppl-1.0/demos/ppl_lcdd/examples/project2_m.ine
ppl-1.0/demos/ppl_lcdd/examples/samplev2.ext
ppl-1.0/demos/ppl_lcdd/examples/project1res.ine
ppl-1.0/demos/ppl_lcdd/examples/mit31-20.ine
ppl-1.0/demos/ppl_lcdd/examples/mit.ine
ppl-1.0/demos/ppl_lcdd/examples/sampleh1.ine
ppl-1.0/demos/ppl_lcdd/examples/cp5.ine
ppl-1.0/demos/ppl_lcdd/examples/Makefile.am
ppl-1.0/demos/ppl_lcdd/examples/cyclic25_13.ext
ppl-1.0/demos/ppl_lcdd/examples/dodeca_m.ine
ppl-1.0/demos/ppl_lcdd/examples/trunc10.ine
ppl-1.0/demos/ppl_lcdd/Makefile.am
ppl-1.0/demos/ppl_lpsol/
ppl-1.0/demos/ppl_lpsol/expected_mpz
ppl-1.0/demos/ppl_lpsol/Makefile.in
ppl-1.0/demos/ppl_lpsol/expected_int8
ppl-1.0/demos/ppl_lpsol/dummy.cc
ppl-1.0/demos/ppl_lpsol/expected_int64_a
ppl-1.0/demos/ppl_lpsol/expected_int16_a
ppl-1.0/demos/ppl_lpsol/expected_int32_a
ppl-1.0/demos/ppl_lpsol/expected_int8_a
ppl-1.0/demos/ppl_lpsol/expected_int32
ppl-1.0/demos/ppl_lpsol/expected_int64
ppl-1.0/demos/ppl_lpsol/expected_mpz_a
ppl-1.0/demos/ppl_lpsol/expected_int16
ppl-1.0/demos/ppl_lpsol/ppl_lpsol.c
ppl-1.0/demos/ppl_lpsol/examples/
ppl-1.0/demos/ppl_lpsol/examples/ship08l.mps
ppl-1.0/demos/ppl_lpsol/examples/Makefile.in
ppl-1.0/demos/ppl_lpsol/examples/ex1.mps
ppl-1.0/demos/ppl_lpsol/examples/mas76.mps
ppl-1.0/demos/ppl_lpsol/examples/README
ppl-1.0/demos/ppl_lpsol/examples/ex12.mps
ppl-1.0/demos/ppl_lpsol/examples/markshare2.mps
ppl-1.0/demos/ppl_lpsol/examples/p0033.mps
ppl-1.0/demos/ppl_lpsol/examples/modglob.mps
ppl-1.0/demos/ppl_lpsol/examples/mip.mps
ppl-1.0/demos/ppl_lpsol/examples/adlittle.mps
ppl-1.0/demos/ppl_lpsol/examples/sc105.mps
ppl-1.0/demos/ppl_lpsol/examples/mas74.mps
ppl-1.0/demos/ppl_lpsol/examples/sc50a.mps
ppl-1.0/demos/ppl_lpsol/examples/blend.mps
ppl-1.0/demos/ppl_lpsol/examples/lseu.mps
ppl-1.0/demos/ppl_lpsol/examples/sc50b.mps
ppl-1.0/demos/ppl_lpsol/examples/pk1.mps
ppl-1.0/demos/ppl_lpsol/examples/unboundedmin.mps
ppl-1.0/demos/ppl_lpsol/examples/afiro.mps
ppl-1.0/demos/ppl_lpsol/examples/boeing1.mps
ppl-1.0/demos/ppl_lpsol/examples/boeing2.mps
ppl-1.0/demos/ppl_lpsol/examples/markshare1.mps
ppl-1.0/demos/ppl_lpsol/examples/opt1217.mps
ppl-1.0/demos/ppl_lpsol/examples/rout.mps
ppl-1.0/demos/ppl_lpsol/examples/egout.mps
ppl-1.0/demos/ppl_lpsol/examples/bgprtr.mps
ppl-1.0/demos/ppl_lpsol/examples/kb2.mps
ppl-1.0/demos/ppl_lpsol/examples/Makefile.am
ppl-1.0/demos/ppl_lpsol/examples/noswot.mps
ppl-1.0/demos/ppl_lpsol/examples/sample.mps
ppl-1.0/demos/ppl_lpsol/glpk_set_d_eps.c
ppl-1.0/demos/ppl_lpsol/ppl_lpsol.1
ppl-1.0/demos/ppl_lpsol/Makefile.am
ppl-1.0/demos/ppl_pips/
ppl-1.0/demos/ppl_pips/expected_mpz
ppl-1.0/demos/ppl_pips/Makefile.in
ppl-1.0/demos/ppl_pips/expected_int8
ppl-1.0/demos/ppl_pips/expected_int64_a
ppl-1.0/demos/ppl_pips/expected_int16_a
ppl-1.0/demos/ppl_pips/expected_int32_a
ppl-1.0/demos/ppl_pips/ppl_pips.cc
ppl-1.0/demos/ppl_pips/ppl_pips.1
ppl-1.0/demos/ppl_pips/expected_int8_a
ppl-1.0/demos/ppl_pips/expected_int32
ppl-1.0/demos/ppl_pips/expected_int64
ppl-1.0/demos/ppl_pips/expected_mpz_a
ppl-1.0/demos/ppl_pips/expected_int16
ppl-1.0/demos/ppl_pips/examples/
ppl-1.0/demos/ppl_pips/examples/big.pip
ppl-1.0/demos/ppl_pips/examples/Makefile.in
ppl-1.0/demos/ppl_pips/examples/maxb.dat
ppl-1.0/demos/ppl_pips/examples/cg1.pip
ppl-1.0/demos/ppl_pips/examples/linear.dat
ppl-1.0/demos/ppl_pips/examples/square.pip
ppl-1.0/demos/ppl_pips/examples/README
ppl-1.0/demos/ppl_pips/examples/max.dat
ppl-1.0/demos/ppl_pips/examples/rairoi.dat
ppl-1.0/demos/ppl_pips/examples/test02.dat
ppl-1.0/demos/ppl_pips/examples/invert.dat
ppl-1.0/demos/ppl_pips/examples/esced.pip
ppl-1.0/demos/ppl_pips/examples/brisebarre.pip
ppl-1.0/demos/ppl_pips/examples/test12i.dat
ppl-1.0/demos/ppl_pips/examples/sor1d.pip
ppl-1.0/demos/ppl_pips/examples/loz.dat
ppl-1.0/demos/ppl_pips/examples/pairi.dat
ppl-1.0/demos/ppl_pips/examples/lineri.dat
ppl-1.0/demos/ppl_pips/examples/ex2.pip
ppl-1.0/demos/ppl_pips/examples/petit.dat
ppl-1.0/demos/ppl_pips/examples/fimmel.pip
ppl-1.0/demos/ppl_pips/examples/Makefile.am
ppl-1.0/demos/ppl_pips/examples/max.pip
ppl-1.0/demos/ppl_pips/Makefile.am
ppl-1.0/demos/Makefile.am
ppl-1.0/tests/
ppl-1.0/tests/Octagonal_Shape/
ppl-1.0/tests/Octagonal_Shape/bounded1.cc
ppl-1.0/tests/Octagonal_Shape/upperboundifexact1.cc
ppl-1.0/tests/Octagonal_Shape/cc76extrapolation1.cc
ppl-1.0/tests/Octagonal_Shape/Makefile.in
ppl-1.0/tests/Octagonal_Shape/concatenate1.cc
ppl-1.0/tests/Octagonal_Shape/limitedbhmz05extrapolation1.cc
ppl-1.0/tests/Octagonal_Shape/addspacedims1.cc
ppl-1.0/tests/Octagonal_Shape/chinainit.cc
ppl-1.0/tests/Octagonal_Shape/minconstraints1.cc
ppl-1.0/tests/Octagonal_Shape/bhz03widening1.cc
ppl-1.0/tests/Octagonal_Shape/membytes1.cc
ppl-1.0/tests/Octagonal_Shape/relatwithgen1.cc
ppl-1.0/tests/Octagonal_Shape/universe1.cc
ppl-1.0/tests/Octagonal_Shape/disjoint1.cc
ppl-1.0/tests/Octagonal_Shape/affinedimension1.cc
ppl-1.0/tests/Octagonal_Shape/unconstrain1.cc
ppl-1.0/tests/Octagonal_Shape/cc76narrowing1.cc
ppl-1.0/tests/Octagonal_Shape/fromgensys1.cc
ppl-1.0/tests/Octagonal_Shape/fromoctagonalshape1.cc
ppl-1.0/tests/Octagonal_Shape/difference1.cc
ppl-1.0/tests/Octagonal_Shape/boundedaffineimage1.cc
ppl-1.0/tests/Octagonal_Shape/max_min2.cc
ppl-1.0/tests/Octagonal_Shape/mapspacedims1.cc
ppl-1.0/tests/Octagonal_Shape/generalizedaffinepreimage3.cc
ppl-1.0/tests/Octagonal_Shape/simplifyusingcontext1.cc
ppl-1.0/tests/Octagonal_Shape/dropsomenonintegerpoints1.cc
ppl-1.0/tests/Octagonal_Shape/generalizedaffineimage1.cc
ppl-1.0/tests/Octagonal_Shape/bounds1.cc
ppl-1.0/tests/Octagonal_Shape/relatwithcons3.cc
ppl-1.0/tests/Octagonal_Shape/generalizedaffineimage4.cc
ppl-1.0/tests/Octagonal_Shape/generalizedaffinepreimage1.cc
ppl-1.0/tests/Octagonal_Shape/bhmz05widening1.cc
ppl-1.0/tests/Octagonal_Shape/contains1.cc
ppl-1.0/tests/Octagonal_Shape/intersection1.cc
ppl-1.0/tests/Octagonal_Shape/removespacedims1.cc
ppl-1.0/tests/Octagonal_Shape/affinepreimage1.cc
ppl-1.0/tests/Octagonal_Shape/generalizedaffinepreimage4.cc
ppl-1.0/tests/Octagonal_Shape/run_tests
ppl-1.0/tests/Octagonal_Shape/max_min1.cc
ppl-1.0/tests/Octagonal_Shape/foldspacedims1.cc
ppl-1.0/tests/Octagonal_Shape/integerupperboundifexact1.cc
ppl-1.0/tests/Octagonal_Shape/empty1.cc
ppl-1.0/tests/Octagonal_Shape/limitedcc76extrapolation1.cc
ppl-1.0/tests/Octagonal_Shape/frompolyhedron1.cc
ppl-1.0/tests/Octagonal_Shape/ascii_dump_load1.cc
ppl-1.0/tests/Octagonal_Shape/upperbound1.cc
ppl-1.0/tests/Octagonal_Shape/congruences1.cc
ppl-1.0/tests/Octagonal_Shape/affineimage1.cc
ppl-1.0/tests/Octagonal_Shape/constrains1.cc
ppl-1.0/tests/Octagonal_Shape/discrete1.cc
ppl-1.0/tests/Octagonal_Shape/wrap1.cc
ppl-1.0/tests/Octagonal_Shape/constraints1.cc
ppl-1.0/tests/Octagonal_Shape/frombox1.cc
ppl-1.0/tests/Octagonal_Shape/containsintegerpoint1.cc
ppl-1.0/tests/Octagonal_Shape/generalizedaffinepreimage2.cc
ppl-1.0/tests/Octagonal_Shape/timeelapse1.cc
ppl-1.0/tests/Octagonal_Shape/generalizedaffineimage3.cc
ppl-1.0/tests/Octagonal_Shape/affinepreimage2.cc
ppl-1.0/tests/Octagonal_Shape/relatwithcons1.cc
ppl-1.0/tests/Octagonal_Shape/fromspacedim1.cc
ppl-1.0/tests/Octagonal_Shape/maxspacedim1.cc
ppl-1.0/tests/Octagonal_Shape/expandspacedim1.cc
ppl-1.0/tests/Octagonal_Shape/relatwithcons2.cc
ppl-1.0/tests/Octagonal_Shape/generalizedaffineimage2.cc
ppl-1.0/tests/Octagonal_Shape/frombdshape1.cc
ppl-1.0/tests/Octagonal_Shape/generalizedaffineimage5.cc
ppl-1.0/tests/Octagonal_Shape/fromgrid1.cc
ppl-1.0/tests/Octagonal_Shape/writeoctagon1.cc
ppl-1.0/tests/Octagonal_Shape/Makefile.am
ppl-1.0/tests/Octagonal_Shape/frequency1.cc
ppl-1.0/tests/Octagonal_Shape/boundedaffinepreimage1.cc
ppl-1.0/tests/Octagonal_Shape/affineimage2.cc
ppl-1.0/tests/Makefile.in
ppl-1.0/tests/ppl_test.cc
ppl-1.0/tests/CO_Tree/
ppl-1.0/tests/CO_Tree/Makefile.in
ppl-1.0/tests/CO_Tree/cotree1.cc
ppl-1.0/tests/CO_Tree/Makefile.am
ppl-1.0/tests/Box/
ppl-1.0/tests/Box/bounded1.cc
ppl-1.0/tests/Box/cc76widening.cc
ppl-1.0/tests/Box/equality1.cc
ppl-1.0/tests/Box/upperboundifexact1.cc
ppl-1.0/tests/Box/Makefile.in
ppl-1.0/tests/Box/concatenate1.cc
ppl-1.0/tests/Box/addspacedims1.cc
ppl-1.0/tests/Box/relations3.cc
ppl-1.0/tests/Box/minconstraints1.cc
ppl-1.0/tests/Box/relations4.cc
ppl-1.0/tests/Box/bhz03widening1.cc
ppl-1.0/tests/Box/membytes1.cc
ppl-1.0/tests/Box/geomcovers1.cc
ppl-1.0/tests/Box/universe1.cc
ppl-1.0/tests/Box/disjoint1.cc
ppl-1.0/tests/Box/affinedimension1.cc
ppl-1.0/tests/Box/unconstrain1.cc
ppl-1.0/tests/Box/cc76narrowing1.cc
ppl-1.0/tests/Box/interval1.cc
ppl-1.0/tests/Box/fromgensys1.cc
ppl-1.0/tests/Box/frompartiallyreducedproduct1.cc
ppl-1.0/tests/Box/difference1.cc
ppl-1.0/tests/Box/boundedaffineimage1.cc
ppl-1.0/tests/Box/mapspacedims1.cc
ppl-1.0/tests/Box/simplifyusingcontext1.cc
ppl-1.0/tests/Box/relations1.cc
ppl-1.0/tests/Box/generalizedaffineimage1.cc
ppl-1.0/tests/Box/generalizedaffinepreimage1.cc
ppl-1.0/tests/Box/contains1.cc
ppl-1.0/tests/Box/writebox1.cc
ppl-1.0/tests/Box/refinewithconstraints2.cc
ppl-1.0/tests/Box/intersection1.cc
ppl-1.0/tests/Box/topclosed1.cc
ppl-1.0/tests/Box/removespacedims1.cc
ppl-1.0/tests/Box/affinepreimage1.cc
ppl-1.0/tests/Box/run_tests
ppl-1.0/tests/Box/max_min1.cc
ppl-1.0/tests/Box/foldspacedims1.cc
ppl-1.0/tests/Box/empty1.cc
ppl-1.0/tests/Box/limitedcc76extrapolation1.cc
ppl-1.0/tests/Box/frompolyhedron1.cc
ppl-1.0/tests/Box/ascii_dump_load1.cc
ppl-1.0/tests/Box/upperbound1.cc
ppl-1.0/tests/Box/congruences1.cc
ppl-1.0/tests/Box/refinewithcongruence1.cc
ppl-1.0/tests/Box/affineimage1.cc
ppl-1.0/tests/Box/relations2.cc
ppl-1.0/tests/Box/constrains1.cc
ppl-1.0/tests/Box/discrete1.cc
ppl-1.0/tests/Box/wrap1.cc
ppl-1.0/tests/Box/constraints1.cc
ppl-1.0/tests/Box/frombox1.cc
ppl-1.0/tests/Box/containsintegerpoint1.cc
ppl-1.0/tests/Box/timeelapse1.cc
ppl-1.0/tests/Box/bgp99extrapolation1.cc
ppl-1.0/tests/Box/refinewithconstraint2.cc
ppl-1.0/tests/Box/frompolyhedron2.cc
ppl-1.0/tests/Box/fromspacedim1.cc
ppl-1.0/tests/Box/maxspacedim1.cc
ppl-1.0/tests/Box/expandspacedim1.cc
ppl-1.0/tests/Box/propagateconstraints2.cc
ppl-1.0/tests/Box/generalizedaffineimage2.cc
ppl-1.0/tests/Box/refinewithconstraints1.cc
ppl-1.0/tests/Box/addconstraints1.cc
ppl-1.0/tests/Box/frombdshape1.cc
ppl-1.0/tests/Box/fromgrid1.cc
ppl-1.0/tests/Box/Makefile.am
ppl-1.0/tests/Box/refinewithconstraint1.cc
ppl-1.0/tests/Box/refinewithcongruences1.cc
ppl-1.0/tests/Box/frequency1.cc
ppl-1.0/tests/Box/boundedaffinepreimage1.cc
ppl-1.0/tests/Box/propagateconstraints1.cc
ppl-1.0/tests/Concrete_Expression/
ppl-1.0/tests/Concrete_Expression/Makefile.in
ppl-1.0/tests/Concrete_Expression/bdshape1.cc
ppl-1.0/tests/Concrete_Expression/octagonalshape2.cc
ppl-1.0/tests/Concrete_Expression/bdshape2.cc
ppl-1.0/tests/Concrete_Expression/linearize.cc
ppl-1.0/tests/Concrete_Expression/polyhedron2.cc
ppl-1.0/tests/Concrete_Expression/linearform1.cc
ppl-1.0/tests/Concrete_Expression/run_tests
ppl-1.0/tests/Concrete_Expression/C_Expr.inlines.hh
ppl-1.0/tests/Concrete_Expression/octagonalshape1.cc
ppl-1.0/tests/Concrete_Expression/polyhedron1.cc
ppl-1.0/tests/Concrete_Expression/C_Expr.cc
ppl-1.0/tests/Concrete_Expression/digitalfilters1.cc
ppl-1.0/tests/Concrete_Expression/Makefile.am
ppl-1.0/tests/Concrete_Expression/C_Expr.defs.hh
ppl-1.0/tests/BD_Shape/
ppl-1.0/tests/BD_Shape/bounded1.cc
ppl-1.0/tests/BD_Shape/equality1.cc
ppl-1.0/tests/BD_Shape/upperboundifexact1.cc
ppl-1.0/tests/BD_Shape/cc76extrapolation1.cc
ppl-1.0/tests/BD_Shape/Makefile.in
ppl-1.0/tests/BD_Shape/concatenate1.cc
ppl-1.0/tests/BD_Shape/limitedbhmz05extrapolation1.cc
ppl-1.0/tests/BD_Shape/addspacedims1.cc
ppl-1.0/tests/BD_Shape/relations3.cc
ppl-1.0/tests/BD_Shape/limitedh79extrapolation1.cc
ppl-1.0/tests/BD_Shape/minconstraints1.cc
ppl-1.0/tests/BD_Shape/relations4.cc
ppl-1.0/tests/BD_Shape/bhz03widening1.cc
ppl-1.0/tests/BD_Shape/membytes1.cc
ppl-1.0/tests/BD_Shape/geomcovers1.cc
ppl-1.0/tests/BD_Shape/universe1.cc
ppl-1.0/tests/BD_Shape/disjoint1.cc
ppl-1.0/tests/BD_Shape/affinedimension1.cc
ppl-1.0/tests/BD_Shape/unconstrain1.cc
ppl-1.0/tests/BD_Shape/cc76narrowing1.cc
ppl-1.0/tests/BD_Shape/writebdshape1.cc
ppl-1.0/tests/BD_Shape/fromgensys1.cc
ppl-1.0/tests/BD_Shape/fromoctagonalshape1.cc
ppl-1.0/tests/BD_Shape/difference1.cc
ppl-1.0/tests/BD_Shape/boundedaffineimage1.cc
ppl-1.0/tests/BD_Shape/max_min2.cc
ppl-1.0/tests/BD_Shape/mapspacedims1.cc
ppl-1.0/tests/BD_Shape/generalizedaffinepreimage3.cc
ppl-1.0/tests/BD_Shape/simplifyusingcontext1.cc
ppl-1.0/tests/BD_Shape/dropsomenonintegerpoints1.cc
ppl-1.0/tests/BD_Shape/relations1.cc
ppl-1.0/tests/BD_Shape/generalizedaffineimage1.cc
ppl-1.0/tests/BD_Shape/bounds1.cc
ppl-1.0/tests/BD_Shape/generalizedaffinepreimage1.cc
ppl-1.0/tests/BD_Shape/bhmz05widening1.cc
ppl-1.0/tests/BD_Shape/contains1.cc
ppl-1.0/tests/BD_Shape/intersection1.cc
ppl-1.0/tests/BD_Shape/removespacedims1.cc
ppl-1.0/tests/BD_Shape/affinepreimage1.cc
ppl-1.0/tests/BD_Shape/run_tests
ppl-1.0/tests/BD_Shape/max_min1.cc
ppl-1.0/tests/BD_Shape/foldspacedims1.cc
ppl-1.0/tests/BD_Shape/integerupperboundifexact1.cc
ppl-1.0/tests/BD_Shape/empty1.cc
ppl-1.0/tests/BD_Shape/limitedcc76extrapolation1.cc
ppl-1.0/tests/BD_Shape/frompolyhedron1.cc
ppl-1.0/tests/BD_Shape/ascii_dump_load1.cc
ppl-1.0/tests/BD_Shape/upperbound1.cc
ppl-1.0/tests/BD_Shape/congruences1.cc
ppl-1.0/tests/BD_Shape/affineimage1.cc
ppl-1.0/tests/BD_Shape/relations2.cc
ppl-1.0/tests/BD_Shape/constrains1.cc
ppl-1.0/tests/BD_Shape/discrete1.cc
ppl-1.0/tests/BD_Shape/wrap1.cc
ppl-1.0/tests/BD_Shape/constraints1.cc
ppl-1.0/tests/BD_Shape/frombox1.cc
ppl-1.0/tests/BD_Shape/containsintegerpoint1.cc
ppl-1.0/tests/BD_Shape/generalizedaffinepreimage2.cc
ppl-1.0/tests/BD_Shape/timeelapse1.cc
ppl-1.0/tests/BD_Shape/bgp99extrapolation1.cc
ppl-1.0/tests/BD_Shape/fromspacedim1.cc
ppl-1.0/tests/BD_Shape/closure1.cc
ppl-1.0/tests/BD_Shape/maxspacedim1.cc
ppl-1.0/tests/BD_Shape/expandspacedim1.cc
ppl-1.0/tests/BD_Shape/generalizedaffineimage2.cc
ppl-1.0/tests/BD_Shape/addconstraints1.cc
ppl-1.0/tests/BD_Shape/frombdshape1.cc
ppl-1.0/tests/BD_Shape/h79widening1.cc
ppl-1.0/tests/BD_Shape/fromgrid1.cc
ppl-1.0/tests/BD_Shape/Makefile.am
ppl-1.0/tests/BD_Shape/frequency1.cc
ppl-1.0/tests/BD_Shape/boundedaffinepreimage1.cc
ppl-1.0/tests/BD_Shape/affineimage2.cc
ppl-1.0/tests/README
ppl-1.0/tests/Partially_Reduced_Product/
ppl-1.0/tests/Partially_Reduced_Product/bounded1.cc
ppl-1.0/tests/Partially_Reduced_Product/Makefile.in
ppl-1.0/tests/Partially_Reduced_Product/concatenate1.cc
ppl-1.0/tests/Partially_Reduced_Product/directproduct1.cc
ppl-1.0/tests/Partially_Reduced_Product/isuniverse1.cc
ppl-1.0/tests/Partially_Reduced_Product/maxmin1.cc
ppl-1.0/tests/Partially_Reduced_Product/disjoint1.cc
ppl-1.0/tests/Partially_Reduced_Product/fromoctagonalshape1.cc
ppl-1.0/tests/Partially_Reduced_Product/difference1.cc
ppl-1.0/tests/Partially_Reduced_Product/boundedaffineimage1.cc
ppl-1.0/tests/Partially_Reduced_Product/dropsomenonintegerpoints1.cc
ppl-1.0/tests/Partially_Reduced_Product/relations1.cc
ppl-1.0/tests/Partially_Reduced_Product/generalizedaffineimage1.cc
ppl-1.0/tests/Partially_Reduced_Product/bounds1.cc
ppl-1.0/tests/Partially_Reduced_Product/smashproduct1.cc
ppl-1.0/tests/Partially_Reduced_Product/contains1.cc
ppl-1.0/tests/Partially_Reduced_Product/constraintsproduct1.cc
ppl-1.0/tests/Partially_Reduced_Product/intersection1.cc
ppl-1.0/tests/Partially_Reduced_Product/topclosed1.cc
ppl-1.0/tests/Partially_Reduced_Product/congruencesproduct1.cc
ppl-1.0/tests/Partially_Reduced_Product/frompolyhedron1.cc
ppl-1.0/tests/Partially_Reduced_Product/upperbound1.cc
ppl-1.0/tests/Partially_Reduced_Product/congruences1.cc
ppl-1.0/tests/Partially_Reduced_Product/affineimage1.cc
ppl-1.0/tests/Partially_Reduced_Product/discrete1.cc
ppl-1.0/tests/Partially_Reduced_Product/constraints1.cc
ppl-1.0/tests/Partially_Reduced_Product/frombox1.cc
ppl-1.0/tests/Partially_Reduced_Product/timeelapse1.cc
ppl-1.0/tests/Partially_Reduced_Product/partially_reduced_product_test.hh
ppl-1.0/tests/Partially_Reduced_Product/shapepreservingproduct1.cc
ppl-1.0/tests/Partially_Reduced_Product/spacedims1.cc
ppl-1.0/tests/Partially_Reduced_Product/addcongruences1.cc
ppl-1.0/tests/Partially_Reduced_Product/isempty1.cc
ppl-1.0/tests/Partially_Reduced_Product/refinewithconstraints1.cc
ppl-1.0/tests/Partially_Reduced_Product/asciidumpload1.cc
ppl-1.0/tests/Partially_Reduced_Product/frombdshape1.cc
ppl-1.0/tests/Partially_Reduced_Product/equals1.cc
ppl-1.0/tests/Partially_Reduced_Product/fromgrid1.cc
ppl-1.0/tests/Partially_Reduced_Product/Makefile.am
ppl-1.0/tests/Partially_Reduced_Product/topclosure1.cc
ppl-1.0/tests/Partially_Reduced_Product/dimension1.cc
ppl-1.0/tests/Partially_Reduced_Product/fromproduct1.cc
ppl-1.0/tests/Partially_Reduced_Product/refinewithcongruences1.cc
ppl-1.0/tests/Random_Number_Generator.defs.hh
ppl-1.0/tests/PIP_Problem/
ppl-1.0/tests/PIP_Problem/exceptions1.cc
ppl-1.0/tests/PIP_Problem/weightwatch1.cc
ppl-1.0/tests/PIP_Problem/Makefile.in
ppl-1.0/tests/PIP_Problem/pipproblem1.cc
ppl-1.0/tests/PIP_Problem/ascii_dump_load1.cc
ppl-1.0/tests/PIP_Problem/pipproblem3.cc
ppl-1.0/tests/PIP_Problem/pipproblem2.cc
ppl-1.0/tests/PIP_Problem/Makefile.am
ppl-1.0/tests/ppl_test.hh
ppl-1.0/tests/files.hh
ppl-1.0/tests/Polyhedron/
ppl-1.0/tests/Polyhedron/exceptions1.cc
ppl-1.0/tests/Polyhedron/bounded1.cc
ppl-1.0/tests/Polyhedron/linearpartition1.cc
ppl-1.0/tests/Polyhedron/weightwatch1.cc
ppl-1.0/tests/Polyhedron/limitedbhrz03extrapolation1.cc
ppl-1.0/tests/Polyhedron/termination2.cc
ppl-1.0/tests/Polyhedron/watchdog1.cc
ppl-1.0/tests/Polyhedron/Makefile.in
ppl-1.0/tests/Polyhedron/concatenate1.cc
ppl-1.0/tests/Polyhedron/dropsomenonintegerpoints2.cc
ppl-1.0/tests/Polyhedron/addspacedims1.cc
ppl-1.0/tests/Polyhedron/relations3.cc
ppl-1.0/tests/Polyhedron/addconstraints2.cc
ppl-1.0/tests/Polyhedron/h79widening2.cc
ppl-1.0/tests/Polyhedron/writeconsys1.cc
ppl-1.0/tests/Polyhedron/disjoint2.cc
ppl-1.0/tests/Polyhedron/limitedh79extrapolation1.cc
ppl-1.0/tests/Polyhedron/polyhullifexact2.cc
ppl-1.0/tests/Polyhedron/minconstraints1.cc
ppl-1.0/tests/Polyhedron/sparserow1.cc
ppl-1.0/tests/Polyhedron/bhz03widening1.cc
ppl-1.0/tests/Polyhedron/membytes1.cc
ppl-1.0/tests/Polyhedron/addconstraint1.cc
ppl-1.0/tests/Polyhedron/geomcovers1.cc
ppl-1.0/tests/Polyhedron/universe1.cc
ppl-1.0/tests/Polyhedron/disjoint1.cc
ppl-1.0/tests/Polyhedron/exceptions2.cc
ppl-1.0/tests/Polyhedron/unconstrain1.cc
ppl-1.0/tests/Polyhedron/foldspacedims2.cc
ppl-1.0/tests/Polyhedron/writepolyhedron1.cc
ppl-1.0/tests/Polyhedron/fromoctagonalshape1.cc
ppl-1.0/tests/Polyhedron/boundedaffineimage1.cc
ppl-1.0/tests/Polyhedron/mapspacedims1.cc
ppl-1.0/tests/Polyhedron/simplifyusingcontext1.cc
ppl-1.0/tests/Polyhedron/memory1.cc
ppl-1.0/tests/Polyhedron/dropsomenonintegerpoints1.cc
ppl-1.0/tests/Polyhedron/relations1.cc
ppl-1.0/tests/Polyhedron/generalizedaffineimage1.cc
ppl-1.0/tests/Polyhedron/bounds1.cc
ppl-1.0/tests/Polyhedron/polyhull2.cc
ppl-1.0/tests/Polyhedron/cnncconversion1.cc
ppl-1.0/tests/Polyhedron/bhrz03widening3.cc
ppl-1.0/tests/Polyhedron/polyhull1.cc
ppl-1.0/tests/Polyhedron/matrix1.cc
ppl-1.0/tests/Polyhedron/addgenerators1.cc
ppl-1.0/tests/Polyhedron/polydifference2.cc
ppl-1.0/tests/Polyhedron/generalizedaffinepreimage1.cc
ppl-1.0/tests/Polyhedron/contains1.cc
ppl-1.0/tests/Polyhedron/intersection1.cc
ppl-1.0/tests/Polyhedron/removespacedims2.cc
ppl-1.0/tests/Polyhedron/topclosed1.cc
ppl-1.0/tests/Polyhedron/contains2.cc
ppl-1.0/tests/Polyhedron/removespacedims1.cc
ppl-1.0/tests/Polyhedron/addgenerators2.cc
ppl-1.0/tests/Polyhedron/affinepreimage1.cc
ppl-1.0/tests/Polyhedron/addspacedims2.cc
ppl-1.0/tests/Polyhedron/bhrz03widening2.cc
ppl-1.0/tests/Polyhedron/writerelation1.cc
ppl-1.0/tests/Polyhedron/timeelapse2.cc
ppl-1.0/tests/Polyhedron/universe2.cc
ppl-1.0/tests/Polyhedron/bgp99extrapolation2.cc
ppl-1.0/tests/Polyhedron/writevariable1.cc
ppl-1.0/tests/Polyhedron/max_min1.cc
ppl-1.0/tests/Polyhedron/hybrid.cc
ppl-1.0/tests/Polyhedron/nncminimize2.cc
ppl-1.0/tests/Polyhedron/foldspacedims1.cc
ppl-1.0/tests/Polyhedron/ascii_dump_load2.cc
ppl-1.0/tests/Polyhedron/empty1.cc
ppl-1.0/tests/Polyhedron/generators1.cc
ppl-1.0/tests/Polyhedron/polydifference1.cc
ppl-1.0/tests/Polyhedron/ascii_dump_load1.cc
ppl-1.0/tests/Polyhedron/onepoint.cc
ppl-1.0/tests/Polyhedron/writepolyhedron2.cc
ppl-1.0/tests/Polyhedron/congruences1.cc
ppl-1.0/tests/Polyhedron/refinewithcongruence1.cc
ppl-1.0/tests/Polyhedron/wrap2.cc
ppl-1.0/tests/Polyhedron/linearsystem1.cc
ppl-1.0/tests/Polyhedron/append1.cc
ppl-1.0/tests/Polyhedron/exceptions3.cc
ppl-1.0/tests/Polyhedron/expandspacedim2.cc
ppl-1.0/tests/Polyhedron/affineimage1.cc
ppl-1.0/tests/Polyhedron/relations2.cc
ppl-1.0/tests/Polyhedron/ascii_dump_load3.cc
ppl-1.0/tests/Polyhedron/boundedbhrz03extrapolation1.cc
ppl-1.0/tests/Polyhedron/constrains1.cc
ppl-1.0/tests/Polyhedron/append2.cc
ppl-1.0/tests/Polyhedron/wrap1.cc
ppl-1.0/tests/Polyhedron/constraints1.cc
ppl-1.0/tests/Polyhedron/frombox1.cc
ppl-1.0/tests/Polyhedron/containsintegerpoint1.cc
ppl-1.0/tests/Polyhedron/generalizedaffinepreimage2.cc
ppl-1.0/tests/Polyhedron/permute.cc
ppl-1.0/tests/Polyhedron/timeelapse1.cc
ppl-1.0/tests/Polyhedron/polyhullifexact1.cc
ppl-1.0/tests/Polyhedron/bgp99extrapolation1.cc
ppl-1.0/tests/Polyhedron/dualhypercubes.cc
ppl-1.0/tests/Polyhedron/addcongruence1.cc
ppl-1.0/tests/Polyhedron/smm1.cc
ppl-1.0/tests/Polyhedron/termination1.cc
ppl-1.0/tests/Polyhedron/memory2.cc
ppl-1.0/tests/Polyhedron/randphull1.cc
ppl-1.0/tests/Polyhedron/linearexpression1.cc
ppl-1.0/tests/Polyhedron/mingenerators2.cc
ppl-1.0/tests/Polyhedron/nncminimize1.cc
ppl-1.0/tests/Polyhedron/minconstraints2.cc
ppl-1.0/tests/Polyhedron/addcongruences1.cc
ppl-1.0/tests/Polyhedron/mingenerators1.cc
ppl-1.0/tests/Polyhedron/writegensys1.cc
ppl-1.0/tests/Polyhedron/maxspacedim1.cc
ppl-1.0/tests/Polyhedron/expandspacedim1.cc
ppl-1.0/tests/Polyhedron/mc91.cc
ppl-1.0/tests/Polyhedron/addgenerator2.cc
ppl-1.0/tests/Polyhedron/generalizedaffineimage2.cc
ppl-1.0/tests/Polyhedron/refinewithconstraints1.cc
ppl-1.0/tests/Polyhedron/bhrz03widening1.cc
ppl-1.0/tests/Polyhedron/addgenerator1.cc
ppl-1.0/tests/Polyhedron/numberinput1.cc
ppl-1.0/tests/Polyhedron/frombox2.cc
ppl-1.0/tests/Polyhedron/addconstraints1.cc
ppl-1.0/tests/Polyhedron/frombdshape1.cc
ppl-1.0/tests/Polyhedron/variablesset1.cc
ppl-1.0/tests/Polyhedron/equals1.cc
ppl-1.0/tests/Polyhedron/h79widening1.cc
ppl-1.0/tests/Polyhedron/fromgrid1.cc
ppl-1.0/tests/Polyhedron/Makefile.am
ppl-1.0/tests/Polyhedron/topclosure1.cc
ppl-1.0/tests/Polyhedron/refinewithconstraint1.cc
ppl-1.0/tests/Polyhedron/affinetrans.cc
ppl-1.0/tests/Polyhedron/refinewithcongruences1.cc
ppl-1.0/tests/Polyhedron/frequency1.cc
ppl-1.0/tests/Polyhedron/boundedaffinepreimage1.cc
ppl-1.0/tests/Polyhedron/boundedh79extrapolation1.cc
ppl-1.0/tests/Polyhedron/affineimage2.cc
ppl-1.0/tests/Grid/
ppl-1.0/tests/Grid/bounded1.cc
ppl-1.0/tests/Grid/grid3.cc
ppl-1.0/tests/Grid/powersetgeometricallycovers1.cc
ppl-1.0/tests/Grid/Makefile.in
ppl-1.0/tests/Grid/concatenate1.cc
ppl-1.0/tests/Grid/addspacedims1.cc
ppl-1.0/tests/Grid/relations3.cc
ppl-1.0/tests/Grid/isuniverse1.cc
ppl-1.0/tests/Grid/upperbound2.cc
ppl-1.0/tests/Grid/maxmin1.cc
ppl-1.0/tests/Grid/bhz03widening1.cc
ppl-1.0/tests/Grid/membytes1.cc
ppl-1.0/tests/Grid/addconstraint1.cc
ppl-1.0/tests/Grid/disjoint1.cc
ppl-1.0/tests/Grid/dropnonintegerpoints1.cc
ppl-1.0/tests/Grid/unconstrain1.cc
ppl-1.0/tests/Grid/outputoperator3.cc
ppl-1.0/tests/Grid/fromoctagonalshape1.cc
ppl-1.0/tests/Grid/limitedextrapolation1.cc
ppl-1.0/tests/Grid/boundedaffineimage1.cc
ppl-1.0/tests/Grid/writecongruencesystem.cc
ppl-1.0/tests/Grid/mapspacedims1.cc
ppl-1.0/tests/Grid/generalizedaffinepreimage3.cc
ppl-1.0/tests/Grid/simplifyusingcontext1.cc
ppl-1.0/tests/Grid/relations1.cc
ppl-1.0/tests/Grid/generalizedaffineimage1.cc
ppl-1.0/tests/Grid/bounds1.cc
ppl-1.0/tests/Grid/asciidumpload5.cc
ppl-1.0/tests/Grid/asciidumpload4.cc
ppl-1.0/tests/Grid/addgenerators1.cc
ppl-1.0/tests/Grid/generalizedaffinepreimage1.cc
ppl-1.0/tests/Grid/contains1.cc
ppl-1.0/tests/Grid/limitedextrapolation3.cc
ppl-1.0/tests/Grid/powersetdifference1.cc
ppl-1.0/tests/Grid/intersection1.cc
ppl-1.0/tests/Grid/removespacedims2.cc
ppl-1.0/tests/Grid/topclosed1.cc
ppl-1.0/tests/Grid/removespacedims1.cc
ppl-1.0/tests/Grid/congruence1.cc
ppl-1.0/tests/Grid/affinepreimage1.cc
ppl-1.0/tests/Grid/limitedextrapolation2.cc
ppl-1.0/tests/Grid/approximatepartition1.cc
ppl-1.0/tests/Grid/widening2.cc
ppl-1.0/tests/Grid/foldspacedims1.cc
ppl-1.0/tests/Grid/griddifference1.cc
ppl-1.0/tests/Grid/generators1.cc
ppl-1.0/tests/Grid/grid2.cc
ppl-1.0/tests/Grid/frompolyhedron1.cc
ppl-1.0/tests/Grid/partition1.cc
ppl-1.0/tests/Grid/upperbound1.cc
ppl-1.0/tests/Grid/congruences1.cc
ppl-1.0/tests/Grid/asciidumpload6.cc
ppl-1.0/tests/Grid/affineimage1.cc
ppl-1.0/tests/Grid/generators2.cc
ppl-1.0/tests/Grid/relations2.cc
ppl-1.0/tests/Grid/widening3.cc
ppl-1.0/tests/Grid/discrete1.cc
ppl-1.0/tests/Grid/wrap1.cc
ppl-1.0/tests/Grid/constraints1.cc
ppl-1.0/tests/Grid/frombox1.cc
ppl-1.0/tests/Grid/containsintegerpoint1.cc
ppl-1.0/tests/Grid/generalizedaffinepreimage2.cc
ppl-1.0/tests/Grid/timeelapse1.cc
ppl-1.0/tests/Grid/grid1.cc
ppl-1.0/tests/Grid/generalizedaffineimage3.cc
ppl-1.0/tests/Grid/affinedim1.cc
ppl-1.0/tests/Grid/addcongruence1.cc
ppl-1.0/tests/Grid/outputoperator2.cc
ppl-1.0/tests/Grid/affinepreimage2.cc
ppl-1.0/tests/Grid/generator1.cc
ppl-1.0/tests/Grid/addcongruences1.cc
ppl-1.0/tests/Grid/mingenerators1.cc
ppl-1.0/tests/Grid/isempty1.cc
ppl-1.0/tests/Grid/expandspacedim1.cc
ppl-1.0/tests/Grid/outputoperator1.cc
ppl-1.0/tests/Grid/mincongruences1.cc
ppl-1.0/tests/Grid/certificate1.cc
ppl-1.0/tests/Grid/generalizedaffineimage2.cc
ppl-1.0/tests/Grid/refinewithconstraints1.cc
ppl-1.0/tests/Grid/addgenerator1.cc
ppl-1.0/tests/Grid/powersetgeometricallyequals1.cc
ppl-1.0/tests/Grid/asciidumpload3.cc
ppl-1.0/tests/Grid/asciidumpload1.cc
ppl-1.0/tests/Grid/addconstraints1.cc
ppl-1.0/tests/Grid/widening1.cc
ppl-1.0/tests/Grid/frombdshape1.cc
ppl-1.0/tests/Grid/equals1.cc
ppl-1.0/tests/Grid/fromgrid1.cc
ppl-1.0/tests/Grid/congruences2.cc
ppl-1.0/tests/Grid/Makefile.am
ppl-1.0/tests/Grid/topclosure1.cc
ppl-1.0/tests/Grid/refinewithcongruences1.cc
ppl-1.0/tests/Grid/frequency1.cc
ppl-1.0/tests/Grid/boundedaffinepreimage1.cc
ppl-1.0/tests/Grid/asciidumpload2.cc
ppl-1.0/tests/Grid/affineimage2.cc
ppl-1.0/tests/files.cc
ppl-1.0/tests/Powerset/
ppl-1.0/tests/Powerset/bounded1.cc
ppl-1.0/tests/Powerset/Makefile.in
ppl-1.0/tests/Powerset/concatenate1.cc
ppl-1.0/tests/Powerset/maxmin1.cc
ppl-1.0/tests/Powerset/membytes1.cc
ppl-1.0/tests/Powerset/universe1.cc
ppl-1.0/tests/Powerset/disjoint1.cc
ppl-1.0/tests/Powerset/relationwith1.cc
ppl-1.0/tests/Powerset/affinedimension1.cc
ppl-1.0/tests/Powerset/closed1.cc
ppl-1.0/tests/Powerset/fromoctagonalshape1.cc
ppl-1.0/tests/Powerset/difference1.cc
ppl-1.0/tests/Powerset/simplifyusingcontext1.cc
ppl-1.0/tests/Powerset/bounds1.cc
ppl-1.0/tests/Powerset/contains1.cc
ppl-1.0/tests/Powerset/intersection1.cc
ppl-1.0/tests/Powerset/affinepreimage1.cc
ppl-1.0/tests/Powerset/empty1.cc
ppl-1.0/tests/Powerset/frompolyhedron1.cc
ppl-1.0/tests/Powerset/upperbound1.cc
ppl-1.0/tests/Powerset/affineimage1.cc
ppl-1.0/tests/Powerset/meet1.cc
ppl-1.0/tests/Powerset/entails1.cc
ppl-1.0/tests/Powerset/collapse1.cc
ppl-1.0/tests/Powerset/discrete1.cc
ppl-1.0/tests/Powerset/frombox1.cc
ppl-1.0/tests/Powerset/containsintegerpoint1.cc
ppl-1.0/tests/Powerset/fromcongruences1.cc
ppl-1.0/tests/Powerset/size1.cc
ppl-1.0/tests/Powerset/refinewith1.cc
ppl-1.0/tests/Powerset/spacedims1.cc
ppl-1.0/tests/Powerset/addcongruences1.cc
ppl-1.0/tests/Powerset/closure1.cc
ppl-1.0/tests/Powerset/disjunct1.cc
ppl-1.0/tests/Powerset/addconstraints1.cc
ppl-1.0/tests/Powerset/frombdshape1.cc
ppl-1.0/tests/Powerset/equals1.cc
ppl-1.0/tests/Powerset/fromspacedimension1.cc
ppl-1.0/tests/Powerset/fromgrid1.cc
ppl-1.0/tests/Powerset/Makefile.am
ppl-1.0/tests/Powerset/fromconstraints1.cc
ppl-1.0/tests/Powerset/reduce1.cc
ppl-1.0/tests/Powerset/powerset1.cc
ppl-1.0/tests/Watchdog/
ppl-1.0/tests/Watchdog/watchdog1.cc
ppl-1.0/tests/Watchdog/Makefile.in
ppl-1.0/tests/Watchdog/Makefile.am
ppl-1.0/tests/Random_Number_Generator.types.hh
ppl-1.0/tests/valgrind_suppressions
ppl-1.0/tests/MIP_Problem/
ppl-1.0/tests/MIP_Problem/exceptions1.cc
ppl-1.0/tests/MIP_Problem/mipproblem2.cc
ppl-1.0/tests/MIP_Problem/Makefile.in
ppl-1.0/tests/MIP_Problem/mipproblem4.cc
ppl-1.0/tests/MIP_Problem/ascii_dump_load1.cc
ppl-1.0/tests/MIP_Problem/mipproblem3.cc
ppl-1.0/tests/MIP_Problem/mipproblem1.cc
ppl-1.0/tests/MIP_Problem/Makefile.am
ppl-1.0/tests/Makefile.am
ppl-1.0/tests/Random_Number_Generator.inlines.hh
ppl-1.0/ChangeLog
ppl-1.0/README.alpha
ppl-1.0/ltmain.sh
ppl-1.0/missing
ppl-1.0/src/
ppl-1.0/src/EList.types.hh
ppl-1.0/src/Linear_System.types.hh
ppl-1.0/src/PIP_Problem.inlines.hh
ppl-1.0/src/Opposite_Floating_Point_Expression.types.hh
ppl-1.0/src/Multiplication_Floating_Point_Expression.defs.hh
ppl-1.0/src/Expression_Hide_Inhomo.defs.hh
ppl-1.0/src/Polyhedron_widenings.cc
ppl-1.0/src/Floating_Point_Expression.defs.hh
ppl-1.0/src/math_utilities.defs.hh
ppl-1.0/src/DB_Matrix.types.hh
ppl-1.0/src/Constraint.defs.hh
ppl-1.0/src/BD_Shape.templates.hh
ppl-1.0/src/Bit_Matrix.types.hh
ppl-1.0/src/Sum_Floating_Point_Expression.defs.hh
ppl-1.0/src/BD_Shape.defs.hh
ppl-1.0/src/Pointset_Powerset.defs.hh
ppl-1.0/src/Generator.inlines.hh
ppl-1.0/src/Grid_Status.idefs.hh
ppl-1.0/src/Init.cc
ppl-1.0/src/WRD_coefficient_types.inlines.hh
ppl-1.0/src/Threshold_Watcher.inlines.hh
ppl-1.0/src/Linear_Expression_Interface.types.hh
ppl-1.0/src/checked_ext.inlines.hh
ppl-1.0/src/namespaces.hh
ppl-1.0/src/Floating_Point_Expression.types.hh
ppl-1.0/src/Constant_Floating_Point_Expression.defs.hh
ppl-1.0/src/fpu-ia32.cc
ppl-1.0/src/Determinate.types.hh
ppl-1.0/src/Handler.types.hh
ppl-1.0/src/Makefile.in
ppl-1.0/src/wrap_string.cc
ppl-1.0/src/checked_float.inlines.hh
ppl-1.0/src/Checked_Number.cc
ppl-1.0/src/Grid_Status.cc
ppl-1.0/src/Pointset_Powerset.templates.hh
ppl-1.0/src/Ph_Status.inlines.hh
ppl-1.0/src/Polyhedron_nonpublic.cc
ppl-1.0/src/initializer.hh
ppl-1.0/src/Linear_Expression_Impl.templates.hh
ppl-1.0/src/Bit_Matrix.inlines.hh
ppl-1.0/src/Multiplication_Floating_Point_Expression.templates.hh
ppl-1.0/src/Generator_System.cc
ppl-1.0/src/Checked_Number.templates.hh
ppl-1.0/src/Constraint.cc
ppl-1.0/src/Watchdog.types.hh
ppl-1.0/src/Variables_Set.cc
ppl-1.0/src/distances.inlines.hh
ppl-1.0/src/ppl-config.cc.in
ppl-1.0/src/Ptr_Iterator.types.hh
ppl-1.0/src/Interval.types.hh
ppl-1.0/src/Grid_public.cc
ppl-1.0/src/Grid_conversion.cc
ppl-1.0/src/Grid_widenings.cc
ppl-1.0/src/Polyhedron_public.cc
ppl-1.0/src/Octagonal_Shape.templates.hh
ppl-1.0/src/Grid_Generator_System.cc
ppl-1.0/src/PIP_Problem.templates.hh
ppl-1.0/src/Init.inlines.hh
ppl-1.0/src/Widening_Function.types.hh
ppl-1.0/src/Result.inlines.hh
ppl-1.0/src/BD_Shape.cc
ppl-1.0/src/c_streambuf.inlines.hh
ppl-1.0/src/PIP_Problem.defs.hh
ppl-1.0/src/ppl_header.hh
ppl-1.0/src/Generator.types.hh
ppl-1.0/src/Linear_Expression.inlines.hh
ppl-1.0/src/globals.inlines.hh
ppl-1.0/src/Variable.inlines.hh
ppl-1.0/src/Grid_Certificate.cc
ppl-1.0/src/BHRZ03_Certificate.cc
ppl-1.0/src/Float.templates.hh
ppl-1.0/src/Time.types.hh
ppl-1.0/src/PIP_Tree.defs.hh
ppl-1.0/src/DB_Matrix.defs.hh
ppl-1.0/src/Swapping_Vector.types.hh
ppl-1.0/src/Interval.defs.hh
ppl-1.0/src/Grid_Generator.inlines.hh
ppl-1.0/src/Expression_Hide_Last.inlines.hh
ppl-1.0/src/Matrix.defs.hh
ppl-1.0/src/distances.types.hh
ppl-1.0/src/Slow_Copy.hh
ppl-1.0/src/stdiobuf.cc
ppl-1.0/src/H79_Certificate.inlines.hh
ppl-1.0/src/Linear_Expression_Impl.defs.hh
ppl-1.0/src/mp_std_bits.cc
ppl-1.0/src/checked.defs.hh
ppl-1.0/src/Linear_Expression.defs.hh
ppl-1.0/src/DB_Row.templates.hh
ppl-1.0/src/Polyhedron_simplify.templates.hh
ppl-1.0/src/Scalar_Products.cc
ppl-1.0/src/DB_Matrix.templates.hh
ppl-1.0/src/Linear_Expression_Impl.inlines.hh
ppl-1.0/src/Difference_Floating_Point_Expression.templates.hh
ppl-1.0/src/Opposite_Floating_Point_Expression.inlines.hh
ppl-1.0/src/termination.templates.hh
ppl-1.0/src/Polyhedron_conversion.templates.hh
ppl-1.0/src/BDS_Status.inlines.hh
ppl-1.0/src/fpu-ia32.inlines.hh
ppl-1.0/src/Congruence_System.defs.hh
ppl-1.0/src/math_utilities.inlines.hh
ppl-1.0/src/globals.cc
ppl-1.0/src/Congruence_System.inlines.hh
ppl-1.0/src/Linear_Expression.cc
ppl-1.0/src/GMP_Integer.types.hh
ppl-1.0/src/EList_Iterator.defs.hh
ppl-1.0/src/intervals.defs.hh
ppl-1.0/src/CREDITS.cc.dist
ppl-1.0/src/c_streambuf.defs.hh
ppl-1.0/src/Widening_Function.inlines.hh
ppl-1.0/src/Watchdog.cc
ppl-1.0/src/Congruence.defs.hh
ppl-1.0/src/Generator.defs.hh
ppl-1.0/src/BD_Shape.inlines.hh
ppl-1.0/src/C_Polyhedron.defs.hh
ppl-1.0/src/Pending_List.types.hh
ppl-1.0/src/Dense_Row.inlines.hh
ppl-1.0/src/algorithms.hh
ppl-1.0/src/checked.cc
ppl-1.0/src/Grid_Generator_System.types.hh
ppl-1.0/src/BUGS.cc.dist
ppl-1.0/src/Concrete_Expression.inlines.hh
ppl-1.0/src/CO_Tree.templates.hh
ppl-1.0/src/Linear_System.defs.hh
ppl-1.0/src/Integer_Interval.hh
ppl-1.0/src/termination.types.hh
ppl-1.0/src/Constraint.types.hh
ppl-1.0/src/Og_Status.inlines.hh
ppl-1.0/src/Constant_Floating_Point_Expression.types.hh
ppl-1.0/src/Variables_Set.defs.hh
ppl-1.0/src/Grid.types.hh
ppl-1.0/src/Congruence_System.types.hh
ppl-1.0/src/Pending_List.defs.hh
ppl-1.0/src/OR_Matrix.templates.hh
ppl-1.0/src/BDS_Status.idefs.hh
ppl-1.0/src/Doubly_Linked_Object.defs.hh
ppl-1.0/src/Floating_Point_Expression.inlines.hh
ppl-1.0/src/Variable_Floating_Point_Expression.inlines.hh
ppl-1.0/src/CREDITS.hh.dist
ppl-1.0/src/Constraint_System.types.hh
ppl-1.0/src/Dense_Row.defs.hh
ppl-1.0/src/DB_Row.defs.hh
ppl-1.0/src/Partial_Function.inlines.hh
ppl-1.0/src/ppl.hh.dist
ppl-1.0/src/Variable_Floating_Point_Expression.types.hh
ppl-1.0/src/Expression_Hide_Inhomo.inlines.hh
ppl-1.0/src/Cast_Floating_Point_Expression.types.hh
ppl-1.0/src/Ph_Status.idefs.hh
ppl-1.0/src/Box_Status.idefs.hh
ppl-1.0/src/C_Integer.hh
ppl-1.0/src/Difference_Floating_Point_Expression.inlines.hh
ppl-1.0/src/Topology.types.hh
ppl-1.0/src/BUGS.hh.dist
ppl-1.0/src/Pending_Element.inlines.hh
ppl-1.0/src/Octagonal_Shape.inlines.hh
ppl-1.0/src/Dense_Row.templates.hh
ppl-1.0/src/Ptr_Iterator.defs.hh
ppl-1.0/src/H79_Certificate.types.hh
ppl-1.0/src/GMP_Integer.defs.hh
ppl-1.0/src/Grid_Generator_System.inlines.hh
ppl-1.0/src/GMP_Integer.inlines.hh
ppl-1.0/src/Congruence.cc
ppl-1.0/src/Variable_Floating_Point_Expression.defs.hh
ppl-1.0/src/linearize.hh
ppl-1.0/src/Linear_Expression_Impl.types.hh
ppl-1.0/src/Partially_Reduced_Product.templates.hh
ppl-1.0/src/checked_mpz.inlines.hh
ppl-1.0/src/Grid_Certificate.defs.hh
ppl-1.0/src/Concrete_Expression.cc
ppl-1.0/src/Og_Status.idefs.hh
ppl-1.0/src/checked_mpq.inlines.hh
ppl-1.0/src/PIP_Problem.cc
ppl-1.0/src/Interval.templates.hh
ppl-1.0/src/Poly_Con_Relation.defs.hh
ppl-1.0/src/Multiplication_Floating_Point_Expression.types.hh
ppl-1.0/src/Concrete_Expression.types.hh
ppl-1.0/src/NNC_Polyhedron.defs.hh
ppl-1.0/src/Octagonal_Shape.cc
ppl-1.0/src/PIP_Tree.cc
ppl-1.0/src/Grid_Generator.defs.hh
ppl-1.0/src/wrap_string.hh
ppl-1.0/src/Polyhedron.defs.hh
ppl-1.0/src/Result.defs.hh
ppl-1.0/src/Pointset_Powerset.cc
ppl-1.0/src/Poly_Gen_Relation.cc
ppl-1.0/src/Checked_Number.defs.hh
ppl-1.0/src/checked.inlines.hh
ppl-1.0/src/Grid_simplify.cc
ppl-1.0/src/Linear_System.templates.hh
ppl-1.0/src/MIP_Problem.defs.hh
ppl-1.0/src/Rational_Box.hh
ppl-1.0/src/H79_Certificate.defs.hh
ppl-1.0/src/Time.defs.hh
ppl-1.0/src/Box.templates.hh
ppl-1.0/src/Grid_Certificate.types.hh
ppl-1.0/src/EList_Iterator.inlines.hh
ppl-1.0/src/Box.cc
ppl-1.0/src/Partial_Function.defs.hh
ppl-1.0/src/Congruence_System.cc
ppl-1.0/src/Cast_Floating_Point_Expression.defs.hh
ppl-1.0/src/Grid_Generator.cc
ppl-1.0/src/Poly_Gen_Relation.defs.hh
ppl-1.0/src/stdiobuf.defs.hh
ppl-1.0/src/Threshold_Watcher.templates.hh
ppl-1.0/src/wrap_assign.hh
ppl-1.0/src/Variable.defs.hh
ppl-1.0/src/stdiobuf.types.hh
ppl-1.0/src/Partially_Reduced_Product.types.hh
ppl-1.0/src/Bit_Row.defs.hh
ppl-1.0/src/Multiplication_Floating_Point_Expression.inlines.hh
ppl-1.0/src/Float.defs.hh
ppl-1.0/src/C_Polyhedron.types.hh
ppl-1.0/src/Time.cc
ppl-1.0/src/Bit_Row.types.hh
ppl-1.0/src/MIP_Problem.templates.hh
ppl-1.0/src/Constant_Floating_Point_Expression.inlines.hh
ppl-1.0/src/Grid_Certificate.inlines.hh
ppl-1.0/src/Powerset.inlines.hh
ppl-1.0/src/NNC_Polyhedron.types.hh
ppl-1.0/src/WRD_coefficient_types.defs.hh
ppl-1.0/src/checked_numeric_limits.hh
ppl-1.0/src/Watchdog.defs.hh
ppl-1.0/src/Pointset_Powerset.types.hh
ppl-1.0/src/Grid_Generator_System.defs.hh
ppl-1.0/src/Generator_System.inlines.hh
ppl-1.0/src/Doubly_Linked_Object.inlines.hh
ppl-1.0/src/Pending_List.inlines.hh
ppl-1.0/src/Bit_Row.cc
ppl-1.0/src/stdiobuf.inlines.hh
ppl-1.0/src/Interval_Info.defs.hh
ppl-1.0/src/Grid_nonpublic.cc
ppl-1.0/src/Linear_System.inlines.hh
ppl-1.0/src/Polyhedron_chdims.templates.hh
ppl-1.0/src/Threshold_Watcher.types.hh
ppl-1.0/src/termination.defs.hh
ppl-1.0/src/Polyhedron_minimize.templates.hh
ppl-1.0/src/Boundary.defs.hh
ppl-1.0/src/Poly_Con_Relation.inlines.hh
ppl-1.0/src/Doubly_Linked_Object.types.hh
ppl-1.0/src/Temp.templates.hh
ppl-1.0/src/Constraint_System.defs.hh
ppl-1.0/src/Pending_Element.defs.hh
ppl-1.0/src/MIP_Problem.types.hh
ppl-1.0/src/meta_programming.hh
ppl-1.0/src/Poly_Gen_Relation.types.hh
ppl-1.0/src/Linear_Form.templates.hh
ppl-1.0/src/EList.inlines.hh
ppl-1.0/src/Grid_Status.inlines.hh
ppl-1.0/src/Pointset_Powerset.inlines.hh
ppl-1.0/src/Octagonal_Shape.defs.hh
ppl-1.0/src/Swapping_Vector.defs.hh
ppl-1.0/src/Expression_Hide_Last.types.hh
ppl-1.0/src/Sum_Floating_Point_Expression.inlines.hh
ppl-1.0/src/Poly_Con_Relation.cc
ppl-1.0/src/Division_Floating_Point_Expression.defs.hh
ppl-1.0/src/Variable.cc
ppl-1.0/src/Partial_Function.types.hh
ppl-1.0/src/Matrix.types.hh
ppl-1.0/src/MIP_Problem.inlines.hh
ppl-1.0/src/Floating_Point_Expression.templates.hh
ppl-1.0/src/max_space_dimension.hh
ppl-1.0/src/Threshold_Watcher.cc
ppl-1.0/src/Float.inlines.hh
ppl-1.0/src/PIP_Tree.types.hh
ppl-1.0/src/Dense_Row.cc
ppl-1.0/src/Grid_Generator.types.hh
ppl-1.0/src/Swapping_Vector.inlines.hh
ppl-1.0/src/Grid.inlines.hh
ppl-1.0/src/BD_Shape.types.hh
ppl-1.0/src/Numeric_Format.defs.hh
ppl-1.0/src/Sparse_Row.cc
ppl-1.0/src/Variable.types.hh
ppl-1.0/src/Weight_Profiler.defs.hh
ppl-1.0/src/COPYING.cc.dist
ppl-1.0/src/Difference_Floating_Point_Expression.types.hh
ppl-1.0/src/Cast_Floating_Point_Expression.inlines.hh
ppl-1.0/src/Powerset.templates.hh
ppl-1.0/src/checked_int.inlines.hh
ppl-1.0/src/Partially_Reduced_Product.defs.hh
ppl-1.0/src/Box.inlines.hh
ppl-1.0/src/fpu.types.hh
ppl-1.0/src/mp_std_bits.inlines.hh
ppl-1.0/src/Pending_List.templates.hh
ppl-1.0/src/Dense_Row.types.hh
ppl-1.0/src/Sparse_Row.inlines.hh
ppl-1.0/src/fpu-none.inlines.hh
ppl-1.0/src/Concrete_Expression.defs.hh
ppl-1.0/src/c_streambuf.cc
ppl-1.0/src/BHRZ03_Certificate.types.hh
ppl-1.0/src/Coefficient_traits_template.hh
ppl-1.0/src/Linear_Expression_Interface.defs.hh
ppl-1.0/src/version.hh.in
ppl-1.0/src/Grid_chdims.cc
ppl-1.0/src/Polyhedron.types.hh
ppl-1.0/src/mp_std_bits.defs.hh
ppl-1.0/src/Constraint.inlines.hh
ppl-1.0/src/CO_Tree.inlines.hh
ppl-1.0/src/Division_Floating_Point_Expression.inlines.hh
ppl-1.0/src/assign_or_swap.hh
ppl-1.0/src/Opposite_Floating_Point_Expression.defs.hh
ppl-1.0/src/Ph_Status.cc
ppl-1.0/src/OR_Matrix.inlines.hh
ppl-1.0/src/Sparse_Row.types.hh
ppl-1.0/src/Generator.cc
ppl-1.0/src/Linear_Expression_Interface.cc
ppl-1.0/src/NNC_Polyhedron.inlines.hh
ppl-1.0/src/Box.defs.hh
ppl-1.0/src/Init.types.hh
ppl-1.0/src/Poly_Gen_Relation.inlines.hh
ppl-1.0/src/BHRZ03_Certificate.defs.hh
ppl-1.0/src/Polyhedron_chdims.cc
ppl-1.0/src/assert.cc
ppl-1.0/src/Interval_Info.types.hh
ppl-1.0/src/Bit_Row.inlines.hh
ppl-1.0/src/iterator_to_const.inlines.hh
ppl-1.0/src/Powerset.defs.hh
ppl-1.0/src/CO_Tree.defs.hh
ppl-1.0/src/Rounding_Dir.defs.hh
ppl-1.0/src/swapping_sort.templates.hh
ppl-1.0/src/Box_Status.inlines.hh
ppl-1.0/src/Linear_Form.cc
ppl-1.0/src/EList.defs.hh
ppl-1.0/src/Congruence.inlines.hh
ppl-1.0/src/Checked_Number.inlines.hh
ppl-1.0/src/Determinate.inlines.hh
ppl-1.0/src/assert.hh
ppl-1.0/src/Scalar_Products.inlines.hh
ppl-1.0/src/Weight_Profiler.cc
ppl-1.0/src/NNC_Polyhedron.cc
ppl-1.0/src/Division_Floating_Point_Expression.templates.hh
ppl-1.0/src/version.cc
ppl-1.0/src/CO_Tree.cc
ppl-1.0/src/Linear_Form.inlines.hh
ppl-1.0/src/Checked_Number.types.hh
ppl-1.0/src/Bit_Matrix.cc
ppl-1.0/src/Expression_Hide_Inhomo.types.hh
ppl-1.0/src/Handler.inlines.hh
ppl-1.0/src/Widening_Function.defs.hh
ppl-1.0/src/Congruence.types.hh
ppl-1.0/src/Division_Floating_Point_Expression.types.hh
ppl-1.0/src/Scalar_Products.defs.hh
ppl-1.0/src/c_streambuf.types.hh
ppl-1.0/src/Temp.inlines.hh
ppl-1.0/src/C_Polyhedron.cc
ppl-1.0/src/Init.defs.hh
ppl-1.0/src/Float.cc
ppl-1.0/src/Octagonal_Shape.types.hh
ppl-1.0/src/CO_Tree.types.hh
ppl-1.0/src/Interval_Info.inlines.hh
ppl-1.0/src/PIP_Tree.inlines.hh
ppl-1.0/src/Sparse_Row.defs.hh
ppl-1.0/src/Grid.templates.hh
ppl-1.0/src/Poly_Con_Relation.types.hh
ppl-1.0/src/Pending_Element.types.hh
ppl-1.0/src/Handler.defs.hh
ppl-1.0/src/Ptr_Iterator.inlines.hh
ppl-1.0/src/Difference_Floating_Point_Expression.defs.hh
ppl-1.0/src/DB_Row.types.hh
ppl-1.0/src/iterator_to_const.defs.hh
ppl-1.0/src/Coefficient.defs.hh
ppl-1.0/src/Interval.inlines.hh
ppl-1.0/src/Sum_Floating_Point_Expression.types.hh
ppl-1.0/src/globals.defs.hh
ppl-1.0/src/Generator_System.defs.hh
ppl-1.0/src/Matrix.inlines.hh
ppl-1.0/src/Partial_Function.cc
ppl-1.0/src/Sum_Floating_Point_Expression.templates.hh
ppl-1.0/src/fpu.defs.hh
ppl-1.0/src/OR_Matrix.defs.hh
ppl-1.0/src/distances.defs.hh
ppl-1.0/src/Rounding_Dir.inlines.hh
ppl-1.0/src/Powerset.types.hh
ppl-1.0/src/H79_Certificate.cc
ppl-1.0/src/Watchdog.inlines.hh
ppl-1.0/src/Time.inlines.hh
ppl-1.0/src/DB_Row.inlines.hh
ppl-1.0/src/Linear_Expression_Impl.cc
ppl-1.0/src/Variables_Set.types.hh
ppl-1.0/src/Polyhedron.inlines.hh
ppl-1.0/src/Linear_Form.types.hh
ppl-1.0/src/BHRZ03_Certificate.inlines.hh
ppl-1.0/src/Constraint_System.inlines.hh
ppl-1.0/src/Temp.defs.hh
ppl-1.0/src/globals.types.hh
ppl-1.0/src/Matrix.templates.hh
ppl-1.0/src/COPYING.hh.dist
ppl-1.0/src/Expression_Hide_Last.defs.hh
ppl-1.0/src/Cast_Floating_Point_Expression.templates.hh
ppl-1.0/src/fpu-sparc.inlines.hh
ppl-1.0/src/Grid.defs.hh
ppl-1.0/src/Threshold_Watcher.defs.hh
ppl-1.0/src/Determinate.defs.hh
ppl-1.0/src/compiler.hh
ppl-1.0/src/C_Polyhedron.inlines.hh
ppl-1.0/src/Coefficient.cc
ppl-1.0/src/Bit_Matrix.defs.hh
ppl-1.0/src/DB_Matrix.inlines.hh
ppl-1.0/src/Coefficient.inlines.hh
ppl-1.0/src/Constraint_System.cc
ppl-1.0/src/Makefile.am
ppl-1.0/src/Rational_Interval.hh
ppl-1.0/src/Generator_System.types.hh
ppl-1.0/src/Polyhedron.templates.hh
ppl-1.0/src/Linear_Form.defs.hh
ppl-1.0/src/Box.types.hh
ppl-1.0/src/Sparse_Row.templates.hh
ppl-1.0/src/Variables_Set.inlines.hh
ppl-1.0/src/Partially_Reduced_Product.inlines.hh
ppl-1.0/src/termination.cc
ppl-1.0/src/EList_Iterator.types.hh
ppl-1.0/src/Has_Assign_Or_Swap.hh
ppl-1.0/src/Linear_Expression.types.hh
ppl-1.0/src/Scalar_Products.types.hh
ppl-1.0/src/Coefficient.types.hh
ppl-1.0/src/PIP_Problem.types.hh
ppl-1.0/src/fpu-c99.inlines.hh
ppl-1.0/src/OR_Matrix.types.hh
ppl-1.0/src/iterator_to_const.types.hh
ppl-1.0/src/MIP_Problem.cc
ppl-1.0/TODO
ppl-1.0/configure
ppl-1.0/config.h.in
ppl-1.0/utils/
ppl-1.0/utils/Makefile.in
ppl-1.0/utils/timings.cc
ppl-1.0/utils/cm_cleaner.sh
ppl-1.0/utils/timings.hh
ppl-1.0/utils/build_header.in
ppl-1.0/utils/cm_splitter.sh
ppl-1.0/utils/text2cxxarray.in
ppl-1.0/utils/Makefile.am
ppl-1.0/configure.ac
ppl-1.0/interfaces/
ppl-1.0/interfaces/Makefile.in
ppl-1.0/interfaces/OCaml/
ppl-1.0/interfaces/OCaml/Makefile.in
ppl-1.0/interfaces/OCaml/ppl_ocaml_globals.mli
ppl-1.0/interfaces/OCaml/README.ocaml
ppl-1.0/interfaces/OCaml/ppl_interface_generator_ocaml_mli.m4
ppl-1.0/interfaces/OCaml/ppl_interface_generator_ocaml_ml.m4
ppl-1.0/interfaces/OCaml/ppl_ocaml_common.cc
ppl-1.0/interfaces/OCaml/ppl_interface_generator_ocaml_cc_files.m4
ppl-1.0/interfaces/OCaml/ppl_ocaml_common.defs.hh
ppl-1.0/interfaces/OCaml/ppl_ocaml_common.inlines.hh
ppl-1.0/interfaces/OCaml/tests/
ppl-1.0/interfaces/OCaml/tests/Makefile.in
ppl-1.0/interfaces/OCaml/tests/ppl_interface_generator_ocaml_test_ml_code.m4
ppl-1.0/interfaces/OCaml/tests/ppl_ocaml_tests_common
ppl-1.0/interfaces/OCaml/tests/ppl_interface_generator_ocaml_test_ml.m4
ppl-1.0/interfaces/OCaml/tests/test1.ml
ppl-1.0/interfaces/OCaml/tests/Makefile.am
ppl-1.0/interfaces/OCaml/ppl_interface_generator_ocaml_mli_code.m4
ppl-1.0/interfaces/OCaml/ppl_interface_generator_ocaml_ml_code.m4
ppl-1.0/interfaces/OCaml/ppl_ocaml_globals.ml
ppl-1.0/interfaces/OCaml/OCaml_interface.dox
ppl-1.0/interfaces/OCaml/ppl_interface_generator_ocaml_hh_files.m4
ppl-1.0/interfaces/OCaml/ppl_interface_generator_ocaml_cc_code.m4
ppl-1.0/interfaces/OCaml/ppl_interface_generator_ocaml_hh_code.m4
ppl-1.0/interfaces/OCaml/Makefile.am
ppl-1.0/interfaces/OCaml/ppl_interface_generator_ocaml_procedure_generators.m4
ppl-1.0/interfaces/ppl_interface_generator_common_procedure_generators.m4
ppl-1.0/interfaces/C/
ppl-1.0/interfaces/C/Makefile.in
ppl-1.0/interfaces/C/ppl_interface_generator_c_h_code.m4
ppl-1.0/interfaces/C/ppl_c.h.dist
ppl-1.0/interfaces/C/ppl_interface_generator_c_procedure_generators.m4
ppl-1.0/interfaces/C/ppl_interface_generator_c_h.m4
ppl-1.0/interfaces/C/C_interface.dox
ppl-1.0/interfaces/C/ppl_c_implementation_common.defs.hh
ppl-1.0/interfaces/C/ppl_c_header.h
ppl-1.0/interfaces/C/ppl_c_implementation_common.inlines.hh
ppl-1.0/interfaces/C/tests/
ppl-1.0/interfaces/C/tests/ppl_c_test.h
ppl-1.0/interfaces/C/tests/Makefile.in
ppl-1.0/interfaces/C/tests/weightwatch1.c
ppl-1.0/interfaces/C/tests/watchdog1.c
ppl-1.0/interfaces/C/tests/print_to_buffer.h
ppl-1.0/interfaces/C/tests/pip_test.c
ppl-1.0/interfaces/C/tests/print_to_buffer.c
ppl-1.0/interfaces/C/tests/formatted_output.c
ppl-1.0/interfaces/C/tests/ppl_c_test.cc
ppl-1.0/interfaces/C/tests/Makefile.am
ppl-1.0/interfaces/C/ppl_interface_generator_c_hh_files.m4
ppl-1.0/interfaces/C/ppl_c_implementation_common.cc
ppl-1.0/interfaces/C/ppl_c_version.h.in
ppl-1.0/interfaces/C/ppl_interface_generator_c_cc_code.m4
ppl-1.0/interfaces/C/ppl_interface_generator_c_cc_files.m4
ppl-1.0/interfaces/C/Makefile.am
ppl-1.0/interfaces/marked_pointers.hh
ppl-1.0/interfaces/Prolog/
ppl-1.0/interfaces/Prolog/Makefile.in
ppl-1.0/interfaces/Prolog/ppl_interface_generator_prolog_cc_files.m4
ppl-1.0/interfaces/Prolog/Prolog_interface.dox
ppl-1.0/interfaces/Prolog/Ciao/
ppl-1.0/interfaces/Prolog/Ciao/Makefile.in
ppl-1.0/interfaces/Prolog/Ciao/ciao_efli.hh
ppl-1.0/interfaces/Prolog/Ciao/ppl_interface_generator_ciao_pl.m4
ppl-1.0/interfaces/Prolog/Ciao/ppl_prolog_sysdep.hh
ppl-1.0/interfaces/Prolog/Ciao/ciao_clpq.pl
ppl-1.0/interfaces/Prolog/Ciao/ppl_interface_generator_ciao_prolog_generated_test_pl.m4
ppl-1.0/interfaces/Prolog/Ciao/ciao_pl_check.pl
ppl-1.0/interfaces/Prolog/Ciao/README.ciao
ppl-1.0/interfaces/Prolog/Ciao/ciao_efli.cc
ppl-1.0/interfaces/Prolog/Ciao/ciao_clpq2.pl
ppl-1.0/interfaces/Prolog/Ciao/ciao_cfli.hh
ppl-1.0/interfaces/Prolog/Ciao/Makefile.am
ppl-1.0/interfaces/Prolog/ppl_prolog_common.inlines.hh
ppl-1.0/interfaces/Prolog/Prolog_interface_sysindep_domains.dox
ppl-1.0/interfaces/Prolog/ppl_interface_generator_prolog_hh_code.m4
ppl-1.0/interfaces/Prolog/tests/
ppl-1.0/interfaces/Prolog/tests/expected_clpq2_int32_a
ppl-1.0/interfaces/Prolog/tests/script_clpq2
ppl-1.0/interfaces/Prolog/tests/Makefile.in
ppl-1.0/interfaces/Prolog/tests/schedule.clpq
ppl-1.0/interfaces/Prolog/tests/expected_pchk_int64_a
ppl-1.0/interfaces/Prolog/tests/expected_clpq_int8
ppl-1.0/interfaces/Prolog/tests/expected_pchk_int8
ppl-1.0/interfaces/Prolog/tests/script_clpq
ppl-1.0/interfaces/Prolog/tests/clpq2.pl
ppl-1.0/interfaces/Prolog/tests/expected_clpq_int8_a
ppl-1.0/interfaces/Prolog/tests/expected_pchk_mpz
ppl-1.0/interfaces/Prolog/tests/expected_clpq_int32_a
ppl-1.0/interfaces/Prolog/tests/expected_clpq2_int16
ppl-1.0/interfaces/Prolog/tests/sumto.clpq
ppl-1.0/interfaces/Prolog/tests/expected_pchk_int16
ppl-1.0/interfaces/Prolog/tests/expected_clpq_int16_a
ppl-1.0/interfaces/Prolog/tests/pl_check.pl
ppl-1.0/interfaces/Prolog/tests/expected_clpq_int16
ppl-1.0/interfaces/Prolog/tests/expected_clpq_mpz
ppl-1.0/interfaces/Prolog/tests/expected_clpq2_mpz_a
ppl-1.0/interfaces/Prolog/tests/expected_pchk_int32_a
ppl-1.0/interfaces/Prolog/tests/expected_clpq2_int16_a
ppl-1.0/interfaces/Prolog/tests/ppl_interface_generator_prolog_generated_test_pl.m4
ppl-1.0/interfaces/Prolog/tests/ack.clpq
ppl-1.0/interfaces/Prolog/tests/expected_clpq2_int32
ppl-1.0/interfaces/Prolog/tests/expected_clpq_int32
ppl-1.0/interfaces/Prolog/tests/expected_pchk_int16_a
ppl-1.0/interfaces/Prolog/tests/expected_pchk_int64
ppl-1.0/interfaces/Prolog/tests/expected_clpq2_int64
ppl-1.0/interfaces/Prolog/tests/expected_clpq2_mpz
ppl-1.0/interfaces/Prolog/tests/expected_clpq_mpz_a
ppl-1.0/interfaces/Prolog/tests/expected_pchk_int32
ppl-1.0/interfaces/Prolog/tests/ackn.clpq
ppl-1.0/interfaces/Prolog/tests/expected_clpq_int64_a
ppl-1.0/interfaces/Prolog/tests/fib.clpq
ppl-1.0/interfaces/Prolog/tests/smm.clpq
ppl-1.0/interfaces/Prolog/tests/script_clpq2_int8
ppl-1.0/interfaces/Prolog/tests/mc91.clpq
ppl-1.0/interfaces/Prolog/tests/ppl_interface_generator_prolog_generated_test_pl_code.m4
ppl-1.0/interfaces/Prolog/tests/expected_clpq2_int8
ppl-1.0/interfaces/Prolog/tests/expected_clpq2_int8_a
ppl-1.0/interfaces/Prolog/tests/expected_clpq2_int64_a
ppl-1.0/interfaces/Prolog/tests/expected_pchk_mpz_a
ppl-1.0/interfaces/Prolog/tests/tak.clpq
ppl-1.0/interfaces/Prolog/tests/Makefile.am
ppl-1.0/interfaces/Prolog/tests/expected_pchk_int8_a
ppl-1.0/interfaces/Prolog/tests/clpq.pl
ppl-1.0/interfaces/Prolog/tests/expected_pgt
ppl-1.0/interfaces/Prolog/tests/ppl_prolog_generated_test_common.pl
ppl-1.0/interfaces/Prolog/tests/expected_clpq_int64
ppl-1.0/interfaces/Prolog/SWI/
ppl-1.0/interfaces/Prolog/SWI/Makefile.in
ppl-1.0/interfaces/Prolog/SWI/pl_clpq.cc
ppl-1.0/interfaces/Prolog/SWI/ppl_prolog_sysdep.hh
ppl-1.0/interfaces/Prolog/SWI/ppl_pl.cc
ppl-1.0/interfaces/Prolog/SWI/swi_cfli.hh
ppl-1.0/interfaces/Prolog/SWI/swi_efli.hh
ppl-1.0/interfaces/Prolog/SWI/swi_efli.cc
ppl-1.0/interfaces/Prolog/SWI/swi_prolog_generated_test.pl
ppl-1.0/interfaces/Prolog/SWI/ppl_swiprolog.pl
ppl-1.0/interfaces/Prolog/SWI/ppl_interface_generator_swiprolog_cc.m4
ppl-1.0/interfaces/Prolog/SWI/README.swiprolog
ppl-1.0/interfaces/Prolog/SWI/swi_pl_check.pl
ppl-1.0/interfaces/Prolog/SWI/Makefile.am
ppl-1.0/interfaces/Prolog/SWI/pl_clpq.pl
ppl-1.0/interfaces/Prolog/Prolog_interface_sysdep.dox
ppl-1.0/interfaces/Prolog/ppl_prolog_common.cc
ppl-1.0/interfaces/Prolog/ppl_interface_generator_prolog_dox_code.m4
ppl-1.0/interfaces/Prolog/XSB/
ppl-1.0/interfaces/Prolog/XSB/xsb_clpq.P
ppl-1.0/interfaces/Prolog/XSB/Makefile.in
ppl-1.0/interfaces/Prolog/XSB/ppl_interface_generator_xsb_cc.m4
ppl-1.0/interfaces/Prolog/XSB/xsb_pl_check.P
ppl-1.0/interfaces/Prolog/XSB/xsb_efli.hh
ppl-1.0/interfaces/Prolog/XSB/ppl_prolog_sysdep.hh
ppl-1.0/interfaces/Prolog/XSB/ppl_interface_generator_xsb_prolog_generated_test_P.m4
ppl-1.0/interfaces/Prolog/XSB/xsb_clpq2.P
ppl-1.0/interfaces/Prolog/XSB/xsb_cfli.hh
ppl-1.0/interfaces/Prolog/XSB/ppl_interface_generator_xsb_H.m4
ppl-1.0/interfaces/Prolog/XSB/xsb_efli.cc
ppl-1.0/interfaces/Prolog/XSB/ppl_interface_generator_xsb_hh.m4
ppl-1.0/interfaces/Prolog/XSB/Makefile.am
ppl-1.0/interfaces/Prolog/ppl_interface_generator_prolog_hh_files.m4
ppl-1.0/interfaces/Prolog/Prolog_configured_interface.dox
ppl-1.0/interfaces/Prolog/ppl_interface_generator_prolog_dox.m4
ppl-1.0/interfaces/Prolog/ppl_interface_generator_prolog_systems.m4
ppl-1.0/interfaces/Prolog/ppl_prolog_common.defs.hh
ppl-1.0/interfaces/Prolog/ppl_interface_generator_prolog_cc_code.m4
ppl-1.0/interfaces/Prolog/GNU/
ppl-1.0/interfaces/Prolog/GNU/Makefile.in
ppl-1.0/interfaces/Prolog/GNU/gprolog_cfli.hh
ppl-1.0/interfaces/Prolog/GNU/README.gprolog
ppl-1.0/interfaces/Prolog/GNU/ppl_prolog_sysdep.hh
ppl-1.0/interfaces/Prolog/GNU/gnu_prolog_generated_test.pl
ppl-1.0/interfaces/Prolog/GNU/gprolog_efli.hh
ppl-1.0/interfaces/Prolog/GNU/gnu_pl_check.pl
ppl-1.0/interfaces/Prolog/GNU/gp_clpq.pl
ppl-1.0/interfaces/Prolog/GNU/gprolog_efli.cc
ppl-1.0/interfaces/Prolog/GNU/ppl_interface_generator_gprolog_pl.m4
ppl-1.0/interfaces/Prolog/GNU/Makefile.am
ppl-1.0/interfaces/Prolog/Prolog_interface_compilation.dox
ppl-1.0/interfaces/Prolog/ppl_interface_generator_prolog_procedure_generators.m4
ppl-1.0/interfaces/Prolog/YAP/
ppl-1.0/interfaces/Prolog/YAP/Makefile.in
ppl-1.0/interfaces/Prolog/YAP/ppl_yap.pl
ppl-1.0/interfaces/Prolog/YAP/yap_clpq2.pl
ppl-1.0/interfaces/Prolog/YAP/yap_clpq.pl
ppl-1.0/interfaces/Prolog/YAP/ppl_interface_generator_yap_cc.m4
ppl-1.0/interfaces/Prolog/YAP/ppl_prolog_sysdep.hh
ppl-1.0/interfaces/Prolog/YAP/yap_efli.hh
ppl-1.0/interfaces/Prolog/YAP/yap_prolog_generated_test.pl
ppl-1.0/interfaces/Prolog/YAP/yap_efli.cc
ppl-1.0/interfaces/Prolog/YAP/README.yap
ppl-1.0/interfaces/Prolog/YAP/yap_pl_check.pl
ppl-1.0/interfaces/Prolog/YAP/yap_cfli.hh
ppl-1.0/interfaces/Prolog/YAP/Makefile.am
ppl-1.0/interfaces/Prolog/Prolog_interface_sysindep.dox
ppl-1.0/interfaces/Prolog/Makefile.am
ppl-1.0/interfaces/Prolog/SICStus/
ppl-1.0/interfaces/Prolog/SICStus/Makefile.in
ppl-1.0/interfaces/Prolog/SICStus/sicstus_cfli.cc
ppl-1.0/interfaces/Prolog/SICStus/sp_prolog_generated_test.pl
ppl-1.0/interfaces/Prolog/SICStus/sp_pl_check.pl
ppl-1.0/interfaces/Prolog/SICStus/ppl_sicstus.pl
ppl-1.0/interfaces/Prolog/SICStus/ppl_prolog_sysdep.hh
ppl-1.0/interfaces/Prolog/SICStus/sicstus_efli.cc
ppl-1.0/interfaces/Prolog/SICStus/sicstus_cfli.h
ppl-1.0/interfaces/Prolog/SICStus/sicstus_cfli.ic
ppl-1.0/interfaces/Prolog/SICStus/ppl_interface_generator_sicstus_sd_cc.m4
ppl-1.0/interfaces/Prolog/SICStus/Makefile.am
ppl-1.0/interfaces/Prolog/SICStus/sicstus_efli.hh
ppl-1.0/interfaces/Prolog/SICStus/sp_clpq.pl
ppl-1.0/interfaces/ppl_interface_generator_copyright
ppl-1.0/interfaces/interfaced_boxes.hh
ppl-1.0/interfaces/ppl_interface_generator_common.m4
ppl-1.0/interfaces/Java/
ppl-1.0/interfaces/Java/README.java
ppl-1.0/interfaces/Java/Makefile.in
ppl-1.0/interfaces/Java/jni/
ppl-1.0/interfaces/Java/jni/ppl_java_common.inlines.hh
ppl-1.0/interfaces/Java/jni/ppl_java_globals.cc
ppl-1.0/interfaces/Java/jni/Makefile.in
ppl-1.0/interfaces/Java/jni/ppl_interface_generator_java_classes_cc_code.m4
ppl-1.0/interfaces/Java/jni/ppl_interface_generator_java_classes_cc_files.m4
ppl-1.0/interfaces/Java/jni/ppl_java_common.cc
ppl-1.0/interfaces/Java/jni/ppl_java_common.defs.hh
ppl-1.0/interfaces/Java/jni/Makefile.am
ppl-1.0/interfaces/Java/parma_polyhedra_library/
ppl-1.0/interfaces/Java/parma_polyhedra_library/Parma_Polyhedra_Library.java
ppl-1.0/interfaces/Java/parma_polyhedra_library/Grid_Generator_System.java
ppl-1.0/interfaces/Java/parma_polyhedra_library/PIP_Problem.java
ppl-1.0/interfaces/Java/parma_polyhedra_library/PIP_Decision_Node.java
ppl-1.0/interfaces/Java/parma_polyhedra_library/Makefile.in
ppl-1.0/interfaces/Java/parma_polyhedra_library/Complexity_Class.java
ppl-1.0/interfaces/Java/parma_polyhedra_library/Linear_Expression_Unary_Minus.java
ppl-1.0/interfaces/Java/parma_polyhedra_library/Poly_Con_Relation.java
ppl-1.0/interfaces/Java/parma_polyhedra_library/Degenerate_Element.java
ppl-1.0/interfaces/Java/parma_polyhedra_library/Invalid_Argument_Exception.java
ppl-1.0/interfaces/Java/parma_polyhedra_library/ppl_interface_generator_java_classes_java.m4
ppl-1.0/interfaces/Java/parma_polyhedra_library/Bounded_Integer_Type_Representation.java
ppl-1.0/interfaces/Java/parma_polyhedra_library/Fake_Class_for_Doxygen.java
ppl-1.0/interfaces/Java/parma_polyhedra_library/Variable.java
ppl-1.0/interfaces/Java/parma_polyhedra_library/Domain_Error_Exception.java
ppl-1.0/interfaces/Java/parma_polyhedra_library/PIP_Problem_Status.java
ppl-1.0/interfaces/Java/parma_polyhedra_library/PIP_Solution_Node.java
ppl-1.0/interfaces/Java/parma_polyhedra_library/Optimization_Mode.java
ppl-1.0/interfaces/Java/parma_polyhedra_library/By_Reference.java
ppl-1.0/interfaces/Java/parma_polyhedra_library/PPL_Object.java
ppl-1.0/interfaces/Java/parma_polyhedra_library/Bounded_Integer_Type_Width.java
ppl-1.0/interfaces/Java/parma_polyhedra_library/MIP_Problem.java
ppl-1.0/interfaces/Java/parma_polyhedra_library/Congruence_System.java
ppl-1.0/interfaces/Java/parma_polyhedra_library/Timeout_Exception.java
ppl-1.0/interfaces/Java/parma_polyhedra_library/Artificial_Parameter_Sequence.java
ppl-1.0/interfaces/Java/parma_polyhedra_library/Coefficient.java
ppl-1.0/interfaces/Java/parma_polyhedra_library/PIP_Tree_Node.java
ppl-1.0/interfaces/Java/parma_polyhedra_library/Grid_Generator.java
ppl-1.0/interfaces/Java/parma_polyhedra_library/Pair.java
ppl-1.0/interfaces/Java/parma_polyhedra_library/Control_Parameter_Name.java
ppl-1.0/interfaces/Java/parma_polyhedra_library/Linear_Expression_Difference.java
ppl-1.0/interfaces/Java/parma_polyhedra_library/Generator_System.java
ppl-1.0/interfaces/Java/parma_polyhedra_library/Constraint.java
ppl-1.0/interfaces/Java/parma_polyhedra_library/Poly_Gen_Relation.java
ppl-1.0/interfaces/Java/parma_polyhedra_library/Linear_Expression.java
ppl-1.0/interfaces/Java/parma_polyhedra_library/Relation_Symbol.java
ppl-1.0/interfaces/Java/parma_polyhedra_library/PIP_Problem_Control_Parameter_Value.java
ppl-1.0/interfaces/Java/parma_polyhedra_library/Overflow_Error_Exception.java
ppl-1.0/interfaces/Java/parma_polyhedra_library/Constraint_System.java
ppl-1.0/interfaces/Java/parma_polyhedra_library/Linear_Expression_Coefficient.java
ppl-1.0/interfaces/Java/parma_polyhedra_library/Variables_Set.java
ppl-1.0/interfaces/Java/parma_polyhedra_library/Linear_Expression_Sum.java
ppl-1.0/interfaces/Java/parma_polyhedra_library/MIP_Problem_Status.java
ppl-1.0/interfaces/Java/parma_polyhedra_library/Length_Error_Exception.java
ppl-1.0/interfaces/Java/parma_polyhedra_library/Bounded_Integer_Type_Overflow.java
ppl-1.0/interfaces/Java/parma_polyhedra_library/Congruence.java
ppl-1.0/interfaces/Java/parma_polyhedra_library/IO.java
ppl-1.0/interfaces/Java/parma_polyhedra_library/Control_Parameter_Value.java
ppl-1.0/interfaces/Java/parma_polyhedra_library/Artificial_Parameter.java
ppl-1.0/interfaces/Java/parma_polyhedra_library/Linear_Expression_Times.java
ppl-1.0/interfaces/Java/parma_polyhedra_library/PIP_Problem_Control_Parameter_Name.java
ppl-1.0/interfaces/Java/parma_polyhedra_library/Partial_Function.java
ppl-1.0/interfaces/Java/parma_polyhedra_library/Generator.java
ppl-1.0/interfaces/Java/parma_polyhedra_library/ppl_interface_generator_java_classes_java_code.m4
ppl-1.0/interfaces/Java/parma_polyhedra_library/Logic_Error_Exception.java
ppl-1.0/interfaces/Java/parma_polyhedra_library/Grid_Generator_Type.java
ppl-1.0/interfaces/Java/parma_polyhedra_library/Makefile.am
ppl-1.0/interfaces/Java/parma_polyhedra_library/Linear_Expression_Variable.java
ppl-1.0/interfaces/Java/parma_polyhedra_library/Generator_Type.java
ppl-1.0/interfaces/Java/tests/
ppl-1.0/interfaces/Java/tests/ppl_interface_generator_java_test_java_code.m4
ppl-1.0/interfaces/Java/tests/Makefile.in
ppl-1.0/interfaces/Java/tests/MIP_Problem_test1.java
ppl-1.0/interfaces/Java/tests/C_Polyhedron_test1.java
ppl-1.0/interfaces/Java/tests/ppl_interface_generator_java_test_java.m4
ppl-1.0/interfaces/Java/tests/ppl_java_tests_common
ppl-1.0/interfaces/Java/tests/Parma_Polyhedra_Library_test2.java
ppl-1.0/interfaces/Java/tests/Parma_Polyhedra_Library_test1.java
ppl-1.0/interfaces/Java/tests/PPL_Test.java
ppl-1.0/interfaces/Java/tests/PIP_Problem_test1.java
ppl-1.0/interfaces/Java/tests/Test_Executor.java
ppl-1.0/interfaces/Java/tests/Makefile.am
ppl-1.0/interfaces/Java/tests/NNC_Polyhedron_test1.java
ppl-1.0/interfaces/Java/ppl_interface_generator_java_procedure_generators.m4
ppl-1.0/interfaces/Java/Makefile.am
ppl-1.0/interfaces/ppl_interface_generator_common_dat.m4
ppl-1.0/interfaces/Makefile.am
ppl-1.0/INSTALL
ppl-1.0/config.sub
ppl-1.0/ChangeLog_2001-2008
ppl-1.0/Makefile.am
