--2013-07-09 21:15:21--  http://bugseng.com/products/ppl/download/ftp/releases/1.0/ppl-1.0.tar.bz2
Resolving bugseng.com... 160.78.167.1
Connecting to bugseng.com|160.78.167.1|:80... connected.
HTTP request sent, awaiting response... 200 OK
Length: 15405300 (15M) [application/x-bzip2]
Saving to: `/tmp/src//ppl-1.0.tar.bz2'

     0K .......... .......... .......... .......... ..........  0%  160K 94s
    50K .......... .......... .......... .......... ..........  0%  571K 60s
   100K .......... .......... .......... .......... ..........  0%  607K 48s
   150K .......... .......... .......... .......... ..........  1%  679K 41s
   200K .......... .......... .......... .......... ..........  1%  757K 37s
   250K .......... .......... .......... .......... ..........  1% 2.44M 32s
   300K .......... .......... .......... .......... ..........  2%  905K 29s
   350K .......... .......... .......... .......... ..........  2% 1.68M 27s
   400K .......... .......... .......... .......... ..........  2% 2.35M 24s
   450K .......... .......... .......... .......... ..........  3% 1.19M 23s
   500K .......... .......... .......... .......... ..........  3% 1.52M 22s
   550K .......... .......... .......... .......... ..........  3% 2.53M 20s
   600K .......... .......... .......... .......... ..........  4% 1003K 20s
   650K .......... .......... .......... .......... ..........  4% 2.21M 19s
   700K .......... .......... .......... .......... ..........  4% 2.44M 18s
   750K .......... .......... .......... .......... ..........  5% 1.20M 17s
   800K .......... .......... .......... .......... ..........  5% 1.45M 17s
   850K .......... .......... .......... .......... ..........  5% 2.12M 16s
   900K .......... .......... .......... .......... ..........  6% 1.23M 16s
   950K .......... .......... .......... .......... ..........  6% 2.03M 15s
  1000K .......... .......... .......... .......... ..........  6% 1.24M 15s
  1050K .......... .......... .......... .......... ..........  7% 1.97M 15s
  1100K .......... .......... .......... .......... ..........  7% 1.43M 14s
  1150K .......... .......... .......... .......... ..........  7% 1.25M 14s
  1200K .......... .......... .......... .......... ..........  8% 2.39M 14s
  1250K .......... .......... .......... .......... ..........  8% 1.22M 14s
  1300K .......... .......... .......... .......... ..........  8% 1.40M 13s
  1350K .......... .......... .......... .......... ..........  9% 2.22M 13s
  1400K .......... .......... .......... .......... ..........  9% 1.65M 13s
  1450K .......... .......... .......... .......... ..........  9% 1.34M 13s
  1500K .......... .......... .......... .......... .......... 10% 1.41M 13s
  1550K .......... .......... .......... .......... .......... 10% 1.81M 12s
  1600K .......... .......... .......... .......... .......... 10% 1.37M 12s
  1650K .......... .......... .......... .......... .......... 11% 2.35M 12s
  1700K .......... .......... .......... .......... .......... 11% 1.08M 12s
  1750K .......... .......... .......... .......... .......... 11% 2.18M 12s
  1800K .......... .......... .......... .......... .......... 12% 1.50M 12s
  1850K .......... .......... .......... .......... .......... 12% 1.36M 12s
  1900K .......... .......... .......... .......... .......... 12% 1.80M 11s
  1950K .......... .......... .......... .......... .......... 13% 1.18M 11s
  2000K .......... .......... .......... .......... .......... 13% 2.43M 11s
  2050K .......... .......... .......... .......... .......... 13% 1.46M 11s
  2100K .......... .......... .......... .......... .......... 14% 1.34M 11s
  2150K .......... .......... .......... .......... .......... 14% 1.85M 11s
  2200K .......... .......... .......... .......... .......... 14% 1.95M 11s
  2250K .......... .......... .......... .......... .......... 15% 1.10M 11s
  2300K .......... .......... .......... .......... .......... 15% 1.77M 11s
  2350K .......... .......... .......... .......... .......... 15% 1.39M 10s
  2400K .......... .......... .......... .......... .......... 16% 1.88M 10s
  2450K .......... .......... .......... .......... .......... 16% 1.05M 10s
  2500K .......... .......... .......... .......... .......... 16% 2.08M 10s
  2550K .......... .......... .......... .......... .......... 17% 1.87M 10s
  2600K .......... .......... .......... .......... .......... 17% 1.40M 10s
  2650K .......... .......... .......... .......... .......... 17% 1.82M 10s
  2700K .......... .......... .......... .......... .......... 18% 1.82M 10s
  2750K .......... .......... .......... .......... .......... 18% 1.08M 10s
  2800K .......... .......... .......... .......... .......... 18% 2.70M 10s
  2850K .......... .......... .......... .......... .......... 19% 1.12M 10s
  2900K .......... .......... .......... .......... .......... 19% 1.80M 10s
  2950K .......... .......... .......... .......... .......... 19% 2.19M 9s
  3000K .......... .......... .......... .......... .......... 20% 1015K 9s
  3050K .......... .......... .......... .......... .......... 20% 2.77M 9s
  3100K .......... .......... .......... .......... .......... 20% 1.38M 9s
  3150K .......... .......... .......... .......... .......... 21% 1.24M 9s
  3200K .......... .......... .......... .......... .......... 21% 2.64M 9s
  3250K .......... .......... .......... .......... .......... 21% 1.08M 9s
  3300K .......... .......... .......... .......... .......... 22% 2.14M 9s
  3350K .......... .......... .......... .......... .......... 22% 1.64M 9s
  3400K .......... .......... .......... .......... .......... 22% 1.43M 9s
  3450K .......... .......... .......... .......... .......... 23% 1.62M 9s
  3500K .......... .......... .......... .......... .......... 23% 2.29M 9s
  3550K .......... .......... .......... .......... .......... 23% 1.04M 9s
  3600K .......... .......... .......... .......... .......... 24% 1.74M 9s
  3650K .......... .......... .......... .......... .......... 24% 1.62M 9s
  3700K .......... .......... .......... .......... .......... 24% 1.13M 9s
  3750K .......... .......... .......... .......... .......... 25% 2.72M 8s
  3800K .......... .......... .......... .......... .......... 25% 1.36M 8s
  3850K .......... .......... .......... .......... .......... 25% 1.45M 8s
  3900K .......... .......... .......... .......... .......... 26% 1.83M 8s
  3950K .......... .......... .......... .......... .......... 26% 1.10M 8s
  4000K .......... .......... .......... .......... .......... 26% 2.69M 8s
  4050K .......... .......... .......... .......... .......... 27% 1.33M 8s
  4100K .......... .......... .......... .......... .......... 27% 1.63M 8s
  4150K .......... .......... .......... .......... .......... 27% 1.54M 8s
  4200K .......... .......... .......... .......... .......... 28% 3.08M 8s
  4250K .......... .......... .......... .......... .......... 28% 1.24M 8s
  4300K .......... .......... .......... .......... .......... 28% 1.60M 8s
  4350K .......... .......... .......... .......... .......... 29% 1.21M 8s
  4400K .......... .......... .......... .......... .......... 29% 1.57M 8s
  4450K .......... .......... .......... .......... .......... 29% 3.16M 8s
  4500K .......... .......... .......... .......... .......... 30% 1.29M 8s
  4550K .......... .......... .......... .......... .......... 30% 1.62M 8s
  4600K .......... .......... .......... .......... .......... 30% 1.14M 8s
  4650K .......... .......... .......... .......... .......... 31% 1.82M 8s
  4700K .......... .......... .......... .......... .......... 31% 3.21M 7s
  4750K .......... .......... .......... .......... .......... 31% 1.04M 7s
  4800K .......... .......... .......... .......... .......... 32% 1.95M 7s
  4850K .......... .......... .......... .......... .......... 32% 1.16M 7s
  4900K .......... .......... .......... .......... .......... 32% 3.06M 7s
  4950K .......... .......... .......... .......... .......... 33% 1.78M 7s
  5000K .......... .......... .......... .......... .......... 33% 1.09M 7s
  5050K .......... .......... .......... .......... .......... 33% 2.03M 7s
  5100K .......... .......... .......... .......... .......... 34% 1.01M 7s
  5150K .......... .......... .......... .......... .......... 34% 2.87M 7s
  5200K .......... .......... .......... .......... .......... 34% 2.15M 7s
  5250K .......... .......... .......... .......... .......... 35% 1.08M 7s
  5300K .......... .......... .......... .......... .......... 35% 1.95M 7s
  5350K .......... .......... .......... .......... .......... 35% 1.05M 7s
  5400K .......... .......... .......... .......... .......... 36% 2.68M 7s
  5450K .......... .......... .......... .......... .......... 36% 2.46M 7s
  5500K .......... .......... .......... .......... .......... 36% 1020K 7s
  5550K .......... .......... .......... .......... .......... 37% 2.10M 7s
  5600K .......... .......... .......... .......... .......... 37% 2.70M 7s
  5650K .......... .......... .......... .......... .......... 37% 1.14M 7s
  5700K .......... .......... .......... .......... .......... 38% 1.99M 7s
  5750K .......... .......... .......... .......... .......... 38% 1.03M 7s
  5800K .......... .......... .......... .......... .......... 38% 2.25M 7s
  5850K .......... .......... .......... .......... .......... 39% 2.74M 6s
  5900K .......... .......... .......... .......... .......... 39% 1.01M 6s
  5950K .......... .......... .......... .......... .......... 39% 2.25M 6s
  6000K .......... .......... .......... .......... .......... 40% 1.11M 6s
  6050K .......... .......... .......... .......... .......... 40% 1.67M 6s
  6100K .......... .......... .......... .......... .......... 40% 2.96M 6s
  6150K .......... .......... .......... .......... .......... 41% 1.12M 6s
  6200K .......... .......... .......... .......... .......... 41% 1.87M 6s
  6250K .......... .......... .......... .......... .......... 41% 1.14M 6s
  6300K .......... .......... .......... .......... .......... 42% 2.89M 6s
  6350K .......... .......... .......... .......... .......... 42% 1.81M 6s
  6400K .......... .......... .......... .......... .......... 42% 1.16M 6s
  6450K .......... .......... .......... .......... .......... 43% 1.71M 6s
  6500K .......... .......... .......... .......... .......... 43% 1.15M 6s
  6550K .......... .......... .......... .......... .......... 43% 2.76M 6s
  6600K .......... .......... .......... .......... .......... 44% 3.00M 6s
  6650K .......... .......... .......... .......... .......... 44%  970K 6s
  6700K .......... .......... .......... .......... .......... 44% 2.45M 6s
  6750K .......... .......... .......... .......... .......... 45% 1015K 6s
  6800K .......... .......... .......... .......... .......... 45% 2.88M 6s
  6850K .......... .......... .......... .......... .......... 45% 3.14M 6s
  6900K .......... .......... .......... .......... .......... 46% 2.36M 6s
  6950K .......... .......... .......... .......... .......... 46% 1.03M 6s
  7000K .......... .......... .......... .......... .......... 46% 3.22M 6s
  7050K .......... .......... .......... .......... .......... 47% 2.87M 5s
  7100K .......... .......... .......... .......... .......... 47% 3.44M 5s
  7150K .......... .......... .......... .......... .......... 47%  939K 5s
  7200K .......... .......... .......... .......... .......... 48% 2.76M 5s
  7250K .......... .......... .......... .......... .......... 48% 3.16M 5s
  7300K .......... .......... .......... .......... .......... 48% 3.12M 5s
  7350K .......... .......... .......... .......... .......... 49% 1022K 5s
  7400K .......... .......... .......... .......... .......... 49% 2.46M 5s
  7450K .......... .......... .......... .......... .......... 49% 2.60M 5s
  7500K .......... .......... .......... .......... .......... 50% 4.28M 5s
  7550K .......... .......... .......... .......... .......... 50% 1.26M 5s
  7600K .......... .......... .......... .......... .......... 50% 1.73M 5s
  7650K .......... .......... .......... .......... .......... 51% 3.34M 5s
  7700K .......... .......... .......... .......... .......... 51% 3.11M 5s
  7750K .......... .......... .......... .......... .......... 51% 1.40M 5s
  7800K .......... .......... .......... .......... .......... 52% 1.97M 5s
  7850K .......... .......... .......... .......... .......... 52% 2.86M 5s
  7900K .......... .......... .......... .......... .......... 52% 1.84M 5s
  7950K .......... .......... .......... .......... .......... 53% 2.99M 5s
  8000K .......... .......... .......... .......... .......... 53% 1.59M 5s
  8050K .......... .......... .......... .......... .......... 53% 2.27M 5s
  8100K .......... .......... .......... .......... .......... 54% 3.30M 5s
  8150K .......... .......... .......... .......... .......... 54% 1.63M 5s
  8200K .......... .......... .......... .......... .......... 54% 1.96M 4s
  8250K .......... .......... .......... .......... .......... 55% 2.23M 4s
  8300K .......... .......... .......... .......... .......... 55% 2.93M 4s
  8350K .......... .......... .......... .......... .......... 55% 1.51M 4s
  8400K .......... .......... .......... .......... .......... 56% 2.98M 4s
  8450K .......... .......... .......... .......... .......... 56% 2.40M 4s
  8500K .......... .......... .......... .......... .......... 56% 2.22M 4s
  8550K .......... .......... .......... .......... .......... 57% 1.98M 4s
  8600K .......... .......... .......... .......... .......... 57% 1.75M 4s
  8650K .......... .......... .......... .......... .......... 57% 2.68M 4s
  8700K .......... .......... .......... .......... .......... 58% 2.53M 4s
  8750K .......... .......... .......... .......... .......... 58% 2.82M 4s
  8800K .......... .......... .......... .......... .......... 58% 1.71M 4s
  8850K .......... .......... .......... .......... .......... 59%  833K 4s
  8900K .......... .......... .......... .......... .......... 59% 75.2M 4s
  8950K .......... .......... .......... .......... .......... 59% 17.0M 4s
  9000K .......... .......... .......... .......... .......... 60% 2.51M 4s
  9050K .......... .......... .......... .......... .......... 60% 1.86M 4s
  9100K .......... .......... .......... .......... .......... 60% 3.02M 4s
  9150K .......... .......... .......... .......... .......... 61% 2.00M 4s
  9200K .......... .......... .......... .......... .......... 61% 2.60M 4s
  9250K .......... .......... .......... .......... .......... 61% 2.28M 4s
  9300K .......... .......... .......... .......... .......... 62% 1.96M 4s
  9350K .......... .......... .......... .......... .......... 62% 3.04M 4s
  9400K .......... .......... .......... .......... .......... 62% 2.45M 4s
  9450K .......... .......... .......... .......... .......... 63% 2.03M 3s
  9500K .......... .......... .......... .......... .......... 63% 2.39M 3s
  9550K .......... .......... .......... .......... .......... 63% 2.49M 3s
  9600K .......... .......... .......... .......... .......... 64% 3.26M 3s
  9650K .......... .......... .......... .......... .......... 64% 1.81M 3s
  9700K .......... .......... .......... .......... .......... 64% 2.49M 3s
  9750K .......... .......... .......... .......... .......... 65% 2.25M 3s
  9800K .......... .......... .......... .......... .......... 65% 2.89M 3s
  9850K .......... .......... .......... .......... .......... 65% 2.06M 3s
  9900K .......... .......... .......... .......... .......... 66% 2.29M 3s
  9950K .......... .......... .......... .......... .......... 66% 2.15M 3s
 10000K .......... .......... .......... .......... .......... 66%  439K 3s
 10050K .......... .......... .......... .......... .......... 67% 59.6M 3s
 10100K .......... .......... .......... .......... .......... 67% 59.1M 3s
 10150K .......... .......... .......... .......... .......... 67% 49.6M 3s
 10200K .......... .......... .......... .......... .......... 68% 45.4M 3s
 10250K .......... .......... .......... .......... .......... 68% 1.83M 3s
 10300K .......... .......... .......... .......... .......... 68% 1.76M 3s
 10350K .......... .......... .......... .......... .......... 69% 1.96M 3s
 10400K .......... .......... .......... .......... .......... 69% 2.26M 3s
 10450K .......... .......... .......... .......... .......... 69% 2.17M 3s
 10500K .......... .......... .......... .......... .......... 70% 2.20M 3s
 10550K .......... .......... .......... .......... .......... 70% 1.27M 3s
 10600K .......... .......... .......... .......... .......... 70% 2.16M 3s
 10650K .......... .......... .......... .......... .......... 71% 2.15M 3s
 10700K .......... .......... .......... .......... .......... 71% 1.38M 3s
 10750K .......... .......... .......... .......... .......... 71% 2.25M 3s
 10800K .......... .......... .......... .......... .......... 72% 2.29M 3s
 10850K .......... .......... .......... .......... .......... 72% 1.37M 3s
 10900K .......... .......... .......... .......... .......... 72% 1.97M 2s
 10950K .......... .......... .......... .......... .......... 73% 2.03M 2s
 11000K .......... .......... .......... .......... .......... 73% 2.50M 2s
 11050K .......... .......... .......... .......... .......... 73% 1.33M 2s
 11100K .......... .......... .......... .......... .......... 74% 1.70M 2s
 11150K .......... .......... .......... .......... .......... 74% 1.84M 2s
 11200K .......... .......... .......... .......... .......... 74% 2.47M 2s
 11250K .......... .......... .......... .......... .......... 75% 1.26M 2s
 11300K .......... .......... .......... .......... .......... 75% 1.76M 2s
 11350K .......... .......... .......... .......... .......... 75% 2.55M 2s
 11400K .......... .......... .......... .......... .......... 76% 1006K 2s
 11450K .......... .......... .......... .......... .......... 76% 2.33M 2s
 11500K .......... .......... .......... .......... .......... 76% 2.94M 2s
 11550K .......... .......... .......... .......... .......... 77% 1.03M 2s
 11600K .......... .......... .......... .......... .......... 77% 3.17M 2s
 11650K .......... .......... .......... .......... .......... 77%  876K 2s
 11700K .......... .......... .......... .......... .......... 78% 3.14M 2s
 11750K .......... .......... .......... .......... .......... 78% 2.89M 2s
 11800K .......... .......... .......... .......... .......... 78% 2.95M 2s
 11850K .......... .......... .......... .......... .......... 79%  917K 2s
 11900K .......... .......... .......... .......... .......... 79% 2.99M 2s
 11950K .......... .......... .......... .......... .......... 79% 2.87M 2s
 12000K .......... .......... .......... .......... .......... 80% 2.73M 2s
 12050K .......... .......... .......... .......... .......... 80% 1010K 2s
 12100K .......... .......... .......... .......... .......... 80% 2.38M 2s
 12150K .......... .......... .......... .......... .......... 81% 2.95M 2s
 12200K .......... .......... .......... .......... .......... 81% 2.67M 2s
 12250K .......... .......... .......... .......... .......... 81% 1.32M 2s
 12300K .......... .......... .......... .......... .......... 82% 1.84M 2s
 12350K .......... .......... .......... .......... .......... 82% 2.92M 2s
 12400K .......... .......... .......... .......... .......... 82% 3.11M 2s
 12450K .......... .......... .......... .......... .......... 83% 1.08M 2s
 12500K .......... .......... .......... .......... .......... 83% 2.56M 1s
 12550K .......... .......... .......... .......... .......... 83% 3.19M 1s
 12600K .......... .......... .......... .......... .......... 84% 3.12M 1s
 12650K .......... .......... .......... .......... .......... 84% 1.25M 1s
 12700K .......... .......... .......... .......... .......... 84% 1.81M 1s
 12750K .......... .......... .......... .......... .......... 85% 2.93M 1s
 12800K .......... .......... .......... .......... .......... 85% 2.13M 1s
 12850K .......... .......... .......... .......... .......... 85% 2.44M 1s
 12900K .......... .......... .......... .......... .......... 86% 1.53M 1s
 12950K .......... .......... .......... .......... .......... 86% 2.78M 1s
 13000K .......... .......... .......... .......... .......... 86% 3.01M 1s
 13050K .......... .......... .......... .......... .......... 87% 1.86M 1s
 13100K .......... .......... .......... .......... .......... 87% 1.79M 1s
 13150K .......... .......... .......... .......... .......... 87% 1.84M 1s
 13200K .......... .......... .......... .......... .......... 88% 2.43M 1s
 13250K .......... .......... .......... .......... .......... 88% 2.99M 1s
 13300K .......... .......... .......... .......... .......... 88% 1.65M 1s
 13350K .......... .......... .......... .......... .......... 89% 2.29M 1s
 13400K .......... .......... .......... .......... .......... 89% 2.94M 1s
 13450K .......... .......... .......... .......... .......... 89% 1.47M 1s
 13500K .......... .......... .......... .......... .......... 90% 2.05M 1s
 13550K .......... .......... .......... .......... .......... 90% 3.10M 1s
 13600K .......... .......... .......... .......... .......... 90% 2.15M 1s
 13650K .......... .......... .......... .......... .......... 91% 1.92M 1s
 13700K .......... .......... .......... .......... .......... 91% 1.75M 1s
 13750K .......... .......... .......... .......... .......... 91% 2.78M 1s
 13800K .......... .......... .......... .......... .......... 92% 2.94M 1s
 13850K .......... .......... .......... .......... .......... 92% 1.57M 1s
 13900K .......... .......... .......... .......... .......... 92% 2.02M 1s
 13950K .......... .......... .......... .......... .......... 93% 2.32M 1s
 14000K .......... .......... .......... .......... .......... 93% 2.75M 1s
 14050K .......... .......... .......... .......... .......... 93% 2.16M 1s
 14100K .......... .......... .......... .......... .......... 94% 1.55M 1s
 14150K .......... .......... .......... .......... .......... 94% 2.96M 0s
 14200K .......... .......... .......... .......... .......... 94% 2.22M 0s
 14250K .......... .......... .......... .......... .......... 95% 3.14M 0s
 14300K .......... .......... .......... .......... .......... 95% 1.58M 0s
 14350K .......... .......... .......... .......... .......... 95% 2.03M 0s
 14400K .......... .......... .......... .......... .......... 96% 2.26M 0s
 14450K .......... .......... .......... .......... .......... 96% 2.49M 0s
 14500K .......... .......... .......... .......... .......... 96% 2.98M 0s
 14550K .......... .......... .......... .......... .......... 97% 1.79M 0s
 14600K .......... .......... .......... .......... .......... 97% 2.12M 0s
 14650K .......... .......... .......... .......... .......... 97% 2.41M 0s
 14700K .......... .......... .......... .......... .......... 98% 2.11M 0s
 14750K .......... .......... .......... .......... .......... 98% 3.19M 0s
 14800K .......... .......... .......... .......... .......... 98% 1.94M 0s
 14850K .......... .......... .......... .......... .......... 99% 1.98M 0s
 14900K .......... .......... .......... .......... .......... 99% 2.67M 0s
 14950K .......... .......... .......... .......... .......... 99% 3.15M 0s
 15000K .......... .......... .......... .......... ....      100% 1.79M=8.7s

2013-07-09 21:15:30 (1.70 MB/s) - `/tmp/src//ppl-1.0.tar.bz2' saved [15405300/15405300]

