--2013-07-09 21:56:27--  http://www.python.org/ftp/python/2.7.5/Python-2.7.5.tar.bz2
Resolving www.python.org... 82.94.164.162, 2001:888:2000:d::a2
Connecting to www.python.org|82.94.164.162|:80... connected.
HTTP request sent, awaiting response... 200 OK
Length: 12147710 (12M) [application/x-bzip2]
Saving to: `/tmp/src//Python-2.7.5.tar.bz2'

     0K .......... .......... .......... .......... ..........  0%  150K 79s
    50K .......... .......... .......... .......... ..........  0%  528K 50s
   100K .......... .......... .......... .......... ..........  1%  549K 41s
   150K .......... .......... .......... .......... ..........  1%  640K 35s
   200K .......... .......... .......... .......... ..........  2% 2.30M 29s
   250K .......... .......... .......... .......... ..........  2%  835K 26s
   300K .......... .......... .......... .......... ..........  2% 2.15M 23s
   350K .......... .......... .......... .......... ..........  3% 2.56M 21s
   400K .......... .......... .......... .......... ..........  3%  784K 20s
   450K .......... .......... .......... .......... ..........  4% 2.41M 18s
   500K .......... .......... .......... .......... ..........  4% 2.43M 17s
   550K .......... .......... .......... .......... ..........  5%  967K 16s
   600K .......... .......... .......... .......... ..........  5% 1.96M 16s
   650K .......... .......... .......... .......... ..........  5% 1.45M 15s
   700K .......... .......... .......... .......... ..........  6% 2.91M 14s
   750K .......... .......... .......... .......... ..........  6% 1013K 14s
   800K .......... .......... .......... .......... ..........  7% 2.22M 13s
   850K .......... .......... .......... .......... ..........  7%  858K 13s
   900K .......... .......... .......... .......... ..........  8% 2.06M 13s
   950K .......... .......... .......... .......... ..........  8% 3.08M 12s
  1000K .......... .......... .......... .......... ..........  8%  823K 12s
  1050K .......... .......... .......... .......... ..........  9% 3.32M 12s
  1100K .......... .......... .......... .......... ..........  9% 3.21M 11s
  1150K .......... .......... .......... .......... .......... 10% 1.05M 11s
  1200K .......... .......... .......... .......... .......... 10% 1.59M 11s
  1250K .......... .......... .......... .......... .......... 10% 2.64M 11s
  1300K .......... .......... .......... .......... .......... 11% 1.38M 10s
  1350K .......... .......... .......... .......... .......... 11% 1.11M 10s
  1400K .......... .......... .......... .......... .......... 12% 3.37M 10s
  1450K .......... .......... .......... .......... .......... 12% 1.59M 10s
  1500K .......... .......... .......... .......... .......... 13% 1.08M 10s
  1550K .......... .......... .......... .......... .......... 13% 1.19M 10s
  1600K .......... .......... .......... .......... .......... 13% 1.49M 10s
  1650K .......... .......... .......... .......... .......... 14% 3.22M 9s
  1700K .......... .......... .......... .......... .......... 14% 2.14M 9s
  1750K .......... .......... .......... .......... .......... 15%  866K 9s
  1800K .......... .......... .......... .......... .......... 15% 2.85M 9s
  1850K .......... .......... .......... .......... .......... 16% 1.79M 9s
  1900K .......... .......... .......... .......... .......... 16% 1.45M 9s
  1950K .......... .......... .......... .......... .......... 16% 2.05M 9s
  2000K .......... .......... .......... .......... .......... 17% 1.42M 9s
  2050K .......... .......... .......... .......... .......... 17% 1.71M 8s
  2100K .......... .......... .......... .......... .......... 18% 1.93M 8s
  2150K .......... .......... .......... .......... .......... 18% 1.33M 8s
  2200K .......... .......... .......... .......... .......... 18% 2.80M 8s
  2250K .......... .......... .......... .......... .......... 19%  855K 8s
  2300K .......... .......... .......... .......... .......... 19% 2.38M 8s
  2350K .......... .......... .......... .......... .......... 20% 2.99M 8s
  2400K .......... .......... .......... .......... .......... 20% 1.08M 8s
  2450K .......... .......... .......... .......... .......... 21% 1.45M 8s
  2500K .......... .......... .......... .......... .......... 21% 3.24M 8s
  2550K .......... .......... .......... .......... .......... 21% 1.57M 8s
  2600K .......... .......... .......... .......... .......... 22% 1.07M 7s
  2650K .......... .......... .......... .......... .......... 22% 2.10M 7s
  2700K .......... .......... .......... .......... .......... 23% 1.68M 7s
  2750K .......... .......... .......... .......... .......... 23% 1.23M 7s
  2800K .......... .......... .......... .......... .......... 24% 2.48M 7s
  2850K .......... .......... .......... .......... .......... 24% 1.23M 7s
  2900K .......... .......... .......... .......... .......... 24% 2.21M 7s
  2950K .......... .......... .......... .......... .......... 25% 1.85M 7s
  3000K .......... .......... .......... .......... .......... 25%  326K 7s
  3050K .......... .......... .......... .......... .......... 26% 44.0M 7s
  3100K .......... .......... .......... .......... .......... 26%  660K 7s
  3150K .......... .......... .......... .......... .......... 26% 41.0M 7s
  3200K .......... .......... .......... .......... .......... 27% 43.9M 7s
  3250K .......... .......... .......... .......... .......... 27% 1.16M 7s
  3300K .......... .......... .......... .......... .......... 28% 1.89M 7s
  3350K .......... .......... .......... .......... .......... 28% 2.24M 7s
  3400K .......... .......... .......... .......... .......... 29%  965K 7s
  3450K .......... .......... .......... .......... .......... 29% 2.13M 7s
  3500K .......... .......... .......... .......... .......... 29%  847K 7s
  3550K .......... .......... .......... .......... .......... 30% 1.63M 7s
  3600K .......... .......... .......... .......... .......... 30% 1002K 7s
  3650K .......... .......... .......... .......... .......... 31% 1.26M 6s
  3700K .......... .......... .......... .......... .......... 31% 2.21M 6s
  3750K .......... .......... .......... .......... .......... 32% 1.15M 6s
  3800K .......... .......... .......... .......... .......... 32% 1.08M 6s
  3850K .......... .......... .......... .......... .......... 32% 1.55M 6s
  3900K .......... .......... .......... .......... .......... 33% 1.13M 6s
  3950K .......... .......... .......... .......... .......... 33% 1.65M 6s
  4000K .......... .......... .......... .......... .......... 34% 1.37M 6s
  4050K .......... .......... .......... .......... .......... 34% 1.34M 6s
  4100K .......... .......... .......... .......... .......... 34% 1.69M 6s
  4150K .......... .......... .......... .......... .......... 35% 1.62M 6s
  4200K .......... .......... .......... .......... .......... 35%  949K 6s
  4250K .......... .......... .......... .......... .......... 36% 2.13M 6s
  4300K .......... .......... .......... .......... .......... 36%  904K 6s
  4350K .......... .......... .......... .......... .......... 37% 1.80M 6s
  4400K .......... .......... .......... .......... .......... 37% 2.75M 6s
  4450K .......... .......... .......... .......... .......... 37%  927K 6s
  4500K .......... .......... .......... .......... .......... 38% 2.50M 6s
  4550K .......... .......... .......... .......... .......... 38% 1.04M 6s
  4600K .......... .......... .......... .......... .......... 39% 1.68M 6s
  4650K .......... .......... .......... .......... .......... 39% 2.05M 6s
  4700K .......... .......... .......... .......... .......... 40%  839K 6s
  4750K .......... .......... .......... .......... .......... 40% 2.21M 5s
  4800K .......... .......... .......... .......... .......... 40% 2.76M 5s
  4850K .......... .......... .......... .......... .......... 41% 1.01M 5s
  4900K .......... .......... .......... .......... .......... 41% 1.47M 5s
  4950K .......... .......... .......... .......... .......... 42% 1.60M 5s
  5000K .......... .......... .......... .......... .......... 42% 1.12M 5s
  5050K .......... .......... .......... .......... .......... 42% 1.58M 5s
  5100K .......... .......... .......... .......... .......... 43% 2.84M 5s
  5150K .......... .......... .......... .......... .......... 43%  951K 5s
  5200K .......... .......... .......... .......... .......... 44% 2.44M 5s
  5250K .......... .......... .......... .......... .......... 44% 2.42M 5s
  5300K .......... .......... .......... .......... .......... 45%  913K 5s
  5350K .......... .......... .......... .......... .......... 45% 2.96M 5s
  5400K .......... .......... .......... .......... .......... 45% 1.98M 5s
  5450K .......... .......... .......... .......... .......... 46%  990K 5s
  5500K .......... .......... .......... .......... .......... 46% 1.93M 5s
  5550K .......... .......... .......... .......... .......... 47% 1.13M 5s
  5600K .......... .......... .......... .......... .......... 47% 2.16M 5s
  5650K .......... .......... .......... .......... .......... 48% 1.72M 5s
  5700K .......... .......... .......... .......... .......... 48% 1.10M 5s
  5750K .......... .......... .......... .......... .......... 48% 1.45M 5s
  5800K .......... .......... .......... .......... .......... 49% 2.97M 5s
  5850K .......... .......... .......... .......... .......... 49% 1.17M 4s
  5900K .......... .......... .......... .......... .......... 50% 1.90M 4s
  5950K .......... .......... .......... .......... .......... 50%  953K 4s
  6000K .......... .......... .......... .......... .......... 50% 1.62M 4s
  6050K .......... .......... .......... .......... .......... 51% 3.28M 4s
  6100K .......... .......... .......... .......... .......... 51% 1.15M 4s
  6150K .......... .......... .......... .......... .......... 52% 1.30M 4s
  6200K .......... .......... .......... .......... .......... 52% 1.21M 4s
  6250K .......... .......... .......... .......... .......... 53% 2.99M 4s
  6300K .......... .......... .......... .......... .......... 53% 1.49M 4s
  6350K .......... .......... .......... .......... .......... 53% 1.18M 4s
  6400K .......... .......... .......... .......... .......... 54% 1.20M 4s
  6450K .......... .......... .......... .......... .......... 54% 1.37M 4s
  6500K .......... .......... .......... .......... .......... 55% 2.88M 4s
  6550K .......... .......... .......... .......... .......... 55% 1.35M 4s
  6600K .......... .......... .......... .......... .......... 56% 1.39M 4s
  6650K .......... .......... .......... .......... .......... 56% 1.16M 4s
  6700K .......... .......... .......... .......... .......... 56% 1.42M 4s
  6750K .......... .......... .......... .......... .......... 57% 3.10M 4s
  6800K .......... .......... .......... .......... .......... 57% 1.28M 4s
  6850K .......... .......... .......... .......... .......... 58%  333K 4s
  6900K .......... .......... .......... .......... .......... 58% 3.09M 4s
  6950K .......... .......... .......... .......... .......... 59% 3.08M 4s
  7000K .......... .......... .......... .......... .......... 59%  349K 4s
  7050K .......... .......... .......... .......... .......... 59% 2.85M 4s
  7100K .......... .......... .......... .......... .......... 60%  353K 4s
  7150K .......... .......... .......... .......... .......... 60% 3.24M 4s
  7200K .......... .......... .......... .......... .......... 61% 3.00M 4s
  7250K .......... .......... .......... .......... .......... 61%  356K 4s
  7300K .......... .......... .......... .......... .......... 61% 2.94M 4s
  7350K .......... .......... .......... .......... .......... 62%  803K 3s
  7400K .......... .......... .......... .......... .......... 62%  340K 4s
  7450K .......... .......... .......... .......... .......... 63% 2.68M 3s
  7500K .......... .......... .......... .......... .......... 63% 3.14M 3s
  7550K .......... .......... .......... .......... .......... 64%  358K 3s
  7600K .......... .......... .......... .......... .......... 64% 3.03M 3s
  7650K .......... .......... .......... .......... .......... 64% 3.27M 3s
  7700K .......... .......... .......... .......... .......... 65%  370K 3s
  7750K .......... .......... .......... .......... .......... 65% 2.89M 3s
  7800K .......... .......... .......... .......... .......... 66%  360K 3s
  7850K .......... .......... .......... .......... .......... 66% 3.08M 3s
  7900K .......... .......... .......... .......... .......... 67% 3.07M 3s
  7950K .......... .......... .......... .......... .......... 67%  170K 3s
  8000K .......... .......... .......... .......... .......... 67% 40.8M 3s
  8050K .......... .......... .......... .......... .......... 68%  284K 3s
  8100K .......... .......... .......... .......... .......... 68% 44.5M 3s
  8150K .......... .......... .......... .......... .......... 69% 21.8M 3s
  8200K .......... .......... .......... .......... .......... 69% 2.75M 3s
  8250K .......... .......... .......... .......... .......... 69%  354K 3s
  8300K .......... .......... .......... .......... .......... 70% 2.38M 3s
  8350K .......... .......... .......... .......... .......... 70%  167K 3s
  8400K .......... .......... .......... .......... .......... 71% 68.6M 3s
  8450K .......... .......... .......... .......... .......... 71% 8.45M 3s
  8500K .......... .......... .......... .......... .......... 72%  346K 3s
  8550K .......... .......... .......... .......... .......... 72% 2.77M 3s
  8600K .......... .......... .......... .......... .......... 72%  334K 3s
  8650K .......... .......... .......... .......... .......... 73% 2.30M 3s
  8700K .......... .......... .......... .......... .......... 73%  333K 3s
  8750K .......... .......... .......... .......... .......... 74% 2.58M 3s
  8800K .......... .......... .......... .......... .......... 74%  347K 3s
  8850K .......... .......... .......... .......... .......... 75% 2.23M 3s
  8900K .......... .......... .......... .......... .......... 75%  351K 3s
  8950K .......... .......... .......... .......... .......... 75% 2.32M 3s
  9000K .......... .......... .......... .......... .......... 76%  344K 3s
  9050K .......... .......... .......... .......... .......... 76% 2.71M 3s
  9100K .......... .......... .......... .......... .......... 77%  675K 3s
  9150K .......... .......... .......... .......... .......... 77% 2.16M 2s
  9200K .......... .......... .......... .......... .......... 77%  701K 2s
  9250K .......... .......... .......... .......... .......... 78%  923K 2s
  9300K .......... .......... .......... .......... .......... 78% 1.38M 2s
  9350K .......... .......... .......... .......... .......... 79%  721K 2s
  9400K .......... .......... .......... .......... .......... 79% 2.19M 2s
  9450K .......... .......... .......... .......... .......... 80%  719K 2s
  9500K .......... .......... .......... .......... .......... 80% 1.75M 2s
  9550K .......... .......... .......... .......... .......... 80%  780K 2s
  9600K .......... .......... .......... .......... .......... 81% 1.75M 2s
  9650K .......... .......... .......... .......... .......... 81%  832K 2s
  9700K .......... .......... .......... .......... .......... 82%  713K 2s
  9750K .......... .......... .......... .......... .......... 82% 2.44M 2s
  9800K .......... .......... .......... .......... .......... 83%  680K 2s
  9850K .......... .......... .......... .......... .......... 83% 2.08M 2s
  9900K .......... .......... .......... .......... .......... 83%  658K 2s
  9950K .......... .......... .......... .......... .......... 84%  678K 2s
 10000K .......... .......... .......... .......... .......... 84% 3.10M 2s
 10050K .......... .......... .......... .......... .......... 85% 1.75M 2s
 10100K .......... .......... .......... .......... .......... 85%  685K 2s
 10150K .......... .......... .......... .......... .......... 85%  737K 2s
 10200K .......... .......... .......... .......... .......... 86% 1.30M 2s
 10250K .......... .......... .......... .......... .......... 86%  987K 1s
 10300K .......... .......... .......... .......... .......... 87% 1.27M 1s
 10350K .......... .......... .......... .......... .......... 87%  952K 1s
 10400K .......... .......... .......... .......... .......... 88% 1.58M 1s
 10450K .......... .......... .......... .......... .......... 88%  905K 1s
 10500K .......... .......... .......... .......... .......... 88% 1.41M 1s
 10550K .......... .......... .......... .......... .......... 89%  872K 1s
 10600K .......... .......... .......... .......... .......... 89% 1.61M 1s
 10650K .......... .......... .......... .......... .......... 90%  907K 1s
 10700K .......... .......... .......... .......... .......... 90% 1.47M 1s
 10750K .......... .......... .......... .......... .......... 91%  920K 1s
 10800K .......... .......... .......... .......... .......... 91% 1.29M 1s
 10850K .......... .......... .......... .......... .......... 91%  984K 1s
 10900K .......... .......... .......... .......... .......... 92%  812K 1s
 10950K .......... .......... .......... .......... .......... 92% 2.12M 1s
 11000K .......... .......... .......... .......... .......... 93%  790K 1s
 11050K .......... .......... .......... .......... .......... 93% 2.22M 1s
 11100K .......... .......... .......... .......... .......... 93%  751K 1s
 11150K .......... .......... .......... .......... .......... 94% 2.09M 1s
 11200K .......... .......... .......... .......... .......... 94%  671K 1s
 11250K .......... .......... .......... .......... .......... 95% 2.61M 1s
 11300K .......... .......... .......... .......... .......... 95%  656K 0s
 11350K .......... .......... .......... .......... .......... 96%  799K 0s
 11400K .......... .......... .......... .......... .......... 96% 1.88M 0s
 11450K .......... .......... .......... .......... .......... 96% 2.60M 0s
 11500K .......... .......... .......... .......... .......... 97%  642K 0s
 11550K .......... .......... .......... .......... .......... 97%  962K 0s
 11600K .......... .......... .......... .......... .......... 98% 1.24M 0s
 11650K .......... .......... .......... .......... .......... 98%  945K 0s
 11700K .......... .......... .......... .......... .......... 99% 2.27M 0s
 11750K .......... .......... .......... .......... .......... 99%  757K 0s
 11800K .......... .......... .......... .......... .......... 99% 2.00M 0s
 11850K .......... ..                                         100% 3.45M=11s

2013-07-09 21:56:38 (1.05 MB/s) - `/tmp/src//Python-2.7.5.tar.bz2' saved [12147710/12147710]

