sqlite-autoconf-3071700/
sqlite-autoconf-3071700/install-sh
sqlite-autoconf-3071700/shell.c
sqlite-autoconf-3071700/missing
sqlite-autoconf-3071700/config.sub
sqlite-autoconf-3071700/ltmain.sh
sqlite-autoconf-3071700/configure.ac
sqlite-autoconf-3071700/INSTALL
sqlite-autoconf-3071700/Makefile.in
sqlite-autoconf-3071700/README
sqlite-autoconf-3071700/Makefile.am
sqlite-autoconf-3071700/sqlite3.c
sqlite-autoconf-3071700/sqlite3ext.h
sqlite-autoconf-3071700/sqlite3.pc.in
sqlite-autoconf-3071700/configure
sqlite-autoconf-3071700/tea/
sqlite-autoconf-3071700/tea/configure.in
sqlite-autoconf-3071700/tea/license.terms
sqlite-autoconf-3071700/tea/Makefile.in
sqlite-autoconf-3071700/tea/README
sqlite-autoconf-3071700/tea/doc/
sqlite-autoconf-3071700/tea/doc/sqlite3.n
sqlite-autoconf-3071700/tea/generic/
sqlite-autoconf-3071700/tea/generic/tclsqlite3.c
sqlite-autoconf-3071700/tea/configure
sqlite-autoconf-3071700/tea/pkgIndex.tcl.in
sqlite-autoconf-3071700/tea/win/
sqlite-autoconf-3071700/tea/win/nmakehlp.c
sqlite-autoconf-3071700/tea/win/makefile.vc
sqlite-autoconf-3071700/tea/win/rules.vc
sqlite-autoconf-3071700/tea/aclocal.m4
sqlite-autoconf-3071700/tea/tclconfig/
sqlite-autoconf-3071700/tea/tclconfig/install-sh
sqlite-autoconf-3071700/tea/tclconfig/tcl.m4
sqlite-autoconf-3071700/config.guess
sqlite-autoconf-3071700/aclocal.m4
sqlite-autoconf-3071700/depcomp
sqlite-autoconf-3071700/sqlite3.1
sqlite-autoconf-3071700/sqlite3.h
