--2013-07-09 21:56:04--  http://www.sqlite.org/2013/sqlite-autoconf-3071700.tar.gz
Resolving www.sqlite.org... 67.18.92.124, 2600:3c00::f03c:91ff:fe96:b959
Connecting to www.sqlite.org|67.18.92.124|:80... connected.
HTTP request sent, awaiting response... 200 OK
Length: 1876108 (1.8M) [application/x-gzip]
Saving to: `/tmp/src//sqlite-autoconf-3071700.tar.gz'

     0K .......... .......... .......... .......... ..........  2%  145K 12s
    50K .......... .......... .......... .......... ..........  5%  283K 9s
   100K .......... .......... .......... .......... ..........  8%  172K 9s
   150K .......... .......... .......... .......... .......... 10% 2.52M 7s
   200K .......... .......... .......... .......... .......... 13%  316K 6s
   250K .......... .......... .......... .......... .......... 16% 2.34M 5s
   300K .......... .......... .......... .......... .......... 19%  366K 5s
   350K .......... .......... .......... .......... .......... 21% 1.79M 4s
   400K .......... .......... .......... .......... .......... 24%  384K 4s
   450K .......... .......... .......... .......... .......... 27% 2.37M 4s
   500K .......... .......... .......... .......... .......... 30% 1.79M 3s
   550K .......... .......... .......... .......... .......... 32%  394K 3s
   600K .......... .......... .......... .......... .......... 35% 1.96M 3s
   650K .......... .......... .......... .......... .......... 38% 2.47M 2s
   700K .......... .......... .......... .......... .......... 40%  405K 2s
   750K .......... .......... .......... .......... .......... 43% 1.95M 2s
   800K .......... .......... .......... .......... .......... 46% 2.81M 2s
   850K .......... .......... .......... .......... .......... 49%  394K 2s
   900K .......... .......... .......... .......... .......... 51% 2.70M 2s
   950K .......... .......... .......... .......... .......... 54% 2.80M 2s
  1000K .......... .......... .......... .......... .......... 57% 2.30M 1s
  1050K .......... .......... .......... .......... .......... 60%  404K 1s
  1100K .......... .......... .......... .......... .......... 62% 2.48M 1s
  1150K .......... .......... .......... .......... .......... 65% 3.35M 1s
  1200K .......... .......... .......... .......... .......... 68%  401K 1s
  1250K .......... .......... .......... .......... .......... 70% 2.78M 1s
  1300K .......... .......... .......... .......... .......... 73% 3.03M 1s
  1350K .......... .......... .......... .......... .......... 76% 3.13M 1s
  1400K .......... .......... .......... .......... .......... 79%  404K 1s
  1450K .......... .......... .......... .......... .......... 81% 2.43M 1s
  1500K .......... .......... .......... .......... .......... 84% 2.99M 0s
  1550K .......... .......... .......... .......... .......... 87% 3.07M 0s
  1600K .......... .......... .......... .......... .......... 90%  436K 0s
  1650K .......... .......... .......... .......... .......... 92% 2.31M 0s
  1700K .......... .......... .......... .......... .......... 95% 2.53M 0s
  1750K .......... .......... .......... .......... .......... 98% 3.20M 0s
  1800K .......... .......... .......... ..                   100% 3.07M=2.6s

2013-07-09 21:56:07 (715 KB/s) - `/tmp/src//sqlite-autoconf-3071700.tar.gz' saved [1876108/1876108]

