A    /tmp/src/widl/configure
A    /tmp/src/widl/Makefile.in
A    /tmp/src/widl/configure.ac
A    /tmp/src/widl/include
A    /tmp/src/widl/include/config.h.in
A    /tmp/src/widl/include/pshpack1.h
A    /tmp/src/widl/include/winnls.h
A    /tmp/src/widl/include/pshpack2.h
A    /tmp/src/widl/include/windef.h
A    /tmp/src/widl/include/wine
A    /tmp/src/widl/include/wine/list.h
A    /tmp/src/widl/include/wine/rpcfc.h
A    /tmp/src/widl/include/wine/port.h
A    /tmp/src/widl/include/wine/wpp.h
A    /tmp/src/widl/include/poppack.h
A    /tmp/src/widl/include/pshpack4.h
A    /tmp/src/widl/include/winnt.h
A    /tmp/src/widl/include/pshpack8.h
A    /tmp/src/widl/include/winnt.rh
A    /tmp/src/widl/include/basetsd.h
A    /tmp/src/widl/include/guiddef.h
A    /tmp/src/widl/include/winerror.h
A    /tmp/src/widl/include/winbase.h
A    /tmp/src/widl/wine-import.sh
A    /tmp/src/widl/VERSION
A    /tmp/src/widl/src
A    /tmp/src/widl/src/widl.c
A    /tmp/src/widl/src/utils.c
A    /tmp/src/widl/src/typetree.c
A    /tmp/src/widl/src/parser.h
A    /tmp/src/widl/src/parser.tab.c
A    /tmp/src/widl/src/port
A    /tmp/src/widl/src/port/getopt.c
A    /tmp/src/widl/src/port/getopt1.c
A    /tmp/src/widl/src/port/port.c
A    /tmp/src/widl/src/widl.h
A    /tmp/src/widl/src/utils.h
A    /tmp/src/widl/src/parser.l
A    /tmp/src/widl/src/typetree.h
A    /tmp/src/widl/src/server.c
A    /tmp/src/widl/src/parser.tab.h
A    /tmp/src/widl/src/typelib.c
A    /tmp/src/widl/src/typegen.c
A    /tmp/src/widl/src/typelib.h
A    /tmp/src/widl/src/expr.c
A    /tmp/src/widl/src/client.c
A    /tmp/src/widl/src/typegen.h
A    /tmp/src/widl/src/proxy.c
A    /tmp/src/widl/src/typelib_struct.h
A    /tmp/src/widl/src/parser.y
A    /tmp/src/widl/src/hash.c
A    /tmp/src/widl/src/expr.h
A    /tmp/src/widl/src/write_msft.c
A    /tmp/src/widl/src/register.c
A    /tmp/src/widl/src/wpp
A    /tmp/src/widl/src/wpp/ppy.y
A    /tmp/src/widl/src/wpp/ppy.tab.h
A    /tmp/src/widl/src/wpp/ppl.l
A    /tmp/src/widl/src/wpp/wpp_private.h
A    /tmp/src/widl/src/wpp/wpp.c
A    /tmp/src/widl/src/wpp/preproc.c
A    /tmp/src/widl/src/wpp/ppl.yy.c
A    /tmp/src/widl/src/wpp/ppy.tab.c
A    /tmp/src/widl/src/header.c
A    /tmp/src/widl/src/hash.h
A    /tmp/src/widl/src/widltypes.h
A    /tmp/src/widl/src/parser.yy.c
A    /tmp/src/widl/src/header.h
A    /tmp/src/widl/Makefile.am
A    /tmp/src/widl/build-aux
A    /tmp/src/widl/build-aux/depcomp
A    /tmp/src/widl/build-aux/missing
A    /tmp/src/widl/build-aux/config.guess
A    /tmp/src/widl/build-aux/config.sub
A    /tmp/src/widl/build-aux/install-sh
A    /tmp/src/widl/aclocal.m4
Checked out revision 5982.
