A    /tmp/src/winpthreads/config.h.in
A    /tmp/src/winpthreads/m4
A    /tmp/src/winpthreads/m4/ltsugar.m4
A    /tmp/src/winpthreads/m4/libtool.m4
A    /tmp/src/winpthreads/m4/ltversion.m4
A    /tmp/src/winpthreads/m4/lt~obsolete.m4
A    /tmp/src/winpthreads/m4/ltoptions.m4
A    /tmp/src/winpthreads/configure
A    /tmp/src/winpthreads/Makefile.in
A    /tmp/src/winpthreads/tests
A    /tmp/src/winpthreads/tests/test.c
A    /tmp/src/winpthreads/tests/Makefile.in
A    /tmp/src/winpthreads/tests/t_clock_nanosleep.c
A    /tmp/src/winpthreads/tests/t_clock_getres.c
A    /tmp/src/winpthreads/tests/t_nanosleep.c
A    /tmp/src/winpthreads/tests/Makefile.am
A    /tmp/src/winpthreads/tests/t_clock_settime.c
A    /tmp/src/winpthreads/tests/t_clock_gettime.c
A    /tmp/src/winpthreads/configure.ac
A    /tmp/src/winpthreads/include
A    /tmp/src/winpthreads/include/pthread_compat.h
A    /tmp/src/winpthreads/include/pthread_unistd.h
A    /tmp/src/winpthreads/include/semaphore.h
A    /tmp/src/winpthreads/include/pthread_time.h
A    /tmp/src/winpthreads/include/sched.h
A    /tmp/src/winpthreads/include/pthread.h
A    /tmp/src/winpthreads/src
A    /tmp/src/winpthreads/src/misc.h
A    /tmp/src/winpthreads/src/rwlock.c
A    /tmp/src/winpthreads/src/libgcc
A    /tmp/src/winpthreads/src/libgcc/dll_math.c
A    /tmp/src/winpthreads/src/libgcc/dll_dependency.S
A    /tmp/src/winpthreads/src/mutex.c
A    /tmp/src/winpthreads/src/wpth_ver.h
A    /tmp/src/winpthreads/src/winpthread_internal.h
A    /tmp/src/winpthreads/src/rwlock.h
A    /tmp/src/winpthreads/src/version.rc
A    /tmp/src/winpthreads/src/thread.c
A    /tmp/src/winpthreads/src/mutex.h
A    /tmp/src/winpthreads/src/thread.h
A    /tmp/src/winpthreads/src/ref.c
A    /tmp/src/winpthreads/src/ref.h
A    /tmp/src/winpthreads/src/spinlock.c
A    /tmp/src/winpthreads/src/cond.c
A    /tmp/src/winpthreads/src/nanosleep.c
A    /tmp/src/winpthreads/src/sem.c
A    /tmp/src/winpthreads/src/sched.c
A    /tmp/src/winpthreads/src/barrier.c
A    /tmp/src/winpthreads/src/spinlock.h
A    /tmp/src/winpthreads/src/cond.h
A    /tmp/src/winpthreads/src/sem.h
A    /tmp/src/winpthreads/src/misc.c
A    /tmp/src/winpthreads/src/clock.c
A    /tmp/src/winpthreads/src/barrier.h
A    /tmp/src/winpthreads/COPYING
A    /tmp/src/winpthreads/Makefile.am
A    /tmp/src/winpthreads/tests_pthread
A    /tmp/src/winpthreads/tests_pthread/Bmakefile
A    /tmp/src/winpthreads/tests_pthread/tryentercs.c
A    /tmp/src/winpthreads/tests_pthread/context1.c
A    /tmp/src/winpthreads/tests_pthread/semaphore2.c
A    /tmp/src/winpthreads/tests_pthread/once2.c
A    /tmp/src/winpthreads/tests_pthread/barrier1.c
A    /tmp/src/winpthreads/tests_pthread/self1.c
A    /tmp/src/winpthreads/tests_pthread/barrier5.c
A    /tmp/src/winpthreads/tests_pthread/mutex6es.c
A    /tmp/src/winpthreads/tests_pthread/join1.c
A    /tmp/src/winpthreads/tests_pthread/condvar4.c
A    /tmp/src/winpthreads/tests_pthread/mutex1.c
A    /tmp/src/winpthreads/tests_pthread/Wmakefile
A    /tmp/src/winpthreads/tests_pthread/condvar8.c
A    /tmp/src/winpthreads/tests_pthread/tryentercs2.c
A    /tmp/src/winpthreads/tests_pthread/mutex5.c
A    /tmp/src/winpthreads/tests_pthread/equal1.c
A    /tmp/src/winpthreads/tests_pthread/mutex6e.c
A    /tmp/src/winpthreads/tests_pthread/runall.c
A    /tmp/src/winpthreads/tests_pthread/priority1.c
A    /tmp/src/winpthreads/tests_pthread/benchtest4.c
A    /tmp/src/winpthreads/tests_pthread/stress1.c
A    /tmp/src/winpthreads/tests_pthread/reuse2.c
A    /tmp/src/winpthreads/tests_pthread/GNUmakefile
A    /tmp/src/winpthreads/tests_pthread/ChangeLog
A    /tmp/src/winpthreads/tests_pthread/benchlib.c
A    /tmp/src/winpthreads/tests_pthread/rwlock2_t.c
A    /tmp/src/winpthreads/tests_pthread/cleanup0.c
A    /tmp/src/winpthreads/tests_pthread/rwlock4_t.c
A    /tmp/src/winpthreads/tests_pthread/mutex8n.c
A    /tmp/src/winpthreads/tests_pthread/cancel4.c
A    /tmp/src/winpthreads/tests_pthread/rwlock6_t.c
A    /tmp/src/winpthreads/tests_pthread/mutex8r.c
A    /tmp/src/winpthreads/tests_pthread/README.BENCHTESTS
A    /tmp/src/winpthreads/tests_pthread/cancel8.c
A    /tmp/src/winpthreads/tests_pthread/exception1.c
A    /tmp/src/winpthreads/tests_pthread/Debug.txt
A    /tmp/src/winpthreads/tests_pthread/create1.c
A    /tmp/src/winpthreads/tests_pthread/test.h
A    /tmp/src/winpthreads/tests_pthread/rwlock4.c
A    /tmp/src/winpthreads/tests_pthread/mutex1e.c
A    /tmp/src/winpthreads/tests_pthread/rwlock8.c
A    /tmp/src/winpthreads/tests_pthread/exit1.c
A    /tmp/src/winpthreads/tests_pthread/rwlock6_t2.c
A    /tmp/src/winpthreads/tests_pthread/condvar1_1.c
A    /tmp/src/winpthreads/tests_pthread/spin4.c
A    /tmp/src/winpthreads/tests_pthread/exit5.c
A    /tmp/src/winpthreads/tests_pthread/condvar3_1.c
A    /tmp/src/winpthreads/tests_pthread/semaphore3.c
A    /tmp/src/winpthreads/tests_pthread/once3.c
A    /tmp/src/winpthreads/tests_pthread/mutex3r.c
A    /tmp/src/winpthreads/tests_pthread/barrier2.c
A    /tmp/src/winpthreads/tests_pthread/self2.c
A    /tmp/src/winpthreads/tests_pthread/barrier6.c
A    /tmp/src/winpthreads/tests_pthread/condvar1.c
A    /tmp/src/winpthreads/tests_pthread/valid1.c
A    /tmp/src/winpthreads/tests_pthread/join2.c
A    /tmp/src/winpthreads/tests_pthread/condvar5.c
A    /tmp/src/winpthreads/tests_pthread/mutex2.c
A    /tmp/src/winpthreads/tests_pthread/condvar9.c
A    /tmp/src/winpthreads/tests_pthread/mutex6.c
A    /tmp/src/winpthreads/tests_pthread/benchtest1.c
A    /tmp/src/winpthreads/tests_pthread/priority2.c
A    /tmp/src/winpthreads/tests_pthread/benchtest5.c
A    /tmp/src/winpthreads/tests_pthread/cancel1.c
A    /tmp/src/winpthreads/tests_pthread/mutex6n.c
A    /tmp/src/winpthreads/tests_pthread/cleanup1.c
A    /tmp/src/winpthreads/tests_pthread/count1.c
A    /tmp/src/winpthreads/tests_pthread/cancel5.c
A    /tmp/src/winpthreads/tests_pthread/mutex6r.c
A    /tmp/src/winpthreads/tests_pthread/README
A    /tmp/src/winpthreads/tests_pthread/cancel9.c
A    /tmp/src/winpthreads/tests_pthread/delay1.c
A    /tmp/src/winpthreads/tests_pthread/exception2.c
A    /tmp/src/winpthreads/tests_pthread/rwlock1.c
A    /tmp/src/winpthreads/tests_pthread/create2.c
A    /tmp/src/winpthreads/tests_pthread/rwlock5.c
A    /tmp/src/winpthreads/tests_pthread/spin1.c
A    /tmp/src/winpthreads/tests_pthread/Debug.dsp
A    /tmp/src/winpthreads/tests_pthread/exit2.c
A    /tmp/src/winpthreads/tests_pthread/condvar1_2.c
A    /tmp/src/winpthreads/tests_pthread/mutex7e.c
A    /tmp/src/winpthreads/tests_pthread/condvar3_2.c
A    /tmp/src/winpthreads/tests_pthread/Debug.dsw
A    /tmp/src/winpthreads/tests_pthread/mutex1n.c
A    /tmp/src/winpthreads/tests_pthread/mutex1r.c
A    /tmp/src/winpthreads/tests_pthread/semaphore4.c
A    /tmp/src/winpthreads/tests_pthread/once4.c
A    /tmp/src/winpthreads/tests_pthread/barrier3.c
A    /tmp/src/winpthreads/tests_pthread/tsd1.c
A    /tmp/src/winpthreads/tests_pthread/condvar2.c
A    /tmp/src/winpthreads/tests_pthread/cancel6d.c
A    /tmp/src/winpthreads/tests_pthread/valid2.c
A    /tmp/src/winpthreads/tests_pthread/condvar6.c
A    /tmp/src/winpthreads/tests_pthread/join3.c
A    /tmp/src/winpthreads/tests_pthread/mutex3.c
A    /tmp/src/winpthreads/tests_pthread/Debug.plg
A    /tmp/src/winpthreads/tests_pthread/mutex2e.c
A    /tmp/src/winpthreads/tests_pthread/mutex7.c
A    /tmp/src/winpthreads/tests_pthread/Makefile
A    /tmp/src/winpthreads/tests_pthread/benchtest2.c
A    /tmp/src/winpthreads/tests_pthread/README.WINPTHREADS
A    /tmp/src/winpthreads/tests_pthread/errno1.c
A    /tmp/src/winpthreads/tests_pthread/cancel2.c
A    /tmp/src/winpthreads/tests_pthread/rwlock3_t.c
A    /tmp/src/winpthreads/tests_pthread/rwlock5_t.c
A    /tmp/src/winpthreads/tests_pthread/cleanup2.c
A    /tmp/src/winpthreads/tests_pthread/detach1.c
A    /tmp/src/winpthreads/tests_pthread/mutex6s.c
A    /tmp/src/winpthreads/tests_pthread/delay2.c
A    /tmp/src/winpthreads/tests_pthread/exception3.c
A    /tmp/src/winpthreads/tests_pthread/rwlock2.c
A    /tmp/src/winpthreads/tests_pthread/create3.c
A    /tmp/src/winpthreads/tests_pthread/rwlock6.c
A    /tmp/src/winpthreads/tests_pthread/SIZES.VCE
A    /tmp/src/winpthreads/tests_pthread/spin2.c
A    /tmp/src/winpthreads/tests_pthread/exit3.c
A    /tmp/src/winpthreads/tests_pthread/condvar2_1.c
A    /tmp/src/winpthreads/tests_pthread/condvar3_3.c
A    /tmp/src/winpthreads/tests_pthread/semaphore1.c
A    /tmp/src/winpthreads/tests_pthread/once1.c
A    /tmp/src/winpthreads/tests_pthread/mutex7n.c
A    /tmp/src/winpthreads/tests_pthread/semaphore5.c
A    /tmp/src/winpthreads/tests_pthread/SIZES.VSE
A    /tmp/src/winpthreads/tests_pthread/barrier4.c
A    /tmp/src/winpthreads/tests_pthread/eyal1.c
A    /tmp/src/winpthreads/tests_pthread/mutex7r.c
A    /tmp/src/winpthreads/tests_pthread/kill1.c
A    /tmp/src/winpthreads/tests_pthread/cancel6a.c
A    /tmp/src/winpthreads/tests_pthread/tsd2.c
A    /tmp/src/winpthreads/tests_pthread/join0.c
A    /tmp/src/winpthreads/tests_pthread/condvar3.c
A    /tmp/src/winpthreads/tests_pthread/loadfree.c
A    /tmp/src/winpthreads/tests_pthread/inherit1.c
A    /tmp/src/winpthreads/tests_pthread/SIZES.VC
A    /tmp/src/winpthreads/tests_pthread/condvar7.c
A    /tmp/src/winpthreads/tests_pthread/mutex4.c
A    /tmp/src/winpthreads/tests_pthread/mutex8.c
A    /tmp/src/winpthreads/tests_pthread/mutex8e.c
A    /tmp/src/winpthreads/tests_pthread/benchtest3.c
A    /tmp/src/winpthreads/tests_pthread/reuse1.c
A    /tmp/src/winpthreads/tests_pthread/SIZES.GC
A    /tmp/src/winpthreads/tests_pthread/mutex2r.c
A    /tmp/src/winpthreads/tests_pthread/cancel3.c
A    /tmp/src/winpthreads/tests_pthread/SIZES.GCE
A    /tmp/src/winpthreads/tests_pthread/cleanup3.c
A    /tmp/src/winpthreads/tests_pthread/cancel7.c
A    /tmp/src/winpthreads/tests_pthread/rwlock3.c
A    /tmp/src/winpthreads/tests_pthread/benchtest.h
A    /tmp/src/winpthreads/tests_pthread/ChangeLog.2010
A    /tmp/src/winpthreads/tests_pthread/rwlock7.c
A    /tmp/src/winpthreads/tests_pthread/mutex3e.c
A    /tmp/src/winpthreads/tests_pthread/semaphore4t.c
A    /tmp/src/winpthreads/tests_pthread/spin3.c
A    /tmp/src/winpthreads/tests_pthread/mutex6rs.c
A    /tmp/src/winpthreads/tests_pthread/exit4.c
A    /tmp/src/winpthreads/tests_pthread/sizes.c
A    /tmp/src/winpthreads/build-aux
A    /tmp/src/winpthreads/build-aux/ar-lib
A    /tmp/src/winpthreads/build-aux/depcomp
A    /tmp/src/winpthreads/build-aux/test-driver
A    /tmp/src/winpthreads/build-aux/missing
A    /tmp/src/winpthreads/build-aux/config.guess
A    /tmp/src/winpthreads/build-aux/config.sub
A    /tmp/src/winpthreads/build-aux/ltmain.sh
A    /tmp/src/winpthreads/build-aux/install-sh
A    /tmp/src/winpthreads/aclocal.m4
Checked out revision 5982.
