zlib-1.2.8/
zlib-1.2.8/adler32.c
zlib-1.2.8/amiga/
zlib-1.2.8/amiga/Makefile.pup
zlib-1.2.8/amiga/Makefile.sas
zlib-1.2.8/as400/
zlib-1.2.8/as400/bndsrc
zlib-1.2.8/as400/compile.clp
zlib-1.2.8/as400/readme.txt
zlib-1.2.8/as400/zlib.inc
zlib-1.2.8/ChangeLog
zlib-1.2.8/CMakeLists.txt
zlib-1.2.8/compress.c
zlib-1.2.8/configure
zlib-1.2.8/contrib/
zlib-1.2.8/contrib/ada/
zlib-1.2.8/contrib/ada/buffer_demo.adb
zlib-1.2.8/contrib/ada/mtest.adb
zlib-1.2.8/contrib/ada/read.adb
zlib-1.2.8/contrib/ada/readme.txt
zlib-1.2.8/contrib/ada/test.adb
zlib-1.2.8/contrib/ada/zlib-streams.adb
zlib-1.2.8/contrib/ada/zlib-streams.ads
zlib-1.2.8/contrib/ada/zlib-thin.adb
zlib-1.2.8/contrib/ada/zlib-thin.ads
zlib-1.2.8/contrib/ada/zlib.adb
zlib-1.2.8/contrib/ada/zlib.ads
zlib-1.2.8/contrib/ada/zlib.gpr
zlib-1.2.8/contrib/amd64/
zlib-1.2.8/contrib/amd64/amd64-match.S
zlib-1.2.8/contrib/asm686/
zlib-1.2.8/contrib/asm686/match.S
zlib-1.2.8/contrib/asm686/README.686
zlib-1.2.8/contrib/blast/
zlib-1.2.8/contrib/blast/blast.c
zlib-1.2.8/contrib/blast/blast.h
zlib-1.2.8/contrib/blast/Makefile
zlib-1.2.8/contrib/blast/README
zlib-1.2.8/contrib/blast/test.pk
zlib-1.2.8/contrib/blast/test.txt
zlib-1.2.8/contrib/delphi/
zlib-1.2.8/contrib/delphi/readme.txt
zlib-1.2.8/contrib/delphi/ZLib.pas
zlib-1.2.8/contrib/delphi/ZLibConst.pas
zlib-1.2.8/contrib/delphi/zlibd32.mak
zlib-1.2.8/contrib/dotzlib/
zlib-1.2.8/contrib/dotzlib/DotZLib/
zlib-1.2.8/contrib/dotzlib/DotZLib/AssemblyInfo.cs
zlib-1.2.8/contrib/dotzlib/DotZLib/ChecksumImpl.cs
zlib-1.2.8/contrib/dotzlib/DotZLib/CircularBuffer.cs
zlib-1.2.8/contrib/dotzlib/DotZLib/CodecBase.cs
zlib-1.2.8/contrib/dotzlib/DotZLib/Deflater.cs
zlib-1.2.8/contrib/dotzlib/DotZLib/DotZLib.cs
zlib-1.2.8/contrib/dotzlib/DotZLib/DotZLib.csproj
zlib-1.2.8/contrib/dotzlib/DotZLib/GZipStream.cs
zlib-1.2.8/contrib/dotzlib/DotZLib/Inflater.cs
zlib-1.2.8/contrib/dotzlib/DotZLib/UnitTests.cs
zlib-1.2.8/contrib/dotzlib/DotZLib.build
zlib-1.2.8/contrib/dotzlib/DotZLib.chm
zlib-1.2.8/contrib/dotzlib/DotZLib.sln
zlib-1.2.8/contrib/dotzlib/LICENSE_1_0.txt
zlib-1.2.8/contrib/dotzlib/readme.txt
zlib-1.2.8/contrib/gcc_gvmat64/
zlib-1.2.8/contrib/gcc_gvmat64/gvmat64.S
zlib-1.2.8/contrib/infback9/
zlib-1.2.8/contrib/infback9/infback9.c
zlib-1.2.8/contrib/infback9/infback9.h
zlib-1.2.8/contrib/infback9/inffix9.h
zlib-1.2.8/contrib/infback9/inflate9.h
zlib-1.2.8/contrib/infback9/inftree9.c
zlib-1.2.8/contrib/infback9/inftree9.h
zlib-1.2.8/contrib/infback9/README
zlib-1.2.8/contrib/inflate86/
zlib-1.2.8/contrib/inflate86/inffas86.c
zlib-1.2.8/contrib/inflate86/inffast.S
zlib-1.2.8/contrib/iostream/
zlib-1.2.8/contrib/iostream/test.cpp
zlib-1.2.8/contrib/iostream/zfstream.cpp
zlib-1.2.8/contrib/iostream/zfstream.h
zlib-1.2.8/contrib/iostream2/
zlib-1.2.8/contrib/iostream2/zstream.h
zlib-1.2.8/contrib/iostream2/zstream_test.cpp
zlib-1.2.8/contrib/iostream3/
zlib-1.2.8/contrib/iostream3/README
zlib-1.2.8/contrib/iostream3/test.cc
zlib-1.2.8/contrib/iostream3/TODO
zlib-1.2.8/contrib/iostream3/zfstream.cc
zlib-1.2.8/contrib/iostream3/zfstream.h
zlib-1.2.8/contrib/masmx64/
zlib-1.2.8/contrib/masmx64/bld_ml64.bat
zlib-1.2.8/contrib/masmx64/gvmat64.asm
zlib-1.2.8/contrib/masmx64/inffas8664.c
zlib-1.2.8/contrib/masmx64/inffasx64.asm
zlib-1.2.8/contrib/masmx64/readme.txt
zlib-1.2.8/contrib/masmx86/
zlib-1.2.8/contrib/masmx86/bld_ml32.bat
zlib-1.2.8/contrib/masmx86/inffas32.asm
zlib-1.2.8/contrib/masmx86/match686.asm
zlib-1.2.8/contrib/masmx86/readme.txt
zlib-1.2.8/contrib/minizip/
zlib-1.2.8/contrib/minizip/configure.ac
zlib-1.2.8/contrib/minizip/crypt.h
zlib-1.2.8/contrib/minizip/ioapi.c
zlib-1.2.8/contrib/minizip/ioapi.h
zlib-1.2.8/contrib/minizip/iowin32.c
zlib-1.2.8/contrib/minizip/iowin32.h
zlib-1.2.8/contrib/minizip/make_vms.com
zlib-1.2.8/contrib/minizip/Makefile
zlib-1.2.8/contrib/minizip/Makefile.am
zlib-1.2.8/contrib/minizip/miniunz.c
zlib-1.2.8/contrib/minizip/miniunzip.1
zlib-1.2.8/contrib/minizip/minizip.1
zlib-1.2.8/contrib/minizip/minizip.c
zlib-1.2.8/contrib/minizip/minizip.pc.in
zlib-1.2.8/contrib/minizip/MiniZip64_Changes.txt
zlib-1.2.8/contrib/minizip/MiniZip64_info.txt
zlib-1.2.8/contrib/minizip/mztools.c
zlib-1.2.8/contrib/minizip/mztools.h
zlib-1.2.8/contrib/minizip/unzip.c
zlib-1.2.8/contrib/minizip/unzip.h
zlib-1.2.8/contrib/minizip/zip.c
zlib-1.2.8/contrib/minizip/zip.h
zlib-1.2.8/contrib/pascal/
zlib-1.2.8/contrib/pascal/example.pas
zlib-1.2.8/contrib/pascal/readme.txt
zlib-1.2.8/contrib/pascal/zlibd32.mak
zlib-1.2.8/contrib/pascal/zlibpas.pas
zlib-1.2.8/contrib/puff/
zlib-1.2.8/contrib/puff/Makefile
zlib-1.2.8/contrib/puff/puff.c
zlib-1.2.8/contrib/puff/puff.h
zlib-1.2.8/contrib/puff/pufftest.c
zlib-1.2.8/contrib/puff/README
zlib-1.2.8/contrib/puff/zeros.raw
zlib-1.2.8/contrib/README.contrib
zlib-1.2.8/contrib/testzlib/
zlib-1.2.8/contrib/testzlib/testzlib.c
zlib-1.2.8/contrib/testzlib/testzlib.txt
zlib-1.2.8/contrib/untgz/
zlib-1.2.8/contrib/untgz/Makefile
zlib-1.2.8/contrib/untgz/Makefile.msc
zlib-1.2.8/contrib/untgz/untgz.c
zlib-1.2.8/contrib/vstudio/
zlib-1.2.8/contrib/vstudio/readme.txt
zlib-1.2.8/contrib/vstudio/vc10/
zlib-1.2.8/contrib/vstudio/vc10/miniunz.vcxproj
zlib-1.2.8/contrib/vstudio/vc10/miniunz.vcxproj.filters
zlib-1.2.8/contrib/vstudio/vc10/minizip.vcxproj
zlib-1.2.8/contrib/vstudio/vc10/minizip.vcxproj.filters
zlib-1.2.8/contrib/vstudio/vc10/testzlib.vcxproj
zlib-1.2.8/contrib/vstudio/vc10/testzlib.vcxproj.filters
zlib-1.2.8/contrib/vstudio/vc10/testzlibdll.vcxproj
zlib-1.2.8/contrib/vstudio/vc10/testzlibdll.vcxproj.filters
zlib-1.2.8/contrib/vstudio/vc10/zlib.rc
zlib-1.2.8/contrib/vstudio/vc10/zlibstat.vcxproj
zlib-1.2.8/contrib/vstudio/vc10/zlibstat.vcxproj.filters
zlib-1.2.8/contrib/vstudio/vc10/zlibvc.def
zlib-1.2.8/contrib/vstudio/vc10/zlibvc.sln
zlib-1.2.8/contrib/vstudio/vc10/zlibvc.vcxproj
zlib-1.2.8/contrib/vstudio/vc10/zlibvc.vcxproj.filters
zlib-1.2.8/contrib/vstudio/vc11/
zlib-1.2.8/contrib/vstudio/vc11/miniunz.vcxproj
zlib-1.2.8/contrib/vstudio/vc11/minizip.vcxproj
zlib-1.2.8/contrib/vstudio/vc11/testzlib.vcxproj
zlib-1.2.8/contrib/vstudio/vc11/testzlibdll.vcxproj
zlib-1.2.8/contrib/vstudio/vc11/zlib.rc
zlib-1.2.8/contrib/vstudio/vc11/zlibstat.vcxproj
zlib-1.2.8/contrib/vstudio/vc11/zlibvc.def
zlib-1.2.8/contrib/vstudio/vc11/zlibvc.sln
zlib-1.2.8/contrib/vstudio/vc11/zlibvc.vcxproj
zlib-1.2.8/contrib/vstudio/vc9/
zlib-1.2.8/contrib/vstudio/vc9/miniunz.vcproj
zlib-1.2.8/contrib/vstudio/vc9/minizip.vcproj
zlib-1.2.8/contrib/vstudio/vc9/testzlib.vcproj
zlib-1.2.8/contrib/vstudio/vc9/testzlibdll.vcproj
zlib-1.2.8/contrib/vstudio/vc9/zlib.rc
zlib-1.2.8/contrib/vstudio/vc9/zlibstat.vcproj
zlib-1.2.8/contrib/vstudio/vc9/zlibvc.def
zlib-1.2.8/contrib/vstudio/vc9/zlibvc.sln
zlib-1.2.8/contrib/vstudio/vc9/zlibvc.vcproj
zlib-1.2.8/crc32.c
zlib-1.2.8/crc32.h
zlib-1.2.8/deflate.c
zlib-1.2.8/deflate.h
zlib-1.2.8/doc/
zlib-1.2.8/doc/algorithm.txt
zlib-1.2.8/doc/rfc1950.txt
zlib-1.2.8/doc/rfc1951.txt
zlib-1.2.8/doc/rfc1952.txt
zlib-1.2.8/doc/txtvsbin.txt
zlib-1.2.8/examples/
zlib-1.2.8/examples/enough.c
zlib-1.2.8/examples/fitblk.c
zlib-1.2.8/examples/gun.c
zlib-1.2.8/examples/gzappend.c
zlib-1.2.8/examples/gzjoin.c
zlib-1.2.8/examples/gzlog.c
zlib-1.2.8/examples/gzlog.h
zlib-1.2.8/examples/README.examples
zlib-1.2.8/examples/zlib_how.html
zlib-1.2.8/examples/zpipe.c
zlib-1.2.8/examples/zran.c
zlib-1.2.8/FAQ
zlib-1.2.8/gzclose.c
zlib-1.2.8/gzguts.h
zlib-1.2.8/gzlib.c
zlib-1.2.8/gzread.c
zlib-1.2.8/gzwrite.c
zlib-1.2.8/INDEX
zlib-1.2.8/infback.c
zlib-1.2.8/inffast.c
zlib-1.2.8/inffast.h
zlib-1.2.8/inffixed.h
zlib-1.2.8/inflate.c
zlib-1.2.8/inflate.h
zlib-1.2.8/inftrees.c
zlib-1.2.8/inftrees.h
zlib-1.2.8/make_vms.com
zlib-1.2.8/Makefile
zlib-1.2.8/Makefile.in
zlib-1.2.8/msdos/
zlib-1.2.8/msdos/Makefile.bor
zlib-1.2.8/msdos/Makefile.dj2
zlib-1.2.8/msdos/Makefile.emx
zlib-1.2.8/msdos/Makefile.msc
zlib-1.2.8/msdos/Makefile.tc
zlib-1.2.8/nintendods/
zlib-1.2.8/nintendods/Makefile
zlib-1.2.8/nintendods/README
zlib-1.2.8/old/
zlib-1.2.8/old/descrip.mms
zlib-1.2.8/old/Makefile.emx
zlib-1.2.8/old/Makefile.riscos
zlib-1.2.8/old/os2/
zlib-1.2.8/old/os2/Makefile.os2
zlib-1.2.8/old/os2/zlib.def
zlib-1.2.8/old/README
zlib-1.2.8/old/visual-basic.txt
zlib-1.2.8/qnx/
zlib-1.2.8/qnx/package.qpg
zlib-1.2.8/README
zlib-1.2.8/test/
zlib-1.2.8/test/example.c
zlib-1.2.8/test/infcover.c
zlib-1.2.8/test/minigzip.c
zlib-1.2.8/treebuild.xml
zlib-1.2.8/trees.c
zlib-1.2.8/trees.h
zlib-1.2.8/uncompr.c
zlib-1.2.8/watcom/
zlib-1.2.8/watcom/watcom_f.mak
zlib-1.2.8/watcom/watcom_l.mak
zlib-1.2.8/win32/
zlib-1.2.8/win32/DLL_FAQ.txt
zlib-1.2.8/win32/Makefile.bor
zlib-1.2.8/win32/Makefile.gcc
zlib-1.2.8/win32/Makefile.msc
zlib-1.2.8/win32/README-WIN32.txt
zlib-1.2.8/win32/VisualC.txt
zlib-1.2.8/win32/zlib.def
zlib-1.2.8/win32/zlib1.rc
zlib-1.2.8/zconf.h
zlib-1.2.8/zconf.h.cmakein
zlib-1.2.8/zconf.h.in
zlib-1.2.8/zlib.3
zlib-1.2.8/zlib.3.pdf
zlib-1.2.8/zlib.h
zlib-1.2.8/zlib.map
zlib-1.2.8/zlib.pc.cmakein
zlib-1.2.8/zlib.pc.in
zlib-1.2.8/zlib2ansi
zlib-1.2.8/zutil.c
zlib-1.2.8/zutil.h
