patching file configure.ac
patching file Include/objimpl.h
patching file Include/pymath.h
patching file Include/pyport.h
patching file Lib/ctypes/test/test_as_parameter.py
patching file Lib/ctypes/test/test_functions.py
patching file Lib/ctypes/util.py
patching file Lib/distutils/ccompiler.py
patching file Lib/distutils/command/build_ext.py
patching file Lib/distutils/cygwinccompiler.py
patching file Lib/distutils/sysconfig.py
patching file Lib/distutils/tests/test_bdist_msi.py
patching file Lib/distutils/tests/test_build_ext.py
patching file Lib/distutils/tests/test_config_cmd.py
patching file Lib/distutils/tests/test_sysconfig.py
patching file Lib/distutils/tests/test_unixccompiler.py
patching file Lib/distutils/unixccompiler.py
patching file Lib/sysconfig.py
patching file Lib/test/regrtest.py
patching file Lib/test/test_curses.py
patching file Lib/test/test_os.py
patching file Lib/test/test_sundry.py
patching file Makefile.pre.in
patching file Modules/_ctypes/_ctypes.c
patching file Modules/_ctypes/libffi_msvc/win32.S
patching file Modules/getaddrinfo.c
patching file Modules/getnameinfo.c
patching file Modules/_io/fileio.c
patching file Modules/_localemodule.c
patching file Modules/_math.c
patching file Modules/mathmodule.c
patching file Modules/_multiprocessing/multiprocessing.c
patching file Modules/posixmodule.c
patching file Modules/readline.c
patching file Modules/selectmodule.c
patching file Modules/Setup.config.in
patching file Modules/Setup.dist
patching file Modules/signalmodule.c
patching file Modules/socketmodule.c
patching file Modules/socketmodule.h
patching file Objects/fileobject.c
patching file PC/msvcrtmodule.c
patching file PC/_winreg.c
patching file pyconfig.h.in
patching file Python/dynload_win.c
patching file Python/fileblocks.c
patching file Python/thread.c
patching file setup.py
